[ 2018-08-02T11:42:13+08:00 ] 183.67.52.155 /index.php?m=user&a=login
ERR: Table 'pinping.mx_carousel_images' doesn't exist
 [ SQL语句 ] : SHOW COLUMNS FROM `mx_carousel_images`
ERR: Table 'pinping.mx_carousel_images' doesn't exist
 [ SQL语句 ] : SELECT * FROM `mx_carousel_images` ORDER BY listorder 

[ 2018-08-02T11:42:21+08:00 ] 183.67.52.155 /index.php?m=user&a=login
ERR: Table 'pinping.mx_carousel_images' doesn't exist
 [ SQL语句 ] : SHOW COLUMNS FROM `mx_carousel_images`
ERR: Table 'pinping.mx_carousel_images' doesn't exist
 [ SQL语句 ] : SELECT * FROM `mx_carousel_images` ORDER BY listorder 

[ 2018-08-02T11:42:27+08:00 ] 183.67.52.155 /index.php?m=index&a=index
ERR: You have an error in your SQL syntax; check the manual that corresponds to your MySQL server version for the right syntax to use near ') )' at line 1
 [ SQL语句 ] : SELECT `receivables_id`,`price` FROM `mx_receivables` WHERE ( `contract_id` IN () ) 
ERR: You have an error in your SQL syntax; check the manual that corresponds to your MySQL server version for the right syntax to use near ') ) AND ( `status` = 1 ) LIMIT 1' at line 1
 [ SQL语句 ] : SELECT SUM(money) AS tp_sum FROM `mx_receivingorder` WHERE ( `receivables_id` IN () ) AND ( `status` = 1 ) LIMIT 1  
ERR: You have an error in your SQL syntax; check the manual that corresponds to your MySQL server version for the right syntax to use near ') ) AND ( `status` = 1 ) AND (  (`pay_time` BETWEEN 1533052800 AND 1535731200 ) ' at line 1
 [ SQL语句 ] : SELECT SUM(money) AS tp_sum FROM `mx_receivingorder` WHERE ( `receivables_id` IN () ) AND ( `status` = 1 ) AND (  (`pay_time` BETWEEN 1533052800 AND 1535731200 ) ) LIMIT 1  
ERR: You have an error in your SQL syntax; check the manual that corresponds to your MySQL server version for the right syntax to use near ') ) AND ( `status` = 1 ) AND (  (`pay_time` BETWEEN 1532880000 AND 1533484800 ) ' at line 1
 [ SQL语句 ] : SELECT SUM(money) AS tp_sum FROM `mx_receivingorder` WHERE ( `receivables_id` IN () ) AND ( `status` = 1 ) AND (  (`pay_time` BETWEEN 1532880000 AND 1533484800 ) ) LIMIT 1  
ERR: You have an error in your SQL syntax; check the manual that corresponds to your MySQL server version for the right syntax to use near ') ) AND ( `status` = 1 ) AND (  (`pay_time` BETWEEN 1514736000 AND 1546272000 ) ' at line 1
 [ SQL语句 ] : SELECT SUM(money) AS tp_sum FROM `mx_receivingorder` WHERE ( `receivables_id` IN () ) AND ( `status` = 1 ) AND (  (`pay_time` BETWEEN 1514736000 AND 1546272000 ) ) LIMIT 1  

[ 2018-08-02T11:43:14+08:00 ] 101.226.93.198 /index.php?m=user&a=login
ERR: Table 'pinping.mx_carousel_images' doesn't exist
 [ SQL语句 ] : SHOW COLUMNS FROM `mx_carousel_images`
ERR: Table 'pinping.mx_carousel_images' doesn't exist
 [ SQL语句 ] : SELECT * FROM `mx_carousel_images` ORDER BY listorder 

[ 2018-08-02T11:43:51+08:00 ] 61.151.226.71 /index.php?m=data_analysis&a=business
ERR: You have an error in your SQL syntax; check the manual that corresponds to your MySQL server version for the right syntax to use near '%d and url = "%s" ) LIMIT 1' at line 1
 [ SQL语句 ] : SELECT `type` FROM `mx_permission` WHERE ( position_id = %d and url = "%s" ) LIMIT 1  
ERR: You have an error in your SQL syntax; check the manual that corresponds to your MySQL server version for the right syntax to use near '%d and url = "%s" ) LIMIT 1' at line 1
 [ SQL语句 ] : SELECT `type` FROM `mx_permission` WHERE ( position_id = %d and url = "%s" ) LIMIT 1  
ERR: You have an error in your SQL syntax; check the manual that corresponds to your MySQL server version for the right syntax to use near '%d and url = "%s" ) LIMIT 1' at line 1
 [ SQL语句 ] : SELECT `type` FROM `mx_permission` WHERE ( position_id = %d and url = "%s" ) LIMIT 1  
ERR: You have an error in your SQL syntax; check the manual that corresponds to your MySQL server version for the right syntax to use near '%d )' at line 1
 [ SQL语句 ] : SELECT * FROM `mx_role_department` WHERE ( department_id =%d ) 
ERR: You have an error in your SQL syntax; check the manual that corresponds to your MySQL server version for the right syntax to use near '%d ) LIMIT 1' at line 1
 [ SQL语句 ] : SELECT `img` FROM `mx_user` WHERE ( user_id = %d ) LIMIT 1  
ERR: You have an error in your SQL syntax; check the manual that corresponds to your MySQL server version for the right syntax to use near '%d ) LIMIT 1' at line 1
 [ SQL语句 ] : SELECT `thumb_path` FROM `mx_user` WHERE ( user_id = %d ) LIMIT 1  

[ 2018-08-02T11:43:52+08:00 ] 61.151.225.191 /index.php?m=data_analysis&a=achievement
ERR: You have an error in your SQL syntax; check the manual that corresponds to your MySQL server version for the right syntax to use near '%d and url = "%s" ) LIMIT 1' at line 1
 [ SQL语句 ] : SELECT `type` FROM `mx_permission` WHERE ( position_id = %d and url = "%s" ) LIMIT 1  
ERR: You have an error in your SQL syntax; check the manual that corresponds to your MySQL server version for the right syntax to use near ') ) LIMIT 1' at line 1
 [ SQL语句 ] : SELECT SUM(integral) AS tp_sum FROM mx_achievement achievement LEFT JOIN mx_business business ON achievement.project_id=business.business_id WHERE ( (achievement.addtime <= 1533181432) AND (achievement.addtime >= 1533052800)  ) AND ( achievement.user_id IN () ) LIMIT 1  
ERR: You have an error in your SQL syntax; check the manual that corresponds to your MySQL server version for the right syntax to use near ') ) AND ( business.pro_type = '传统项目' ) LIMIT 1' at line 1
 [ SQL语句 ] : SELECT SUM(integral) AS tp_sum FROM mx_achievement achievement LEFT JOIN mx_business business ON achievement.project_id=business.business_id WHERE ( (achievement.addtime <= 1533181432) AND (achievement.addtime >= 1533052800)  ) AND ( achievement.user_id IN () ) AND ( business.pro_type = '传统项目' ) LIMIT 1  
ERR: You have an error in your SQL syntax; check the manual that corresponds to your MySQL server version for the right syntax to use near ') ) AND ( business.pro_type = '面试快' ) LIMIT 1' at line 1
 [ SQL语句 ] : SELECT SUM(integral) AS tp_sum FROM mx_achievement achievement LEFT JOIN mx_business business ON achievement.project_id=business.business_id WHERE ( (achievement.addtime <= 1533181432) AND (achievement.addtime >= 1533052800)  ) AND ( achievement.user_id IN () ) AND ( business.pro_type = '面试快' ) LIMIT 1  
ERR: You have an error in your SQL syntax; check the manual that corresponds to your MySQL server version for the right syntax to use near ') ) AND ( business.pro_type = '入职快' ) LIMIT 1' at line 1
 [ SQL语句 ] : SELECT SUM(integral) AS tp_sum FROM mx_achievement achievement LEFT JOIN mx_business business ON achievement.project_id=business.business_id WHERE ( (achievement.addtime <= 1533181432) AND (achievement.addtime >= 1533052800)  ) AND ( achievement.user_id IN () ) AND ( business.pro_type = '入职快' ) LIMIT 1  
ERR: You have an error in your SQL syntax; check the manual that corresponds to your MySQL server version for the right syntax to use near ') ) AND ( business.pro_type = '其他' ) LIMIT 1' at line 1
 [ SQL语句 ] : SELECT SUM(integral) AS tp_sum FROM mx_achievement achievement LEFT JOIN mx_business business ON achievement.project_id=business.business_id WHERE ( (achievement.addtime <= 1533181432) AND (achievement.addtime >= 1533052800)  ) AND ( achievement.user_id IN () ) AND ( business.pro_type = '其他' ) LIMIT 1  
ERR: You have an error in your SQL syntax; check the manual that corresponds to your MySQL server version for the right syntax to use near '%d and url = "%s" ) LIMIT 1' at line 1
 [ SQL语句 ] : SELECT `type` FROM `mx_permission` WHERE ( position_id = %d and url = "%s" ) LIMIT 1  
ERR: You have an error in your SQL syntax; check the manual that corresponds to your MySQL server version for the right syntax to use near '%d )' at line 1
 [ SQL语句 ] : SELECT * FROM `mx_role_department` WHERE ( department_id =%d ) 
ERR: You have an error in your SQL syntax; check the manual that corresponds to your MySQL server version for the right syntax to use near '%d ) LIMIT 1' at line 1
 [ SQL语句 ] : SELECT `img` FROM `mx_user` WHERE ( user_id = %d ) LIMIT 1  
ERR: You have an error in your SQL syntax; check the manual that corresponds to your MySQL server version for the right syntax to use near '%d ) LIMIT 1' at line 1
 [ SQL语句 ] : SELECT `thumb_path` FROM `mx_user` WHERE ( user_id = %d ) LIMIT 1  

[ 2018-08-02T11:44:04+08:00 ] 101.226.226.221 /index.php?m=dataAnalysis&a=achievement&dbname=&select_type=&content_id=&field=pro_type&between_date=2018-01-01+-+2018-08-02&department=all&role=all
ERR: You have an error in your SQL syntax; check the manual that corresponds to your MySQL server version for the right syntax to use near '%d and url = "%s" ) LIMIT 1' at line 1
 [ SQL语句 ] : SELECT `type` FROM `mx_permission` WHERE ( position_id = %d and url = "%s" ) LIMIT 1  
ERR: You have an error in your SQL syntax; check the manual that corresponds to your MySQL server version for the right syntax to use near ') ) LIMIT 1' at line 1
 [ SQL语句 ] : SELECT SUM(integral) AS tp_sum FROM mx_achievement achievement LEFT JOIN mx_business business ON achievement.project_id=business.business_id WHERE ( (achievement.addtime <= 1533225599) AND (achievement.addtime >= 1514736000)  ) AND ( achievement.user_id IN () ) LIMIT 1  
ERR: You have an error in your SQL syntax; check the manual that corresponds to your MySQL server version for the right syntax to use near ') ) AND ( business.pro_type = '传统项目' ) LIMIT 1' at line 1
 [ SQL语句 ] : SELECT SUM(integral) AS tp_sum FROM mx_achievement achievement LEFT JOIN mx_business business ON achievement.project_id=business.business_id WHERE ( (achievement.addtime <= 1533225599) AND (achievement.addtime >= 1514736000)  ) AND ( achievement.user_id IN () ) AND ( business.pro_type = '传统项目' ) LIMIT 1  
ERR: You have an error in your SQL syntax; check the manual that corresponds to your MySQL server version for the right syntax to use near ') ) AND ( business.pro_type = '面试快' ) LIMIT 1' at line 1
 [ SQL语句 ] : SELECT SUM(integral) AS tp_sum FROM mx_achievement achievement LEFT JOIN mx_business business ON achievement.project_id=business.business_id WHERE ( (achievement.addtime <= 1533225599) AND (achievement.addtime >= 1514736000)  ) AND ( achievement.user_id IN () ) AND ( business.pro_type = '面试快' ) LIMIT 1  
ERR: You have an error in your SQL syntax; check the manual that corresponds to your MySQL server version for the right syntax to use near ') ) AND ( business.pro_type = '入职快' ) LIMIT 1' at line 1
 [ SQL语句 ] : SELECT SUM(integral) AS tp_sum FROM mx_achievement achievement LEFT JOIN mx_business business ON achievement.project_id=business.business_id WHERE ( (achievement.addtime <= 1533225599) AND (achievement.addtime >= 1514736000)  ) AND ( achievement.user_id IN () ) AND ( business.pro_type = '入职快' ) LIMIT 1  
ERR: You have an error in your SQL syntax; check the manual that corresponds to your MySQL server version for the right syntax to use near ') ) AND ( business.pro_type = '其他' ) LIMIT 1' at line 1
 [ SQL语句 ] : SELECT SUM(integral) AS tp_sum FROM mx_achievement achievement LEFT JOIN mx_business business ON achievement.project_id=business.business_id WHERE ( (achievement.addtime <= 1533225599) AND (achievement.addtime >= 1514736000)  ) AND ( achievement.user_id IN () ) AND ( business.pro_type = '其他' ) LIMIT 1  
ERR: You have an error in your SQL syntax; check the manual that corresponds to your MySQL server version for the right syntax to use near '%d and url = "%s" ) LIMIT 1' at line 1
 [ SQL语句 ] : SELECT `type` FROM `mx_permission` WHERE ( position_id = %d and url = "%s" ) LIMIT 1  
ERR: You have an error in your SQL syntax; check the manual that corresponds to your MySQL server version for the right syntax to use near '%d )' at line 1
 [ SQL语句 ] : SELECT * FROM `mx_role_department` WHERE ( department_id =%d ) 
ERR: You have an error in your SQL syntax; check the manual that corresponds to your MySQL server version for the right syntax to use near '%d ) LIMIT 1' at line 1
 [ SQL语句 ] : SELECT `img` FROM `mx_user` WHERE ( user_id = %d ) LIMIT 1  
ERR: You have an error in your SQL syntax; check the manual that corresponds to your MySQL server version for the right syntax to use near '%d ) LIMIT 1' at line 1
 [ SQL语句 ] : SELECT `thumb_path` FROM `mx_user` WHERE ( user_id = %d ) LIMIT 1  

