[ 2018-05-16T08:42:04+08:00 ] 183.226.187.176 /index.php?m=user&a=login
ERR: Table 'pinping.mx_carousel_images' doesn't exist
 [ SQL语句 ] : SHOW COLUMNS FROM `mx_carousel_images`
ERR: Table 'pinping.mx_carousel_images' doesn't exist
 [ SQL语句 ] : SELECT * FROM `mx_carousel_images` ORDER BY listorder 

[ 2018-05-16T08:43:03+08:00 ] 117.144.246.149 /index.php?m=user&a=login
ERR: Table 'pinping.mx_carousel_images' doesn't exist
 [ SQL语句 ] : SHOW COLUMNS FROM `mx_carousel_images`
ERR: Table 'pinping.mx_carousel_images' doesn't exist
 [ SQL语句 ] : SELECT * FROM `mx_carousel_images` ORDER BY listorder 

[ 2018-05-16T08:43:04+08:00 ] 117.144.246.149 /index.php?m=user&a=login
ERR: Table 'pinping.mx_carousel_images' doesn't exist
 [ SQL语句 ] : SHOW COLUMNS FROM `mx_carousel_images`
ERR: Table 'pinping.mx_carousel_images' doesn't exist
 [ SQL语句 ] : SELECT * FROM `mx_carousel_images` ORDER BY listorder 

[ 2018-05-16T08:43:21+08:00 ] 183.226.187.176 /index.php?m=user&a=login
ERR: Table 'pinping.mx_carousel_images' doesn't exist
 [ SQL语句 ] : SHOW COLUMNS FROM `mx_carousel_images`
ERR: Table 'pinping.mx_carousel_images' doesn't exist
 [ SQL语句 ] : SELECT * FROM `mx_carousel_images` ORDER BY listorder 

[ 2018-05-16T08:43:32+08:00 ] 183.226.187.176 /index.php?m=index&a=index
ERR: You have an error in your SQL syntax; check the manual that corresponds to your MySQL server version for the right syntax to use near ') )' at line 1
 [ SQL语句 ] : SELECT `receivables_id`,`price` FROM `mx_receivables` WHERE ( `contract_id` IN () ) 
ERR: You have an error in your SQL syntax; check the manual that corresponds to your MySQL server version for the right syntax to use near ') ) AND ( `status` = 1 ) LIMIT 1' at line 1
 [ SQL语句 ] : SELECT SUM(money) AS tp_sum FROM `mx_receivingorder` WHERE ( `receivables_id` IN () ) AND ( `status` = 1 ) LIMIT 1  
ERR: You have an error in your SQL syntax; check the manual that corresponds to your MySQL server version for the right syntax to use near ') ) AND ( `status` = 1 ) AND (  (`pay_time` BETWEEN 1525104000 AND 1527782400 ) ' at line 1
 [ SQL语句 ] : SELECT SUM(money) AS tp_sum FROM `mx_receivingorder` WHERE ( `receivables_id` IN () ) AND ( `status` = 1 ) AND (  (`pay_time` BETWEEN 1525104000 AND 1527782400 ) ) LIMIT 1  
ERR: You have an error in your SQL syntax; check the manual that corresponds to your MySQL server version for the right syntax to use near ') ) AND ( `status` = 1 ) AND (  (`pay_time` BETWEEN 1526227200 AND 1526832000 ) ' at line 1
 [ SQL语句 ] : SELECT SUM(money) AS tp_sum FROM `mx_receivingorder` WHERE ( `receivables_id` IN () ) AND ( `status` = 1 ) AND (  (`pay_time` BETWEEN 1526227200 AND 1526832000 ) ) LIMIT 1  
ERR: You have an error in your SQL syntax; check the manual that corresponds to your MySQL server version for the right syntax to use near ') ) AND ( `status` = 1 ) AND (  (`pay_time` BETWEEN 1514736000 AND 1546272000 ) ' at line 1
 [ SQL语句 ] : SELECT SUM(money) AS tp_sum FROM `mx_receivingorder` WHERE ( `receivables_id` IN () ) AND ( `status` = 1 ) AND (  (`pay_time` BETWEEN 1514736000 AND 1546272000 ) ) LIMIT 1  

[ 2018-05-16T08:44:33+08:00 ] 117.144.246.149 /index.php?m=user&a=login
ERR: Table 'pinping.mx_carousel_images' doesn't exist
 [ SQL语句 ] : SHOW COLUMNS FROM `mx_carousel_images`
ERR: Table 'pinping.mx_carousel_images' doesn't exist
 [ SQL语句 ] : SELECT * FROM `mx_carousel_images` ORDER BY listorder 

[ 2018-05-16T08:44:33+08:00 ] 117.185.117.52 /index.php?m=user&a=login
ERR: Table 'pinping.mx_carousel_images' doesn't exist
 [ SQL语句 ] : SHOW COLUMNS FROM `mx_carousel_images`
ERR: Table 'pinping.mx_carousel_images' doesn't exist
 [ SQL语句 ] : SELECT * FROM `mx_carousel_images` ORDER BY listorder 

[ 2018-05-16T08:44:33+08:00 ] 117.185.117.52 /index.php?m=user&a=login
ERR: Table 'pinping.mx_carousel_images' doesn't exist
 [ SQL语句 ] : SHOW COLUMNS FROM `mx_carousel_images`
ERR: Table 'pinping.mx_carousel_images' doesn't exist
 [ SQL语句 ] : SELECT * FROM `mx_carousel_images` ORDER BY listorder 

[ 2018-05-16T08:44:34+08:00 ] 120.204.17.71 /index.php?m=product&a=index
ERR: You have an error in your SQL syntax; check the manual that corresponds to your MySQL server version for the right syntax to use near '%d ) LIMIT 1' at line 1
 [ SQL语句 ] : SELECT `img` FROM `mx_user` WHERE ( user_id = %d ) LIMIT 1  
ERR: You have an error in your SQL syntax; check the manual that corresponds to your MySQL server version for the right syntax to use near '%d ) LIMIT 1' at line 1
 [ SQL语句 ] : SELECT `thumb_path` FROM `mx_user` WHERE ( user_id = %d ) LIMIT 1  

[ 2018-05-16T08:44:39+08:00 ] 120.204.17.72 /index.php?m=product&a=index&p=2
ERR: You have an error in your SQL syntax; check the manual that corresponds to your MySQL server version for the right syntax to use near '%d ) LIMIT 1' at line 1
 [ SQL语句 ] : SELECT `img` FROM `mx_user` WHERE ( user_id = %d ) LIMIT 1  
ERR: You have an error in your SQL syntax; check the manual that corresponds to your MySQL server version for the right syntax to use near '%d ) LIMIT 1' at line 1
 [ SQL语句 ] : SELECT `thumb_path` FROM `mx_user` WHERE ( user_id = %d ) LIMIT 1  

[ 2018-05-16T08:44:41+08:00 ] 117.185.117.53 /index.php?m=product&a=index&p=3
ERR: You have an error in your SQL syntax; check the manual that corresponds to your MySQL server version for the right syntax to use near '%d ) LIMIT 1' at line 1
 [ SQL语句 ] : SELECT `img` FROM `mx_user` WHERE ( user_id = %d ) LIMIT 1  
ERR: You have an error in your SQL syntax; check the manual that corresponds to your MySQL server version for the right syntax to use near '%d ) LIMIT 1' at line 1
 [ SQL语句 ] : SELECT `thumb_path` FROM `mx_user` WHERE ( user_id = %d ) LIMIT 1  

[ 2018-05-16T08:44:42+08:00 ] 120.204.17.70 /index.php?m=product&a=index&p=4
ERR: You have an error in your SQL syntax; check the manual that corresponds to your MySQL server version for the right syntax to use near '%d ) LIMIT 1' at line 1
 [ SQL语句 ] : SELECT `img` FROM `mx_user` WHERE ( user_id = %d ) LIMIT 1  
ERR: You have an error in your SQL syntax; check the manual that corresponds to your MySQL server version for the right syntax to use near '%d ) LIMIT 1' at line 1
 [ SQL语句 ] : SELECT `thumb_path` FROM `mx_user` WHERE ( user_id = %d ) LIMIT 1  

[ 2018-05-16T08:46:59+08:00 ] 183.226.187.176 /index.php?m=message&a=tips
ERR: Table 'pinping.mx_cycel' doesn't exist
 [ SQL语句 ] : SHOW COLUMNS FROM `mx_cycel`
ERR: Table 'pinping.mx_cycel' doesn't exist
 [ SQL语句 ] : SELECT * FROM `mx_cycel` WHERE ( `create_role_id` = '1' ) AND ( `start_time` <= 1526486400 ) AND ( `end_time` >= 1526399999 ) 

[ 2018-05-16T08:52:31+08:00 ] 117.144.246.149 /index.php?m=product&a=index
ERR: You have an error in your SQL syntax; check the manual that corresponds to your MySQL server version for the right syntax to use near '%d ) LIMIT 1' at line 1
 [ SQL语句 ] : SELECT `img` FROM `mx_user` WHERE ( user_id = %d ) LIMIT 1  
ERR: You have an error in your SQL syntax; check the manual that corresponds to your MySQL server version for the right syntax to use near '%d ) LIMIT 1' at line 1
 [ SQL语句 ] : SELECT `thumb_path` FROM `mx_user` WHERE ( user_id = %d ) LIMIT 1  

[ 2018-05-16T08:56:46+08:00 ] 183.226.187.176 /index.php?m=message&a=tips
ERR: Table 'pinping.mx_cycel' doesn't exist
 [ SQL语句 ] : SHOW COLUMNS FROM `mx_cycel`
ERR: Table 'pinping.mx_cycel' doesn't exist
 [ SQL语句 ] : SELECT * FROM `mx_cycel` WHERE ( `create_role_id` = '1' ) AND ( `start_time` <= 1526486400 ) AND ( `end_time` >= 1526399999 ) 

[ 2018-05-16T09:05:25+08:00 ] 183.226.187.176 /index.php?m=message&a=tips
ERR: Table 'pinping.mx_cycel' doesn't exist
 [ SQL语句 ] : SHOW COLUMNS FROM `mx_cycel`
ERR: Table 'pinping.mx_cycel' doesn't exist
 [ SQL语句 ] : SELECT * FROM `mx_cycel` WHERE ( `create_role_id` = '1' ) AND ( `start_time` <= 1526486400 ) AND ( `end_time` >= 1526399999 ) 

[ 2018-05-16T09:06:35+08:00 ] 117.185.117.52 /index.php?m=user&a=login
ERR: Table 'pinping.mx_carousel_images' doesn't exist
 [ SQL语句 ] : SHOW COLUMNS FROM `mx_carousel_images`
ERR: Table 'pinping.mx_carousel_images' doesn't exist
 [ SQL语句 ] : SELECT * FROM `mx_carousel_images` ORDER BY listorder 

[ 2018-05-16T09:06:36+08:00 ] 117.185.117.52 /index.php?m=user&a=login
ERR: Table 'pinping.mx_carousel_images' doesn't exist
 [ SQL语句 ] : SHOW COLUMNS FROM `mx_carousel_images`
ERR: Table 'pinping.mx_carousel_images' doesn't exist
 [ SQL语句 ] : SELECT * FROM `mx_carousel_images` ORDER BY listorder 

[ 2018-05-16T09:06:38+08:00 ] 117.185.117.54 /index.php?m=user&a=login
ERR: Table 'pinping.mx_carousel_images' doesn't exist
 [ SQL语句 ] : SHOW COLUMNS FROM `mx_carousel_images`
ERR: Table 'pinping.mx_carousel_images' doesn't exist
 [ SQL语句 ] : SELECT * FROM `mx_carousel_images` ORDER BY listorder 

[ 2018-05-16T09:06:39+08:00 ] 183.226.187.176 /index.php?m=message&a=tips
ERR: Table 'pinping.mx_cycel' doesn't exist
 [ SQL语句 ] : SHOW COLUMNS FROM `mx_cycel`
ERR: Table 'pinping.mx_cycel' doesn't exist
 [ SQL语句 ] : SELECT * FROM `mx_cycel` WHERE ( `create_role_id` = '1' ) AND ( `start_time` <= 1526486400 ) AND ( `end_time` >= 1526399999 ) 

[ 2018-05-16T09:11:49+08:00 ] 183.226.187.176 /index.php?m=message&a=tips
ERR: Table 'pinping.mx_cycel' doesn't exist
 [ SQL语句 ] : SHOW COLUMNS FROM `mx_cycel`
ERR: Table 'pinping.mx_cycel' doesn't exist
 [ SQL语句 ] : SELECT * FROM `mx_cycel` WHERE ( `create_role_id` = '1' ) AND ( `start_time` <= 1526486400 ) AND ( `end_time` >= 1526399999 ) 

[ 2018-05-16T09:19:09+08:00 ] 183.226.187.176 /index.php?m=integral&a=test
ERR: Unknown column 'position.id' in 'field list'
 [ SQL语句 ] : SELECT position.id AS id FROM mx_position position  JOIN mx_role_department role_department ON role_department.department_id=position.department_id WHERE ( role_department.name = '交付一部' ) AND ( position.name = '猎头顾问' ) LIMIT 1  
ERR: Column 'position_id' cannot be null
 [ SQL语句 ] : INSERT INTO `mx_role` (`position_id`,`user_id`) VALUES (null,35)

[ 2018-05-16T09:19:30+08:00 ] 183.226.187.176 /index.php?m=message&a=tips
ERR: Table 'pinping.mx_cycel' doesn't exist
 [ SQL语句 ] : SHOW COLUMNS FROM `mx_cycel`
ERR: Table 'pinping.mx_cycel' doesn't exist
 [ SQL语句 ] : SELECT * FROM `mx_cycel` WHERE ( `create_role_id` = '1' ) AND ( `start_time` <= 1526486400 ) AND ( `end_time` >= 1526399999 ) 

[ 2018-05-16T09:30:21+08:00 ] 183.226.187.176 /index.php?m=message&a=tips
ERR: Table 'pinping.mx_cycel' doesn't exist
 [ SQL语句 ] : SHOW COLUMNS FROM `mx_cycel`
ERR: Table 'pinping.mx_cycel' doesn't exist
 [ SQL语句 ] : SELECT * FROM `mx_cycel` WHERE ( `create_role_id` = '1' ) AND ( `start_time` <= 1526486400 ) AND ( `end_time` >= 1526399999 ) 

[ 2018-05-16T09:35:18+08:00 ] 183.226.187.176 /index.php?m=message&a=tips
ERR: Table 'pinping.mx_cycel' doesn't exist
 [ SQL语句 ] : SHOW COLUMNS FROM `mx_cycel`
ERR: Table 'pinping.mx_cycel' doesn't exist
 [ SQL语句 ] : SELECT * FROM `mx_cycel` WHERE ( `create_role_id` = '1' ) AND ( `start_time` <= 1526486400 ) AND ( `end_time` >= 1526399999 ) 

[ 2018-05-16T09:36:20+08:00 ] 183.226.187.176 /index.php?m=message&a=tips
ERR: Table 'pinping.mx_cycel' doesn't exist
 [ SQL语句 ] : SHOW COLUMNS FROM `mx_cycel`
ERR: Table 'pinping.mx_cycel' doesn't exist
 [ SQL语句 ] : SELECT * FROM `mx_cycel` WHERE ( `create_role_id` = '1' ) AND ( `start_time` <= 1526486400 ) AND ( `end_time` >= 1526399999 ) 

[ 2018-05-16T09:40:21+08:00 ] 183.226.187.176 /index.php?m=message&a=tips
ERR: Table 'pinping.mx_cycel' doesn't exist
 [ SQL语句 ] : SHOW COLUMNS FROM `mx_cycel`
ERR: Table 'pinping.mx_cycel' doesn't exist
 [ SQL语句 ] : SELECT * FROM `mx_cycel` WHERE ( `create_role_id` = '1' ) AND ( `start_time` <= 1526486400 ) AND ( `end_time` >= 1526399999 ) 

[ 2018-05-16T09:47:09+08:00 ] 117.185.117.54 /index.php?m=user&a=login
ERR: Table 'pinping.mx_carousel_images' doesn't exist
 [ SQL语句 ] : SHOW COLUMNS FROM `mx_carousel_images`
ERR: Table 'pinping.mx_carousel_images' doesn't exist
 [ SQL语句 ] : SELECT * FROM `mx_carousel_images` ORDER BY listorder 

[ 2018-05-16T10:04:13+08:00 ] 183.226.187.176 /index.php?m=message&a=tips
ERR: Table 'pinping.mx_cycel' doesn't exist
 [ SQL语句 ] : SHOW COLUMNS FROM `mx_cycel`
ERR: Table 'pinping.mx_cycel' doesn't exist
 [ SQL语句 ] : SELECT * FROM `mx_cycel` WHERE ( `create_role_id` = '1' ) AND ( `start_time` <= 1526486400 ) AND ( `end_time` >= 1526399999 ) 

[ 2018-05-16T10:09:48+08:00 ] 117.185.117.53 /index.php?m=integral&a=index&p=2
ERR: You have an error in your SQL syntax; check the manual that corresponds to your MySQL server version for the right syntax to use near '%d ) LIMIT 1' at line 1
 [ SQL语句 ] : SELECT `img` FROM `mx_user` WHERE ( user_id = %d ) LIMIT 1  
ERR: You have an error in your SQL syntax; check the manual that corresponds to your MySQL server version for the right syntax to use near '%d ) LIMIT 1' at line 1
 [ SQL语句 ] : SELECT `thumb_path` FROM `mx_user` WHERE ( user_id = %d ) LIMIT 1  

[ 2018-05-16T10:09:56+08:00 ] 117.185.117.55 /index.php?m=integral&a=index&p=1
ERR: You have an error in your SQL syntax; check the manual that corresponds to your MySQL server version for the right syntax to use near '%d ) LIMIT 1' at line 1
 [ SQL语句 ] : SELECT `img` FROM `mx_user` WHERE ( user_id = %d ) LIMIT 1  
ERR: You have an error in your SQL syntax; check the manual that corresponds to your MySQL server version for the right syntax to use near '%d ) LIMIT 1' at line 1
 [ SQL语句 ] : SELECT `thumb_path` FROM `mx_user` WHERE ( user_id = %d ) LIMIT 1  

[ 2018-05-16T10:13:31+08:00 ] 183.226.187.176 /index.php?m=message&a=tips
ERR: Table 'pinping.mx_cycel' doesn't exist
 [ SQL语句 ] : SHOW COLUMNS FROM `mx_cycel`
ERR: Table 'pinping.mx_cycel' doesn't exist
 [ SQL语句 ] : SELECT * FROM `mx_cycel` WHERE ( `create_role_id` = '1' ) AND ( `start_time` <= 1526486400 ) AND ( `end_time` >= 1526399999 ) 

[ 2018-05-16T10:16:38+08:00 ] 183.226.187.176 /index.php?m=message&a=tips
ERR: Table 'pinping.mx_cycel' doesn't exist
 [ SQL语句 ] : SHOW COLUMNS FROM `mx_cycel`
ERR: Table 'pinping.mx_cycel' doesn't exist
 [ SQL语句 ] : SELECT * FROM `mx_cycel` WHERE ( `create_role_id` = '1' ) AND ( `start_time` <= 1526486400 ) AND ( `end_time` >= 1526399999 ) 

[ 2018-05-16T10:20:10+08:00 ] 183.226.187.176 /index.php?m=message&a=tips
ERR: Table 'pinping.mx_cycel' doesn't exist
 [ SQL语句 ] : SHOW COLUMNS FROM `mx_cycel`
ERR: Table 'pinping.mx_cycel' doesn't exist
 [ SQL语句 ] : SELECT * FROM `mx_cycel` WHERE ( `create_role_id` = '1' ) AND ( `start_time` <= 1526486400 ) AND ( `end_time` >= 1526399999 ) 

[ 2018-05-16T10:21:47+08:00 ] 183.226.187.176 /index.php?m=message&a=tips
ERR: Table 'pinping.mx_cycel' doesn't exist
 [ SQL语句 ] : SHOW COLUMNS FROM `mx_cycel`
ERR: Table 'pinping.mx_cycel' doesn't exist
 [ SQL语句 ] : SELECT * FROM `mx_cycel` WHERE ( `create_role_id` = '1' ) AND ( `start_time` <= 1526486400 ) AND ( `end_time` >= 1526399999 ) 

[ 2018-05-16T10:23:40+08:00 ] 183.226.187.176 /index.php?m=message&a=tips
ERR: Table 'pinping.mx_cycel' doesn't exist
 [ SQL语句 ] : SHOW COLUMNS FROM `mx_cycel`
ERR: Table 'pinping.mx_cycel' doesn't exist
 [ SQL语句 ] : SELECT * FROM `mx_cycel` WHERE ( `create_role_id` = '1' ) AND ( `start_time` <= 1526486400 ) AND ( `end_time` >= 1526399999 ) 

[ 2018-05-16T10:31:37+08:00 ] 183.226.187.176 /index.php?m=message&a=tips
ERR: Table 'pinping.mx_cycel' doesn't exist
 [ SQL语句 ] : SHOW COLUMNS FROM `mx_cycel`
ERR: Table 'pinping.mx_cycel' doesn't exist
 [ SQL语句 ] : SELECT * FROM `mx_cycel` WHERE ( `create_role_id` = '1' ) AND ( `start_time` <= 1526486400 ) AND ( `end_time` >= 1526399999 ) 

[ 2018-05-16T10:36:46+08:00 ] 183.226.187.176 /index.php?m=message&a=tips
ERR: Table 'pinping.mx_cycel' doesn't exist
 [ SQL语句 ] : SHOW COLUMNS FROM `mx_cycel`
ERR: Table 'pinping.mx_cycel' doesn't exist
 [ SQL语句 ] : SELECT * FROM `mx_cycel` WHERE ( `create_role_id` = '1' ) AND ( `start_time` <= 1526486400 ) AND ( `end_time` >= 1526399999 ) 

[ 2018-05-16T10:48:09+08:00 ] 183.226.187.176 /index.php?m=message&a=tips
ERR: Table 'pinping.mx_cycel' doesn't exist
 [ SQL语句 ] : SHOW COLUMNS FROM `mx_cycel`
ERR: Table 'pinping.mx_cycel' doesn't exist
 [ SQL语句 ] : SELECT * FROM `mx_cycel` WHERE ( `create_role_id` = '1' ) AND ( `start_time` <= 1526486400 ) AND ( `end_time` >= 1526399999 ) 

[ 2018-05-16T10:54:26+08:00 ] 120.204.17.72 /index.php?m=integral&a=index&p=3
ERR: You have an error in your SQL syntax; check the manual that corresponds to your MySQL server version for the right syntax to use near '%d ) LIMIT 1' at line 1
 [ SQL语句 ] : SELECT `img` FROM `mx_user` WHERE ( user_id = %d ) LIMIT 1  
ERR: You have an error in your SQL syntax; check the manual that corresponds to your MySQL server version for the right syntax to use near '%d ) LIMIT 1' at line 1
 [ SQL语句 ] : SELECT `thumb_path` FROM `mx_user` WHERE ( user_id = %d ) LIMIT 1  

[ 2018-05-16T11:00:49+08:00 ] 183.226.187.176 /index.php?m=message&a=tips
ERR: Table 'pinping.mx_cycel' doesn't exist
 [ SQL语句 ] : SHOW COLUMNS FROM `mx_cycel`
ERR: Table 'pinping.mx_cycel' doesn't exist
 [ SQL语句 ] : SELECT * FROM `mx_cycel` WHERE ( `create_role_id` = '1' ) AND ( `start_time` <= 1526486400 ) AND ( `end_time` >= 1526399999 ) 

[ 2018-05-16T11:02:22+08:00 ] 183.226.187.176 /index.php?m=message&a=tips
ERR: Table 'pinping.mx_cycel' doesn't exist
 [ SQL语句 ] : SHOW COLUMNS FROM `mx_cycel`
ERR: Table 'pinping.mx_cycel' doesn't exist
 [ SQL语句 ] : SELECT * FROM `mx_cycel` WHERE ( `create_role_id` = '1' ) AND ( `start_time` <= 1526486400 ) AND ( `end_time` >= 1526399999 ) 

[ 2018-05-16T11:19:09+08:00 ] 183.226.187.176 /index.php?m=message&a=tips
ERR: Table 'pinping.mx_cycel' doesn't exist
 [ SQL语句 ] : SHOW COLUMNS FROM `mx_cycel`
ERR: Table 'pinping.mx_cycel' doesn't exist
 [ SQL语句 ] : SELECT * FROM `mx_cycel` WHERE ( `create_role_id` = '1' ) AND ( `start_time` <= 1526486400 ) AND ( `end_time` >= 1526399999 ) 

[ 2018-05-16T11:26:23+08:00 ] 183.226.187.176 /index.php?m=message&a=tips
ERR: Table 'pinping.mx_cycel' doesn't exist
 [ SQL语句 ] : SHOW COLUMNS FROM `mx_cycel`
ERR: Table 'pinping.mx_cycel' doesn't exist
 [ SQL语句 ] : SELECT * FROM `mx_cycel` WHERE ( `create_role_id` = '1' ) AND ( `start_time` <= 1526486400 ) AND ( `end_time` >= 1526399999 ) 

[ 2018-05-16T11:29:51+08:00 ] 183.226.187.176 /index.php?m=message&a=tips
ERR: Table 'pinping.mx_cycel' doesn't exist
 [ SQL语句 ] : SHOW COLUMNS FROM `mx_cycel`
ERR: Table 'pinping.mx_cycel' doesn't exist
 [ SQL语句 ] : SELECT * FROM `mx_cycel` WHERE ( `create_role_id` = '1' ) AND ( `start_time` <= 1526486400 ) AND ( `end_time` >= 1526399999 ) 

[ 2018-05-16T11:33:28+08:00 ] 183.226.187.176 /index.php?m=message&a=tips
ERR: Table 'pinping.mx_cycel' doesn't exist
 [ SQL语句 ] : SHOW COLUMNS FROM `mx_cycel`
ERR: Table 'pinping.mx_cycel' doesn't exist
 [ SQL语句 ] : SELECT * FROM `mx_cycel` WHERE ( `create_role_id` = '1' ) AND ( `start_time` <= 1526486400 ) AND ( `end_time` >= 1526399999 ) 

[ 2018-05-16T11:36:43+08:00 ] 183.226.187.176 /index.php?m=message&a=tips
ERR: Table 'pinping.mx_cycel' doesn't exist
 [ SQL语句 ] : SHOW COLUMNS FROM `mx_cycel`
ERR: Table 'pinping.mx_cycel' doesn't exist
 [ SQL语句 ] : SELECT * FROM `mx_cycel` WHERE ( `create_role_id` = '1' ) AND ( `start_time` <= 1526486400 ) AND ( `end_time` >= 1526399999 ) 

[ 2018-05-16T11:41:22+08:00 ] 183.226.187.176 /index.php?m=message&a=tips
ERR: Table 'pinping.mx_cycel' doesn't exist
 [ SQL语句 ] : SHOW COLUMNS FROM `mx_cycel`
ERR: Table 'pinping.mx_cycel' doesn't exist
 [ SQL语句 ] : SELECT * FROM `mx_cycel` WHERE ( `create_role_id` = '1' ) AND ( `start_time` <= 1526486400 ) AND ( `end_time` >= 1526399999 ) 

[ 2018-05-16T11:48:05+08:00 ] 183.226.187.176 /index.php?m=message&a=tips
ERR: Table 'pinping.mx_cycel' doesn't exist
 [ SQL语句 ] : SHOW COLUMNS FROM `mx_cycel`
ERR: Table 'pinping.mx_cycel' doesn't exist
 [ SQL语句 ] : SELECT * FROM `mx_cycel` WHERE ( `create_role_id` = '1' ) AND ( `start_time` <= 1526486400 ) AND ( `end_time` >= 1526399999 ) 

[ 2018-05-16T11:50:00+08:00 ] 183.226.187.176 /index.php?m=message&a=tips
ERR: Table 'pinping.mx_cycel' doesn't exist
 [ SQL语句 ] : SHOW COLUMNS FROM `mx_cycel`
ERR: Table 'pinping.mx_cycel' doesn't exist
 [ SQL语句 ] : SELECT * FROM `mx_cycel` WHERE ( `create_role_id` = '1' ) AND ( `start_time` <= 1526486400 ) AND ( `end_time` >= 1526399999 ) 

[ 2018-05-16T11:54:32+08:00 ] 183.226.187.176 /index.php?m=message&a=tips
ERR: Table 'pinping.mx_cycel' doesn't exist
 [ SQL语句 ] : SHOW COLUMNS FROM `mx_cycel`
ERR: Table 'pinping.mx_cycel' doesn't exist
 [ SQL语句 ] : SELECT * FROM `mx_cycel` WHERE ( `create_role_id` = '1' ) AND ( `start_time` <= 1526486400 ) AND ( `end_time` >= 1526399999 ) 

[ 2018-05-16T11:56:00+08:00 ] 183.226.187.176 /index.php?m=event&a=indexdata&start=1525017600&end=1528646400&_=1526442842578
ERR: Table 'pinping.mx_cycel' doesn't exist
 [ SQL语句 ] : SHOW COLUMNS FROM `mx_cycel`
ERR: Table 'pinping.mx_cycel' doesn't exist
 [ SQL语句 ] : SELECT * FROM `mx_cycel` WHERE ( `create_role_id` = '1' ) AND ( `start_time` <= '1528646400' ) AND ( `end_time` >= '1525017600' ) 

[ 2018-05-16T11:56:10+08:00 ] 183.226.187.176 /index.php?m=user&a=user_add&id=135&department_id=0
ERR: You have an error in your SQL syntax; check the manual that corresponds to your MySQL server version for the right syntax to use near '%d ) LIMIT 1' at line 1
 [ SQL语句 ] : SELECT `name` FROM `mx_user_category` WHERE ( category_id = %d ) LIMIT 1  

[ 2018-05-16T11:56:59+08:00 ] 117.185.117.55 /index.php?m=user&a=login
ERR: Table 'pinping.mx_carousel_images' doesn't exist
 [ SQL语句 ] : SHOW COLUMNS FROM `mx_carousel_images`
ERR: Table 'pinping.mx_carousel_images' doesn't exist
 [ SQL语句 ] : SELECT * FROM `mx_carousel_images` ORDER BY listorder 

[ 2018-05-16T11:57:00+08:00 ] 120.204.17.72 /index.php?m=user&a=login
ERR: Table 'pinping.mx_carousel_images' doesn't exist
 [ SQL语句 ] : SHOW COLUMNS FROM `mx_carousel_images`
ERR: Table 'pinping.mx_carousel_images' doesn't exist
 [ SQL语句 ] : SELECT * FROM `mx_carousel_images` ORDER BY listorder 

[ 2018-05-16T11:57:06+08:00 ] 117.185.117.54 /index.php?m=user&a=login
ERR: Table 'pinping.mx_carousel_images' doesn't exist
 [ SQL语句 ] : SHOW COLUMNS FROM `mx_carousel_images`
ERR: Table 'pinping.mx_carousel_images' doesn't exist
 [ SQL语句 ] : SELECT * FROM `mx_carousel_images` ORDER BY listorder 

[ 2018-05-16T12:05:35+08:00 ] 183.226.187.176 /index.php?m=message&a=tips
ERR: Table 'pinping.mx_cycel' doesn't exist
 [ SQL语句 ] : SHOW COLUMNS FROM `mx_cycel`
ERR: Table 'pinping.mx_cycel' doesn't exist
 [ SQL语句 ] : SELECT * FROM `mx_cycel` WHERE ( `create_role_id` = '1' ) AND ( `start_time` <= 1526486400 ) AND ( `end_time` >= 1526399999 ) 

[ 2018-05-16T12:07:22+08:00 ] 183.226.187.176 /index.php?m=message&a=tips
ERR: Table 'pinping.mx_cycel' doesn't exist
 [ SQL语句 ] : SHOW COLUMNS FROM `mx_cycel`
ERR: Table 'pinping.mx_cycel' doesn't exist
 [ SQL语句 ] : SELECT * FROM `mx_cycel` WHERE ( `create_role_id` = '1' ) AND ( `start_time` <= 1526486400 ) AND ( `end_time` >= 1526399999 ) 

[ 2018-05-16T12:11:05+08:00 ] 183.226.187.176 /index.php?m=message&a=tips
ERR: Table 'pinping.mx_cycel' doesn't exist
 [ SQL语句 ] : SHOW COLUMNS FROM `mx_cycel`
ERR: Table 'pinping.mx_cycel' doesn't exist
 [ SQL语句 ] : SELECT * FROM `mx_cycel` WHERE ( `create_role_id` = '1' ) AND ( `start_time` <= 1526486400 ) AND ( `end_time` >= 1526399999 ) 

[ 2018-05-16T12:16:35+08:00 ] 183.226.187.176 /index.php?m=message&a=tips
ERR: Table 'pinping.mx_cycel' doesn't exist
 [ SQL语句 ] : SHOW COLUMNS FROM `mx_cycel`
ERR: Table 'pinping.mx_cycel' doesn't exist
 [ SQL语句 ] : SELECT * FROM `mx_cycel` WHERE ( `create_role_id` = '1' ) AND ( `start_time` <= 1526486400 ) AND ( `end_time` >= 1526399999 ) 

[ 2018-05-16T12:16:53+08:00 ] 106.14.167.211 /index.php?m=user&a=login
ERR: Table 'pinping.mx_carousel_images' doesn't exist
 [ SQL语句 ] : SHOW COLUMNS FROM `mx_carousel_images`
ERR: Table 'pinping.mx_carousel_images' doesn't exist
 [ SQL语句 ] : SELECT * FROM `mx_carousel_images` ORDER BY listorder 

[ 2018-05-16T12:18:05+08:00 ] 183.226.187.176 /index.php?m=message&a=tips
ERR: Table 'pinping.mx_cycel' doesn't exist
 [ SQL语句 ] : SHOW COLUMNS FROM `mx_cycel`
ERR: Table 'pinping.mx_cycel' doesn't exist
 [ SQL语句 ] : SELECT * FROM `mx_cycel` WHERE ( `create_role_id` = '1' ) AND ( `start_time` <= 1526486400 ) AND ( `end_time` >= 1526399999 ) 

[ 2018-05-16T12:21:35+08:00 ] 183.226.187.176 /index.php?m=message&a=tips
ERR: Table 'pinping.mx_cycel' doesn't exist
 [ SQL语句 ] : SHOW COLUMNS FROM `mx_cycel`
ERR: Table 'pinping.mx_cycel' doesn't exist
 [ SQL语句 ] : SELECT * FROM `mx_cycel` WHERE ( `create_role_id` = '1' ) AND ( `start_time` <= 1526486400 ) AND ( `end_time` >= 1526399999 ) 

[ 2018-05-16T12:23:35+08:00 ] 183.226.187.176 /index.php?m=message&a=tips
ERR: Table 'pinping.mx_cycel' doesn't exist
 [ SQL语句 ] : SHOW COLUMNS FROM `mx_cycel`
ERR: Table 'pinping.mx_cycel' doesn't exist
 [ SQL语句 ] : SELECT * FROM `mx_cycel` WHERE ( `create_role_id` = '1' ) AND ( `start_time` <= 1526486400 ) AND ( `end_time` >= 1526399999 ) 

[ 2018-05-16T12:25:05+08:00 ] 183.226.187.176 /index.php?m=message&a=tips
ERR: Table 'pinping.mx_cycel' doesn't exist
 [ SQL语句 ] : SHOW COLUMNS FROM `mx_cycel`
ERR: Table 'pinping.mx_cycel' doesn't exist
 [ SQL语句 ] : SELECT * FROM `mx_cycel` WHERE ( `create_role_id` = '1' ) AND ( `start_time` <= 1526486400 ) AND ( `end_time` >= 1526399999 ) 

[ 2018-05-16T12:34:45+08:00 ] 183.226.187.176 /index.php?m=message&a=tips
ERR: Table 'pinping.mx_cycel' doesn't exist
 [ SQL语句 ] : SHOW COLUMNS FROM `mx_cycel`
ERR: Table 'pinping.mx_cycel' doesn't exist
 [ SQL语句 ] : SELECT * FROM `mx_cycel` WHERE ( `create_role_id` = '1' ) AND ( `start_time` <= 1526486400 ) AND ( `end_time` >= 1526399999 ) 

[ 2018-05-16T12:42:30+08:00 ] 183.226.187.176 /index.php?m=message&a=tips
ERR: Table 'pinping.mx_cycel' doesn't exist
 [ SQL语句 ] : SHOW COLUMNS FROM `mx_cycel`
ERR: Table 'pinping.mx_cycel' doesn't exist
 [ SQL语句 ] : SELECT * FROM `mx_cycel` WHERE ( `create_role_id` = '1' ) AND ( `start_time` <= 1526486400 ) AND ( `end_time` >= 1526399999 ) 

[ 2018-05-16T12:44:34+08:00 ] 183.226.187.176 /index.php?m=message&a=tips
ERR: Table 'pinping.mx_cycel' doesn't exist
 [ SQL语句 ] : SHOW COLUMNS FROM `mx_cycel`
ERR: Table 'pinping.mx_cycel' doesn't exist
 [ SQL语句 ] : SELECT * FROM `mx_cycel` WHERE ( `create_role_id` = '1' ) AND ( `start_time` <= 1526486400 ) AND ( `end_time` >= 1526399999 ) 

[ 2018-05-16T12:49:44+08:00 ] 183.226.187.176 /index.php?m=message&a=tips
ERR: Table 'pinping.mx_cycel' doesn't exist
 [ SQL语句 ] : SHOW COLUMNS FROM `mx_cycel`
ERR: Table 'pinping.mx_cycel' doesn't exist
 [ SQL语句 ] : SELECT * FROM `mx_cycel` WHERE ( `create_role_id` = '1' ) AND ( `start_time` <= 1526486400 ) AND ( `end_time` >= 1526399999 ) 

[ 2018-05-16T12:53:21+08:00 ] 183.226.187.176 /index.php?m=message&a=tips
ERR: Table 'pinping.mx_cycel' doesn't exist
 [ SQL语句 ] : SHOW COLUMNS FROM `mx_cycel`
ERR: Table 'pinping.mx_cycel' doesn't exist
 [ SQL语句 ] : SELECT * FROM `mx_cycel` WHERE ( `create_role_id` = '1' ) AND ( `start_time` <= 1526486400 ) AND ( `end_time` >= 1526399999 ) 

[ 2018-05-16T13:00:04+08:00 ] 183.226.186.245 /index.php?m=message&a=tips
ERR: Table 'pinping.mx_cycel' doesn't exist
 [ SQL语句 ] : SHOW COLUMNS FROM `mx_cycel`
ERR: Table 'pinping.mx_cycel' doesn't exist
 [ SQL语句 ] : SELECT * FROM `mx_cycel` WHERE ( `create_role_id` = '1' ) AND ( `start_time` <= 1526486400 ) AND ( `end_time` >= 1526399999 ) 

[ 2018-05-16T13:01:37+08:00 ] 183.226.186.245 /index.php?m=message&a=tips
ERR: Table 'pinping.mx_cycel' doesn't exist
 [ SQL语句 ] : SHOW COLUMNS FROM `mx_cycel`
ERR: Table 'pinping.mx_cycel' doesn't exist
 [ SQL语句 ] : SELECT * FROM `mx_cycel` WHERE ( `create_role_id` = '1' ) AND ( `start_time` <= 1526486400 ) AND ( `end_time` >= 1526399999 ) 

[ 2018-05-16T13:05:14+08:00 ] 183.226.186.245 /index.php?m=message&a=tips
ERR: Table 'pinping.mx_cycel' doesn't exist
 [ SQL语句 ] : SHOW COLUMNS FROM `mx_cycel`
ERR: Table 'pinping.mx_cycel' doesn't exist
 [ SQL语句 ] : SELECT * FROM `mx_cycel` WHERE ( `create_role_id` = '1' ) AND ( `start_time` <= 1526486400 ) AND ( `end_time` >= 1526399999 ) 

[ 2018-05-16T13:12:28+08:00 ] 183.226.186.245 /index.php?m=message&a=tips
ERR: Table 'pinping.mx_cycel' doesn't exist
 [ SQL语句 ] : SHOW COLUMNS FROM `mx_cycel`
ERR: Table 'pinping.mx_cycel' doesn't exist
 [ SQL语句 ] : SELECT * FROM `mx_cycel` WHERE ( `create_role_id` = '1' ) AND ( `start_time` <= 1526486400 ) AND ( `end_time` >= 1526399999 ) 

[ 2018-05-16T13:19:31+08:00 ] 183.226.186.245 /index.php?m=message&a=tips
ERR: Table 'pinping.mx_cycel' doesn't exist
 [ SQL语句 ] : SHOW COLUMNS FROM `mx_cycel`
ERR: Table 'pinping.mx_cycel' doesn't exist
 [ SQL语句 ] : SELECT * FROM `mx_cycel` WHERE ( `create_role_id` = '1' ) AND ( `start_time` <= 1526486400 ) AND ( `end_time` >= 1526399999 ) 

[ 2018-05-16T13:24:52+08:00 ] 183.226.186.245 /index.php?m=message&a=tips
ERR: Table 'pinping.mx_cycel' doesn't exist
 [ SQL语句 ] : SHOW COLUMNS FROM `mx_cycel`
ERR: Table 'pinping.mx_cycel' doesn't exist
 [ SQL语句 ] : SELECT * FROM `mx_cycel` WHERE ( `create_role_id` = '1' ) AND ( `start_time` <= 1526486400 ) AND ( `end_time` >= 1526399999 ) 

[ 2018-05-16T13:28:49+08:00 ] 183.226.186.245 /index.php?m=message&a=tips
ERR: Table 'pinping.mx_cycel' doesn't exist
 [ SQL语句 ] : SHOW COLUMNS FROM `mx_cycel`
ERR: Table 'pinping.mx_cycel' doesn't exist
 [ SQL语句 ] : SELECT * FROM `mx_cycel` WHERE ( `create_role_id` = '1' ) AND ( `start_time` <= 1526486400 ) AND ( `end_time` >= 1526399999 ) 

[ 2018-05-16T13:33:59+08:00 ] 183.226.186.245 /index.php?m=message&a=tips
ERR: Table 'pinping.mx_cycel' doesn't exist
 [ SQL语句 ] : SHOW COLUMNS FROM `mx_cycel`
ERR: Table 'pinping.mx_cycel' doesn't exist
 [ SQL语句 ] : SELECT * FROM `mx_cycel` WHERE ( `create_role_id` = '1' ) AND ( `start_time` <= 1526486400 ) AND ( `end_time` >= 1526399999 ) 

[ 2018-05-16T13:44:57+08:00 ] 183.226.186.245 /index.php?m=message&a=tips
ERR: Table 'pinping.mx_cycel' doesn't exist
 [ SQL语句 ] : SHOW COLUMNS FROM `mx_cycel`
ERR: Table 'pinping.mx_cycel' doesn't exist
 [ SQL语句 ] : SELECT * FROM `mx_cycel` WHERE ( `create_role_id` = '1' ) AND ( `start_time` <= 1526486400 ) AND ( `end_time` >= 1526399999 ) 

[ 2018-05-16T13:53:09+08:00 ] 183.226.186.245 /index.php?m=message&a=tips
ERR: Table 'pinping.mx_cycel' doesn't exist
 [ SQL语句 ] : SHOW COLUMNS FROM `mx_cycel`
ERR: Table 'pinping.mx_cycel' doesn't exist
 [ SQL语句 ] : SELECT * FROM `mx_cycel` WHERE ( `create_role_id` = '1' ) AND ( `start_time` <= 1526486400 ) AND ( `end_time` >= 1526399999 ) 

[ 2018-05-16T13:54:42+08:00 ] 183.226.186.245 /index.php?m=message&a=tips
ERR: Table 'pinping.mx_cycel' doesn't exist
 [ SQL语句 ] : SHOW COLUMNS FROM `mx_cycel`
ERR: Table 'pinping.mx_cycel' doesn't exist
 [ SQL语句 ] : SELECT * FROM `mx_cycel` WHERE ( `create_role_id` = '1' ) AND ( `start_time` <= 1526486400 ) AND ( `end_time` >= 1526399999 ) 

[ 2018-05-16T13:58:23+08:00 ] 183.226.186.245 /index.php?m=message&a=tips
ERR: Table 'pinping.mx_cycel' doesn't exist
 [ SQL语句 ] : SHOW COLUMNS FROM `mx_cycel`
ERR: Table 'pinping.mx_cycel' doesn't exist
 [ SQL语句 ] : SELECT * FROM `mx_cycel` WHERE ( `create_role_id` = '1' ) AND ( `start_time` <= 1526486400 ) AND ( `end_time` >= 1526399999 ) 

[ 2018-05-16T14:02:00+08:00 ] 183.226.186.245 /index.php?m=message&a=tips
ERR: Table 'pinping.mx_cycel' doesn't exist
 [ SQL语句 ] : SHOW COLUMNS FROM `mx_cycel`
ERR: Table 'pinping.mx_cycel' doesn't exist
 [ SQL语句 ] : SELECT * FROM `mx_cycel` WHERE ( `create_role_id` = '1' ) AND ( `start_time` <= 1526486400 ) AND ( `end_time` >= 1526399999 ) 

[ 2018-05-16T14:05:06+08:00 ] 183.226.186.245 /index.php?m=message&a=tips
ERR: Table 'pinping.mx_cycel' doesn't exist
 [ SQL语句 ] : SHOW COLUMNS FROM `mx_cycel`
ERR: Table 'pinping.mx_cycel' doesn't exist
 [ SQL语句 ] : SELECT * FROM `mx_cycel` WHERE ( `create_role_id` = '1' ) AND ( `start_time` <= 1526486400 ) AND ( `end_time` >= 1526399999 ) 

[ 2018-05-16T14:30:24+08:00 ] 183.226.186.245 /index.php?m=message&a=tips
ERR: Table 'pinping.mx_cycel' doesn't exist
 [ SQL语句 ] : SHOW COLUMNS FROM `mx_cycel`
ERR: Table 'pinping.mx_cycel' doesn't exist
 [ SQL语句 ] : SELECT * FROM `mx_cycel` WHERE ( `create_role_id` = '1' ) AND ( `start_time` <= 1526486400 ) AND ( `end_time` >= 1526399999 ) 

[ 2018-05-16T14:35:56+08:00 ] 183.226.186.245 /index.php?m=message&a=tips
ERR: Table 'pinping.mx_cycel' doesn't exist
 [ SQL语句 ] : SHOW COLUMNS FROM `mx_cycel`
ERR: Table 'pinping.mx_cycel' doesn't exist
 [ SQL语句 ] : SELECT * FROM `mx_cycel` WHERE ( `create_role_id` = '1' ) AND ( `start_time` <= 1526486400 ) AND ( `end_time` >= 1526399999 ) 

[ 2018-05-16T14:36:56+08:00 ] 117.185.117.51 /index.php?m=user&a=login
ERR: Table 'pinping.mx_carousel_images' doesn't exist
 [ SQL语句 ] : SHOW COLUMNS FROM `mx_carousel_images`
ERR: Table 'pinping.mx_carousel_images' doesn't exist
 [ SQL语句 ] : SELECT * FROM `mx_carousel_images` ORDER BY listorder 

[ 2018-05-16T14:37:01+08:00 ] 120.204.17.72 /index.php?m=user&a=login
ERR: Table 'pinping.mx_carousel_images' doesn't exist
 [ SQL语句 ] : SHOW COLUMNS FROM `mx_carousel_images`
ERR: Table 'pinping.mx_carousel_images' doesn't exist
 [ SQL语句 ] : SELECT * FROM `mx_carousel_images` ORDER BY listorder 

[ 2018-05-16T14:37:56+08:00 ] 183.226.186.245 /index.php?m=message&a=tips
ERR: Table 'pinping.mx_cycel' doesn't exist
 [ SQL语句 ] : SHOW COLUMNS FROM `mx_cycel`
ERR: Table 'pinping.mx_cycel' doesn't exist
 [ SQL语句 ] : SELECT * FROM `mx_cycel` WHERE ( `create_role_id` = '1' ) AND ( `start_time` <= 1526486400 ) AND ( `end_time` >= 1526399999 ) 

[ 2018-05-16T14:39:29+08:00 ] 117.185.117.55 /index.php?m=user&a=login
ERR: Table 'pinping.mx_carousel_images' doesn't exist
 [ SQL语句 ] : SHOW COLUMNS FROM `mx_carousel_images`
ERR: Table 'pinping.mx_carousel_images' doesn't exist
 [ SQL语句 ] : SELECT * FROM `mx_carousel_images` ORDER BY listorder 

[ 2018-05-16T14:39:35+08:00 ] 117.185.117.52 /index.php?m=user&a=login
ERR: Table 'pinping.mx_carousel_images' doesn't exist
 [ SQL语句 ] : SHOW COLUMNS FROM `mx_carousel_images`
ERR: Table 'pinping.mx_carousel_images' doesn't exist
 [ SQL语句 ] : SELECT * FROM `mx_carousel_images` ORDER BY listorder 

[ 2018-05-16T14:40:05+08:00 ] 183.226.186.245 /index.php?m=message&a=tips
ERR: Table 'pinping.mx_cycel' doesn't exist
 [ SQL语句 ] : SHOW COLUMNS FROM `mx_cycel`
ERR: Table 'pinping.mx_cycel' doesn't exist
 [ SQL语句 ] : SELECT * FROM `mx_cycel` WHERE ( `create_role_id` = '1' ) AND ( `start_time` <= 1526486400 ) AND ( `end_time` >= 1526399999 ) 

[ 2018-05-16T14:43:35+08:00 ] 183.226.186.245 /index.php?m=message&a=tips
ERR: Table 'pinping.mx_cycel' doesn't exist
 [ SQL语句 ] : SHOW COLUMNS FROM `mx_cycel`
ERR: Table 'pinping.mx_cycel' doesn't exist
 [ SQL语句 ] : SELECT * FROM `mx_cycel` WHERE ( `create_role_id` = '1' ) AND ( `start_time` <= 1526486400 ) AND ( `end_time` >= 1526399999 ) 

[ 2018-05-16T15:06:35+08:00 ] 183.226.186.245 /index.php?m=message&a=tips
ERR: Table 'pinping.mx_cycel' doesn't exist
 [ SQL语句 ] : SHOW COLUMNS FROM `mx_cycel`
ERR: Table 'pinping.mx_cycel' doesn't exist
 [ SQL语句 ] : SELECT * FROM `mx_cycel` WHERE ( `create_role_id` = '1' ) AND ( `start_time` <= 1526486400 ) AND ( `end_time` >= 1526399999 ) 

[ 2018-05-16T15:09:35+08:00 ] 183.226.186.245 /index.php?m=message&a=tips
ERR: Table 'pinping.mx_cycel' doesn't exist
 [ SQL语句 ] : SHOW COLUMNS FROM `mx_cycel`
ERR: Table 'pinping.mx_cycel' doesn't exist
 [ SQL语句 ] : SELECT * FROM `mx_cycel` WHERE ( `create_role_id` = '1' ) AND ( `start_time` <= 1526486400 ) AND ( `end_time` >= 1526399999 ) 

[ 2018-05-16T15:22:27+08:00 ] 183.226.186.245 /index.php?m=message&a=tips
ERR: Table 'pinping.mx_cycel' doesn't exist
 [ SQL语句 ] : SHOW COLUMNS FROM `mx_cycel`
ERR: Table 'pinping.mx_cycel' doesn't exist
 [ SQL语句 ] : SELECT * FROM `mx_cycel` WHERE ( `create_role_id` = '1' ) AND ( `start_time` <= 1526486400 ) AND ( `end_time` >= 1526399999 ) 

[ 2018-05-16T15:24:00+08:00 ] 183.226.186.245 /index.php?m=message&a=tips
ERR: Table 'pinping.mx_cycel' doesn't exist
 [ SQL语句 ] : SHOW COLUMNS FROM `mx_cycel`
ERR: Table 'pinping.mx_cycel' doesn't exist
 [ SQL语句 ] : SELECT * FROM `mx_cycel` WHERE ( `create_role_id` = '1' ) AND ( `start_time` <= 1526486400 ) AND ( `end_time` >= 1526399999 ) 

[ 2018-05-16T15:35:22+08:00 ] 183.226.186.245 /index.php?m=message&a=tips
ERR: Table 'pinping.mx_cycel' doesn't exist
 [ SQL语句 ] : SHOW COLUMNS FROM `mx_cycel`
ERR: Table 'pinping.mx_cycel' doesn't exist
 [ SQL语句 ] : SELECT * FROM `mx_cycel` WHERE ( `create_role_id` = '1' ) AND ( `start_time` <= 1526486400 ) AND ( `end_time` >= 1526399999 ) 

[ 2018-05-16T15:37:31+08:00 ] 117.185.117.53 /index.php?m=integral&a=index&p=1
ERR: You have an error in your SQL syntax; check the manual that corresponds to your MySQL server version for the right syntax to use near '%d ) LIMIT 1' at line 1
 [ SQL语句 ] : SELECT `img` FROM `mx_user` WHERE ( user_id = %d ) LIMIT 1  
ERR: You have an error in your SQL syntax; check the manual that corresponds to your MySQL server version for the right syntax to use near '%d ) LIMIT 1' at line 1
 [ SQL语句 ] : SELECT `thumb_path` FROM `mx_user` WHERE ( user_id = %d ) LIMIT 1  

[ 2018-05-16T15:38:59+08:00 ] 183.226.186.245 /index.php?m=message&a=tips
ERR: Table 'pinping.mx_cycel' doesn't exist
 [ SQL语句 ] : SHOW COLUMNS FROM `mx_cycel`
ERR: Table 'pinping.mx_cycel' doesn't exist
 [ SQL语句 ] : SELECT * FROM `mx_cycel` WHERE ( `create_role_id` = '1' ) AND ( `start_time` <= 1526486400 ) AND ( `end_time` >= 1526399999 ) 

[ 2018-05-16T15:45:20+08:00 ] 183.226.186.245 /index.php?m=message&a=tips
ERR: Table 'pinping.mx_cycel' doesn't exist
 [ SQL语句 ] : SHOW COLUMNS FROM `mx_cycel`
ERR: Table 'pinping.mx_cycel' doesn't exist
 [ SQL语句 ] : SELECT * FROM `mx_cycel` WHERE ( `create_role_id` = '1' ) AND ( `start_time` <= 1526486400 ) AND ( `end_time` >= 1526399999 ) 

[ 2018-05-16T15:53:36+08:00 ] 183.226.186.245 /index.php?m=message&a=tips
ERR: Table 'pinping.mx_cycel' doesn't exist
 [ SQL语句 ] : SHOW COLUMNS FROM `mx_cycel`
ERR: Table 'pinping.mx_cycel' doesn't exist
 [ SQL语句 ] : SELECT * FROM `mx_cycel` WHERE ( `create_role_id` = '1' ) AND ( `start_time` <= 1526486400 ) AND ( `end_time` >= 1526399999 ) 

[ 2018-05-16T15:53:45+08:00 ] 183.226.186.245 /index.php?m=user&a=login
ERR: Table 'pinping.mx_carousel_images' doesn't exist
 [ SQL语句 ] : SHOW COLUMNS FROM `mx_carousel_images`
ERR: Table 'pinping.mx_carousel_images' doesn't exist
 [ SQL语句 ] : SELECT * FROM `mx_carousel_images` ORDER BY listorder 

[ 2018-05-16T15:54:16+08:00 ] 183.226.186.245 /index.php?m=index&a=index
ERR: You have an error in your SQL syntax; check the manual that corresponds to your MySQL server version for the right syntax to use near ') )' at line 1
 [ SQL语句 ] : SELECT `receivables_id`,`price` FROM `mx_receivables` WHERE ( `contract_id` IN () ) 
ERR: You have an error in your SQL syntax; check the manual that corresponds to your MySQL server version for the right syntax to use near ') ) AND ( `status` = 1 ) LIMIT 1' at line 1
 [ SQL语句 ] : SELECT SUM(money) AS tp_sum FROM `mx_receivingorder` WHERE ( `receivables_id` IN () ) AND ( `status` = 1 ) LIMIT 1  
ERR: You have an error in your SQL syntax; check the manual that corresponds to your MySQL server version for the right syntax to use near ') ) AND ( `status` = 1 ) AND (  (`pay_time` BETWEEN 1525104000 AND 1527782400 ) ' at line 1
 [ SQL语句 ] : SELECT SUM(money) AS tp_sum FROM `mx_receivingorder` WHERE ( `receivables_id` IN () ) AND ( `status` = 1 ) AND (  (`pay_time` BETWEEN 1525104000 AND 1527782400 ) ) LIMIT 1  
ERR: You have an error in your SQL syntax; check the manual that corresponds to your MySQL server version for the right syntax to use near ') ) AND ( `status` = 1 ) AND (  (`pay_time` BETWEEN 1526227200 AND 1526832000 ) ' at line 1
 [ SQL语句 ] : SELECT SUM(money) AS tp_sum FROM `mx_receivingorder` WHERE ( `receivables_id` IN () ) AND ( `status` = 1 ) AND (  (`pay_time` BETWEEN 1526227200 AND 1526832000 ) ) LIMIT 1  
ERR: You have an error in your SQL syntax; check the manual that corresponds to your MySQL server version for the right syntax to use near ') ) AND ( `status` = 1 ) AND (  (`pay_time` BETWEEN 1514736000 AND 1546272000 ) ' at line 1
 [ SQL语句 ] : SELECT SUM(money) AS tp_sum FROM `mx_receivingorder` WHERE ( `receivables_id` IN () ) AND ( `status` = 1 ) AND (  (`pay_time` BETWEEN 1514736000 AND 1546272000 ) ) LIMIT 1  

[ 2018-05-16T15:56:33+08:00 ] 183.226.186.245 /index.php?m=message&a=tips
ERR: Table 'pinping.mx_cycel' doesn't exist
 [ SQL语句 ] : SHOW COLUMNS FROM `mx_cycel`
ERR: Table 'pinping.mx_cycel' doesn't exist
 [ SQL语句 ] : SELECT * FROM `mx_cycel` WHERE ( `create_role_id` = '1' ) AND ( `start_time` <= 1526486400 ) AND ( `end_time` >= 1526399999 ) 

[ 2018-05-16T15:58:16+08:00 ] 183.226.186.245 /index.php?m=message&a=tips
ERR: Table 'pinping.mx_cycel' doesn't exist
 [ SQL语句 ] : SHOW COLUMNS FROM `mx_cycel`
ERR: Table 'pinping.mx_cycel' doesn't exist
 [ SQL语句 ] : SELECT * FROM `mx_cycel` WHERE ( `create_role_id` = '1' ) AND ( `start_time` <= 1526486400 ) AND ( `end_time` >= 1526399999 ) 

[ 2018-05-16T16:02:07+08:00 ] 183.226.186.245 /index.php?m=message&a=tips
ERR: Table 'pinping.mx_cycel' doesn't exist
 [ SQL语句 ] : SHOW COLUMNS FROM `mx_cycel`
ERR: Table 'pinping.mx_cycel' doesn't exist
 [ SQL语句 ] : SELECT * FROM `mx_cycel` WHERE ( `create_role_id` = '1' ) AND ( `start_time` <= 1526486400 ) AND ( `end_time` >= 1526399999 ) 

[ 2018-05-16T16:04:18+08:00 ] 183.226.186.245 /index.php?m=message&a=tips
ERR: Table 'pinping.mx_cycel' doesn't exist
 [ SQL语句 ] : SHOW COLUMNS FROM `mx_cycel`
ERR: Table 'pinping.mx_cycel' doesn't exist
 [ SQL语句 ] : SELECT * FROM `mx_cycel` WHERE ( `create_role_id` = '1' ) AND ( `start_time` <= 1526486400 ) AND ( `end_time` >= 1526399999 ) 

[ 2018-05-16T16:14:37+08:00 ] 183.226.186.245 /index.php?m=message&a=tips
ERR: Table 'pinping.mx_cycel' doesn't exist
 [ SQL语句 ] : SHOW COLUMNS FROM `mx_cycel`
ERR: Table 'pinping.mx_cycel' doesn't exist
 [ SQL语句 ] : SELECT * FROM `mx_cycel` WHERE ( `create_role_id` = '1' ) AND ( `start_time` <= 1526486400 ) AND ( `end_time` >= 1526399999 ) 

[ 2018-05-16T16:16:16+08:00 ] 183.226.186.245 /index.php?m=message&a=tips
ERR: Table 'pinping.mx_cycel' doesn't exist
 [ SQL语句 ] : SHOW COLUMNS FROM `mx_cycel`
ERR: Table 'pinping.mx_cycel' doesn't exist
 [ SQL语句 ] : SELECT * FROM `mx_cycel` WHERE ( `create_role_id` = '1' ) AND ( `start_time` <= 1526486400 ) AND ( `end_time` >= 1526399999 ) 

[ 2018-05-16T16:22:30+08:00 ] 183.226.186.245 /index.php?m=message&a=tips
ERR: Table 'pinping.mx_cycel' doesn't exist
 [ SQL语句 ] : SHOW COLUMNS FROM `mx_cycel`
ERR: Table 'pinping.mx_cycel' doesn't exist
 [ SQL语句 ] : SELECT * FROM `mx_cycel` WHERE ( `create_role_id` = '1' ) AND ( `start_time` <= 1526486400 ) AND ( `end_time` >= 1526399999 ) 

[ 2018-05-16T16:23:26+08:00 ] 120.204.17.71 /index.php?m=user&a=login
ERR: Table 'pinping.mx_carousel_images' doesn't exist
 [ SQL语句 ] : SHOW COLUMNS FROM `mx_carousel_images`
ERR: Table 'pinping.mx_carousel_images' doesn't exist
 [ SQL语句 ] : SELECT * FROM `mx_carousel_images` ORDER BY listorder 

[ 2018-05-16T16:23:45+08:00 ] 183.226.186.245 /index.php?m=message&a=tips
ERR: Table 'pinping.mx_cycel' doesn't exist
 [ SQL语句 ] : SHOW COLUMNS FROM `mx_cycel`
ERR: Table 'pinping.mx_cycel' doesn't exist
 [ SQL语句 ] : SELECT * FROM `mx_cycel` WHERE ( `create_role_id` = '1' ) AND ( `start_time` <= 1526486400 ) AND ( `end_time` >= 1526399999 ) 

[ 2018-05-16T16:38:33+08:00 ] 117.185.117.51 /index.php?m=user&a=login
ERR: Table 'pinping.mx_carousel_images' doesn't exist
 [ SQL语句 ] : SHOW COLUMNS FROM `mx_carousel_images`
ERR: Table 'pinping.mx_carousel_images' doesn't exist
 [ SQL语句 ] : SELECT * FROM `mx_carousel_images` ORDER BY listorder 

[ 2018-05-16T16:38:38+08:00 ] 120.204.17.72 /index.php?m=user&a=login
ERR: Table 'pinping.mx_carousel_images' doesn't exist
 [ SQL语句 ] : SHOW COLUMNS FROM `mx_carousel_images`
ERR: Table 'pinping.mx_carousel_images' doesn't exist
 [ SQL语句 ] : SELECT * FROM `mx_carousel_images` ORDER BY listorder 

[ 2018-05-16T16:38:41+08:00 ] 183.226.186.245 /index.php?m=message&a=tips
ERR: Table 'pinping.mx_cycel' doesn't exist
 [ SQL语句 ] : SHOW COLUMNS FROM `mx_cycel`
ERR: Table 'pinping.mx_cycel' doesn't exist
 [ SQL语句 ] : SELECT * FROM `mx_cycel` WHERE ( `create_role_id` = '1' ) AND ( `start_time` <= 1526486400 ) AND ( `end_time` >= 1526399999 ) 

[ 2018-05-16T16:40:45+08:00 ] 183.226.186.245 /index.php?m=message&a=tips
ERR: Table 'pinping.mx_cycel' doesn't exist
 [ SQL语句 ] : SHOW COLUMNS FROM `mx_cycel`
ERR: Table 'pinping.mx_cycel' doesn't exist
 [ SQL语句 ] : SELECT * FROM `mx_cycel` WHERE ( `create_role_id` = '1' ) AND ( `start_time` <= 1526486400 ) AND ( `end_time` >= 1526399999 ) 

[ 2018-05-16T16:43:58+08:00 ] 183.226.186.245 /index.php?m=message&a=tips
ERR: Table 'pinping.mx_cycel' doesn't exist
 [ SQL语句 ] : SHOW COLUMNS FROM `mx_cycel`
ERR: Table 'pinping.mx_cycel' doesn't exist
 [ SQL语句 ] : SELECT * FROM `mx_cycel` WHERE ( `create_role_id` = '1' ) AND ( `start_time` <= 1526486400 ) AND ( `end_time` >= 1526399999 ) 

[ 2018-05-16T16:47:17+08:00 ] 183.226.186.245 /index.php?m=message&a=tips
ERR: Table 'pinping.mx_cycel' doesn't exist
 [ SQL语句 ] : SHOW COLUMNS FROM `mx_cycel`
ERR: Table 'pinping.mx_cycel' doesn't exist
 [ SQL语句 ] : SELECT * FROM `mx_cycel` WHERE ( `create_role_id` = '1' ) AND ( `start_time` <= 1526486400 ) AND ( `end_time` >= 1526399999 ) 

[ 2018-05-16T16:50:24+08:00 ] 183.226.186.245 /index.php?m=message&a=tips
ERR: Table 'pinping.mx_cycel' doesn't exist
 [ SQL语句 ] : SHOW COLUMNS FROM `mx_cycel`
ERR: Table 'pinping.mx_cycel' doesn't exist
 [ SQL语句 ] : SELECT * FROM `mx_cycel` WHERE ( `create_role_id` = '1' ) AND ( `start_time` <= 1526486400 ) AND ( `end_time` >= 1526399999 ) 

[ 2018-05-16T16:56:15+08:00 ] 183.226.186.245 /index.php?m=message&a=tips
ERR: Table 'pinping.mx_cycel' doesn't exist
 [ SQL语句 ] : SHOW COLUMNS FROM `mx_cycel`
ERR: Table 'pinping.mx_cycel' doesn't exist
 [ SQL语句 ] : SELECT * FROM `mx_cycel` WHERE ( `create_role_id` = '1' ) AND ( `start_time` <= 1526486400 ) AND ( `end_time` >= 1526399999 ) 

[ 2018-05-16T16:58:16+08:00 ] 183.226.186.245 /index.php?m=message&a=tips
ERR: Table 'pinping.mx_cycel' doesn't exist
 [ SQL语句 ] : SHOW COLUMNS FROM `mx_cycel`
ERR: Table 'pinping.mx_cycel' doesn't exist
 [ SQL语句 ] : SELECT * FROM `mx_cycel` WHERE ( `create_role_id` = '1' ) AND ( `start_time` <= 1526486400 ) AND ( `end_time` >= 1526399999 ) 

[ 2018-05-16T17:04:00+08:00 ] 183.226.186.245 /index.php?m=message&a=tips
ERR: Table 'pinping.mx_cycel' doesn't exist
 [ SQL语句 ] : SHOW COLUMNS FROM `mx_cycel`
ERR: Table 'pinping.mx_cycel' doesn't exist
 [ SQL语句 ] : SELECT * FROM `mx_cycel` WHERE ( `create_role_id` = '1' ) AND ( `start_time` <= 1526486400 ) AND ( `end_time` >= 1526399999 ) 

[ 2018-05-16T17:06:01+08:00 ] 183.226.186.245 /index.php?m=message&a=tips
ERR: Table 'pinping.mx_cycel' doesn't exist
 [ SQL语句 ] : SHOW COLUMNS FROM `mx_cycel`
ERR: Table 'pinping.mx_cycel' doesn't exist
 [ SQL语句 ] : SELECT * FROM `mx_cycel` WHERE ( `create_role_id` = '1' ) AND ( `start_time` <= 1526486400 ) AND ( `end_time` >= 1526399999 ) 

[ 2018-05-16T17:11:44+08:00 ] 183.226.186.245 /index.php?m=message&a=tips
ERR: Table 'pinping.mx_cycel' doesn't exist
 [ SQL语句 ] : SHOW COLUMNS FROM `mx_cycel`
ERR: Table 'pinping.mx_cycel' doesn't exist
 [ SQL语句 ] : SELECT * FROM `mx_cycel` WHERE ( `create_role_id` = '1' ) AND ( `start_time` <= 1526486400 ) AND ( `end_time` >= 1526399999 ) 

[ 2018-05-16T17:12:46+08:00 ] 183.226.186.245 /index.php?m=message&a=tips
ERR: Table 'pinping.mx_cycel' doesn't exist
 [ SQL语句 ] : SHOW COLUMNS FROM `mx_cycel`
ERR: Table 'pinping.mx_cycel' doesn't exist
 [ SQL语句 ] : SELECT * FROM `mx_cycel` WHERE ( `create_role_id` = '1' ) AND ( `start_time` <= 1526486400 ) AND ( `end_time` >= 1526399999 ) 

[ 2018-05-16T17:14:19+08:00 ] 183.226.186.245 /index.php?m=message&a=tips
ERR: Table 'pinping.mx_cycel' doesn't exist
 [ SQL语句 ] : SHOW COLUMNS FROM `mx_cycel`
ERR: Table 'pinping.mx_cycel' doesn't exist
 [ SQL语句 ] : SELECT * FROM `mx_cycel` WHERE ( `create_role_id` = '1' ) AND ( `start_time` <= 1526486400 ) AND ( `end_time` >= 1526399999 ) 

[ 2018-05-16T17:18:09+08:00 ] 117.144.246.149 /index.php?m=data_analysis&a=achievement
ERR: You have an error in your SQL syntax; check the manual that corresponds to your MySQL server version for the right syntax to use near '%d and url = "%s" ) LIMIT 1' at line 1
 [ SQL语句 ] : SELECT `type` FROM `mx_permission` WHERE ( position_id = %d and url = "%s" ) LIMIT 1  
ERR: You have an error in your SQL syntax; check the manual that corresponds to your MySQL server version for the right syntax to use near ') ) LIMIT 1' at line 1
 [ SQL语句 ] : SELECT SUM(integral) AS tp_sum FROM mx_achievement achievement LEFT JOIN mx_business business ON achievement.project_id=business.business_id WHERE ( (achievement.addtime <= 1526462289) AND (achievement.addtime >= 1525104000)  ) AND ( achievement.user_id IN () ) LIMIT 1  
ERR: You have an error in your SQL syntax; check the manual that corresponds to your MySQL server version for the right syntax to use near ') ) AND ( business.pro_type = '传统项目' ) LIMIT 1' at line 1
 [ SQL语句 ] : SELECT SUM(integral) AS tp_sum FROM mx_achievement achievement LEFT JOIN mx_business business ON achievement.project_id=business.business_id WHERE ( (achievement.addtime <= 1526462289) AND (achievement.addtime >= 1525104000)  ) AND ( achievement.user_id IN () ) AND ( business.pro_type = '传统项目' ) LIMIT 1  
ERR: You have an error in your SQL syntax; check the manual that corresponds to your MySQL server version for the right syntax to use near ') ) AND ( business.pro_type = '面试快' ) LIMIT 1' at line 1
 [ SQL语句 ] : SELECT SUM(integral) AS tp_sum FROM mx_achievement achievement LEFT JOIN mx_business business ON achievement.project_id=business.business_id WHERE ( (achievement.addtime <= 1526462289) AND (achievement.addtime >= 1525104000)  ) AND ( achievement.user_id IN () ) AND ( business.pro_type = '面试快' ) LIMIT 1  
ERR: You have an error in your SQL syntax; check the manual that corresponds to your MySQL server version for the right syntax to use near ') ) AND ( business.pro_type = '入职快' ) LIMIT 1' at line 1
 [ SQL语句 ] : SELECT SUM(integral) AS tp_sum FROM mx_achievement achievement LEFT JOIN mx_business business ON achievement.project_id=business.business_id WHERE ( (achievement.addtime <= 1526462289) AND (achievement.addtime >= 1525104000)  ) AND ( achievement.user_id IN () ) AND ( business.pro_type = '入职快' ) LIMIT 1  
ERR: You have an error in your SQL syntax; check the manual that corresponds to your MySQL server version for the right syntax to use near ') ) AND ( business.pro_type = '其他' ) LIMIT 1' at line 1
 [ SQL语句 ] : SELECT SUM(integral) AS tp_sum FROM mx_achievement achievement LEFT JOIN mx_business business ON achievement.project_id=business.business_id WHERE ( (achievement.addtime <= 1526462289) AND (achievement.addtime >= 1525104000)  ) AND ( achievement.user_id IN () ) AND ( business.pro_type = '其他' ) LIMIT 1  
ERR: You have an error in your SQL syntax; check the manual that corresponds to your MySQL server version for the right syntax to use near '%d and url = "%s" ) LIMIT 1' at line 1
 [ SQL语句 ] : SELECT `type` FROM `mx_permission` WHERE ( position_id = %d and url = "%s" ) LIMIT 1  
ERR: You have an error in your SQL syntax; check the manual that corresponds to your MySQL server version for the right syntax to use near '%d )' at line 1
 [ SQL语句 ] : SELECT * FROM `mx_role_department` WHERE ( department_id =%d ) 
ERR: You have an error in your SQL syntax; check the manual that corresponds to your MySQL server version for the right syntax to use near '%d ) LIMIT 1' at line 1
 [ SQL语句 ] : SELECT `img` FROM `mx_user` WHERE ( user_id = %d ) LIMIT 1  
ERR: You have an error in your SQL syntax; check the manual that corresponds to your MySQL server version for the right syntax to use near '%d ) LIMIT 1' at line 1
 [ SQL语句 ] : SELECT `thumb_path` FROM `mx_user` WHERE ( user_id = %d ) LIMIT 1  

[ 2018-05-16T17:18:16+08:00 ] 120.204.17.71 /index.php?m=data_analysis&a=projecttrend
ERR: You have an error in your SQL syntax; check the manual that corresponds to your MySQL server version for the right syntax to use near '%d and url = "%s" ) LIMIT 1' at line 1
 [ SQL语句 ] : SELECT `type` FROM `mx_permission` WHERE ( position_id = %d and url = "%s" ) LIMIT 1  
ERR: You have an error in your SQL syntax; check the manual that corresponds to your MySQL server version for the right syntax to use near ') ) LIMIT 1' at line 1
 [ SQL语句 ] : SELECT COUNT(*) AS tp_count FROM `mx_customer` WHERE ( (`create_time` < 1525190400) AND (`create_time` > 1525104000)  ) AND ( `creator_role_id` IN () ) LIMIT 1  
ERR: You have an error in your SQL syntax; check the manual that corresponds to your MySQL server version for the right syntax to use near ') ) LIMIT 1' at line 1
 [ SQL语句 ] : SELECT COUNT(*) AS tp_count FROM `mx_customer` WHERE ( (`create_time` < 1525276800) AND (`create_time` > 1525190400)  ) AND ( `creator_role_id` IN () ) LIMIT 1  
ERR: You have an error in your SQL syntax; check the manual that corresponds to your MySQL server version for the right syntax to use near ') ) LIMIT 1' at line 1
 [ SQL语句 ] : SELECT COUNT(*) AS tp_count FROM `mx_customer` WHERE ( (`create_time` < 1525363200) AND (`create_time` > 1525276800)  ) AND ( `creator_role_id` IN () ) LIMIT 1  
ERR: You have an error in your SQL syntax; check the manual that corresponds to your MySQL server version for the right syntax to use near ') ) LIMIT 1' at line 1
 [ SQL语句 ] : SELECT COUNT(*) AS tp_count FROM `mx_customer` WHERE ( (`create_time` < 1525449600) AND (`create_time` > 1525363200)  ) AND ( `creator_role_id` IN () ) LIMIT 1  
ERR: You have an error in your SQL syntax; check the manual that corresponds to your MySQL server version for the right syntax to use near ') ) LIMIT 1' at line 1
 [ SQL语句 ] : SELECT COUNT(*) AS tp_count FROM `mx_customer` WHERE ( (`create_time` < 1525536000) AND (`create_time` > 1525449600)  ) AND ( `creator_role_id` IN () ) LIMIT 1  
ERR: You have an error in your SQL syntax; check the manual that corresponds to your MySQL server version for the right syntax to use near ') ) LIMIT 1' at line 1
 [ SQL语句 ] : SELECT COUNT(*) AS tp_count FROM `mx_customer` WHERE ( (`create_time` < 1525622400) AND (`create_time` > 1525536000)  ) AND ( `creator_role_id` IN () ) LIMIT 1  
ERR: You have an error in your SQL syntax; check the manual that corresponds to your MySQL server version for the right syntax to use near ') ) LIMIT 1' at line 1
 [ SQL语句 ] : SELECT COUNT(*) AS tp_count FROM `mx_customer` WHERE ( (`create_time` < 1525708800) AND (`create_time` > 1525622400)  ) AND ( `creator_role_id` IN () ) LIMIT 1  
ERR: You have an error in your SQL syntax; check the manual that corresponds to your MySQL server version for the right syntax to use near ') ) LIMIT 1' at line 1
 [ SQL语句 ] : SELECT COUNT(*) AS tp_count FROM `mx_customer` WHERE ( (`create_time` < 1525795200) AND (`create_time` > 1525708800)  ) AND ( `creator_role_id` IN () ) LIMIT 1  
ERR: You have an error in your SQL syntax; check the manual that corresponds to your MySQL server version for the right syntax to use near ') ) LIMIT 1' at line 1
 [ SQL语句 ] : SELECT COUNT(*) AS tp_count FROM `mx_customer` WHERE ( (`create_time` < 1525881600) AND (`create_time` > 1525795200)  ) AND ( `creator_role_id` IN () ) LIMIT 1  
ERR: You have an error in your SQL syntax; check the manual that corresponds to your MySQL server version for the right syntax to use near ') ) LIMIT 1' at line 1
 [ SQL语句 ] : SELECT COUNT(*) AS tp_count FROM `mx_customer` WHERE ( (`create_time` < 1525968000) AND (`create_time` > 1525881600)  ) AND ( `creator_role_id` IN () ) LIMIT 1  
ERR: You have an error in your SQL syntax; check the manual that corresponds to your MySQL server version for the right syntax to use near ') ) LIMIT 1' at line 1
 [ SQL语句 ] : SELECT COUNT(*) AS tp_count FROM `mx_customer` WHERE ( (`create_time` < 1526054400) AND (`create_time` > 1525968000)  ) AND ( `creator_role_id` IN () ) LIMIT 1  
ERR: You have an error in your SQL syntax; check the manual that corresponds to your MySQL server version for the right syntax to use near ') ) LIMIT 1' at line 1
 [ SQL语句 ] : SELECT COUNT(*) AS tp_count FROM `mx_customer` WHERE ( (`create_time` < 1526140800) AND (`create_time` > 1526054400)  ) AND ( `creator_role_id` IN () ) LIMIT 1  
ERR: You have an error in your SQL syntax; check the manual that corresponds to your MySQL server version for the right syntax to use near ') ) LIMIT 1' at line 1
 [ SQL语句 ] : SELECT COUNT(*) AS tp_count FROM `mx_customer` WHERE ( (`create_time` < 1526227200) AND (`create_time` > 1526140800)  ) AND ( `creator_role_id` IN () ) LIMIT 1  
ERR: You have an error in your SQL syntax; check the manual that corresponds to your MySQL server version for the right syntax to use near ') ) LIMIT 1' at line 1
 [ SQL语句 ] : SELECT COUNT(*) AS tp_count FROM `mx_customer` WHERE ( (`create_time` < 1526313600) AND (`create_time` > 1526227200)  ) AND ( `creator_role_id` IN () ) LIMIT 1  
ERR: You have an error in your SQL syntax; check the manual that corresponds to your MySQL server version for the right syntax to use near ') ) LIMIT 1' at line 1
 [ SQL语句 ] : SELECT COUNT(*) AS tp_count FROM `mx_customer` WHERE ( (`create_time` < 1526400000) AND (`create_time` > 1526313600)  ) AND ( `creator_role_id` IN () ) LIMIT 1  
ERR: You have an error in your SQL syntax; check the manual that corresponds to your MySQL server version for the right syntax to use near ') ) LIMIT 1' at line 1
 [ SQL语句 ] : SELECT COUNT(*) AS tp_count FROM `mx_customer` WHERE ( (`create_time` < 1526486400) AND (`create_time` > 1526400000)  ) AND ( `creator_role_id` IN () ) LIMIT 1  
ERR: You have an error in your SQL syntax; check the manual that corresponds to your MySQL server version for the right syntax to use near '%d and url = "%s" ) LIMIT 1' at line 1
 [ SQL语句 ] : SELECT `type` FROM `mx_permission` WHERE ( position_id = %d and url = "%s" ) LIMIT 1  
ERR: You have an error in your SQL syntax; check the manual that corresponds to your MySQL server version for the right syntax to use near '%d )' at line 1
 [ SQL语句 ] : SELECT * FROM `mx_role_department` WHERE ( department_id =%d ) 
ERR: You have an error in your SQL syntax; check the manual that corresponds to your MySQL server version for the right syntax to use near '%d ) LIMIT 1' at line 1
 [ SQL语句 ] : SELECT `img` FROM `mx_user` WHERE ( user_id = %d ) LIMIT 1  
ERR: You have an error in your SQL syntax; check the manual that corresponds to your MySQL server version for the right syntax to use near '%d ) LIMIT 1' at line 1
 [ SQL语句 ] : SELECT `thumb_path` FROM `mx_user` WHERE ( user_id = %d ) LIMIT 1  

[ 2018-05-16T17:18:19+08:00 ] 117.185.117.54 /index.php?m=dataAnalysis&a=projecttrend&dbname=&select_type=&content_id=&field=achievement&between_date=2018-05-01+-+2018-05-16&department=all&role=all
ERR: You have an error in your SQL syntax; check the manual that corresponds to your MySQL server version for the right syntax to use near '%d and url = "%s" ) LIMIT 1' at line 1
 [ SQL语句 ] : SELECT `type` FROM `mx_permission` WHERE ( position_id = %d and url = "%s" ) LIMIT 1  
ERR: You have an error in your SQL syntax; check the manual that corresponds to your MySQL server version for the right syntax to use near ') ) LIMIT 1' at line 1
 [ SQL语句 ] : SELECT SUM(integral) AS tp_sum FROM `mx_achievement` WHERE ( (`addtime` < 1525190400) AND (`addtime` > 1525104000)  ) AND ( `user_id` IN () ) LIMIT 1  
ERR: You have an error in your SQL syntax; check the manual that corresponds to your MySQL server version for the right syntax to use near ') ) LIMIT 1' at line 1
 [ SQL语句 ] : SELECT SUM(integral) AS tp_sum FROM `mx_achievement` WHERE ( (`addtime` < 1525276800) AND (`addtime` > 1525190400)  ) AND ( `user_id` IN () ) LIMIT 1  
ERR: You have an error in your SQL syntax; check the manual that corresponds to your MySQL server version for the right syntax to use near ') ) LIMIT 1' at line 1
 [ SQL语句 ] : SELECT SUM(integral) AS tp_sum FROM `mx_achievement` WHERE ( (`addtime` < 1525363200) AND (`addtime` > 1525276800)  ) AND ( `user_id` IN () ) LIMIT 1  
ERR: You have an error in your SQL syntax; check the manual that corresponds to your MySQL server version for the right syntax to use near ') ) LIMIT 1' at line 1
 [ SQL语句 ] : SELECT SUM(integral) AS tp_sum FROM `mx_achievement` WHERE ( (`addtime` < 1525449600) AND (`addtime` > 1525363200)  ) AND ( `user_id` IN () ) LIMIT 1  
ERR: You have an error in your SQL syntax; check the manual that corresponds to your MySQL server version for the right syntax to use near ') ) LIMIT 1' at line 1
 [ SQL语句 ] : SELECT SUM(integral) AS tp_sum FROM `mx_achievement` WHERE ( (`addtime` < 1525536000) AND (`addtime` > 1525449600)  ) AND ( `user_id` IN () ) LIMIT 1  
ERR: You have an error in your SQL syntax; check the manual that corresponds to your MySQL server version for the right syntax to use near ') ) LIMIT 1' at line 1
 [ SQL语句 ] : SELECT SUM(integral) AS tp_sum FROM `mx_achievement` WHERE ( (`addtime` < 1525622400) AND (`addtime` > 1525536000)  ) AND ( `user_id` IN () ) LIMIT 1  
ERR: You have an error in your SQL syntax; check the manual that corresponds to your MySQL server version for the right syntax to use near ') ) LIMIT 1' at line 1
 [ SQL语句 ] : SELECT SUM(integral) AS tp_sum FROM `mx_achievement` WHERE ( (`addtime` < 1525708800) AND (`addtime` > 1525622400)  ) AND ( `user_id` IN () ) LIMIT 1  
ERR: You have an error in your SQL syntax; check the manual that corresponds to your MySQL server version for the right syntax to use near ') ) LIMIT 1' at line 1
 [ SQL语句 ] : SELECT SUM(integral) AS tp_sum FROM `mx_achievement` WHERE ( (`addtime` < 1525795200) AND (`addtime` > 1525708800)  ) AND ( `user_id` IN () ) LIMIT 1  
ERR: You have an error in your SQL syntax; check the manual that corresponds to your MySQL server version for the right syntax to use near ') ) LIMIT 1' at line 1
 [ SQL语句 ] : SELECT SUM(integral) AS tp_sum FROM `mx_achievement` WHERE ( (`addtime` < 1525881600) AND (`addtime` > 1525795200)  ) AND ( `user_id` IN () ) LIMIT 1  
ERR: You have an error in your SQL syntax; check the manual that corresponds to your MySQL server version for the right syntax to use near ') ) LIMIT 1' at line 1
 [ SQL语句 ] : SELECT SUM(integral) AS tp_sum FROM `mx_achievement` WHERE ( (`addtime` < 1525968000) AND (`addtime` > 1525881600)  ) AND ( `user_id` IN () ) LIMIT 1  
ERR: You have an error in your SQL syntax; check the manual that corresponds to your MySQL server version for the right syntax to use near ') ) LIMIT 1' at line 1
 [ SQL语句 ] : SELECT SUM(integral) AS tp_sum FROM `mx_achievement` WHERE ( (`addtime` < 1526054400) AND (`addtime` > 1525968000)  ) AND ( `user_id` IN () ) LIMIT 1  
ERR: You have an error in your SQL syntax; check the manual that corresponds to your MySQL server version for the right syntax to use near ') ) LIMIT 1' at line 1
 [ SQL语句 ] : SELECT SUM(integral) AS tp_sum FROM `mx_achievement` WHERE ( (`addtime` < 1526140800) AND (`addtime` > 1526054400)  ) AND ( `user_id` IN () ) LIMIT 1  
ERR: You have an error in your SQL syntax; check the manual that corresponds to your MySQL server version for the right syntax to use near ') ) LIMIT 1' at line 1
 [ SQL语句 ] : SELECT SUM(integral) AS tp_sum FROM `mx_achievement` WHERE ( (`addtime` < 1526227200) AND (`addtime` > 1526140800)  ) AND ( `user_id` IN () ) LIMIT 1  
ERR: You have an error in your SQL syntax; check the manual that corresponds to your MySQL server version for the right syntax to use near ') ) LIMIT 1' at line 1
 [ SQL语句 ] : SELECT SUM(integral) AS tp_sum FROM `mx_achievement` WHERE ( (`addtime` < 1526313600) AND (`addtime` > 1526227200)  ) AND ( `user_id` IN () ) LIMIT 1  
ERR: You have an error in your SQL syntax; check the manual that corresponds to your MySQL server version for the right syntax to use near ') ) LIMIT 1' at line 1
 [ SQL语句 ] : SELECT SUM(integral) AS tp_sum FROM `mx_achievement` WHERE ( (`addtime` < 1526400000) AND (`addtime` > 1526313600)  ) AND ( `user_id` IN () ) LIMIT 1  
ERR: You have an error in your SQL syntax; check the manual that corresponds to your MySQL server version for the right syntax to use near ') ) LIMIT 1' at line 1
 [ SQL语句 ] : SELECT SUM(integral) AS tp_sum FROM `mx_achievement` WHERE ( (`addtime` < 1526486400) AND (`addtime` > 1526400000)  ) AND ( `user_id` IN () ) LIMIT 1  
ERR: You have an error in your SQL syntax; check the manual that corresponds to your MySQL server version for the right syntax to use near '%d and url = "%s" ) LIMIT 1' at line 1
 [ SQL语句 ] : SELECT `type` FROM `mx_permission` WHERE ( position_id = %d and url = "%s" ) LIMIT 1  
ERR: You have an error in your SQL syntax; check the manual that corresponds to your MySQL server version for the right syntax to use near '%d )' at line 1
 [ SQL语句 ] : SELECT * FROM `mx_role_department` WHERE ( department_id =%d ) 
ERR: You have an error in your SQL syntax; check the manual that corresponds to your MySQL server version for the right syntax to use near '%d ) LIMIT 1' at line 1
 [ SQL语句 ] : SELECT `img` FROM `mx_user` WHERE ( user_id = %d ) LIMIT 1  
ERR: You have an error in your SQL syntax; check the manual that corresponds to your MySQL server version for the right syntax to use near '%d ) LIMIT 1' at line 1
 [ SQL语句 ] : SELECT `thumb_path` FROM `mx_user` WHERE ( user_id = %d ) LIMIT 1  

[ 2018-05-16T17:18:29+08:00 ] 117.185.117.52 /index.php?m=dataAnalysis&a=projecttrend&dbname=&select_type=&content_id=&field=achievement&between_date=2018-04-01+-+2018-05-01&department=all&role=all
ERR: You have an error in your SQL syntax; check the manual that corresponds to your MySQL server version for the right syntax to use near '%d and url = "%s" ) LIMIT 1' at line 1
 [ SQL语句 ] : SELECT `type` FROM `mx_permission` WHERE ( position_id = %d and url = "%s" ) LIMIT 1  
ERR: You have an error in your SQL syntax; check the manual that corresponds to your MySQL server version for the right syntax to use near ') ) LIMIT 1' at line 1
 [ SQL语句 ] : SELECT SUM(integral) AS tp_sum FROM `mx_achievement` WHERE ( (`addtime` < 1522598400) AND (`addtime` > 1522512000)  ) AND ( `user_id` IN () ) LIMIT 1  
ERR: You have an error in your SQL syntax; check the manual that corresponds to your MySQL server version for the right syntax to use near ') ) LIMIT 1' at line 1
 [ SQL语句 ] : SELECT SUM(integral) AS tp_sum FROM `mx_achievement` WHERE ( (`addtime` < 1522684800) AND (`addtime` > 1522598400)  ) AND ( `user_id` IN () ) LIMIT 1  
ERR: You have an error in your SQL syntax; check the manual that corresponds to your MySQL server version for the right syntax to use near ') ) LIMIT 1' at line 1
 [ SQL语句 ] : SELECT SUM(integral) AS tp_sum FROM `mx_achievement` WHERE ( (`addtime` < 1522771200) AND (`addtime` > 1522684800)  ) AND ( `user_id` IN () ) LIMIT 1  
ERR: You have an error in your SQL syntax; check the manual that corresponds to your MySQL server version for the right syntax to use near ') ) LIMIT 1' at line 1
 [ SQL语句 ] : SELECT SUM(integral) AS tp_sum FROM `mx_achievement` WHERE ( (`addtime` < 1522857600) AND (`addtime` > 1522771200)  ) AND ( `user_id` IN () ) LIMIT 1  
ERR: You have an error in your SQL syntax; check the manual that corresponds to your MySQL server version for the right syntax to use near ') ) LIMIT 1' at line 1
 [ SQL语句 ] : SELECT SUM(integral) AS tp_sum FROM `mx_achievement` WHERE ( (`addtime` < 1522944000) AND (`addtime` > 1522857600)  ) AND ( `user_id` IN () ) LIMIT 1  
ERR: You have an error in your SQL syntax; check the manual that corresponds to your MySQL server version for the right syntax to use near ') ) LIMIT 1' at line 1
 [ SQL语句 ] : SELECT SUM(integral) AS tp_sum FROM `mx_achievement` WHERE ( (`addtime` < 1523030400) AND (`addtime` > 1522944000)  ) AND ( `user_id` IN () ) LIMIT 1  
ERR: You have an error in your SQL syntax; check the manual that corresponds to your MySQL server version for the right syntax to use near ') ) LIMIT 1' at line 1
 [ SQL语句 ] : SELECT SUM(integral) AS tp_sum FROM `mx_achievement` WHERE ( (`addtime` < 1523116800) AND (`addtime` > 1523030400)  ) AND ( `user_id` IN () ) LIMIT 1  
ERR: You have an error in your SQL syntax; check the manual that corresponds to your MySQL server version for the right syntax to use near ') ) LIMIT 1' at line 1
 [ SQL语句 ] : SELECT SUM(integral) AS tp_sum FROM `mx_achievement` WHERE ( (`addtime` < 1523203200) AND (`addtime` > 1523116800)  ) AND ( `user_id` IN () ) LIMIT 1  
ERR: You have an error in your SQL syntax; check the manual that corresponds to your MySQL server version for the right syntax to use near ') ) LIMIT 1' at line 1
 [ SQL语句 ] : SELECT SUM(integral) AS tp_sum FROM `mx_achievement` WHERE ( (`addtime` < 1523289600) AND (`addtime` > 1523203200)  ) AND ( `user_id` IN () ) LIMIT 1  
ERR: You have an error in your SQL syntax; check the manual that corresponds to your MySQL server version for the right syntax to use near ') ) LIMIT 1' at line 1
 [ SQL语句 ] : SELECT SUM(integral) AS tp_sum FROM `mx_achievement` WHERE ( (`addtime` < 1523376000) AND (`addtime` > 1523289600)  ) AND ( `user_id` IN () ) LIMIT 1  
ERR: You have an error in your SQL syntax; check the manual that corresponds to your MySQL server version for the right syntax to use near ') ) LIMIT 1' at line 1
 [ SQL语句 ] : SELECT SUM(integral) AS tp_sum FROM `mx_achievement` WHERE ( (`addtime` < 1523462400) AND (`addtime` > 1523376000)  ) AND ( `user_id` IN () ) LIMIT 1  
ERR: You have an error in your SQL syntax; check the manual that corresponds to your MySQL server version for the right syntax to use near ') ) LIMIT 1' at line 1
 [ SQL语句 ] : SELECT SUM(integral) AS tp_sum FROM `mx_achievement` WHERE ( (`addtime` < 1523548800) AND (`addtime` > 1523462400)  ) AND ( `user_id` IN () ) LIMIT 1  
ERR: You have an error in your SQL syntax; check the manual that corresponds to your MySQL server version for the right syntax to use near ') ) LIMIT 1' at line 1
 [ SQL语句 ] : SELECT SUM(integral) AS tp_sum FROM `mx_achievement` WHERE ( (`addtime` < 1523635200) AND (`addtime` > 1523548800)  ) AND ( `user_id` IN () ) LIMIT 1  
ERR: You have an error in your SQL syntax; check the manual that corresponds to your MySQL server version for the right syntax to use near ') ) LIMIT 1' at line 1
 [ SQL语句 ] : SELECT SUM(integral) AS tp_sum FROM `mx_achievement` WHERE ( (`addtime` < 1523721600) AND (`addtime` > 1523635200)  ) AND ( `user_id` IN () ) LIMIT 1  
ERR: You have an error in your SQL syntax; check the manual that corresponds to your MySQL server version for the right syntax to use near ') ) LIMIT 1' at line 1
 [ SQL语句 ] : SELECT SUM(integral) AS tp_sum FROM `mx_achievement` WHERE ( (`addtime` < 1523808000) AND (`addtime` > 1523721600)  ) AND ( `user_id` IN () ) LIMIT 1  
ERR: You have an error in your SQL syntax; check the manual that corresponds to your MySQL server version for the right syntax to use near ') ) LIMIT 1' at line 1
 [ SQL语句 ] : SELECT SUM(integral) AS tp_sum FROM `mx_achievement` WHERE ( (`addtime` < 1523894400) AND (`addtime` > 1523808000)  ) AND ( `user_id` IN () ) LIMIT 1  
ERR: You have an error in your SQL syntax; check the manual that corresponds to your MySQL server version for the right syntax to use near ') ) LIMIT 1' at line 1
 [ SQL语句 ] : SELECT SUM(integral) AS tp_sum FROM `mx_achievement` WHERE ( (`addtime` < 1523980800) AND (`addtime` > 1523894400)  ) AND ( `user_id` IN () ) LIMIT 1  
ERR: You have an error in your SQL syntax; check the manual that corresponds to your MySQL server version for the right syntax to use near ') ) LIMIT 1' at line 1
 [ SQL语句 ] : SELECT SUM(integral) AS tp_sum FROM `mx_achievement` WHERE ( (`addtime` < 1524067200) AND (`addtime` > 1523980800)  ) AND ( `user_id` IN () ) LIMIT 1  
ERR: You have an error in your SQL syntax; check the manual that corresponds to your MySQL server version for the right syntax to use near ') ) LIMIT 1' at line 1
 [ SQL语句 ] : SELECT SUM(integral) AS tp_sum FROM `mx_achievement` WHERE ( (`addtime` < 1524153600) AND (`addtime` > 1524067200)  ) AND ( `user_id` IN () ) LIMIT 1  
ERR: You have an error in your SQL syntax; check the manual that corresponds to your MySQL server version for the right syntax to use near ') ) LIMIT 1' at line 1
 [ SQL语句 ] : SELECT SUM(integral) AS tp_sum FROM `mx_achievement` WHERE ( (`addtime` < 1524240000) AND (`addtime` > 1524153600)  ) AND ( `user_id` IN () ) LIMIT 1  
ERR: You have an error in your SQL syntax; check the manual that corresponds to your MySQL server version for the right syntax to use near ') ) LIMIT 1' at line 1
 [ SQL语句 ] : SELECT SUM(integral) AS tp_sum FROM `mx_achievement` WHERE ( (`addtime` < 1524326400) AND (`addtime` > 1524240000)  ) AND ( `user_id` IN () ) LIMIT 1  
ERR: You have an error in your SQL syntax; check the manual that corresponds to your MySQL server version for the right syntax to use near ') ) LIMIT 1' at line 1
 [ SQL语句 ] : SELECT SUM(integral) AS tp_sum FROM `mx_achievement` WHERE ( (`addtime` < 1524412800) AND (`addtime` > 1524326400)  ) AND ( `user_id` IN () ) LIMIT 1  
ERR: You have an error in your SQL syntax; check the manual that corresponds to your MySQL server version for the right syntax to use near ') ) LIMIT 1' at line 1
 [ SQL语句 ] : SELECT SUM(integral) AS tp_sum FROM `mx_achievement` WHERE ( (`addtime` < 1524499200) AND (`addtime` > 1524412800)  ) AND ( `user_id` IN () ) LIMIT 1  
ERR: You have an error in your SQL syntax; check the manual that corresponds to your MySQL server version for the right syntax to use near ') ) LIMIT 1' at line 1
 [ SQL语句 ] : SELECT SUM(integral) AS tp_sum FROM `mx_achievement` WHERE ( (`addtime` < 1524585600) AND (`addtime` > 1524499200)  ) AND ( `user_id` IN () ) LIMIT 1  
ERR: You have an error in your SQL syntax; check the manual that corresponds to your MySQL server version for the right syntax to use near ') ) LIMIT 1' at line 1
 [ SQL语句 ] : SELECT SUM(integral) AS tp_sum FROM `mx_achievement` WHERE ( (`addtime` < 1524672000) AND (`addtime` > 1524585600)  ) AND ( `user_id` IN () ) LIMIT 1  
ERR: You have an error in your SQL syntax; check the manual that corresponds to your MySQL server version for the right syntax to use near ') ) LIMIT 1' at line 1
 [ SQL语句 ] : SELECT SUM(integral) AS tp_sum FROM `mx_achievement` WHERE ( (`addtime` < 1524758400) AND (`addtime` > 1524672000)  ) AND ( `user_id` IN () ) LIMIT 1  
ERR: You have an error in your SQL syntax; check the manual that corresponds to your MySQL server version for the right syntax to use near ') ) LIMIT 1' at line 1
 [ SQL语句 ] : SELECT SUM(integral) AS tp_sum FROM `mx_achievement` WHERE ( (`addtime` < 1524844800) AND (`addtime` > 1524758400)  ) AND ( `user_id` IN () ) LIMIT 1  
ERR: You have an error in your SQL syntax; check the manual that corresponds to your MySQL server version for the right syntax to use near ') ) LIMIT 1' at line 1
 [ SQL语句 ] : SELECT SUM(integral) AS tp_sum FROM `mx_achievement` WHERE ( (`addtime` < 1524931200) AND (`addtime` > 1524844800)  ) AND ( `user_id` IN () ) LIMIT 1  
ERR: You have an error in your SQL syntax; check the manual that corresponds to your MySQL server version for the right syntax to use near ') ) LIMIT 1' at line 1
 [ SQL语句 ] : SELECT SUM(integral) AS tp_sum FROM `mx_achievement` WHERE ( (`addtime` < 1525017600) AND (`addtime` > 1524931200)  ) AND ( `user_id` IN () ) LIMIT 1  
ERR: You have an error in your SQL syntax; check the manual that corresponds to your MySQL server version for the right syntax to use near ') ) LIMIT 1' at line 1
 [ SQL语句 ] : SELECT SUM(integral) AS tp_sum FROM `mx_achievement` WHERE ( (`addtime` < 1525104000) AND (`addtime` > 1525017600)  ) AND ( `user_id` IN () ) LIMIT 1  
ERR: You have an error in your SQL syntax; check the manual that corresponds to your MySQL server version for the right syntax to use near ') ) LIMIT 1' at line 1
 [ SQL语句 ] : SELECT SUM(integral) AS tp_sum FROM `mx_achievement` WHERE ( (`addtime` < 1525190400) AND (`addtime` > 1525104000)  ) AND ( `user_id` IN () ) LIMIT 1  
ERR: You have an error in your SQL syntax; check the manual that corresponds to your MySQL server version for the right syntax to use near '%d and url = "%s" ) LIMIT 1' at line 1
 [ SQL语句 ] : SELECT `type` FROM `mx_permission` WHERE ( position_id = %d and url = "%s" ) LIMIT 1  
ERR: You have an error in your SQL syntax; check the manual that corresponds to your MySQL server version for the right syntax to use near '%d )' at line 1
 [ SQL语句 ] : SELECT * FROM `mx_role_department` WHERE ( department_id =%d ) 
ERR: You have an error in your SQL syntax; check the manual that corresponds to your MySQL server version for the right syntax to use near '%d ) LIMIT 1' at line 1
 [ SQL语句 ] : SELECT `img` FROM `mx_user` WHERE ( user_id = %d ) LIMIT 1  
ERR: You have an error in your SQL syntax; check the manual that corresponds to your MySQL server version for the right syntax to use near '%d ) LIMIT 1' at line 1
 [ SQL语句 ] : SELECT `thumb_path` FROM `mx_user` WHERE ( user_id = %d ) LIMIT 1  

[ 2018-05-16T17:23:36+08:00 ] 183.226.186.245 /index.php?m=message&a=tips
ERR: Table 'pinping.mx_cycel' doesn't exist
 [ SQL语句 ] : SHOW COLUMNS FROM `mx_cycel`
ERR: Table 'pinping.mx_cycel' doesn't exist
 [ SQL语句 ] : SELECT * FROM `mx_cycel` WHERE ( `create_role_id` = '1' ) AND ( `start_time` <= 1526486400 ) AND ( `end_time` >= 1526399999 ) 

[ 2018-05-16T17:27:13+08:00 ] 183.226.186.245 /index.php?m=message&a=tips
ERR: Table 'pinping.mx_cycel' doesn't exist
 [ SQL语句 ] : SHOW COLUMNS FROM `mx_cycel`
ERR: Table 'pinping.mx_cycel' doesn't exist
 [ SQL语句 ] : SELECT * FROM `mx_cycel` WHERE ( `create_role_id` = '1' ) AND ( `start_time` <= 1526486400 ) AND ( `end_time` >= 1526399999 ) 

[ 2018-05-16T17:35:41+08:00 ] 183.226.186.245 /index.php?m=message&a=tips
ERR: Table 'pinping.mx_cycel' doesn't exist
 [ SQL语句 ] : SHOW COLUMNS FROM `mx_cycel`
ERR: Table 'pinping.mx_cycel' doesn't exist
 [ SQL语句 ] : SELECT * FROM `mx_cycel` WHERE ( `create_role_id` = '1' ) AND ( `start_time` <= 1526486400 ) AND ( `end_time` >= 1526399999 ) 

[ 2018-05-16T17:36:26+08:00 ] 183.226.186.245 /index.php?m=message&a=tips
ERR: Table 'pinping.mx_cycel' doesn't exist
 [ SQL语句 ] : SHOW COLUMNS FROM `mx_cycel`
ERR: Table 'pinping.mx_cycel' doesn't exist
 [ SQL语句 ] : SELECT * FROM `mx_cycel` WHERE ( `create_role_id` = '1' ) AND ( `start_time` <= 1526486400 ) AND ( `end_time` >= 1526399999 ) 

[ 2018-05-16T17:40:46+08:00 ] 183.226.186.245 /index.php?m=message&a=tips
ERR: Table 'pinping.mx_cycel' doesn't exist
 [ SQL语句 ] : SHOW COLUMNS FROM `mx_cycel`
ERR: Table 'pinping.mx_cycel' doesn't exist
 [ SQL语句 ] : SELECT * FROM `mx_cycel` WHERE ( `create_role_id` = '1' ) AND ( `start_time` <= 1526486400 ) AND ( `end_time` >= 1526399999 ) 

[ 2018-05-16T17:48:00+08:00 ] 183.226.186.245 /index.php?m=message&a=tips
ERR: Table 'pinping.mx_cycel' doesn't exist
 [ SQL语句 ] : SHOW COLUMNS FROM `mx_cycel`
ERR: Table 'pinping.mx_cycel' doesn't exist
 [ SQL语句 ] : SELECT * FROM `mx_cycel` WHERE ( `create_role_id` = '1' ) AND ( `start_time` <= 1526486400 ) AND ( `end_time` >= 1526399999 ) 

[ 2018-05-16T17:49:50+08:00 ] 183.226.186.245 /index.php?m=message&a=tips
ERR: Table 'pinping.mx_cycel' doesn't exist
 [ SQL语句 ] : SHOW COLUMNS FROM `mx_cycel`
ERR: Table 'pinping.mx_cycel' doesn't exist
 [ SQL语句 ] : SELECT * FROM `mx_cycel` WHERE ( `create_role_id` = '1' ) AND ( `start_time` <= 1526486400 ) AND ( `end_time` >= 1526399999 ) 

[ 2018-05-16T17:55:14+08:00 ] 183.226.186.245 /index.php?m=message&a=tips
ERR: Table 'pinping.mx_cycel' doesn't exist
 [ SQL语句 ] : SHOW COLUMNS FROM `mx_cycel`
ERR: Table 'pinping.mx_cycel' doesn't exist
 [ SQL语句 ] : SELECT * FROM `mx_cycel` WHERE ( `create_role_id` = '1' ) AND ( `start_time` <= 1526486400 ) AND ( `end_time` >= 1526399999 ) 

[ 2018-05-16T17:59:07+08:00 ] 183.226.186.245 /index.php?m=message&a=tips
ERR: Table 'pinping.mx_cycel' doesn't exist
 [ SQL语句 ] : SHOW COLUMNS FROM `mx_cycel`
ERR: Table 'pinping.mx_cycel' doesn't exist
 [ SQL语句 ] : SELECT * FROM `mx_cycel` WHERE ( `create_role_id` = '1' ) AND ( `start_time` <= 1526486400 ) AND ( `end_time` >= 1526399999 ) 

[ 2018-05-16T18:02:44+08:00 ] 183.226.186.245 /index.php?m=message&a=tips
ERR: Table 'pinping.mx_cycel' doesn't exist
 [ SQL语句 ] : SHOW COLUMNS FROM `mx_cycel`
ERR: Table 'pinping.mx_cycel' doesn't exist
 [ SQL语句 ] : SELECT * FROM `mx_cycel` WHERE ( `create_role_id` = '1' ) AND ( `start_time` <= 1526486400 ) AND ( `end_time` >= 1526399999 ) 

[ 2018-05-16T18:04:48+08:00 ] 183.226.186.245 /index.php?m=message&a=tips
ERR: Table 'pinping.mx_cycel' doesn't exist
 [ SQL语句 ] : SHOW COLUMNS FROM `mx_cycel`
ERR: Table 'pinping.mx_cycel' doesn't exist
 [ SQL语句 ] : SELECT * FROM `mx_cycel` WHERE ( `create_role_id` = '1' ) AND ( `start_time` <= 1526486400 ) AND ( `end_time` >= 1526399999 ) 

[ 2018-05-16T18:06:36+08:00 ] 183.226.186.245 /index.php?m=message&a=tips
ERR: Table 'pinping.mx_cycel' doesn't exist
 [ SQL语句 ] : SHOW COLUMNS FROM `mx_cycel`
ERR: Table 'pinping.mx_cycel' doesn't exist
 [ SQL语句 ] : SELECT * FROM `mx_cycel` WHERE ( `create_role_id` = '1' ) AND ( `start_time` <= 1526486400 ) AND ( `end_time` >= 1526399999 ) 

[ 2018-05-16T18:21:46+08:00 ] 183.226.186.245 /index.php?m=event&a=indexdata&start=1525017600&end=1528646400&_=1526465987950
ERR: Table 'pinping.mx_cycel' doesn't exist
 [ SQL语句 ] : SHOW COLUMNS FROM `mx_cycel`
ERR: Table 'pinping.mx_cycel' doesn't exist
 [ SQL语句 ] : SELECT * FROM `mx_cycel` WHERE ( `create_role_id` = '1' ) AND ( `start_time` <= '1528646400' ) AND ( `end_time` >= '1525017600' ) 

[ 2018-05-16T18:22:20+08:00 ] 183.226.186.245 /index.php?m=message&a=tips
ERR: Table 'pinping.mx_cycel' doesn't exist
 [ SQL语句 ] : SHOW COLUMNS FROM `mx_cycel`
ERR: Table 'pinping.mx_cycel' doesn't exist
 [ SQL语句 ] : SELECT * FROM `mx_cycel` WHERE ( `create_role_id` = '1' ) AND ( `start_time` <= 1526486400 ) AND ( `end_time` >= 1526399999 ) 

[ 2018-05-16T18:22:21+08:00 ] 183.226.186.245 /index.php?m=contract&a=view&id=11
ERR: Table 'pinping.mx_quote_product' doesn't exist
 [ SQL语句 ] : SHOW COLUMNS FROM `mx_quote_product`
ERR: You have an error in your SQL syntax; check the manual that corresponds to your MySQL server version for the right syntax to use near '%s) )' at line 1
 [ SQL语句 ] : SELECT * FROM `mx_file` WHERE ( file_id in (%s) ) 
ERR: Table 'pinping.mx_r_contract_log' doesn't exist
 [ SQL语句 ] : SHOW COLUMNS FROM `mx_r_contract_log`
ERR: Table 'pinping.mx_r_contract_log' doesn't exist
 [ SQL语句 ] : SELECT `log_id` FROM `mx_r_contract_log` WHERE ( contract_id = 11 ) 
ERR: You have an error in your SQL syntax; check the manual that corresponds to your MySQL server version for the right syntax to use near '%s) ) ORDER BY log_id desc' at line 1
 [ SQL语句 ] : SELECT * FROM `mx_log` WHERE ( log_id in (%s) ) ORDER BY log_id desc 
ERR: Unknown column 'renew_parent_id' in 'where clause'
 [ SQL语句 ] : SELECT contract.contract_id AS contract_id,contract.prefixion AS prefixion,contract.number AS number,contract.business_id AS business_id,contract.supplier_id AS supplier_id,contract.customer_id AS customer_id,contract.renew_contract_id AS renew_contract_id,contract.type AS type,contract.contract_status AS contract_status,contract.price AS price,contract.count_nums AS count_nums,contract.due_time AS due_time,contract.owner_role_id AS owner_role_id,contract.creator_role_id AS creator_role_id,contract.content AS content,contract.description AS description,contract.create_time AS create_time,contract.update_time AS update_time,contract.start_date AS start_date,contract.end_date AS end_date,contract.status AS status,contract.is_deleted AS is_deleted,contract.delete_role_id AS delete_role_id,contract.delete_time AS delete_time,contract.contract_name AS contract_name,contract.is_checked AS is_checked,contract.check_time AS check_time,contract.check_des AS check_des,contract.examine_role_id AS examine_role_id,contract.crm_advance AS crm_advance,contract.crm_fwstandard AS crm_fwstandard,contract.crm_first_rate AS crm_first_rate,contract.crm_second_rate AS crm_second_rate,contract.crm_deadline_time AS crm_deadline_time,contract.crm_refund_remark AS crm_refund_remark,customer.name AS customer_name,business.name AS business_name,business.prefixion AS b_prefixion,business.code AS business_code,business.contacts_id AS contacts_id,contacts.name AS contacts_name,user.full_name AS owner_name,role.position_id AS position_id,position.department_id AS department_id,role_department.name AS department_name FROM mx_contract contract LEFT JOIN mx_contract_data contract_data ON contract.contract_id = contract_data.contract_id LEFT JOIN mx_customer customer ON customer.customer_id=contract.customer_id LEFT JOIN mx_business business ON business.business_id=contract.business_id LEFT JOIN mx_contacts contacts ON contacts.contacts_id=business.contacts_id LEFT JOIN mx_user user ON contract.owner_role_id=user.role_id LEFT JOIN mx_role role ON contract.creator_role_id=role.role_id LEFT JOIN mx_position position ON position.position_id=role.position_id LEFT JOIN mx_role_department role_department ON role_department.department_id=position.department_id WHERE (  ( `renew_parent_id` = 11 ) OR ( `contract_id` = 11 ) ) AND ( contract.contract_id <> 11 ) 

[ 2018-05-16T18:23:20+08:00 ] 117.185.117.54 /index.php?m=user&a=login
ERR: Table 'pinping.mx_carousel_images' doesn't exist
 [ SQL语句 ] : SHOW COLUMNS FROM `mx_carousel_images`
ERR: Table 'pinping.mx_carousel_images' doesn't exist
 [ SQL语句 ] : SELECT * FROM `mx_carousel_images` ORDER BY listorder 

[ 2018-05-16T18:23:21+08:00 ] 117.144.246.149 /index.php?m=user&a=login
ERR: Table 'pinping.mx_carousel_images' doesn't exist
 [ SQL语句 ] : SHOW COLUMNS FROM `mx_carousel_images`
ERR: Table 'pinping.mx_carousel_images' doesn't exist
 [ SQL语句 ] : SELECT * FROM `mx_carousel_images` ORDER BY listorder 

[ 2018-05-16T19:07:40+08:00 ] 106.11.242.22 /index.php?m=user&a=login
ERR: Table 'pinping.mx_carousel_images' doesn't exist
 [ SQL语句 ] : SHOW COLUMNS FROM `mx_carousel_images`
ERR: Table 'pinping.mx_carousel_images' doesn't exist
 [ SQL语句 ] : SELECT * FROM `mx_carousel_images` ORDER BY listorder 

