[ 2018-07-20T00:16:06+08:00 ] 125.80.145.34 /index.php?m=user&a=login
ERR: Table 'pinping.mx_carousel_images' doesn't exist
 [ SQL语句 ] : SHOW COLUMNS FROM `mx_carousel_images`
ERR: Table 'pinping.mx_carousel_images' doesn't exist
 [ SQL语句 ] : SELECT * FROM `mx_carousel_images` ORDER BY listorder 

[ 2018-07-20T00:16:14+08:00 ] 125.80.145.34 /index.php?m=index&a=index
ERR: You have an error in your SQL syntax; check the manual that corresponds to your MySQL server version for the right syntax to use near ') )' at line 1
 [ SQL语句 ] : SELECT `receivables_id`,`price` FROM `mx_receivables` WHERE ( `contract_id` IN () ) 
ERR: You have an error in your SQL syntax; check the manual that corresponds to your MySQL server version for the right syntax to use near ') ) AND ( `status` = 1 ) LIMIT 1' at line 1
 [ SQL语句 ] : SELECT SUM(money) AS tp_sum FROM `mx_receivingorder` WHERE ( `receivables_id` IN () ) AND ( `status` = 1 ) LIMIT 1  
ERR: You have an error in your SQL syntax; check the manual that corresponds to your MySQL server version for the right syntax to use near ') ) AND ( `status` = 1 ) AND (  (`pay_time` BETWEEN 1530374400 AND 1533052800 ) ' at line 1
 [ SQL语句 ] : SELECT SUM(money) AS tp_sum FROM `mx_receivingorder` WHERE ( `receivables_id` IN () ) AND ( `status` = 1 ) AND (  (`pay_time` BETWEEN 1530374400 AND 1533052800 ) ) LIMIT 1  
ERR: You have an error in your SQL syntax; check the manual that corresponds to your MySQL server version for the right syntax to use near ') ) AND ( `status` = 1 ) AND (  (`pay_time` BETWEEN 1531670400 AND 1532275200 ) ' at line 1
 [ SQL语句 ] : SELECT SUM(money) AS tp_sum FROM `mx_receivingorder` WHERE ( `receivables_id` IN () ) AND ( `status` = 1 ) AND (  (`pay_time` BETWEEN 1531670400 AND 1532275200 ) ) LIMIT 1  
ERR: You have an error in your SQL syntax; check the manual that corresponds to your MySQL server version for the right syntax to use near ') ) AND ( `status` = 1 ) AND (  (`pay_time` BETWEEN 1514736000 AND 1546272000 ) ' at line 1
 [ SQL语句 ] : SELECT SUM(money) AS tp_sum FROM `mx_receivingorder` WHERE ( `receivables_id` IN () ) AND ( `status` = 1 ) AND (  (`pay_time` BETWEEN 1514736000 AND 1546272000 ) ) LIMIT 1  

[ 2018-07-20T00:16:22+08:00 ] 125.80.145.34 /index.php?m=event&a=indexdata&start=1529856000&end=1533484800&_=1532016962713
ERR: Table 'pinping.mx_cycel' doesn't exist
 [ SQL语句 ] : SHOW COLUMNS FROM `mx_cycel`
ERR: Table 'pinping.mx_cycel' doesn't exist
 [ SQL语句 ] : SELECT * FROM `mx_cycel` WHERE ( `create_role_id` = '1' ) AND ( `start_time` <= '1533484800' ) AND ( `end_time` >= '1529856000' ) 

[ 2018-07-20T00:16:26+08:00 ] 125.80.145.34 /index.php?m=announcement&a=index
ERR: Table 'pinping.mx_user_role' doesn't exist
 [ SQL语句 ] : SHOW COLUMNS FROM `mx_user_role`

[ 2018-07-20T00:16:28+08:00 ] 125.80.145.34 /index.php?m=knowledge&a=index
ERR: Table 'pinping.mx_user_role' doesn't exist
 [ SQL语句 ] : SHOW COLUMNS FROM `mx_user_role`

[ 2018-07-20T00:16:44+08:00 ] 125.80.145.34 /index.php?m=user&a=login
ERR: Table 'pinping.mx_carousel_images' doesn't exist
 [ SQL语句 ] : SHOW COLUMNS FROM `mx_carousel_images`
ERR: Table 'pinping.mx_carousel_images' doesn't exist
 [ SQL语句 ] : SELECT * FROM `mx_carousel_images` ORDER BY listorder 

[ 2018-07-20T00:17:11+08:00 ] 61.151.226.65 /index.php?m=user&a=login
ERR: Table 'pinping.mx_carousel_images' doesn't exist
 [ SQL语句 ] : SHOW COLUMNS FROM `mx_carousel_images`
ERR: Table 'pinping.mx_carousel_images' doesn't exist
 [ SQL语句 ] : SELECT * FROM `mx_carousel_images` ORDER BY listorder 

[ 2018-07-20T00:17:14+08:00 ] 101.226.113.48 /index.php?m=user&a=login
ERR: Table 'pinping.mx_carousel_images' doesn't exist
 [ SQL语句 ] : SHOW COLUMNS FROM `mx_carousel_images`
ERR: Table 'pinping.mx_carousel_images' doesn't exist
 [ SQL语句 ] : SELECT * FROM `mx_carousel_images` ORDER BY listorder 

[ 2018-07-20T05:30:06+08:00 ] 106.11.227.116 /index.php?m=user&a=login
ERR: Table 'pinping.mx_carousel_images' doesn't exist
 [ SQL语句 ] : SHOW COLUMNS FROM `mx_carousel_images`
ERR: Table 'pinping.mx_carousel_images' doesn't exist
 [ SQL语句 ] : SELECT * FROM `mx_carousel_images` ORDER BY listorder 

[ 2018-07-20T06:51:01+08:00 ] 120.92.11.16 /index.php?m=user&a=login
ERR: Table 'pinping.mx_carousel_images' doesn't exist
 [ SQL语句 ] : SHOW COLUMNS FROM `mx_carousel_images`
ERR: Table 'pinping.mx_carousel_images' doesn't exist
 [ SQL语句 ] : SELECT * FROM `mx_carousel_images` ORDER BY listorder 

[ 2018-07-20T06:51:01+08:00 ] 120.92.11.170 /index.php?m=user&a=login
ERR: Table 'pinping.mx_carousel_images' doesn't exist
 [ SQL语句 ] : SHOW COLUMNS FROM `mx_carousel_images`
ERR: Table 'pinping.mx_carousel_images' doesn't exist
 [ SQL语句 ] : SELECT * FROM `mx_carousel_images` ORDER BY listorder 

[ 2018-07-20T17:08:51+08:00 ] 183.67.53.201 /index.php?m=user&a=login
ERR: Table 'pinping.mx_carousel_images' doesn't exist
 [ SQL语句 ] : SHOW COLUMNS FROM `mx_carousel_images`
ERR: Table 'pinping.mx_carousel_images' doesn't exist
 [ SQL语句 ] : SELECT * FROM `mx_carousel_images` ORDER BY listorder 

[ 2018-07-20T17:09:20+08:00 ] 183.67.53.201 /index.php?m=business&a=view_ajax
ERR: You have an error in your SQL syntax; check the manual that corresponds to your MySQL server version for the right syntax to use near '%s) ) ORDER BY log_id desc' at line 1
 [ SQL语句 ] : SELECT * FROM `mx_log` WHERE ( log_id in (%s) ) ORDER BY log_id desc 
ERR: You have an error in your SQL syntax; check the manual that corresponds to your MySQL server version for the right syntax to use near '%s) ) LIMIT 1' at line 1
 [ SQL语句 ] : SELECT COUNT(*) AS tp_count FROM `mx_log` WHERE ( log_id in (%s) ) LIMIT 1  
ERR: You have an error in your SQL syntax; check the manual that corresponds to your MySQL server version for the right syntax to use near '%s) )' at line 1
 [ SQL语句 ] : SELECT * FROM `mx_file` WHERE ( file_id in (%s) ) 

[ 2018-07-20T17:09:38+08:00 ] 183.67.53.201 /index.php?m=product&a=view&id=1384466
ERR: You have an error in your SQL syntax; check the manual that corresponds to your MySQL server version for the right syntax to use near '%s) )' at line 1
 [ SQL语句 ] : SELECT * FROM `mx_file` WHERE ( file_id in (%s) ) 
ERR: You have an error in your SQL syntax; check the manual that corresponds to your MySQL server version for the right syntax to use near '%s) ) ORDER BY log_id desc' at line 1
 [ SQL语句 ] : SELECT * FROM `mx_log` WHERE ( log_id in (%s) ) ORDER BY log_id desc 
ERR: You have an error in your SQL syntax; check the manual that corresponds to your MySQL server version for the right syntax to use near '%s) ) LIMIT 1' at line 1
 [ SQL语句 ] : SELECT COUNT(*) AS tp_count FROM `mx_log` WHERE ( log_id in (%s) ) LIMIT 1  

[ 2018-07-20T17:10:34+08:00 ] 183.67.53.201 /index.php?m=integral&a=index
ERR: You have an error in your SQL syntax; check the manual that corresponds to your MySQL server version for the right syntax to use near ') ) LIMIT 1' at line 1
 [ SQL语句 ] : SELECT COUNT(*) AS tp_count FROM mx_user user LEFT JOIN mx_user_category user_category ON user.category_id=user_category.category_id LEFT JOIN mx_job_rank job_rank ON job_rank.id=user.job_rank LEFT JOIN mx_role role ON user.user_id=role.user_id LEFT JOIN mx_position position ON position.position_id=role.position_id LEFT JOIN mx_role_department role_department ON role_department.department_id=position.department_id WHERE ( user.role_id IN () ) LIMIT 1  
ERR: You have an error in your SQL syntax; check the manual that corresponds to your MySQL server version for the right syntax to use near ') ) LIMIT 0,15' at line 1
 [ SQL语句 ] : SELECT user.user_id AS user_id,user.name AS name,user.position_info AS position_info,user.full_name AS full_name,user.second_name AS second_name,user.hometown AS hometown,user.sex AS sex,user.img AS img,user.email AS email,user.telephone AS telephone,user.address AS address,user.status AS status,user_category.name AS category_name,user_category.category_id AS category_id,job_rank.name AS rank_name,role.role_id AS role_id,role.position_id AS position_id,position.name AS role_name,position.parent_id AS parent_id,position.department_id AS department_id,position.description AS description,role_department.name AS department_name,role_department.department_label AS department_label FROM mx_user user LEFT JOIN mx_user_category user_category ON user.category_id=user_category.category_id LEFT JOIN mx_job_rank job_rank ON job_rank.id=user.job_rank LEFT JOIN mx_role role ON user.user_id=role.user_id LEFT JOIN mx_position position ON position.position_id=role.position_id LEFT JOIN mx_role_department role_department ON role_department.department_id=position.department_id WHERE ( user.role_id IN () ) LIMIT 0,15  

[ 2018-07-20T17:10:38+08:00 ] 183.67.53.201 /index.php?m=integral&a=index&position_info=0&department=all&role=all
ERR: You have an error in your SQL syntax; check the manual that corresponds to your MySQL server version for the right syntax to use near ') ) AND ( user.position_info = '0' ) LIMIT 1' at line 1
 [ SQL语句 ] : SELECT COUNT(*) AS tp_count FROM mx_user user LEFT JOIN mx_user_category user_category ON user.category_id=user_category.category_id LEFT JOIN mx_job_rank job_rank ON job_rank.id=user.job_rank LEFT JOIN mx_role role ON user.user_id=role.user_id LEFT JOIN mx_position position ON position.position_id=role.position_id LEFT JOIN mx_role_department role_department ON role_department.department_id=position.department_id WHERE ( user.role_id IN () ) AND ( user.position_info = '0' ) LIMIT 1  
ERR: You have an error in your SQL syntax; check the manual that corresponds to your MySQL server version for the right syntax to use near ') ) AND ( user.position_info = '0' ) LIMIT 0,15' at line 1
 [ SQL语句 ] : SELECT user.user_id AS user_id,user.name AS name,user.position_info AS position_info,user.full_name AS full_name,user.second_name AS second_name,user.hometown AS hometown,user.sex AS sex,user.img AS img,user.email AS email,user.telephone AS telephone,user.address AS address,user.status AS status,user_category.name AS category_name,user_category.category_id AS category_id,job_rank.name AS rank_name,role.role_id AS role_id,role.position_id AS position_id,position.name AS role_name,position.parent_id AS parent_id,position.department_id AS department_id,position.description AS description,role_department.name AS department_name,role_department.department_label AS department_label FROM mx_user user LEFT JOIN mx_user_category user_category ON user.category_id=user_category.category_id LEFT JOIN mx_job_rank job_rank ON job_rank.id=user.job_rank LEFT JOIN mx_role role ON user.user_id=role.user_id LEFT JOIN mx_position position ON position.position_id=role.position_id LEFT JOIN mx_role_department role_department ON role_department.department_id=position.department_id WHERE ( user.role_id IN () ) AND ( user.position_info = '0' ) LIMIT 0,15  

[ 2018-07-20T17:10:49+08:00 ] 183.67.53.201 /index.php?m=integral&a=index
ERR: You have an error in your SQL syntax; check the manual that corresponds to your MySQL server version for the right syntax to use near ') ) LIMIT 1' at line 1
 [ SQL语句 ] : SELECT COUNT(*) AS tp_count FROM mx_user user LEFT JOIN mx_user_category user_category ON user.category_id=user_category.category_id LEFT JOIN mx_job_rank job_rank ON job_rank.id=user.job_rank LEFT JOIN mx_role role ON user.user_id=role.user_id LEFT JOIN mx_position position ON position.position_id=role.position_id LEFT JOIN mx_role_department role_department ON role_department.department_id=position.department_id WHERE ( user.role_id IN () ) LIMIT 1  
ERR: You have an error in your SQL syntax; check the manual that corresponds to your MySQL server version for the right syntax to use near ') ) LIMIT 0,15' at line 1
 [ SQL语句 ] : SELECT user.user_id AS user_id,user.name AS name,user.position_info AS position_info,user.full_name AS full_name,user.second_name AS second_name,user.hometown AS hometown,user.sex AS sex,user.img AS img,user.email AS email,user.telephone AS telephone,user.address AS address,user.status AS status,user_category.name AS category_name,user_category.category_id AS category_id,job_rank.name AS rank_name,role.role_id AS role_id,role.position_id AS position_id,position.name AS role_name,position.parent_id AS parent_id,position.department_id AS department_id,position.description AS description,role_department.name AS department_name,role_department.department_label AS department_label FROM mx_user user LEFT JOIN mx_user_category user_category ON user.category_id=user_category.category_id LEFT JOIN mx_job_rank job_rank ON job_rank.id=user.job_rank LEFT JOIN mx_role role ON user.user_id=role.user_id LEFT JOIN mx_position position ON position.position_id=role.position_id LEFT JOIN mx_role_department role_department ON role_department.department_id=position.department_id WHERE ( user.role_id IN () ) LIMIT 0,15  

[ 2018-07-20T17:10:50+08:00 ] 183.67.53.201 /index.php?m=event&a=indexdata&start=1529856000&end=1533484800&_=1532077889539
ERR: Table 'pinping.mx_cycel' doesn't exist
 [ SQL语句 ] : SHOW COLUMNS FROM `mx_cycel`
ERR: Table 'pinping.mx_cycel' doesn't exist
 [ SQL语句 ] : SELECT * FROM `mx_cycel` WHERE ( `create_role_id` = '8' ) AND ( `start_time` <= '1533484800' ) AND ( `end_time` >= '1529856000' ) 

[ 2018-07-20T22:07:41+08:00 ] 101.199.120.145 /index.php?m=user&a=login
ERR: Table 'pinping.mx_carousel_images' doesn't exist
 [ SQL语句 ] : SHOW COLUMNS FROM `mx_carousel_images`
ERR: Table 'pinping.mx_carousel_images' doesn't exist
 [ SQL语句 ] : SELECT * FROM `mx_carousel_images` ORDER BY listorder 

