[ 2018-05-21T08:54:35+08:00 ] 183.226.185.249 /index.php?m=user&a=login
ERR: Table 'pinping.mx_carousel_images' doesn't exist
 [ SQL语句 ] : SHOW COLUMNS FROM `mx_carousel_images`
ERR: Table 'pinping.mx_carousel_images' doesn't exist
 [ SQL语句 ] : SELECT * FROM `mx_carousel_images` ORDER BY listorder 

[ 2018-05-21T08:54:43+08:00 ] 183.226.185.249 /index.php?m=user&a=login
ERR: Table 'pinping.mx_carousel_images' doesn't exist
 [ SQL语句 ] : SHOW COLUMNS FROM `mx_carousel_images`
ERR: Table 'pinping.mx_carousel_images' doesn't exist
 [ SQL语句 ] : SELECT * FROM `mx_carousel_images` ORDER BY listorder 

[ 2018-05-21T08:54:51+08:00 ] 183.226.185.249 /index.php?m=index&a=index
ERR: You have an error in your SQL syntax; check the manual that corresponds to your MySQL server version for the right syntax to use near ') )' at line 1
 [ SQL语句 ] : SELECT `receivables_id`,`price` FROM `mx_receivables` WHERE ( `contract_id` IN () ) 
ERR: You have an error in your SQL syntax; check the manual that corresponds to your MySQL server version for the right syntax to use near ') ) AND ( `status` = 1 ) LIMIT 1' at line 1
 [ SQL语句 ] : SELECT SUM(money) AS tp_sum FROM `mx_receivingorder` WHERE ( `receivables_id` IN () ) AND ( `status` = 1 ) LIMIT 1  
ERR: You have an error in your SQL syntax; check the manual that corresponds to your MySQL server version for the right syntax to use near ') ) AND ( `status` = 1 ) AND (  (`pay_time` BETWEEN 1525104000 AND 1527782400 ) ' at line 1
 [ SQL语句 ] : SELECT SUM(money) AS tp_sum FROM `mx_receivingorder` WHERE ( `receivables_id` IN () ) AND ( `status` = 1 ) AND (  (`pay_time` BETWEEN 1525104000 AND 1527782400 ) ) LIMIT 1  
ERR: You have an error in your SQL syntax; check the manual that corresponds to your MySQL server version for the right syntax to use near ') ) AND ( `status` = 1 ) AND (  (`pay_time` BETWEEN 1526832000 AND 1527436800 ) ' at line 1
 [ SQL语句 ] : SELECT SUM(money) AS tp_sum FROM `mx_receivingorder` WHERE ( `receivables_id` IN () ) AND ( `status` = 1 ) AND (  (`pay_time` BETWEEN 1526832000 AND 1527436800 ) ) LIMIT 1  
ERR: You have an error in your SQL syntax; check the manual that corresponds to your MySQL server version for the right syntax to use near ') ) AND ( `status` = 1 ) AND (  (`pay_time` BETWEEN 1514736000 AND 1546272000 ) ' at line 1
 [ SQL语句 ] : SELECT SUM(money) AS tp_sum FROM `mx_receivingorder` WHERE ( `receivables_id` IN () ) AND ( `status` = 1 ) AND (  (`pay_time` BETWEEN 1514736000 AND 1546272000 ) ) LIMIT 1  

[ 2018-05-21T08:55:35+08:00 ] 120.204.17.72 /index.php?m=user&a=login
ERR: Table 'pinping.mx_carousel_images' doesn't exist
 [ SQL语句 ] : SHOW COLUMNS FROM `mx_carousel_images`
ERR: Table 'pinping.mx_carousel_images' doesn't exist
 [ SQL语句 ] : SELECT * FROM `mx_carousel_images` ORDER BY listorder 

[ 2018-05-21T08:55:54+08:00 ] 120.204.17.70 /index.php?m=integral&a=index
ERR: You have an error in your SQL syntax; check the manual that corresponds to your MySQL server version for the right syntax to use near '%d and url = "%s" ) LIMIT 1' at line 1
 [ SQL语句 ] : SELECT `type` FROM `mx_permission` WHERE ( position_id = %d and url = "%s" ) LIMIT 1  
ERR: You have an error in your SQL syntax; check the manual that corresponds to your MySQL server version for the right syntax to use near '%d and url = "%s" ) LIMIT 1' at line 1
 [ SQL语句 ] : SELECT `type` FROM `mx_permission` WHERE ( position_id = %d and url = "%s" ) LIMIT 1  
ERR: You have an error in your SQL syntax; check the manual that corresponds to your MySQL server version for the right syntax to use near '%d )' at line 1
 [ SQL语句 ] : SELECT * FROM `mx_role_department` WHERE ( department_id =%d ) 
ERR: You have an error in your SQL syntax; check the manual that corresponds to your MySQL server version for the right syntax to use near '%d ) LIMIT 1' at line 1
 [ SQL语句 ] : SELECT `img` FROM `mx_user` WHERE ( user_id = %d ) LIMIT 1  
ERR: You have an error in your SQL syntax; check the manual that corresponds to your MySQL server version for the right syntax to use near '%d ) LIMIT 1' at line 1
 [ SQL语句 ] : SELECT `thumb_path` FROM `mx_user` WHERE ( user_id = %d ) LIMIT 1  

[ 2018-05-21T08:57:25+08:00 ] 183.226.185.249 /index.php?m=message&a=tips
ERR: Table 'pinping.mx_cycel' doesn't exist
 [ SQL语句 ] : SHOW COLUMNS FROM `mx_cycel`
ERR: Table 'pinping.mx_cycel' doesn't exist
 [ SQL语句 ] : SELECT * FROM `mx_cycel` WHERE ( `create_role_id` = '1' ) AND ( `start_time` <= 1526918400 ) AND ( `end_time` >= 1526831999 ) 

[ 2018-05-21T08:57:43+08:00 ] 120.92.11.224 /index.php?m=user&a=login
ERR: Table 'pinping.mx_carousel_images' doesn't exist
 [ SQL语句 ] : SHOW COLUMNS FROM `mx_carousel_images`
ERR: Table 'pinping.mx_carousel_images' doesn't exist
 [ SQL语句 ] : SELECT * FROM `mx_carousel_images` ORDER BY listorder 

[ 2018-05-21T08:57:44+08:00 ] 120.92.11.159 /index.php?m=user&a=login
ERR: Table 'pinping.mx_carousel_images' doesn't exist
 [ SQL语句 ] : SHOW COLUMNS FROM `mx_carousel_images`
ERR: Table 'pinping.mx_carousel_images' doesn't exist
 [ SQL语句 ] : SELECT * FROM `mx_carousel_images` ORDER BY listorder 

[ 2018-05-21T09:00:25+08:00 ] 183.226.185.249 /index.php?m=message&a=tips
ERR: Table 'pinping.mx_cycel' doesn't exist
 [ SQL语句 ] : SHOW COLUMNS FROM `mx_cycel`
ERR: Table 'pinping.mx_cycel' doesn't exist
 [ SQL语句 ] : SELECT * FROM `mx_cycel` WHERE ( `create_role_id` = '1' ) AND ( `start_time` <= 1526918400 ) AND ( `end_time` >= 1526831999 ) 

[ 2018-05-21T09:02:05+08:00 ] 117.185.117.52 /index.php?m=product&a=index&by=favorite
ERR: You have an error in your SQL syntax; check the manual that corresponds to your MySQL server version for the right syntax to use near '%d )' at line 1
 [ SQL语句 ] : SELECT `eid` FROM `mx_resume_collection` WHERE ( role_id=%d ) 
ERR: You have an error in your SQL syntax; check the manual that corresponds to your MySQL server version for the right syntax to use near ') ) LIMIT 1' at line 1
 [ SQL语句 ] : SELECT COUNT(*) AS tp_count FROM `mx_resume` WHERE ( `eid` IN () ) LIMIT 1  
ERR: You have an error in your SQL syntax; check the manual that corresponds to your MySQL server version for the right syntax to use near ') ) ORDER BY addtime desc LIMIT 0,15' at line 1
 [ SQL语句 ] : SELECT * FROM `mx_resume` WHERE ( `eid` IN () ) ORDER BY addtime desc LIMIT 0,15  
ERR: You have an error in your SQL syntax; check the manual that corresponds to your MySQL server version for the right syntax to use near '%d ) LIMIT 1' at line 1
 [ SQL语句 ] : SELECT `img` FROM `mx_user` WHERE ( user_id = %d ) LIMIT 1  
ERR: You have an error in your SQL syntax; check the manual that corresponds to your MySQL server version for the right syntax to use near '%d ) LIMIT 1' at line 1
 [ SQL语句 ] : SELECT `thumb_path` FROM `mx_user` WHERE ( user_id = %d ) LIMIT 1  

[ 2018-05-21T09:05:11+08:00 ] 183.226.185.249 /index.php?m=message&a=tips
ERR: Table 'pinping.mx_cycel' doesn't exist
 [ SQL语句 ] : SHOW COLUMNS FROM `mx_cycel`
ERR: Table 'pinping.mx_cycel' doesn't exist
 [ SQL语句 ] : SELECT * FROM `mx_cycel` WHERE ( `create_role_id` = '1' ) AND ( `start_time` <= 1526918400 ) AND ( `end_time` >= 1526831999 ) 

[ 2018-05-21T09:13:30+08:00 ] 183.226.185.249 /index.php?m=message&a=tips
ERR: Table 'pinping.mx_cycel' doesn't exist
 [ SQL语句 ] : SHOW COLUMNS FROM `mx_cycel`
ERR: Table 'pinping.mx_cycel' doesn't exist
 [ SQL语句 ] : SELECT * FROM `mx_cycel` WHERE ( `create_role_id` = '1' ) AND ( `start_time` <= 1526918400 ) AND ( `end_time` >= 1526831999 ) 

[ 2018-05-21T09:23:20+08:00 ] 120.204.17.72 /index.php?m=integral&a=index
ERR: You have an error in your SQL syntax; check the manual that corresponds to your MySQL server version for the right syntax to use near '%d and url = "%s" ) LIMIT 1' at line 1
 [ SQL语句 ] : SELECT `type` FROM `mx_permission` WHERE ( position_id = %d and url = "%s" ) LIMIT 1  
ERR: You have an error in your SQL syntax; check the manual that corresponds to your MySQL server version for the right syntax to use near ') ) LIMIT 1' at line 1
 [ SQL语句 ] : SELECT COUNT(*) AS tp_count FROM mx_user user LEFT JOIN mx_user_category user_category ON user.category_id=user_category.category_id LEFT JOIN mx_job_rank job_rank ON job_rank.id=user.job_rank LEFT JOIN mx_role role ON user.user_id=role.user_id LEFT JOIN mx_position position ON position.position_id=role.position_id LEFT JOIN mx_role_department role_department ON role_department.department_id=position.department_id WHERE ( user.role_id IN () ) LIMIT 1  
ERR: You have an error in your SQL syntax; check the manual that corresponds to your MySQL server version for the right syntax to use near ') ) LIMIT 0,15' at line 1
 [ SQL语句 ] : SELECT user.user_id AS user_id,user.name AS name,user.position_info AS position_info,user.full_name AS full_name,user.second_name AS second_name,user.hometown AS hometown,user.sex AS sex,user.img AS img,user.email AS email,user.telephone AS telephone,user.address AS address,user.status AS status,user_category.name AS category_name,user_category.category_id AS category_id,job_rank.name AS rank_name,role.role_id AS role_id,role.position_id AS position_id,position.name AS role_name,position.parent_id AS parent_id,position.department_id AS department_id,position.description AS description,role_department.name AS department_name,role_department.department_label AS department_label FROM mx_user user LEFT JOIN mx_user_category user_category ON user.category_id=user_category.category_id LEFT JOIN mx_job_rank job_rank ON job_rank.id=user.job_rank LEFT JOIN mx_role role ON user.user_id=role.user_id LEFT JOIN mx_position position ON position.position_id=role.position_id LEFT JOIN mx_role_department role_department ON role_department.department_id=position.department_id WHERE ( user.role_id IN () ) LIMIT 0,15  
ERR: You have an error in your SQL syntax; check the manual that corresponds to your MySQL server version for the right syntax to use near '%d and url = "%s" ) LIMIT 1' at line 1
 [ SQL语句 ] : SELECT `type` FROM `mx_permission` WHERE ( position_id = %d and url = "%s" ) LIMIT 1  
ERR: You have an error in your SQL syntax; check the manual that corresponds to your MySQL server version for the right syntax to use near '%d )' at line 1
 [ SQL语句 ] : SELECT * FROM `mx_role_department` WHERE ( department_id =%d ) 
ERR: You have an error in your SQL syntax; check the manual that corresponds to your MySQL server version for the right syntax to use near '%d ) LIMIT 1' at line 1
 [ SQL语句 ] : SELECT `img` FROM `mx_user` WHERE ( user_id = %d ) LIMIT 1  
ERR: You have an error in your SQL syntax; check the manual that corresponds to your MySQL server version for the right syntax to use near '%d ) LIMIT 1' at line 1
 [ SQL语句 ] : SELECT `thumb_path` FROM `mx_user` WHERE ( user_id = %d ) LIMIT 1  

[ 2018-05-21T09:23:27+08:00 ] 120.204.17.72 /index.php?m=integral&a=index&position_info=all&department=all&role=17
ERR: You have an error in your SQL syntax; check the manual that corresponds to your MySQL server version for the right syntax to use near '%d and url = "%s" ) LIMIT 1' at line 1
 [ SQL语句 ] : SELECT `type` FROM `mx_permission` WHERE ( position_id = %d and url = "%s" ) LIMIT 1  
ERR: You have an error in your SQL syntax; check the manual that corresponds to your MySQL server version for the right syntax to use near ') ) LIMIT 1' at line 1
 [ SQL语句 ] : SELECT COUNT(*) AS tp_count FROM mx_user user LEFT JOIN mx_user_category user_category ON user.category_id=user_category.category_id LEFT JOIN mx_job_rank job_rank ON job_rank.id=user.job_rank LEFT JOIN mx_role role ON user.user_id=role.user_id LEFT JOIN mx_position position ON position.position_id=role.position_id LEFT JOIN mx_role_department role_department ON role_department.department_id=position.department_id WHERE ( user.role_id IN () ) LIMIT 1  
ERR: You have an error in your SQL syntax; check the manual that corresponds to your MySQL server version for the right syntax to use near ') ) LIMIT 0,15' at line 1
 [ SQL语句 ] : SELECT user.user_id AS user_id,user.name AS name,user.position_info AS position_info,user.full_name AS full_name,user.second_name AS second_name,user.hometown AS hometown,user.sex AS sex,user.img AS img,user.email AS email,user.telephone AS telephone,user.address AS address,user.status AS status,user_category.name AS category_name,user_category.category_id AS category_id,job_rank.name AS rank_name,role.role_id AS role_id,role.position_id AS position_id,position.name AS role_name,position.parent_id AS parent_id,position.department_id AS department_id,position.description AS description,role_department.name AS department_name,role_department.department_label AS department_label FROM mx_user user LEFT JOIN mx_user_category user_category ON user.category_id=user_category.category_id LEFT JOIN mx_job_rank job_rank ON job_rank.id=user.job_rank LEFT JOIN mx_role role ON user.user_id=role.user_id LEFT JOIN mx_position position ON position.position_id=role.position_id LEFT JOIN mx_role_department role_department ON role_department.department_id=position.department_id WHERE ( user.role_id IN () ) LIMIT 0,15  
ERR: You have an error in your SQL syntax; check the manual that corresponds to your MySQL server version for the right syntax to use near '%d and url = "%s" ) LIMIT 1' at line 1
 [ SQL语句 ] : SELECT `type` FROM `mx_permission` WHERE ( position_id = %d and url = "%s" ) LIMIT 1  
ERR: You have an error in your SQL syntax; check the manual that corresponds to your MySQL server version for the right syntax to use near '%d )' at line 1
 [ SQL语句 ] : SELECT * FROM `mx_role_department` WHERE ( department_id =%d ) 
ERR: You have an error in your SQL syntax; check the manual that corresponds to your MySQL server version for the right syntax to use near '%d ) LIMIT 1' at line 1
 [ SQL语句 ] : SELECT `img` FROM `mx_user` WHERE ( user_id = %d ) LIMIT 1  
ERR: You have an error in your SQL syntax; check the manual that corresponds to your MySQL server version for the right syntax to use near '%d ) LIMIT 1' at line 1
 [ SQL语句 ] : SELECT `thumb_path` FROM `mx_user` WHERE ( user_id = %d ) LIMIT 1  

[ 2018-05-21T09:23:33+08:00 ] 117.185.117.53 /index.php?m=integral&a=index&position_info=all&department=all&role=18
ERR: You have an error in your SQL syntax; check the manual that corresponds to your MySQL server version for the right syntax to use near '%d and url = "%s" ) LIMIT 1' at line 1
 [ SQL语句 ] : SELECT `type` FROM `mx_permission` WHERE ( position_id = %d and url = "%s" ) LIMIT 1  
ERR: You have an error in your SQL syntax; check the manual that corresponds to your MySQL server version for the right syntax to use near ') ) LIMIT 1' at line 1
 [ SQL语句 ] : SELECT COUNT(*) AS tp_count FROM mx_user user LEFT JOIN mx_user_category user_category ON user.category_id=user_category.category_id LEFT JOIN mx_job_rank job_rank ON job_rank.id=user.job_rank LEFT JOIN mx_role role ON user.user_id=role.user_id LEFT JOIN mx_position position ON position.position_id=role.position_id LEFT JOIN mx_role_department role_department ON role_department.department_id=position.department_id WHERE ( user.role_id IN () ) LIMIT 1  
ERR: You have an error in your SQL syntax; check the manual that corresponds to your MySQL server version for the right syntax to use near ') ) LIMIT 0,15' at line 1
 [ SQL语句 ] : SELECT user.user_id AS user_id,user.name AS name,user.position_info AS position_info,user.full_name AS full_name,user.second_name AS second_name,user.hometown AS hometown,user.sex AS sex,user.img AS img,user.email AS email,user.telephone AS telephone,user.address AS address,user.status AS status,user_category.name AS category_name,user_category.category_id AS category_id,job_rank.name AS rank_name,role.role_id AS role_id,role.position_id AS position_id,position.name AS role_name,position.parent_id AS parent_id,position.department_id AS department_id,position.description AS description,role_department.name AS department_name,role_department.department_label AS department_label FROM mx_user user LEFT JOIN mx_user_category user_category ON user.category_id=user_category.category_id LEFT JOIN mx_job_rank job_rank ON job_rank.id=user.job_rank LEFT JOIN mx_role role ON user.user_id=role.user_id LEFT JOIN mx_position position ON position.position_id=role.position_id LEFT JOIN mx_role_department role_department ON role_department.department_id=position.department_id WHERE ( user.role_id IN () ) LIMIT 0,15  
ERR: You have an error in your SQL syntax; check the manual that corresponds to your MySQL server version for the right syntax to use near '%d and url = "%s" ) LIMIT 1' at line 1
 [ SQL语句 ] : SELECT `type` FROM `mx_permission` WHERE ( position_id = %d and url = "%s" ) LIMIT 1  
ERR: You have an error in your SQL syntax; check the manual that corresponds to your MySQL server version for the right syntax to use near '%d )' at line 1
 [ SQL语句 ] : SELECT * FROM `mx_role_department` WHERE ( department_id =%d ) 
ERR: You have an error in your SQL syntax; check the manual that corresponds to your MySQL server version for the right syntax to use near '%d ) LIMIT 1' at line 1
 [ SQL语句 ] : SELECT `img` FROM `mx_user` WHERE ( user_id = %d ) LIMIT 1  
ERR: You have an error in your SQL syntax; check the manual that corresponds to your MySQL server version for the right syntax to use near '%d ) LIMIT 1' at line 1
 [ SQL语句 ] : SELECT `thumb_path` FROM `mx_user` WHERE ( user_id = %d ) LIMIT 1  

[ 2018-05-21T09:23:39+08:00 ] 117.185.117.51 /index.php?m=integral&a=index&position_info=all&department=72&role=all
ERR: You have an error in your SQL syntax; check the manual that corresponds to your MySQL server version for the right syntax to use near '%d and url = "%s" ) LIMIT 1' at line 1
 [ SQL语句 ] : SELECT `type` FROM `mx_permission` WHERE ( position_id = %d and url = "%s" ) LIMIT 1  
ERR: You have an error in your SQL syntax; check the manual that corresponds to your MySQL server version for the right syntax to use near ') ) LIMIT 1' at line 1
 [ SQL语句 ] : SELECT COUNT(*) AS tp_count FROM mx_user user LEFT JOIN mx_user_category user_category ON user.category_id=user_category.category_id LEFT JOIN mx_job_rank job_rank ON job_rank.id=user.job_rank LEFT JOIN mx_role role ON user.user_id=role.user_id LEFT JOIN mx_position position ON position.position_id=role.position_id LEFT JOIN mx_role_department role_department ON role_department.department_id=position.department_id WHERE ( user.role_id IN () ) LIMIT 1  
ERR: You have an error in your SQL syntax; check the manual that corresponds to your MySQL server version for the right syntax to use near ') ) LIMIT 0,15' at line 1
 [ SQL语句 ] : SELECT user.user_id AS user_id,user.name AS name,user.position_info AS position_info,user.full_name AS full_name,user.second_name AS second_name,user.hometown AS hometown,user.sex AS sex,user.img AS img,user.email AS email,user.telephone AS telephone,user.address AS address,user.status AS status,user_category.name AS category_name,user_category.category_id AS category_id,job_rank.name AS rank_name,role.role_id AS role_id,role.position_id AS position_id,position.name AS role_name,position.parent_id AS parent_id,position.department_id AS department_id,position.description AS description,role_department.name AS department_name,role_department.department_label AS department_label FROM mx_user user LEFT JOIN mx_user_category user_category ON user.category_id=user_category.category_id LEFT JOIN mx_job_rank job_rank ON job_rank.id=user.job_rank LEFT JOIN mx_role role ON user.user_id=role.user_id LEFT JOIN mx_position position ON position.position_id=role.position_id LEFT JOIN mx_role_department role_department ON role_department.department_id=position.department_id WHERE ( user.role_id IN () ) LIMIT 0,15  
ERR: You have an error in your SQL syntax; check the manual that corresponds to your MySQL server version for the right syntax to use near '%d and url = "%s" ) LIMIT 1' at line 1
 [ SQL语句 ] : SELECT `type` FROM `mx_permission` WHERE ( position_id = %d and url = "%s" ) LIMIT 1  
ERR: You have an error in your SQL syntax; check the manual that corresponds to your MySQL server version for the right syntax to use near '%d )' at line 1
 [ SQL语句 ] : SELECT * FROM `mx_role_department` WHERE ( department_id =%d ) 
ERR: You have an error in your SQL syntax; check the manual that corresponds to your MySQL server version for the right syntax to use near '%d ) LIMIT 1' at line 1
 [ SQL语句 ] : SELECT `img` FROM `mx_user` WHERE ( user_id = %d ) LIMIT 1  
ERR: You have an error in your SQL syntax; check the manual that corresponds to your MySQL server version for the right syntax to use near '%d ) LIMIT 1' at line 1
 [ SQL语句 ] : SELECT `thumb_path` FROM `mx_user` WHERE ( user_id = %d ) LIMIT 1  

[ 2018-05-21T09:24:25+08:00 ] 183.226.185.249 /index.php?m=message&a=tips
ERR: Table 'pinping.mx_cycel' doesn't exist
 [ SQL语句 ] : SHOW COLUMNS FROM `mx_cycel`
ERR: Table 'pinping.mx_cycel' doesn't exist
 [ SQL语句 ] : SELECT * FROM `mx_cycel` WHERE ( `create_role_id` = '1' ) AND ( `start_time` <= 1526918400 ) AND ( `end_time` >= 1526831999 ) 

[ 2018-05-21T09:25:18+08:00 ] 117.185.117.52 /index.php?m=integral&a=index&position_info=0&department=72&role=all
ERR: You have an error in your SQL syntax; check the manual that corresponds to your MySQL server version for the right syntax to use near '%d and url = "%s" ) LIMIT 1' at line 1
 [ SQL语句 ] : SELECT `type` FROM `mx_permission` WHERE ( position_id = %d and url = "%s" ) LIMIT 1  
ERR: You have an error in your SQL syntax; check the manual that corresponds to your MySQL server version for the right syntax to use near ') ) AND ( user.position_info = '0' ) LIMIT 1' at line 1
 [ SQL语句 ] : SELECT COUNT(*) AS tp_count FROM mx_user user LEFT JOIN mx_user_category user_category ON user.category_id=user_category.category_id LEFT JOIN mx_job_rank job_rank ON job_rank.id=user.job_rank LEFT JOIN mx_role role ON user.user_id=role.user_id LEFT JOIN mx_position position ON position.position_id=role.position_id LEFT JOIN mx_role_department role_department ON role_department.department_id=position.department_id WHERE ( user.role_id IN () ) AND ( user.position_info = '0' ) LIMIT 1  
ERR: You have an error in your SQL syntax; check the manual that corresponds to your MySQL server version for the right syntax to use near ') ) AND ( user.position_info = '0' ) LIMIT 0,15' at line 1
 [ SQL语句 ] : SELECT user.user_id AS user_id,user.name AS name,user.position_info AS position_info,user.full_name AS full_name,user.second_name AS second_name,user.hometown AS hometown,user.sex AS sex,user.img AS img,user.email AS email,user.telephone AS telephone,user.address AS address,user.status AS status,user_category.name AS category_name,user_category.category_id AS category_id,job_rank.name AS rank_name,role.role_id AS role_id,role.position_id AS position_id,position.name AS role_name,position.parent_id AS parent_id,position.department_id AS department_id,position.description AS description,role_department.name AS department_name,role_department.department_label AS department_label FROM mx_user user LEFT JOIN mx_user_category user_category ON user.category_id=user_category.category_id LEFT JOIN mx_job_rank job_rank ON job_rank.id=user.job_rank LEFT JOIN mx_role role ON user.user_id=role.user_id LEFT JOIN mx_position position ON position.position_id=role.position_id LEFT JOIN mx_role_department role_department ON role_department.department_id=position.department_id WHERE ( user.role_id IN () ) AND ( user.position_info = '0' ) LIMIT 0,15  
ERR: You have an error in your SQL syntax; check the manual that corresponds to your MySQL server version for the right syntax to use near '%d and url = "%s" ) LIMIT 1' at line 1
 [ SQL语句 ] : SELECT `type` FROM `mx_permission` WHERE ( position_id = %d and url = "%s" ) LIMIT 1  
ERR: You have an error in your SQL syntax; check the manual that corresponds to your MySQL server version for the right syntax to use near '%d )' at line 1
 [ SQL语句 ] : SELECT * FROM `mx_role_department` WHERE ( department_id =%d ) 
ERR: You have an error in your SQL syntax; check the manual that corresponds to your MySQL server version for the right syntax to use near '%d ) LIMIT 1' at line 1
 [ SQL语句 ] : SELECT `img` FROM `mx_user` WHERE ( user_id = %d ) LIMIT 1  
ERR: You have an error in your SQL syntax; check the manual that corresponds to your MySQL server version for the right syntax to use near '%d ) LIMIT 1' at line 1
 [ SQL语句 ] : SELECT `thumb_path` FROM `mx_user` WHERE ( user_id = %d ) LIMIT 1  

[ 2018-05-21T09:26:24+08:00 ] 183.226.185.249 /index.php?m=message&a=tips
ERR: Table 'pinping.mx_cycel' doesn't exist
 [ SQL语句 ] : SHOW COLUMNS FROM `mx_cycel`
ERR: Table 'pinping.mx_cycel' doesn't exist
 [ SQL语句 ] : SELECT * FROM `mx_cycel` WHERE ( `create_role_id` = '1' ) AND ( `start_time` <= 1526918400 ) AND ( `end_time` >= 1526831999 ) 

[ 2018-05-21T09:28:36+08:00 ] 117.185.117.53 /index.php?m=integral&a=index&position_info=1&department=72&role=all
ERR: You have an error in your SQL syntax; check the manual that corresponds to your MySQL server version for the right syntax to use near '%d and url = "%s" ) LIMIT 1' at line 1
 [ SQL语句 ] : SELECT `type` FROM `mx_permission` WHERE ( position_id = %d and url = "%s" ) LIMIT 1  
ERR: You have an error in your SQL syntax; check the manual that corresponds to your MySQL server version for the right syntax to use near ') ) AND ( user.position_info = '1' ) LIMIT 1' at line 1
 [ SQL语句 ] : SELECT COUNT(*) AS tp_count FROM mx_user user LEFT JOIN mx_user_category user_category ON user.category_id=user_category.category_id LEFT JOIN mx_job_rank job_rank ON job_rank.id=user.job_rank LEFT JOIN mx_role role ON user.user_id=role.user_id LEFT JOIN mx_position position ON position.position_id=role.position_id LEFT JOIN mx_role_department role_department ON role_department.department_id=position.department_id WHERE ( user.role_id IN () ) AND ( user.position_info = '1' ) LIMIT 1  
ERR: You have an error in your SQL syntax; check the manual that corresponds to your MySQL server version for the right syntax to use near ') ) AND ( user.position_info = '1' ) LIMIT 0,15' at line 1
 [ SQL语句 ] : SELECT user.user_id AS user_id,user.name AS name,user.position_info AS position_info,user.full_name AS full_name,user.second_name AS second_name,user.hometown AS hometown,user.sex AS sex,user.img AS img,user.email AS email,user.telephone AS telephone,user.address AS address,user.status AS status,user_category.name AS category_name,user_category.category_id AS category_id,job_rank.name AS rank_name,role.role_id AS role_id,role.position_id AS position_id,position.name AS role_name,position.parent_id AS parent_id,position.department_id AS department_id,position.description AS description,role_department.name AS department_name,role_department.department_label AS department_label FROM mx_user user LEFT JOIN mx_user_category user_category ON user.category_id=user_category.category_id LEFT JOIN mx_job_rank job_rank ON job_rank.id=user.job_rank LEFT JOIN mx_role role ON user.user_id=role.user_id LEFT JOIN mx_position position ON position.position_id=role.position_id LEFT JOIN mx_role_department role_department ON role_department.department_id=position.department_id WHERE ( user.role_id IN () ) AND ( user.position_info = '1' ) LIMIT 0,15  
ERR: You have an error in your SQL syntax; check the manual that corresponds to your MySQL server version for the right syntax to use near '%d and url = "%s" ) LIMIT 1' at line 1
 [ SQL语句 ] : SELECT `type` FROM `mx_permission` WHERE ( position_id = %d and url = "%s" ) LIMIT 1  
ERR: You have an error in your SQL syntax; check the manual that corresponds to your MySQL server version for the right syntax to use near '%d )' at line 1
 [ SQL语句 ] : SELECT * FROM `mx_role_department` WHERE ( department_id =%d ) 
ERR: You have an error in your SQL syntax; check the manual that corresponds to your MySQL server version for the right syntax to use near '%d ) LIMIT 1' at line 1
 [ SQL语句 ] : SELECT `img` FROM `mx_user` WHERE ( user_id = %d ) LIMIT 1  
ERR: You have an error in your SQL syntax; check the manual that corresponds to your MySQL server version for the right syntax to use near '%d ) LIMIT 1' at line 1
 [ SQL语句 ] : SELECT `thumb_path` FROM `mx_user` WHERE ( user_id = %d ) LIMIT 1  

[ 2018-05-21T09:28:38+08:00 ] 117.185.117.53 /index.php?m=integral&a=index&position_info=-1&department=72&role=all
ERR: You have an error in your SQL syntax; check the manual that corresponds to your MySQL server version for the right syntax to use near '%d and url = "%s" ) LIMIT 1' at line 1
 [ SQL语句 ] : SELECT `type` FROM `mx_permission` WHERE ( position_id = %d and url = "%s" ) LIMIT 1  
ERR: You have an error in your SQL syntax; check the manual that corresponds to your MySQL server version for the right syntax to use near ') ) AND ( user.position_info = '-1' ) LIMIT 1' at line 1
 [ SQL语句 ] : SELECT COUNT(*) AS tp_count FROM mx_user user LEFT JOIN mx_user_category user_category ON user.category_id=user_category.category_id LEFT JOIN mx_job_rank job_rank ON job_rank.id=user.job_rank LEFT JOIN mx_role role ON user.user_id=role.user_id LEFT JOIN mx_position position ON position.position_id=role.position_id LEFT JOIN mx_role_department role_department ON role_department.department_id=position.department_id WHERE ( user.role_id IN () ) AND ( user.position_info = '-1' ) LIMIT 1  
ERR: You have an error in your SQL syntax; check the manual that corresponds to your MySQL server version for the right syntax to use near ') ) AND ( user.position_info = '-1' ) LIMIT 0,15' at line 1
 [ SQL语句 ] : SELECT user.user_id AS user_id,user.name AS name,user.position_info AS position_info,user.full_name AS full_name,user.second_name AS second_name,user.hometown AS hometown,user.sex AS sex,user.img AS img,user.email AS email,user.telephone AS telephone,user.address AS address,user.status AS status,user_category.name AS category_name,user_category.category_id AS category_id,job_rank.name AS rank_name,role.role_id AS role_id,role.position_id AS position_id,position.name AS role_name,position.parent_id AS parent_id,position.department_id AS department_id,position.description AS description,role_department.name AS department_name,role_department.department_label AS department_label FROM mx_user user LEFT JOIN mx_user_category user_category ON user.category_id=user_category.category_id LEFT JOIN mx_job_rank job_rank ON job_rank.id=user.job_rank LEFT JOIN mx_role role ON user.user_id=role.user_id LEFT JOIN mx_position position ON position.position_id=role.position_id LEFT JOIN mx_role_department role_department ON role_department.department_id=position.department_id WHERE ( user.role_id IN () ) AND ( user.position_info = '-1' ) LIMIT 0,15  
ERR: You have an error in your SQL syntax; check the manual that corresponds to your MySQL server version for the right syntax to use near '%d and url = "%s" ) LIMIT 1' at line 1
 [ SQL语句 ] : SELECT `type` FROM `mx_permission` WHERE ( position_id = %d and url = "%s" ) LIMIT 1  
ERR: You have an error in your SQL syntax; check the manual that corresponds to your MySQL server version for the right syntax to use near '%d )' at line 1
 [ SQL语句 ] : SELECT * FROM `mx_role_department` WHERE ( department_id =%d ) 
ERR: You have an error in your SQL syntax; check the manual that corresponds to your MySQL server version for the right syntax to use near '%d ) LIMIT 1' at line 1
 [ SQL语句 ] : SELECT `img` FROM `mx_user` WHERE ( user_id = %d ) LIMIT 1  
ERR: You have an error in your SQL syntax; check the manual that corresponds to your MySQL server version for the right syntax to use near '%d ) LIMIT 1' at line 1
 [ SQL语句 ] : SELECT `thumb_path` FROM `mx_user` WHERE ( user_id = %d ) LIMIT 1  

[ 2018-05-21T09:31:02+08:00 ] 183.226.185.249 /index.php?m=message&a=tips
ERR: Table 'pinping.mx_cycel' doesn't exist
 [ SQL语句 ] : SHOW COLUMNS FROM `mx_cycel`
ERR: Table 'pinping.mx_cycel' doesn't exist
 [ SQL语句 ] : SELECT * FROM `mx_cycel` WHERE ( `create_role_id` = '1' ) AND ( `start_time` <= 1526918400 ) AND ( `end_time` >= 1526831999 ) 

[ 2018-05-21T09:34:39+08:00 ] 183.226.185.249 /index.php?m=message&a=tips
ERR: Table 'pinping.mx_cycel' doesn't exist
 [ SQL语句 ] : SHOW COLUMNS FROM `mx_cycel`
ERR: Table 'pinping.mx_cycel' doesn't exist
 [ SQL语句 ] : SELECT * FROM `mx_cycel` WHERE ( `create_role_id` = '1' ) AND ( `start_time` <= 1526918400 ) AND ( `end_time` >= 1526831999 ) 

[ 2018-05-21T09:39:18+08:00 ] 183.226.185.249 /index.php?m=message&a=tips
ERR: Table 'pinping.mx_cycel' doesn't exist
 [ SQL语句 ] : SHOW COLUMNS FROM `mx_cycel`
ERR: Table 'pinping.mx_cycel' doesn't exist
 [ SQL语句 ] : SELECT * FROM `mx_cycel` WHERE ( `create_role_id` = '1' ) AND ( `start_time` <= 1526918400 ) AND ( `end_time` >= 1526831999 ) 

[ 2018-05-21T09:40:02+08:00 ] 183.226.185.249 /index.php?m=message&a=tips
ERR: Table 'pinping.mx_cycel' doesn't exist
 [ SQL语句 ] : SHOW COLUMNS FROM `mx_cycel`
ERR: Table 'pinping.mx_cycel' doesn't exist
 [ SQL语句 ] : SELECT * FROM `mx_cycel` WHERE ( `create_role_id` = '1' ) AND ( `start_time` <= 1526918400 ) AND ( `end_time` >= 1526831999 ) 

[ 2018-05-21T09:43:57+08:00 ] 183.226.185.249 /index.php?m=message&a=tips
ERR: Table 'pinping.mx_cycel' doesn't exist
 [ SQL语句 ] : SHOW COLUMNS FROM `mx_cycel`
ERR: Table 'pinping.mx_cycel' doesn't exist
 [ SQL语句 ] : SELECT * FROM `mx_cycel` WHERE ( `create_role_id` = '1' ) AND ( `start_time` <= 1526918400 ) AND ( `end_time` >= 1526831999 ) 

[ 2018-05-21T09:46:14+08:00 ] 183.226.185.249 /index.php?m=message&a=tips
ERR: Table 'pinping.mx_cycel' doesn't exist
 [ SQL语句 ] : SHOW COLUMNS FROM `mx_cycel`
ERR: Table 'pinping.mx_cycel' doesn't exist
 [ SQL语句 ] : SELECT * FROM `mx_cycel` WHERE ( `create_role_id` = '1' ) AND ( `start_time` <= 1526918400 ) AND ( `end_time` >= 1526831999 ) 

[ 2018-05-21T09:48:48+08:00 ] 183.226.185.249 /index.php?m=message&a=tips
ERR: Table 'pinping.mx_cycel' doesn't exist
 [ SQL语句 ] : SHOW COLUMNS FROM `mx_cycel`
ERR: Table 'pinping.mx_cycel' doesn't exist
 [ SQL语句 ] : SELECT * FROM `mx_cycel` WHERE ( `create_role_id` = '1' ) AND ( `start_time` <= 1526918400 ) AND ( `end_time` >= 1526831999 ) 

[ 2018-05-21T09:51:05+08:00 ] 183.226.185.249 /index.php?m=message&a=tips
ERR: Table 'pinping.mx_cycel' doesn't exist
 [ SQL语句 ] : SHOW COLUMNS FROM `mx_cycel`
ERR: Table 'pinping.mx_cycel' doesn't exist
 [ SQL语句 ] : SELECT * FROM `mx_cycel` WHERE ( `create_role_id` = '1' ) AND ( `start_time` <= 1526918400 ) AND ( `end_time` >= 1526831999 ) 

[ 2018-05-21T09:55:10+08:00 ] 183.226.185.249 /index.php?m=message&a=tips
ERR: Table 'pinping.mx_cycel' doesn't exist
 [ SQL语句 ] : SHOW COLUMNS FROM `mx_cycel`
ERR: Table 'pinping.mx_cycel' doesn't exist
 [ SQL语句 ] : SELECT * FROM `mx_cycel` WHERE ( `create_role_id` = '1' ) AND ( `start_time` <= 1526918400 ) AND ( `end_time` >= 1526831999 ) 

[ 2018-05-21T09:57:14+08:00 ] 183.226.185.249 /index.php?m=message&a=tips
ERR: Table 'pinping.mx_cycel' doesn't exist
 [ SQL语句 ] : SHOW COLUMNS FROM `mx_cycel`
ERR: Table 'pinping.mx_cycel' doesn't exist
 [ SQL语句 ] : SELECT * FROM `mx_cycel` WHERE ( `create_role_id` = '1' ) AND ( `start_time` <= 1526918400 ) AND ( `end_time` >= 1526831999 ) 

[ 2018-05-21T10:12:03+08:00 ] 183.226.185.249 /index.php?m=message&a=tips
ERR: Table 'pinping.mx_cycel' doesn't exist
 [ SQL语句 ] : SHOW COLUMNS FROM `mx_cycel`
ERR: Table 'pinping.mx_cycel' doesn't exist
 [ SQL语句 ] : SELECT * FROM `mx_cycel` WHERE ( `create_role_id` = '1' ) AND ( `start_time` <= 1526918400 ) AND ( `end_time` >= 1526831999 ) 

[ 2018-05-21T10:14:48+08:00 ] 183.226.185.249 /index.php?m=message&a=tips
ERR: Table 'pinping.mx_cycel' doesn't exist
 [ SQL语句 ] : SHOW COLUMNS FROM `mx_cycel`
ERR: Table 'pinping.mx_cycel' doesn't exist
 [ SQL语句 ] : SELECT * FROM `mx_cycel` WHERE ( `create_role_id` = '1' ) AND ( `start_time` <= 1526918400 ) AND ( `end_time` >= 1526831999 ) 

[ 2018-05-21T10:16:42+08:00 ] 183.226.185.249 /index.php?m=message&a=tips
ERR: Table 'pinping.mx_cycel' doesn't exist
 [ SQL语句 ] : SHOW COLUMNS FROM `mx_cycel`
ERR: Table 'pinping.mx_cycel' doesn't exist
 [ SQL语句 ] : SELECT * FROM `mx_cycel` WHERE ( `create_role_id` = '1' ) AND ( `start_time` <= 1526918400 ) AND ( `end_time` >= 1526831999 ) 

[ 2018-05-21T10:18:25+08:00 ] 183.226.185.249 /index.php?m=message&a=tips
ERR: Table 'pinping.mx_cycel' doesn't exist
 [ SQL语句 ] : SHOW COLUMNS FROM `mx_cycel`
ERR: Table 'pinping.mx_cycel' doesn't exist
 [ SQL语句 ] : SELECT * FROM `mx_cycel` WHERE ( `create_role_id` = '1' ) AND ( `start_time` <= 1526918400 ) AND ( `end_time` >= 1526831999 ) 

[ 2018-05-21T10:25:29+08:00 ] 183.226.185.249 /index.php?m=message&a=tips
ERR: Table 'pinping.mx_cycel' doesn't exist
 [ SQL语句 ] : SHOW COLUMNS FROM `mx_cycel`
ERR: Table 'pinping.mx_cycel' doesn't exist
 [ SQL语句 ] : SELECT * FROM `mx_cycel` WHERE ( `create_role_id` = '1' ) AND ( `start_time` <= 1526918400 ) AND ( `end_time` >= 1526831999 ) 

[ 2018-05-21T10:33:15+08:00 ] 183.226.185.249 /index.php?m=message&a=tips
ERR: Table 'pinping.mx_cycel' doesn't exist
 [ SQL语句 ] : SHOW COLUMNS FROM `mx_cycel`
ERR: Table 'pinping.mx_cycel' doesn't exist
 [ SQL语句 ] : SELECT * FROM `mx_cycel` WHERE ( `create_role_id` = '1' ) AND ( `start_time` <= 1526918400 ) AND ( `end_time` >= 1526831999 ) 

[ 2018-05-21T10:36:00+08:00 ] 183.226.185.249 /index.php?m=message&a=tips
ERR: Table 'pinping.mx_cycel' doesn't exist
 [ SQL语句 ] : SHOW COLUMNS FROM `mx_cycel`
ERR: Table 'pinping.mx_cycel' doesn't exist
 [ SQL语句 ] : SELECT * FROM `mx_cycel` WHERE ( `create_role_id` = '1' ) AND ( `start_time` <= 1526918400 ) AND ( `end_time` >= 1526831999 ) 

[ 2018-05-21T10:38:04+08:00 ] 183.226.185.249 /index.php?m=message&a=tips
ERR: Table 'pinping.mx_cycel' doesn't exist
 [ SQL语句 ] : SHOW COLUMNS FROM `mx_cycel`
ERR: Table 'pinping.mx_cycel' doesn't exist
 [ SQL语句 ] : SELECT * FROM `mx_cycel` WHERE ( `create_role_id` = '1' ) AND ( `start_time` <= 1526918400 ) AND ( `end_time` >= 1526831999 ) 

[ 2018-05-21T10:50:49+08:00 ] 183.226.185.249 /index.php?m=message&a=tips
ERR: Table 'pinping.mx_cycel' doesn't exist
 [ SQL语句 ] : SHOW COLUMNS FROM `mx_cycel`
ERR: Table 'pinping.mx_cycel' doesn't exist
 [ SQL语句 ] : SELECT * FROM `mx_cycel` WHERE ( `create_role_id` = '1' ) AND ( `start_time` <= 1526918400 ) AND ( `end_time` >= 1526831999 ) 

[ 2018-05-21T10:59:05+08:00 ] 183.226.185.249 /index.php?m=message&a=tips
ERR: Table 'pinping.mx_cycel' doesn't exist
 [ SQL语句 ] : SHOW COLUMNS FROM `mx_cycel`
ERR: Table 'pinping.mx_cycel' doesn't exist
 [ SQL语句 ] : SELECT * FROM `mx_cycel` WHERE ( `create_role_id` = '1' ) AND ( `start_time` <= 1526918400 ) AND ( `end_time` >= 1526831999 ) 

[ 2018-05-21T11:17:10+08:00 ] 183.226.185.249 /index.php?m=message&a=tips
ERR: Table 'pinping.mx_cycel' doesn't exist
 [ SQL语句 ] : SHOW COLUMNS FROM `mx_cycel`
ERR: Table 'pinping.mx_cycel' doesn't exist
 [ SQL语句 ] : SELECT * FROM `mx_cycel` WHERE ( `create_role_id` = '1' ) AND ( `start_time` <= 1526918400 ) AND ( `end_time` >= 1526831999 ) 

[ 2018-05-21T11:21:58+08:00 ] 183.226.185.249 /index.php?m=message&a=tips
ERR: Table 'pinping.mx_cycel' doesn't exist
 [ SQL语句 ] : SHOW COLUMNS FROM `mx_cycel`
ERR: Table 'pinping.mx_cycel' doesn't exist
 [ SQL语句 ] : SELECT * FROM `mx_cycel` WHERE ( `create_role_id` = '1' ) AND ( `start_time` <= 1526918400 ) AND ( `end_time` >= 1526831999 ) 

[ 2018-05-21T11:23:22+08:00 ] 183.226.185.249 /index.php?m=message&a=tips
ERR: Table 'pinping.mx_cycel' doesn't exist
 [ SQL语句 ] : SHOW COLUMNS FROM `mx_cycel`
ERR: Table 'pinping.mx_cycel' doesn't exist
 [ SQL语句 ] : SELECT * FROM `mx_cycel` WHERE ( `create_role_id` = '1' ) AND ( `start_time` <= 1526918400 ) AND ( `end_time` >= 1526831999 ) 

[ 2018-05-21T11:27:39+08:00 ] 183.226.185.249 /index.php?m=message&a=tips
ERR: Table 'pinping.mx_cycel' doesn't exist
 [ SQL语句 ] : SHOW COLUMNS FROM `mx_cycel`
ERR: Table 'pinping.mx_cycel' doesn't exist
 [ SQL语句 ] : SELECT * FROM `mx_cycel` WHERE ( `create_role_id` = '1' ) AND ( `start_time` <= 1526918400 ) AND ( `end_time` >= 1526831999 ) 

[ 2018-05-21T11:30:14+08:00 ] 183.226.185.249 /index.php?m=message&a=tips
ERR: Table 'pinping.mx_cycel' doesn't exist
 [ SQL语句 ] : SHOW COLUMNS FROM `mx_cycel`
ERR: Table 'pinping.mx_cycel' doesn't exist
 [ SQL语句 ] : SELECT * FROM `mx_cycel` WHERE ( `create_role_id` = '1' ) AND ( `start_time` <= 1526918400 ) AND ( `end_time` >= 1526831999 ) 

[ 2018-05-21T11:43:09+08:00 ] 183.226.185.249 /index.php?m=message&a=tips
ERR: Table 'pinping.mx_cycel' doesn't exist
 [ SQL语句 ] : SHOW COLUMNS FROM `mx_cycel`
ERR: Table 'pinping.mx_cycel' doesn't exist
 [ SQL语句 ] : SELECT * FROM `mx_cycel` WHERE ( `create_role_id` = '1' ) AND ( `start_time` <= 1526918400 ) AND ( `end_time` >= 1526831999 ) 

[ 2018-05-21T11:46:46+08:00 ] 183.226.185.249 /index.php?m=message&a=tips
ERR: Table 'pinping.mx_cycel' doesn't exist
 [ SQL语句 ] : SHOW COLUMNS FROM `mx_cycel`
ERR: Table 'pinping.mx_cycel' doesn't exist
 [ SQL语句 ] : SELECT * FROM `mx_cycel` WHERE ( `create_role_id` = '1' ) AND ( `start_time` <= 1526918400 ) AND ( `end_time` >= 1526831999 ) 

[ 2018-05-21T11:53:20+08:00 ] 183.226.185.249 /index.php?m=message&a=tips
ERR: Table 'pinping.mx_cycel' doesn't exist
 [ SQL语句 ] : SHOW COLUMNS FROM `mx_cycel`
ERR: Table 'pinping.mx_cycel' doesn't exist
 [ SQL语句 ] : SELECT * FROM `mx_cycel` WHERE ( `create_role_id` = '1' ) AND ( `start_time` <= 1526918400 ) AND ( `end_time` >= 1526831999 ) 

[ 2018-05-21T11:57:06+08:00 ] 183.226.185.249 /index.php?m=message&a=tips
ERR: Table 'pinping.mx_cycel' doesn't exist
 [ SQL语句 ] : SHOW COLUMNS FROM `mx_cycel`
ERR: Table 'pinping.mx_cycel' doesn't exist
 [ SQL语句 ] : SELECT * FROM `mx_cycel` WHERE ( `create_role_id` = '1' ) AND ( `start_time` <= 1526918400 ) AND ( `end_time` >= 1526831999 ) 

[ 2018-05-21T11:58:30+08:00 ] 183.226.185.249 /index.php?m=message&a=tips
ERR: Table 'pinping.mx_cycel' doesn't exist
 [ SQL语句 ] : SHOW COLUMNS FROM `mx_cycel`
ERR: Table 'pinping.mx_cycel' doesn't exist
 [ SQL语句 ] : SELECT * FROM `mx_cycel` WHERE ( `create_role_id` = '1' ) AND ( `start_time` <= 1526918400 ) AND ( `end_time` >= 1526831999 ) 

[ 2018-05-21T11:59:10+08:00 ] 183.226.185.249 /index.php?m=message&a=tips
ERR: Table 'pinping.mx_cycel' doesn't exist
 [ SQL语句 ] : SHOW COLUMNS FROM `mx_cycel`
ERR: Table 'pinping.mx_cycel' doesn't exist
 [ SQL语句 ] : SELECT * FROM `mx_cycel` WHERE ( `create_role_id` = '1' ) AND ( `start_time` <= 1526918400 ) AND ( `end_time` >= 1526831999 ) 

[ 2018-05-21T12:01:45+08:00 ] 183.226.185.249 /index.php?m=message&a=tips
ERR: Table 'pinping.mx_cycel' doesn't exist
 [ SQL语句 ] : SHOW COLUMNS FROM `mx_cycel`
ERR: Table 'pinping.mx_cycel' doesn't exist
 [ SQL语句 ] : SELECT * FROM `mx_cycel` WHERE ( `create_role_id` = '1' ) AND ( `start_time` <= 1526918400 ) AND ( `end_time` >= 1526831999 ) 

[ 2018-05-21T12:08:19+08:00 ] 183.226.185.249 /index.php?m=message&a=tips
ERR: Table 'pinping.mx_cycel' doesn't exist
 [ SQL语句 ] : SHOW COLUMNS FROM `mx_cycel`
ERR: Table 'pinping.mx_cycel' doesn't exist
 [ SQL语句 ] : SELECT * FROM `mx_cycel` WHERE ( `create_role_id` = '1' ) AND ( `start_time` <= 1526918400 ) AND ( `end_time` >= 1526831999 ) 

[ 2018-05-21T12:14:09+08:00 ] 183.226.185.249 /index.php?m=message&a=tips
ERR: Table 'pinping.mx_cycel' doesn't exist
 [ SQL语句 ] : SHOW COLUMNS FROM `mx_cycel`
ERR: Table 'pinping.mx_cycel' doesn't exist
 [ SQL语句 ] : SELECT * FROM `mx_cycel` WHERE ( `create_role_id` = '1' ) AND ( `start_time` <= 1526918400 ) AND ( `end_time` >= 1526831999 ) 

[ 2018-05-21T12:15:33+08:00 ] 183.226.185.249 /index.php?m=message&a=tips
ERR: Table 'pinping.mx_cycel' doesn't exist
 [ SQL语句 ] : SHOW COLUMNS FROM `mx_cycel`
ERR: Table 'pinping.mx_cycel' doesn't exist
 [ SQL语句 ] : SELECT * FROM `mx_cycel` WHERE ( `create_role_id` = '1' ) AND ( `start_time` <= 1526918400 ) AND ( `end_time` >= 1526831999 ) 

[ 2018-05-21T12:17:06+08:00 ] 183.226.185.249 /index.php?m=message&a=tips
ERR: Table 'pinping.mx_cycel' doesn't exist
 [ SQL语句 ] : SHOW COLUMNS FROM `mx_cycel`
ERR: Table 'pinping.mx_cycel' doesn't exist
 [ SQL语句 ] : SELECT * FROM `mx_cycel` WHERE ( `create_role_id` = '1' ) AND ( `start_time` <= 1526918400 ) AND ( `end_time` >= 1526831999 ) 

[ 2018-05-21T12:19:41+08:00 ] 183.226.185.249 /index.php?m=message&a=tips
ERR: Table 'pinping.mx_cycel' doesn't exist
 [ SQL语句 ] : SHOW COLUMNS FROM `mx_cycel`
ERR: Table 'pinping.mx_cycel' doesn't exist
 [ SQL语句 ] : SELECT * FROM `mx_cycel` WHERE ( `create_role_id` = '1' ) AND ( `start_time` <= 1526918400 ) AND ( `end_time` >= 1526831999 ) 

[ 2018-05-21T12:27:26+08:00 ] 183.226.185.249 /index.php?m=message&a=tips
ERR: Table 'pinping.mx_cycel' doesn't exist
 [ SQL语句 ] : SHOW COLUMNS FROM `mx_cycel`
ERR: Table 'pinping.mx_cycel' doesn't exist
 [ SQL语句 ] : SELECT * FROM `mx_cycel` WHERE ( `create_role_id` = '1' ) AND ( `start_time` <= 1526918400 ) AND ( `end_time` >= 1526831999 ) 

[ 2018-05-21T12:32:14+08:00 ] 183.226.185.249 /index.php?m=message&a=tips
ERR: Table 'pinping.mx_cycel' doesn't exist
 [ SQL语句 ] : SHOW COLUMNS FROM `mx_cycel`
ERR: Table 'pinping.mx_cycel' doesn't exist
 [ SQL语句 ] : SELECT * FROM `mx_cycel` WHERE ( `create_role_id` = '1' ) AND ( `start_time` <= 1526918400 ) AND ( `end_time` >= 1526831999 ) 

[ 2018-05-21T12:37:15+08:00 ] 183.226.185.249 /index.php?m=message&a=tips
ERR: Table 'pinping.mx_cycel' doesn't exist
 [ SQL语句 ] : SHOW COLUMNS FROM `mx_cycel`
ERR: Table 'pinping.mx_cycel' doesn't exist
 [ SQL语句 ] : SELECT * FROM `mx_cycel` WHERE ( `create_role_id` = '1' ) AND ( `start_time` <= 1526918400 ) AND ( `end_time` >= 1526831999 ) 

[ 2018-05-21T12:38:57+08:00 ] 183.226.185.249 /index.php?m=message&a=tips
ERR: Table 'pinping.mx_cycel' doesn't exist
 [ SQL语句 ] : SHOW COLUMNS FROM `mx_cycel`
ERR: Table 'pinping.mx_cycel' doesn't exist
 [ SQL语句 ] : SELECT * FROM `mx_cycel` WHERE ( `create_role_id` = '1' ) AND ( `start_time` <= 1526918400 ) AND ( `end_time` >= 1526831999 ) 

[ 2018-05-21T12:42:25+08:00 ] 183.226.185.249 /index.php?m=message&a=tips
ERR: Table 'pinping.mx_cycel' doesn't exist
 [ SQL语句 ] : SHOW COLUMNS FROM `mx_cycel`
ERR: Table 'pinping.mx_cycel' doesn't exist
 [ SQL语句 ] : SELECT * FROM `mx_cycel` WHERE ( `create_role_id` = '1' ) AND ( `start_time` <= 1526918400 ) AND ( `end_time` >= 1526831999 ) 

[ 2018-05-21T12:45:00+08:00 ] 183.226.185.249 /index.php?m=message&a=tips
ERR: Table 'pinping.mx_cycel' doesn't exist
 [ SQL语句 ] : SHOW COLUMNS FROM `mx_cycel`
ERR: Table 'pinping.mx_cycel' doesn't exist
 [ SQL语句 ] : SELECT * FROM `mx_cycel` WHERE ( `create_role_id` = '1' ) AND ( `start_time` <= 1526918400 ) AND ( `end_time` >= 1526831999 ) 

[ 2018-05-21T12:48:37+08:00 ] 183.226.185.249 /index.php?m=message&a=tips
ERR: Table 'pinping.mx_cycel' doesn't exist
 [ SQL语句 ] : SHOW COLUMNS FROM `mx_cycel`
ERR: Table 'pinping.mx_cycel' doesn't exist
 [ SQL语句 ] : SELECT * FROM `mx_cycel` WHERE ( `create_role_id` = '1' ) AND ( `start_time` <= 1526918400 ) AND ( `end_time` >= 1526831999 ) 

[ 2018-05-21T12:56:00+08:00 ] 183.226.185.249 /index.php?m=message&a=tips
ERR: Table 'pinping.mx_cycel' doesn't exist
 [ SQL语句 ] : SHOW COLUMNS FROM `mx_cycel`
ERR: Table 'pinping.mx_cycel' doesn't exist
 [ SQL语句 ] : SELECT * FROM `mx_cycel` WHERE ( `create_role_id` = '1' ) AND ( `start_time` <= 1526918400 ) AND ( `end_time` >= 1526831999 ) 

[ 2018-05-21T13:01:01+08:00 ] 183.226.185.249 /index.php?m=message&a=tips
ERR: Table 'pinping.mx_cycel' doesn't exist
 [ SQL语句 ] : SHOW COLUMNS FROM `mx_cycel`
ERR: Table 'pinping.mx_cycel' doesn't exist
 [ SQL语句 ] : SELECT * FROM `mx_cycel` WHERE ( `create_role_id` = '1' ) AND ( `start_time` <= 1526918400 ) AND ( `end_time` >= 1526831999 ) 

[ 2018-05-21T13:05:18+08:00 ] 183.226.185.249 /index.php?m=message&a=tips
ERR: Table 'pinping.mx_cycel' doesn't exist
 [ SQL语句 ] : SHOW COLUMNS FROM `mx_cycel`
ERR: Table 'pinping.mx_cycel' doesn't exist
 [ SQL语句 ] : SELECT * FROM `mx_cycel` WHERE ( `create_role_id` = '1' ) AND ( `start_time` <= 1526918400 ) AND ( `end_time` >= 1526831999 ) 

[ 2018-05-21T13:07:13+08:00 ] 183.226.185.249 /index.php?m=message&a=tips
ERR: Table 'pinping.mx_cycel' doesn't exist
 [ SQL语句 ] : SHOW COLUMNS FROM `mx_cycel`
ERR: Table 'pinping.mx_cycel' doesn't exist
 [ SQL语句 ] : SELECT * FROM `mx_cycel` WHERE ( `create_role_id` = '1' ) AND ( `start_time` <= 1526918400 ) AND ( `end_time` >= 1526831999 ) 

[ 2018-05-21T13:08:46+08:00 ] 183.226.185.249 /index.php?m=message&a=tips
ERR: Table 'pinping.mx_cycel' doesn't exist
 [ SQL语句 ] : SHOW COLUMNS FROM `mx_cycel`
ERR: Table 'pinping.mx_cycel' doesn't exist
 [ SQL语句 ] : SELECT * FROM `mx_cycel` WHERE ( `create_role_id` = '1' ) AND ( `start_time` <= 1526918400 ) AND ( `end_time` >= 1526831999 ) 

[ 2018-05-21T13:10:28+08:00 ] 183.226.185.249 /index.php?m=message&a=tips
ERR: Table 'pinping.mx_cycel' doesn't exist
 [ SQL语句 ] : SHOW COLUMNS FROM `mx_cycel`
ERR: Table 'pinping.mx_cycel' doesn't exist
 [ SQL语句 ] : SELECT * FROM `mx_cycel` WHERE ( `create_role_id` = '1' ) AND ( `start_time` <= 1526918400 ) AND ( `end_time` >= 1526831999 ) 

[ 2018-05-21T13:18:13+08:00 ] 183.226.185.249 /index.php?m=message&a=tips
ERR: Table 'pinping.mx_cycel' doesn't exist
 [ SQL语句 ] : SHOW COLUMNS FROM `mx_cycel`
ERR: Table 'pinping.mx_cycel' doesn't exist
 [ SQL语句 ] : SELECT * FROM `mx_cycel` WHERE ( `create_role_id` = '1' ) AND ( `start_time` <= 1526918400 ) AND ( `end_time` >= 1526831999 ) 

[ 2018-05-21T13:29:05+08:00 ] 183.226.185.249 /index.php?m=message&a=tips
ERR: Table 'pinping.mx_cycel' doesn't exist
 [ SQL语句 ] : SHOW COLUMNS FROM `mx_cycel`
ERR: Table 'pinping.mx_cycel' doesn't exist
 [ SQL语句 ] : SELECT * FROM `mx_cycel` WHERE ( `create_role_id` = '1' ) AND ( `start_time` <= 1526918400 ) AND ( `end_time` >= 1526831999 ) 

[ 2018-05-21T13:29:57+08:00 ] 183.226.185.249 /index.php?m=message&a=tips
ERR: Table 'pinping.mx_cycel' doesn't exist
 [ SQL语句 ] : SHOW COLUMNS FROM `mx_cycel`
ERR: Table 'pinping.mx_cycel' doesn't exist
 [ SQL语句 ] : SELECT * FROM `mx_cycel` WHERE ( `create_role_id` = '1' ) AND ( `start_time` <= 1526918400 ) AND ( `end_time` >= 1526831999 ) 

[ 2018-05-21T13:33:03+08:00 ] 183.226.185.249 /index.php?m=message&a=tips
ERR: Table 'pinping.mx_cycel' doesn't exist
 [ SQL语句 ] : SHOW COLUMNS FROM `mx_cycel`
ERR: Table 'pinping.mx_cycel' doesn't exist
 [ SQL语句 ] : SELECT * FROM `mx_cycel` WHERE ( `create_role_id` = '1' ) AND ( `start_time` <= 1526918400 ) AND ( `end_time` >= 1526831999 ) 

[ 2018-05-21T13:35:47+08:00 ] 183.226.185.249 /index.php?m=message&a=tips
ERR: Table 'pinping.mx_cycel' doesn't exist
 [ SQL语句 ] : SHOW COLUMNS FROM `mx_cycel`
ERR: Table 'pinping.mx_cycel' doesn't exist
 [ SQL语句 ] : SELECT * FROM `mx_cycel` WHERE ( `create_role_id` = '1' ) AND ( `start_time` <= 1526918400 ) AND ( `end_time` >= 1526831999 ) 

[ 2018-05-21T13:39:46+08:00 ] 183.226.185.249 /index.php?m=message&a=tips
ERR: Table 'pinping.mx_cycel' doesn't exist
 [ SQL语句 ] : SHOW COLUMNS FROM `mx_cycel`
ERR: Table 'pinping.mx_cycel' doesn't exist
 [ SQL语句 ] : SELECT * FROM `mx_cycel` WHERE ( `create_role_id` = '1' ) AND ( `start_time` <= 1526918400 ) AND ( `end_time` >= 1526831999 ) 

[ 2018-05-21T13:40:57+08:00 ] 183.226.185.249 /index.php?m=message&a=tips
ERR: Table 'pinping.mx_cycel' doesn't exist
 [ SQL语句 ] : SHOW COLUMNS FROM `mx_cycel`
ERR: Table 'pinping.mx_cycel' doesn't exist
 [ SQL语句 ] : SELECT * FROM `mx_cycel` WHERE ( `create_role_id` = '1' ) AND ( `start_time` <= 1526918400 ) AND ( `end_time` >= 1526831999 ) 

[ 2018-05-21T13:42:00+08:00 ] 183.226.185.249 /index.php?m=message&a=tips
ERR: Table 'pinping.mx_cycel' doesn't exist
 [ SQL语句 ] : SHOW COLUMNS FROM `mx_cycel`
ERR: Table 'pinping.mx_cycel' doesn't exist
 [ SQL语句 ] : SELECT * FROM `mx_cycel` WHERE ( `create_role_id` = '1' ) AND ( `start_time` <= 1526918400 ) AND ( `end_time` >= 1526831999 ) 

[ 2018-05-21T13:43:01+08:00 ] 183.226.185.249 /index.php?m=message&a=tips
ERR: Table 'pinping.mx_cycel' doesn't exist
 [ SQL语句 ] : SHOW COLUMNS FROM `mx_cycel`
ERR: Table 'pinping.mx_cycel' doesn't exist
 [ SQL语句 ] : SELECT * FROM `mx_cycel` WHERE ( `create_role_id` = '1' ) AND ( `start_time` <= 1526918400 ) AND ( `end_time` >= 1526831999 ) 

[ 2018-05-21T13:48:12+08:00 ] 183.226.185.249 /index.php?m=message&a=tips
ERR: Table 'pinping.mx_cycel' doesn't exist
 [ SQL语句 ] : SHOW COLUMNS FROM `mx_cycel`
ERR: Table 'pinping.mx_cycel' doesn't exist
 [ SQL语句 ] : SELECT * FROM `mx_cycel` WHERE ( `create_role_id` = '1' ) AND ( `start_time` <= 1526918400 ) AND ( `end_time` >= 1526831999 ) 

[ 2018-05-21T13:49:14+08:00 ] 183.226.185.249 /index.php?m=message&a=tips
ERR: Table 'pinping.mx_cycel' doesn't exist
 [ SQL语句 ] : SHOW COLUMNS FROM `mx_cycel`
ERR: Table 'pinping.mx_cycel' doesn't exist
 [ SQL语句 ] : SELECT * FROM `mx_cycel` WHERE ( `create_role_id` = '1' ) AND ( `start_time` <= 1526918400 ) AND ( `end_time` >= 1526831999 ) 

[ 2018-05-21T13:50:07+08:00 ] 183.226.185.249 /index.php?m=message&a=tips
ERR: Table 'pinping.mx_cycel' doesn't exist
 [ SQL语句 ] : SHOW COLUMNS FROM `mx_cycel`
ERR: Table 'pinping.mx_cycel' doesn't exist
 [ SQL语句 ] : SELECT * FROM `mx_cycel` WHERE ( `create_role_id` = '1' ) AND ( `start_time` <= 1526918400 ) AND ( `end_time` >= 1526831999 ) 

[ 2018-05-21T13:56:59+08:00 ] 183.226.185.249 /index.php?m=message&a=tips
ERR: Table 'pinping.mx_cycel' doesn't exist
 [ SQL语句 ] : SHOW COLUMNS FROM `mx_cycel`
ERR: Table 'pinping.mx_cycel' doesn't exist
 [ SQL语句 ] : SELECT * FROM `mx_cycel` WHERE ( `create_role_id` = '1' ) AND ( `start_time` <= 1526918400 ) AND ( `end_time` >= 1526831999 ) 

[ 2018-05-21T14:13:53+08:00 ] 183.226.185.249 /index.php?m=message&a=tips
ERR: Table 'pinping.mx_cycel' doesn't exist
 [ SQL语句 ] : SHOW COLUMNS FROM `mx_cycel`
ERR: Table 'pinping.mx_cycel' doesn't exist
 [ SQL语句 ] : SELECT * FROM `mx_cycel` WHERE ( `create_role_id` = '1' ) AND ( `start_time` <= 1526918400 ) AND ( `end_time` >= 1526831999 ) 

[ 2018-05-21T14:15:35+08:00 ] 183.226.185.249 /index.php?m=message&a=tips
ERR: Table 'pinping.mx_cycel' doesn't exist
 [ SQL语句 ] : SHOW COLUMNS FROM `mx_cycel`
ERR: Table 'pinping.mx_cycel' doesn't exist
 [ SQL语句 ] : SELECT * FROM `mx_cycel` WHERE ( `create_role_id` = '1' ) AND ( `start_time` <= 1526918400 ) AND ( `end_time` >= 1526831999 ) 

[ 2018-05-21T14:17:08+08:00 ] 183.226.185.249 /index.php?m=message&a=tips
ERR: Table 'pinping.mx_cycel' doesn't exist
 [ SQL语句 ] : SHOW COLUMNS FROM `mx_cycel`
ERR: Table 'pinping.mx_cycel' doesn't exist
 [ SQL语句 ] : SELECT * FROM `mx_cycel` WHERE ( `create_role_id` = '1' ) AND ( `start_time` <= 1526918400 ) AND ( `end_time` >= 1526831999 ) 

[ 2018-05-21T14:21:07+08:00 ] 183.226.185.249 /index.php?m=message&a=tips
ERR: Table 'pinping.mx_cycel' doesn't exist
 [ SQL语句 ] : SHOW COLUMNS FROM `mx_cycel`
ERR: Table 'pinping.mx_cycel' doesn't exist
 [ SQL语句 ] : SELECT * FROM `mx_cycel` WHERE ( `create_role_id` = '1' ) AND ( `start_time` <= 1526918400 ) AND ( `end_time` >= 1526831999 ) 

[ 2018-05-21T14:23:11+08:00 ] 183.226.185.249 /index.php?m=message&a=tips
ERR: Table 'pinping.mx_cycel' doesn't exist
 [ SQL语句 ] : SHOW COLUMNS FROM `mx_cycel`
ERR: Table 'pinping.mx_cycel' doesn't exist
 [ SQL语句 ] : SELECT * FROM `mx_cycel` WHERE ( `create_role_id` = '1' ) AND ( `start_time` <= 1526918400 ) AND ( `end_time` >= 1526831999 ) 

[ 2018-05-21T14:29:32+08:00 ] 183.226.185.249 /index.php?m=message&a=tips
ERR: Table 'pinping.mx_cycel' doesn't exist
 [ SQL语句 ] : SHOW COLUMNS FROM `mx_cycel`
ERR: Table 'pinping.mx_cycel' doesn't exist
 [ SQL语句 ] : SELECT * FROM `mx_cycel` WHERE ( `create_role_id` = '1' ) AND ( `start_time` <= 1526918400 ) AND ( `end_time` >= 1526831999 ) 

[ 2018-05-21T14:34:33+08:00 ] 183.226.185.249 /index.php?m=message&a=tips
ERR: Table 'pinping.mx_cycel' doesn't exist
 [ SQL语句 ] : SHOW COLUMNS FROM `mx_cycel`
ERR: Table 'pinping.mx_cycel' doesn't exist
 [ SQL语句 ] : SELECT * FROM `mx_cycel` WHERE ( `create_role_id` = '1' ) AND ( `start_time` <= 1526918400 ) AND ( `end_time` >= 1526831999 ) 

[ 2018-05-21T14:36:46+08:00 ] 183.226.185.249 /index.php?m=message&a=tips
ERR: Table 'pinping.mx_cycel' doesn't exist
 [ SQL语句 ] : SHOW COLUMNS FROM `mx_cycel`
ERR: Table 'pinping.mx_cycel' doesn't exist
 [ SQL语句 ] : SELECT * FROM `mx_cycel` WHERE ( `create_role_id` = '1' ) AND ( `start_time` <= 1526918400 ) AND ( `end_time` >= 1526831999 ) 

[ 2018-05-21T14:40:23+08:00 ] 183.226.185.249 /index.php?m=message&a=tips
ERR: Table 'pinping.mx_cycel' doesn't exist
 [ SQL语句 ] : SHOW COLUMNS FROM `mx_cycel`
ERR: Table 'pinping.mx_cycel' doesn't exist
 [ SQL语句 ] : SELECT * FROM `mx_cycel` WHERE ( `create_role_id` = '1' ) AND ( `start_time` <= 1526918400 ) AND ( `end_time` >= 1526831999 ) 

[ 2018-05-21T14:47:37+08:00 ] 183.226.185.249 /index.php?m=message&a=tips
ERR: Table 'pinping.mx_cycel' doesn't exist
 [ SQL语句 ] : SHOW COLUMNS FROM `mx_cycel`
ERR: Table 'pinping.mx_cycel' doesn't exist
 [ SQL语句 ] : SELECT * FROM `mx_cycel` WHERE ( `create_role_id` = '1' ) AND ( `start_time` <= 1526918400 ) AND ( `end_time` >= 1526831999 ) 

[ 2018-05-21T14:51:14+08:00 ] 183.226.185.249 /index.php?m=message&a=tips
ERR: Table 'pinping.mx_cycel' doesn't exist
 [ SQL语句 ] : SHOW COLUMNS FROM `mx_cycel`
ERR: Table 'pinping.mx_cycel' doesn't exist
 [ SQL语句 ] : SELECT * FROM `mx_cycel` WHERE ( `create_role_id` = '1' ) AND ( `start_time` <= 1526918400 ) AND ( `end_time` >= 1526831999 ) 

[ 2018-05-21T14:56:46+08:00 ] 183.226.185.249 /index.php?m=message&a=tips
ERR: Table 'pinping.mx_cycel' doesn't exist
 [ SQL语句 ] : SHOW COLUMNS FROM `mx_cycel`
ERR: Table 'pinping.mx_cycel' doesn't exist
 [ SQL语句 ] : SELECT * FROM `mx_cycel` WHERE ( `create_role_id` = '1' ) AND ( `start_time` <= 1526918400 ) AND ( `end_time` >= 1526831999 ) 

[ 2018-05-21T15:07:06+08:00 ] 183.226.185.249 /index.php?m=message&a=tips
ERR: Table 'pinping.mx_cycel' doesn't exist
 [ SQL语句 ] : SHOW COLUMNS FROM `mx_cycel`
ERR: Table 'pinping.mx_cycel' doesn't exist
 [ SQL语句 ] : SELECT * FROM `mx_cycel` WHERE ( `create_role_id` = '1' ) AND ( `start_time` <= 1526918400 ) AND ( `end_time` >= 1526831999 ) 

[ 2018-05-21T15:09:10+08:00 ] 183.226.185.249 /index.php?m=message&a=tips
ERR: Table 'pinping.mx_cycel' doesn't exist
 [ SQL语句 ] : SHOW COLUMNS FROM `mx_cycel`
ERR: Table 'pinping.mx_cycel' doesn't exist
 [ SQL语句 ] : SELECT * FROM `mx_cycel` WHERE ( `create_role_id` = '1' ) AND ( `start_time` <= 1526918400 ) AND ( `end_time` >= 1526831999 ) 

[ 2018-05-21T15:14:51+08:00 ] 183.226.185.249 /index.php?m=message&a=tips
ERR: Table 'pinping.mx_cycel' doesn't exist
 [ SQL语句 ] : SHOW COLUMNS FROM `mx_cycel`
ERR: Table 'pinping.mx_cycel' doesn't exist
 [ SQL语句 ] : SELECT * FROM `mx_cycel` WHERE ( `create_role_id` = '1' ) AND ( `start_time` <= 1526918400 ) AND ( `end_time` >= 1526831999 ) 

[ 2018-05-21T15:20:01+08:00 ] 183.226.185.249 /index.php?m=message&a=tips
ERR: Table 'pinping.mx_cycel' doesn't exist
 [ SQL语句 ] : SHOW COLUMNS FROM `mx_cycel`
ERR: Table 'pinping.mx_cycel' doesn't exist
 [ SQL语句 ] : SELECT * FROM `mx_cycel` WHERE ( `create_role_id` = '1' ) AND ( `start_time` <= 1526918400 ) AND ( `end_time` >= 1526831999 ) 

[ 2018-05-21T15:21:43+08:00 ] 183.226.185.249 /index.php?m=message&a=tips
ERR: Table 'pinping.mx_cycel' doesn't exist
 [ SQL语句 ] : SHOW COLUMNS FROM `mx_cycel`
ERR: Table 'pinping.mx_cycel' doesn't exist
 [ SQL语句 ] : SELECT * FROM `mx_cycel` WHERE ( `create_role_id` = '1' ) AND ( `start_time` <= 1526918400 ) AND ( `end_time` >= 1526831999 ) 

[ 2018-05-21T15:36:33+08:00 ] 183.226.185.249 /index.php?m=message&a=tips
ERR: Table 'pinping.mx_cycel' doesn't exist
 [ SQL语句 ] : SHOW COLUMNS FROM `mx_cycel`
ERR: Table 'pinping.mx_cycel' doesn't exist
 [ SQL语句 ] : SELECT * FROM `mx_cycel` WHERE ( `create_role_id` = '1' ) AND ( `start_time` <= 1526918400 ) AND ( `end_time` >= 1526831999 ) 

[ 2018-05-21T15:42:45+08:00 ] 183.226.185.249 /index.php?m=message&a=tips
ERR: Table 'pinping.mx_cycel' doesn't exist
 [ SQL语句 ] : SHOW COLUMNS FROM `mx_cycel`
ERR: Table 'pinping.mx_cycel' doesn't exist
 [ SQL语句 ] : SELECT * FROM `mx_cycel` WHERE ( `create_role_id` = '1' ) AND ( `start_time` <= 1526918400 ) AND ( `end_time` >= 1526831999 ) 

[ 2018-05-21T15:47:33+08:00 ] 183.226.185.249 /index.php?m=message&a=tips
ERR: Table 'pinping.mx_cycel' doesn't exist
 [ SQL语句 ] : SHOW COLUMNS FROM `mx_cycel`
ERR: Table 'pinping.mx_cycel' doesn't exist
 [ SQL语句 ] : SELECT * FROM `mx_cycel` WHERE ( `create_role_id` = '1' ) AND ( `start_time` <= 1526918400 ) AND ( `end_time` >= 1526831999 ) 

[ 2018-05-21T15:49:59+08:00 ] 183.226.185.249 /index.php?m=message&a=tips
ERR: Table 'pinping.mx_cycel' doesn't exist
 [ SQL语句 ] : SHOW COLUMNS FROM `mx_cycel`
ERR: Table 'pinping.mx_cycel' doesn't exist
 [ SQL语句 ] : SELECT * FROM `mx_cycel` WHERE ( `create_role_id` = '1' ) AND ( `start_time` <= 1526918400 ) AND ( `end_time` >= 1526831999 ) 

[ 2018-05-21T15:53:36+08:00 ] 183.226.185.249 /index.php?m=message&a=tips
ERR: Table 'pinping.mx_cycel' doesn't exist
 [ SQL语句 ] : SHOW COLUMNS FROM `mx_cycel`
ERR: Table 'pinping.mx_cycel' doesn't exist
 [ SQL语句 ] : SELECT * FROM `mx_cycel` WHERE ( `create_role_id` = '1' ) AND ( `start_time` <= 1526918400 ) AND ( `end_time` >= 1526831999 ) 

[ 2018-05-21T15:54:47+08:00 ] 183.226.185.249 /index.php?m=message&a=tips
ERR: Table 'pinping.mx_cycel' doesn't exist
 [ SQL语句 ] : SHOW COLUMNS FROM `mx_cycel`
ERR: Table 'pinping.mx_cycel' doesn't exist
 [ SQL语句 ] : SELECT * FROM `mx_cycel` WHERE ( `create_role_id` = '1' ) AND ( `start_time` <= 1526918400 ) AND ( `end_time` >= 1526831999 ) 

[ 2018-05-21T16:17:31+08:00 ] 183.226.185.249 /index.php?m=message&a=tips
ERR: Table 'pinping.mx_cycel' doesn't exist
 [ SQL语句 ] : SHOW COLUMNS FROM `mx_cycel`
ERR: Table 'pinping.mx_cycel' doesn't exist
 [ SQL语句 ] : SELECT * FROM `mx_cycel` WHERE ( `create_role_id` = '1' ) AND ( `start_time` <= 1526918400 ) AND ( `end_time` >= 1526831999 ) 

[ 2018-05-21T16:22:10+08:00 ] 183.226.185.249 /index.php?m=message&a=tips
ERR: Table 'pinping.mx_cycel' doesn't exist
 [ SQL语句 ] : SHOW COLUMNS FROM `mx_cycel`
ERR: Table 'pinping.mx_cycel' doesn't exist
 [ SQL语句 ] : SELECT * FROM `mx_cycel` WHERE ( `create_role_id` = '1' ) AND ( `start_time` <= 1526918400 ) AND ( `end_time` >= 1526831999 ) 

[ 2018-05-21T16:24:45+08:00 ] 183.226.185.249 /index.php?m=message&a=tips
ERR: Table 'pinping.mx_cycel' doesn't exist
 [ SQL语句 ] : SHOW COLUMNS FROM `mx_cycel`
ERR: Table 'pinping.mx_cycel' doesn't exist
 [ SQL语句 ] : SELECT * FROM `mx_cycel` WHERE ( `create_role_id` = '1' ) AND ( `start_time` <= 1526918400 ) AND ( `end_time` >= 1526831999 ) 

[ 2018-05-21T16:26:40+08:00 ] 183.226.185.249 /index.php?m=message&a=tips
ERR: Table 'pinping.mx_cycel' doesn't exist
 [ SQL语句 ] : SHOW COLUMNS FROM `mx_cycel`
ERR: Table 'pinping.mx_cycel' doesn't exist
 [ SQL语句 ] : SELECT * FROM `mx_cycel` WHERE ( `create_role_id` = '1' ) AND ( `start_time` <= 1526918400 ) AND ( `end_time` >= 1526831999 ) 

[ 2018-05-21T16:35:05+08:00 ] 183.226.185.249 /index.php?m=message&a=tips
ERR: Table 'pinping.mx_cycel' doesn't exist
 [ SQL语句 ] : SHOW COLUMNS FROM `mx_cycel`
ERR: Table 'pinping.mx_cycel' doesn't exist
 [ SQL语句 ] : SELECT * FROM `mx_cycel` WHERE ( `create_role_id` = '1' ) AND ( `start_time` <= 1526918400 ) AND ( `end_time` >= 1526831999 ) 

[ 2018-05-21T16:36:07+08:00 ] 183.226.185.249 /index.php?m=message&a=tips
ERR: Table 'pinping.mx_cycel' doesn't exist
 [ SQL语句 ] : SHOW COLUMNS FROM `mx_cycel`
ERR: Table 'pinping.mx_cycel' doesn't exist
 [ SQL语句 ] : SELECT * FROM `mx_cycel` WHERE ( `create_role_id` = '1' ) AND ( `start_time` <= 1526918400 ) AND ( `end_time` >= 1526831999 ) 

[ 2018-05-21T16:37:32+08:00 ] 183.226.185.249 /index.php?m=message&a=tips
ERR: Table 'pinping.mx_cycel' doesn't exist
 [ SQL语句 ] : SHOW COLUMNS FROM `mx_cycel`
ERR: Table 'pinping.mx_cycel' doesn't exist
 [ SQL语句 ] : SELECT * FROM `mx_cycel` WHERE ( `create_role_id` = '1' ) AND ( `start_time` <= 1526918400 ) AND ( `end_time` >= 1526831999 ) 

[ 2018-05-21T16:40:06+08:00 ] 183.226.185.249 /index.php?m=message&a=tips
ERR: Table 'pinping.mx_cycel' doesn't exist
 [ SQL语句 ] : SHOW COLUMNS FROM `mx_cycel`
ERR: Table 'pinping.mx_cycel' doesn't exist
 [ SQL语句 ] : SELECT * FROM `mx_cycel` WHERE ( `create_role_id` = '1' ) AND ( `start_time` <= 1526918400 ) AND ( `end_time` >= 1526831999 ) 

[ 2018-05-21T16:41:17+08:00 ] 183.226.185.249 /index.php?m=message&a=tips
ERR: Table 'pinping.mx_cycel' doesn't exist
 [ SQL语句 ] : SHOW COLUMNS FROM `mx_cycel`
ERR: Table 'pinping.mx_cycel' doesn't exist
 [ SQL语句 ] : SELECT * FROM `mx_cycel` WHERE ( `create_role_id` = '1' ) AND ( `start_time` <= 1526918400 ) AND ( `end_time` >= 1526831999 ) 

[ 2018-05-21T16:43:43+08:00 ] 183.226.185.249 /index.php?m=message&a=tips
ERR: Table 'pinping.mx_cycel' doesn't exist
 [ SQL语句 ] : SHOW COLUMNS FROM `mx_cycel`
ERR: Table 'pinping.mx_cycel' doesn't exist
 [ SQL语句 ] : SELECT * FROM `mx_cycel` WHERE ( `create_role_id` = '1' ) AND ( `start_time` <= 1526918400 ) AND ( `end_time` >= 1526831999 ) 

[ 2018-05-21T16:46:58+08:00 ] 183.226.185.249 /index.php?m=message&a=tips
ERR: Table 'pinping.mx_cycel' doesn't exist
 [ SQL语句 ] : SHOW COLUMNS FROM `mx_cycel`
ERR: Table 'pinping.mx_cycel' doesn't exist
 [ SQL语句 ] : SELECT * FROM `mx_cycel` WHERE ( `create_role_id` = '1' ) AND ( `start_time` <= 1526918400 ) AND ( `end_time` >= 1526831999 ) 

[ 2018-05-21T16:51:28+08:00 ] 183.226.185.249 /index.php?m=message&a=tips
ERR: Table 'pinping.mx_cycel' doesn't exist
 [ SQL语句 ] : SHOW COLUMNS FROM `mx_cycel`
ERR: Table 'pinping.mx_cycel' doesn't exist
 [ SQL语句 ] : SELECT * FROM `mx_cycel` WHERE ( `create_role_id` = '1' ) AND ( `start_time` <= 1526918400 ) AND ( `end_time` >= 1526831999 ) 

[ 2018-05-21T16:54:12+08:00 ] 183.226.185.249 /index.php?m=message&a=tips
ERR: Table 'pinping.mx_cycel' doesn't exist
 [ SQL语句 ] : SHOW COLUMNS FROM `mx_cycel`
ERR: Table 'pinping.mx_cycel' doesn't exist
 [ SQL语句 ] : SELECT * FROM `mx_cycel` WHERE ( `create_role_id` = '1' ) AND ( `start_time` <= 1526918400 ) AND ( `end_time` >= 1526831999 ) 

[ 2018-05-21T16:55:14+08:00 ] 183.226.185.249 /index.php?m=message&a=tips
ERR: Table 'pinping.mx_cycel' doesn't exist
 [ SQL语句 ] : SHOW COLUMNS FROM `mx_cycel`
ERR: Table 'pinping.mx_cycel' doesn't exist
 [ SQL语句 ] : SELECT * FROM `mx_cycel` WHERE ( `create_role_id` = '1' ) AND ( `start_time` <= 1526918400 ) AND ( `end_time` >= 1526831999 ) 

[ 2018-05-21T17:06:35+08:00 ] 183.226.185.249 /index.php?m=message&a=tips
ERR: Table 'pinping.mx_cycel' doesn't exist
 [ SQL语句 ] : SHOW COLUMNS FROM `mx_cycel`
ERR: Table 'pinping.mx_cycel' doesn't exist
 [ SQL语句 ] : SELECT * FROM `mx_cycel` WHERE ( `create_role_id` = '1' ) AND ( `start_time` <= 1526918400 ) AND ( `end_time` >= 1526831999 ) 

[ 2018-05-21T17:08:39+08:00 ] 183.226.185.249 /index.php?m=message&a=tips
ERR: Table 'pinping.mx_cycel' doesn't exist
 [ SQL语句 ] : SHOW COLUMNS FROM `mx_cycel`
ERR: Table 'pinping.mx_cycel' doesn't exist
 [ SQL语句 ] : SELECT * FROM `mx_cycel` WHERE ( `create_role_id` = '1' ) AND ( `start_time` <= 1526918400 ) AND ( `end_time` >= 1526831999 ) 

[ 2018-05-21T17:09:42+08:00 ] 183.226.185.249 /index.php?m=message&a=tips
ERR: Table 'pinping.mx_cycel' doesn't exist
 [ SQL语句 ] : SHOW COLUMNS FROM `mx_cycel`
ERR: Table 'pinping.mx_cycel' doesn't exist
 [ SQL语句 ] : SELECT * FROM `mx_cycel` WHERE ( `create_role_id` = '1' ) AND ( `start_time` <= 1526918400 ) AND ( `end_time` >= 1526831999 ) 

[ 2018-05-21T17:11:38+08:00 ] 183.226.185.249 /index.php?m=message&a=tips
ERR: Table 'pinping.mx_cycel' doesn't exist
 [ SQL语句 ] : SHOW COLUMNS FROM `mx_cycel`
ERR: Table 'pinping.mx_cycel' doesn't exist
 [ SQL语句 ] : SELECT * FROM `mx_cycel` WHERE ( `create_role_id` = '1' ) AND ( `start_time` <= 1526918400 ) AND ( `end_time` >= 1526831999 ) 

[ 2018-05-21T17:14:09+08:00 ] 14.106.170.69 /index.php?m=user&a=login
ERR: Table 'pinping.mx_carousel_images' doesn't exist
 [ SQL语句 ] : SHOW COLUMNS FROM `mx_carousel_images`
ERR: Table 'pinping.mx_carousel_images' doesn't exist
 [ SQL语句 ] : SELECT * FROM `mx_carousel_images` ORDER BY listorder 

[ 2018-05-21T17:14:21+08:00 ] 183.226.185.249 /index.php?m=message&a=tips
ERR: Table 'pinping.mx_cycel' doesn't exist
 [ SQL语句 ] : SHOW COLUMNS FROM `mx_cycel`
ERR: Table 'pinping.mx_cycel' doesn't exist
 [ SQL语句 ] : SELECT * FROM `mx_cycel` WHERE ( `create_role_id` = '1' ) AND ( `start_time` <= 1526918400 ) AND ( `end_time` >= 1526831999 ) 

[ 2018-05-21T17:14:28+08:00 ] 14.106.170.69 /index.php?m=index&a=index
ERR: You have an error in your SQL syntax; check the manual that corresponds to your MySQL server version for the right syntax to use near ') )' at line 1
 [ SQL语句 ] : SELECT `receivables_id`,`price` FROM `mx_receivables` WHERE ( `contract_id` IN () ) 
ERR: You have an error in your SQL syntax; check the manual that corresponds to your MySQL server version for the right syntax to use near ') ) AND ( `status` = 1 ) LIMIT 1' at line 1
 [ SQL语句 ] : SELECT SUM(money) AS tp_sum FROM `mx_receivingorder` WHERE ( `receivables_id` IN () ) AND ( `status` = 1 ) LIMIT 1  
ERR: You have an error in your SQL syntax; check the manual that corresponds to your MySQL server version for the right syntax to use near ') ) AND ( `status` = 1 ) AND (  (`pay_time` BETWEEN 1525104000 AND 1527782400 ) ' at line 1
 [ SQL语句 ] : SELECT SUM(money) AS tp_sum FROM `mx_receivingorder` WHERE ( `receivables_id` IN () ) AND ( `status` = 1 ) AND (  (`pay_time` BETWEEN 1525104000 AND 1527782400 ) ) LIMIT 1  
ERR: You have an error in your SQL syntax; check the manual that corresponds to your MySQL server version for the right syntax to use near ') ) AND ( `status` = 1 ) AND (  (`pay_time` BETWEEN 1526832000 AND 1527436800 ) ' at line 1
 [ SQL语句 ] : SELECT SUM(money) AS tp_sum FROM `mx_receivingorder` WHERE ( `receivables_id` IN () ) AND ( `status` = 1 ) AND (  (`pay_time` BETWEEN 1526832000 AND 1527436800 ) ) LIMIT 1  
ERR: You have an error in your SQL syntax; check the manual that corresponds to your MySQL server version for the right syntax to use near ') ) AND ( `status` = 1 ) AND (  (`pay_time` BETWEEN 1514736000 AND 1546272000 ) ' at line 1
 [ SQL语句 ] : SELECT SUM(money) AS tp_sum FROM `mx_receivingorder` WHERE ( `receivables_id` IN () ) AND ( `status` = 1 ) AND (  (`pay_time` BETWEEN 1514736000 AND 1546272000 ) ) LIMIT 1  

[ 2018-05-21T17:15:46+08:00 ] 183.226.185.249 /index.php?m=message&a=tips
ERR: Table 'pinping.mx_cycel' doesn't exist
 [ SQL语句 ] : SHOW COLUMNS FROM `mx_cycel`
ERR: Table 'pinping.mx_cycel' doesn't exist
 [ SQL语句 ] : SELECT * FROM `mx_cycel` WHERE ( `create_role_id` = '1' ) AND ( `start_time` <= 1526918400 ) AND ( `end_time` >= 1526831999 ) 

[ 2018-05-21T17:17:19+08:00 ] 183.226.185.249 /index.php?m=message&a=tips
ERR: Table 'pinping.mx_cycel' doesn't exist
 [ SQL语句 ] : SHOW COLUMNS FROM `mx_cycel`
ERR: Table 'pinping.mx_cycel' doesn't exist
 [ SQL语句 ] : SELECT * FROM `mx_cycel` WHERE ( `create_role_id` = '1' ) AND ( `start_time` <= 1526918400 ) AND ( `end_time` >= 1526831999 ) 

[ 2018-05-21T17:18:13+08:00 ] 14.106.170.69 /index.php?m=message&a=tips
ERR: Table 'pinping.mx_cycel' doesn't exist
 [ SQL语句 ] : SHOW COLUMNS FROM `mx_cycel`
ERR: Table 'pinping.mx_cycel' doesn't exist
 [ SQL语句 ] : SELECT * FROM `mx_cycel` WHERE ( `create_role_id` = '1' ) AND ( `start_time` <= 1526918400 ) AND ( `end_time` >= 1526831999 ) 

[ 2018-05-21T17:28:41+08:00 ] 183.226.185.249 /index.php?m=message&a=tips
ERR: Table 'pinping.mx_cycel' doesn't exist
 [ SQL语句 ] : SHOW COLUMNS FROM `mx_cycel`
ERR: Table 'pinping.mx_cycel' doesn't exist
 [ SQL语句 ] : SELECT * FROM `mx_cycel` WHERE ( `create_role_id` = '1' ) AND ( `start_time` <= 1526918400 ) AND ( `end_time` >= 1526831999 ) 

[ 2018-05-21T17:30:53+08:00 ] 183.226.185.249 /index.php?m=message&a=tips
ERR: Table 'pinping.mx_cycel' doesn't exist
 [ SQL语句 ] : SHOW COLUMNS FROM `mx_cycel`
ERR: Table 'pinping.mx_cycel' doesn't exist
 [ SQL语句 ] : SELECT * FROM `mx_cycel` WHERE ( `create_role_id` = '1' ) AND ( `start_time` <= 1526918400 ) AND ( `end_time` >= 1526831999 ) 

[ 2018-05-21T17:34:53+08:00 ] 183.226.185.249 /index.php?m=message&a=tips
ERR: Table 'pinping.mx_cycel' doesn't exist
 [ SQL语句 ] : SHOW COLUMNS FROM `mx_cycel`
ERR: Table 'pinping.mx_cycel' doesn't exist
 [ SQL语句 ] : SELECT * FROM `mx_cycel` WHERE ( `create_role_id` = '1' ) AND ( `start_time` <= 1526918400 ) AND ( `end_time` >= 1526831999 ) 

[ 2018-05-21T17:37:04+08:00 ] 183.226.185.249 /index.php?m=message&a=tips
ERR: Table 'pinping.mx_cycel' doesn't exist
 [ SQL语句 ] : SHOW COLUMNS FROM `mx_cycel`
ERR: Table 'pinping.mx_cycel' doesn't exist
 [ SQL语句 ] : SELECT * FROM `mx_cycel` WHERE ( `create_role_id` = '1' ) AND ( `start_time` <= 1526918400 ) AND ( `end_time` >= 1526831999 ) 

[ 2018-05-21T17:45:18+08:00 ] 183.226.185.249 /index.php?m=message&a=tips
ERR: Table 'pinping.mx_cycel' doesn't exist
 [ SQL语句 ] : SHOW COLUMNS FROM `mx_cycel`
ERR: Table 'pinping.mx_cycel' doesn't exist
 [ SQL语句 ] : SELECT * FROM `mx_cycel` WHERE ( `create_role_id` = '1' ) AND ( `start_time` <= 1526918400 ) AND ( `end_time` >= 1526831999 ) 

[ 2018-05-21T17:46:20+08:00 ] 183.226.185.249 /index.php?m=message&a=tips
ERR: Table 'pinping.mx_cycel' doesn't exist
 [ SQL语句 ] : SHOW COLUMNS FROM `mx_cycel`
ERR: Table 'pinping.mx_cycel' doesn't exist
 [ SQL语句 ] : SELECT * FROM `mx_cycel` WHERE ( `create_role_id` = '1' ) AND ( `start_time` <= 1526918400 ) AND ( `end_time` >= 1526831999 ) 

[ 2018-05-21T17:54:31+08:00 ] 183.226.185.249 /index.php?m=message&a=tips
ERR: Table 'pinping.mx_cycel' doesn't exist
 [ SQL语句 ] : SHOW COLUMNS FROM `mx_cycel`
ERR: Table 'pinping.mx_cycel' doesn't exist
 [ SQL语句 ] : SELECT * FROM `mx_cycel` WHERE ( `create_role_id` = '1' ) AND ( `start_time` <= 1526918400 ) AND ( `end_time` >= 1526831999 ) 

[ 2018-05-21T17:56:09+08:00 ] 183.226.185.249 /index.php?m=message&a=tips
ERR: Table 'pinping.mx_cycel' doesn't exist
 [ SQL语句 ] : SHOW COLUMNS FROM `mx_cycel`
ERR: Table 'pinping.mx_cycel' doesn't exist
 [ SQL语句 ] : SELECT * FROM `mx_cycel` WHERE ( `create_role_id` = '1' ) AND ( `start_time` <= 1526918400 ) AND ( `end_time` >= 1526831999 ) 

[ 2018-05-21T18:04:25+08:00 ] 183.226.185.249 /index.php?m=message&a=tips
ERR: Table 'pinping.mx_cycel' doesn't exist
 [ SQL语句 ] : SHOW COLUMNS FROM `mx_cycel`
ERR: Table 'pinping.mx_cycel' doesn't exist
 [ SQL语句 ] : SELECT * FROM `mx_cycel` WHERE ( `create_role_id` = '1' ) AND ( `start_time` <= 1526918400 ) AND ( `end_time` >= 1526831999 ) 

[ 2018-05-21T18:17:14+08:00 ] 183.226.185.249 /index.php?m=message&a=tips
ERR: Table 'pinping.mx_cycel' doesn't exist
 [ SQL语句 ] : SHOW COLUMNS FROM `mx_cycel`
ERR: Table 'pinping.mx_cycel' doesn't exist
 [ SQL语句 ] : SELECT * FROM `mx_cycel` WHERE ( `create_role_id` = '1' ) AND ( `start_time` <= 1526918400 ) AND ( `end_time` >= 1526831999 ) 

[ 2018-05-21T18:18:47+08:00 ] 183.226.185.249 /index.php?m=message&a=tips
ERR: Table 'pinping.mx_cycel' doesn't exist
 [ SQL语句 ] : SHOW COLUMNS FROM `mx_cycel`
ERR: Table 'pinping.mx_cycel' doesn't exist
 [ SQL语句 ] : SELECT * FROM `mx_cycel` WHERE ( `create_role_id` = '1' ) AND ( `start_time` <= 1526918400 ) AND ( `end_time` >= 1526831999 ) 

[ 2018-05-21T18:27:03+08:00 ] 183.226.185.249 /index.php?m=message&a=tips
ERR: Table 'pinping.mx_cycel' doesn't exist
 [ SQL语句 ] : SHOW COLUMNS FROM `mx_cycel`
ERR: Table 'pinping.mx_cycel' doesn't exist
 [ SQL语句 ] : SELECT * FROM `mx_cycel` WHERE ( `create_role_id` = '1' ) AND ( `start_time` <= 1526918400 ) AND ( `end_time` >= 1526831999 ) 

[ 2018-05-21T18:29:38+08:00 ] 183.226.185.249 /index.php?m=message&a=tips
ERR: Table 'pinping.mx_cycel' doesn't exist
 [ SQL语句 ] : SHOW COLUMNS FROM `mx_cycel`
ERR: Table 'pinping.mx_cycel' doesn't exist
 [ SQL语句 ] : SELECT * FROM `mx_cycel` WHERE ( `create_role_id` = '1' ) AND ( `start_time` <= 1526918400 ) AND ( `end_time` >= 1526831999 ) 

[ 2018-05-21T18:35:19+08:00 ] 183.226.185.249 /index.php?m=message&a=tips
ERR: Table 'pinping.mx_cycel' doesn't exist
 [ SQL语句 ] : SHOW COLUMNS FROM `mx_cycel`
ERR: Table 'pinping.mx_cycel' doesn't exist
 [ SQL语句 ] : SELECT * FROM `mx_cycel` WHERE ( `create_role_id` = '1' ) AND ( `start_time` <= 1526918400 ) AND ( `end_time` >= 1526831999 ) 

[ 2018-05-21T18:43:04+08:00 ] 183.226.185.249 /index.php?m=message&a=tips
ERR: Table 'pinping.mx_cycel' doesn't exist
 [ SQL语句 ] : SHOW COLUMNS FROM `mx_cycel`
ERR: Table 'pinping.mx_cycel' doesn't exist
 [ SQL语句 ] : SELECT * FROM `mx_cycel` WHERE ( `create_role_id` = '1' ) AND ( `start_time` <= 1526918400 ) AND ( `end_time` >= 1526831999 ) 

[ 2018-05-21T18:49:52+08:00 ] 183.226.185.249 /index.php?m=message&a=tips
ERR: Table 'pinping.mx_cycel' doesn't exist
 [ SQL语句 ] : SHOW COLUMNS FROM `mx_cycel`
ERR: Table 'pinping.mx_cycel' doesn't exist
 [ SQL语句 ] : SELECT * FROM `mx_cycel` WHERE ( `create_role_id` = '1' ) AND ( `start_time` <= 1526918400 ) AND ( `end_time` >= 1526831999 ) 

[ 2018-05-21T18:53:29+08:00 ] 183.226.185.249 /index.php?m=message&a=tips
ERR: Table 'pinping.mx_cycel' doesn't exist
 [ SQL语句 ] : SHOW COLUMNS FROM `mx_cycel`
ERR: Table 'pinping.mx_cycel' doesn't exist
 [ SQL语句 ] : SELECT * FROM `mx_cycel` WHERE ( `create_role_id` = '1' ) AND ( `start_time` <= 1526918400 ) AND ( `end_time` >= 1526831999 ) 

[ 2018-05-21T19:15:58+08:00 ] 106.11.242.126 /index.php?m=user&a=login
ERR: Table 'pinping.mx_carousel_images' doesn't exist
 [ SQL语句 ] : SHOW COLUMNS FROM `mx_carousel_images`
ERR: Table 'pinping.mx_carousel_images' doesn't exist
 [ SQL语句 ] : SELECT * FROM `mx_carousel_images` ORDER BY listorder 

