[ 2018-07-25T09:53:18+08:00 ] 183.228.53.85 /index.php?m=user&a=login
ERR: Table 'pinping.mx_carousel_images' doesn't exist
 [ SQL语句 ] : SHOW COLUMNS FROM `mx_carousel_images`
ERR: Table 'pinping.mx_carousel_images' doesn't exist
 [ SQL语句 ] : SELECT * FROM `mx_carousel_images` ORDER BY listorder 

[ 2018-07-25T09:53:26+08:00 ] 183.228.53.85 /index.php?m=index&a=index
ERR: You have an error in your SQL syntax; check the manual that corresponds to your MySQL server version for the right syntax to use near ') )' at line 1
 [ SQL语句 ] : SELECT `receivables_id`,`price` FROM `mx_receivables` WHERE ( `contract_id` IN () ) 
ERR: You have an error in your SQL syntax; check the manual that corresponds to your MySQL server version for the right syntax to use near ') ) AND ( `status` = 1 ) LIMIT 1' at line 1
 [ SQL语句 ] : SELECT SUM(money) AS tp_sum FROM `mx_receivingorder` WHERE ( `receivables_id` IN () ) AND ( `status` = 1 ) LIMIT 1  
ERR: You have an error in your SQL syntax; check the manual that corresponds to your MySQL server version for the right syntax to use near ') ) AND ( `status` = 1 ) AND (  (`pay_time` BETWEEN 1530374400 AND 1533052800 ) ' at line 1
 [ SQL语句 ] : SELECT SUM(money) AS tp_sum FROM `mx_receivingorder` WHERE ( `receivables_id` IN () ) AND ( `status` = 1 ) AND (  (`pay_time` BETWEEN 1530374400 AND 1533052800 ) ) LIMIT 1  
ERR: You have an error in your SQL syntax; check the manual that corresponds to your MySQL server version for the right syntax to use near ') ) AND ( `status` = 1 ) AND (  (`pay_time` BETWEEN 1532275200 AND 1532880000 ) ' at line 1
 [ SQL语句 ] : SELECT SUM(money) AS tp_sum FROM `mx_receivingorder` WHERE ( `receivables_id` IN () ) AND ( `status` = 1 ) AND (  (`pay_time` BETWEEN 1532275200 AND 1532880000 ) ) LIMIT 1  
ERR: You have an error in your SQL syntax; check the manual that corresponds to your MySQL server version for the right syntax to use near ') ) AND ( `status` = 1 ) AND (  (`pay_time` BETWEEN 1514736000 AND 1546272000 ) ' at line 1
 [ SQL语句 ] : SELECT SUM(money) AS tp_sum FROM `mx_receivingorder` WHERE ( `receivables_id` IN () ) AND ( `status` = 1 ) AND (  (`pay_time` BETWEEN 1514736000 AND 1546272000 ) ) LIMIT 1  

[ 2018-07-25T09:58:33+08:00 ] 183.228.53.85 /index.php?m=event&a=indexdata&start=1529856000&end=1533484800&_=1532483906438
ERR: Table 'pinping.mx_cycel' doesn't exist
 [ SQL语句 ] : SHOW COLUMNS FROM `mx_cycel`
ERR: Table 'pinping.mx_cycel' doesn't exist
 [ SQL语句 ] : SELECT * FROM `mx_cycel` WHERE ( `create_role_id` = '1' ) AND ( `start_time` <= '1533484800' ) AND ( `end_time` >= '1529856000' ) 

[ 2018-07-25T09:59:04+08:00 ] 183.228.53.85 /index.php?m=business&a=listDialog
ERR: Unknown column 'contacts_name' in 'field list'
 [ SQL语句 ] : SELECT `contacts_name`,`telephone` FROM `mx_contacts` WHERE ( is_deleted = 0 and contacts_id = 0 ) LIMIT 1  
ERR: Unknown column 'contacts_name' in 'field list'
 [ SQL语句 ] : SELECT `contacts_name`,`telephone` FROM `mx_contacts` WHERE ( is_deleted = 0 and contacts_id = 0 ) LIMIT 1  
ERR: Unknown column 'contacts_name' in 'field list'
 [ SQL语句 ] : SELECT `contacts_name`,`telephone` FROM `mx_contacts` WHERE ( is_deleted = 0 and contacts_id = 0 ) LIMIT 1  
ERR: Unknown column 'contacts_name' in 'field list'
 [ SQL语句 ] : SELECT `contacts_name`,`telephone` FROM `mx_contacts` WHERE ( is_deleted = 0 and contacts_id = 22 ) LIMIT 1  
ERR: Unknown column 'contacts_name' in 'field list'
 [ SQL语句 ] : SELECT `contacts_name`,`telephone` FROM `mx_contacts` WHERE ( is_deleted = 0 and contacts_id = 13 ) LIMIT 1  
ERR: Unknown column 'contacts_name' in 'field list'
 [ SQL语句 ] : SELECT `contacts_name`,`telephone` FROM `mx_contacts` WHERE ( is_deleted = 0 and contacts_id = 13 ) LIMIT 1  
ERR: Unknown column 'contacts_name' in 'field list'
 [ SQL语句 ] : SELECT `contacts_name`,`telephone` FROM `mx_contacts` WHERE ( is_deleted = 0 and contacts_id = 13 ) LIMIT 1  
ERR: Unknown column 'contacts_name' in 'field list'
 [ SQL语句 ] : SELECT `contacts_name`,`telephone` FROM `mx_contacts` WHERE ( is_deleted = 0 and contacts_id = 13 ) LIMIT 1  
ERR: Unknown column 'contacts_name' in 'field list'
 [ SQL语句 ] : SELECT `contacts_name`,`telephone` FROM `mx_contacts` WHERE ( is_deleted = 0 and contacts_id = 13 ) LIMIT 1  
ERR: Unknown column 'contacts_name' in 'field list'
 [ SQL语句 ] : SELECT `contacts_name`,`telephone` FROM `mx_contacts` WHERE ( is_deleted = 0 and contacts_id = 13 ) LIMIT 1  

[ 2018-07-25T09:59:09+08:00 ] 183.228.53.85 /index.php?m=business&a=listdialog&p=2
ERR: Unknown column 'contacts_name' in 'field list'
 [ SQL语句 ] : SELECT `contacts_name`,`telephone` FROM `mx_contacts` WHERE ( is_deleted = 0 and contacts_id = 13 ) LIMIT 1  
ERR: Unknown column 'contacts_name' in 'field list'
 [ SQL语句 ] : SELECT `contacts_name`,`telephone` FROM `mx_contacts` WHERE ( is_deleted = 0 and contacts_id = 0 ) LIMIT 1  
ERR: Unknown column 'contacts_name' in 'field list'
 [ SQL语句 ] : SELECT `contacts_name`,`telephone` FROM `mx_contacts` WHERE ( is_deleted = 0 and contacts_id = 21 ) LIMIT 1  
ERR: Unknown column 'contacts_name' in 'field list'
 [ SQL语句 ] : SELECT `contacts_name`,`telephone` FROM `mx_contacts` WHERE ( is_deleted = 0 and contacts_id = 0 ) LIMIT 1  
ERR: Unknown column 'contacts_name' in 'field list'
 [ SQL语句 ] : SELECT `contacts_name`,`telephone` FROM `mx_contacts` WHERE ( is_deleted = 0 and contacts_id = 21 ) LIMIT 1  
ERR: Unknown column 'contacts_name' in 'field list'
 [ SQL语句 ] : SELECT `contacts_name`,`telephone` FROM `mx_contacts` WHERE ( is_deleted = 0 and contacts_id = 19 ) LIMIT 1  
ERR: Unknown column 'contacts_name' in 'field list'
 [ SQL语句 ] : SELECT `contacts_name`,`telephone` FROM `mx_contacts` WHERE ( is_deleted = 0 and contacts_id = 17 ) LIMIT 1  
ERR: Unknown column 'contacts_name' in 'field list'
 [ SQL语句 ] : SELECT `contacts_name`,`telephone` FROM `mx_contacts` WHERE ( is_deleted = 0 and contacts_id = 17 ) LIMIT 1  
ERR: Unknown column 'contacts_name' in 'field list'
 [ SQL语句 ] : SELECT `contacts_name`,`telephone` FROM `mx_contacts` WHERE ( is_deleted = 0 and contacts_id = 18 ) LIMIT 1  
ERR: Unknown column 'contacts_name' in 'field list'
 [ SQL语句 ] : SELECT `contacts_name`,`telephone` FROM `mx_contacts` WHERE ( is_deleted = 0 and contacts_id = 0 ) LIMIT 1  

[ 2018-07-25T09:59:17+08:00 ] 183.228.53.85 /index.php?m=business&a=listdialog&p=3
ERR: Unknown column 'contacts_name' in 'field list'
 [ SQL语句 ] : SELECT `contacts_name`,`telephone` FROM `mx_contacts` WHERE ( is_deleted = 0 and contacts_id = 0 ) LIMIT 1  
ERR: Unknown column 'contacts_name' in 'field list'
 [ SQL语句 ] : SELECT `contacts_name`,`telephone` FROM `mx_contacts` WHERE ( is_deleted = 0 and contacts_id = 18 ) LIMIT 1  
ERR: Unknown column 'contacts_name' in 'field list'
 [ SQL语句 ] : SELECT `contacts_name`,`telephone` FROM `mx_contacts` WHERE ( is_deleted = 0 and contacts_id = 17 ) LIMIT 1  
ERR: Unknown column 'contacts_name' in 'field list'
 [ SQL语句 ] : SELECT `contacts_name`,`telephone` FROM `mx_contacts` WHERE ( is_deleted = 0 and contacts_id = 14 ) LIMIT 1  
ERR: Unknown column 'contacts_name' in 'field list'
 [ SQL语句 ] : SELECT `contacts_name`,`telephone` FROM `mx_contacts` WHERE ( is_deleted = 0 and contacts_id = 14 ) LIMIT 1  
ERR: Unknown column 'contacts_name' in 'field list'
 [ SQL语句 ] : SELECT `contacts_name`,`telephone` FROM `mx_contacts` WHERE ( is_deleted = 0 and contacts_id = 16 ) LIMIT 1  
ERR: Unknown column 'contacts_name' in 'field list'
 [ SQL语句 ] : SELECT `contacts_name`,`telephone` FROM `mx_contacts` WHERE ( is_deleted = 0 and contacts_id = 14 ) LIMIT 1  
ERR: Unknown column 'contacts_name' in 'field list'
 [ SQL语句 ] : SELECT `contacts_name`,`telephone` FROM `mx_contacts` WHERE ( is_deleted = 0 and contacts_id = 0 ) LIMIT 1  
ERR: Unknown column 'contacts_name' in 'field list'
 [ SQL语句 ] : SELECT `contacts_name`,`telephone` FROM `mx_contacts` WHERE ( is_deleted = 0 and contacts_id = 14 ) LIMIT 1  
ERR: Unknown column 'contacts_name' in 'field list'
 [ SQL语句 ] : SELECT `contacts_name`,`telephone` FROM `mx_contacts` WHERE ( is_deleted = 0 and contacts_id = 14 ) LIMIT 1  

[ 2018-07-25T09:59:22+08:00 ] 183.228.53.85 /index.php?m=business&a=listdialog&p=2
ERR: Unknown column 'contacts_name' in 'field list'
 [ SQL语句 ] : SELECT `contacts_name`,`telephone` FROM `mx_contacts` WHERE ( is_deleted = 0 and contacts_id = 13 ) LIMIT 1  
ERR: Unknown column 'contacts_name' in 'field list'
 [ SQL语句 ] : SELECT `contacts_name`,`telephone` FROM `mx_contacts` WHERE ( is_deleted = 0 and contacts_id = 0 ) LIMIT 1  
ERR: Unknown column 'contacts_name' in 'field list'
 [ SQL语句 ] : SELECT `contacts_name`,`telephone` FROM `mx_contacts` WHERE ( is_deleted = 0 and contacts_id = 21 ) LIMIT 1  
ERR: Unknown column 'contacts_name' in 'field list'
 [ SQL语句 ] : SELECT `contacts_name`,`telephone` FROM `mx_contacts` WHERE ( is_deleted = 0 and contacts_id = 0 ) LIMIT 1  
ERR: Unknown column 'contacts_name' in 'field list'
 [ SQL语句 ] : SELECT `contacts_name`,`telephone` FROM `mx_contacts` WHERE ( is_deleted = 0 and contacts_id = 21 ) LIMIT 1  
ERR: Unknown column 'contacts_name' in 'field list'
 [ SQL语句 ] : SELECT `contacts_name`,`telephone` FROM `mx_contacts` WHERE ( is_deleted = 0 and contacts_id = 19 ) LIMIT 1  
ERR: Unknown column 'contacts_name' in 'field list'
 [ SQL语句 ] : SELECT `contacts_name`,`telephone` FROM `mx_contacts` WHERE ( is_deleted = 0 and contacts_id = 17 ) LIMIT 1  
ERR: Unknown column 'contacts_name' in 'field list'
 [ SQL语句 ] : SELECT `contacts_name`,`telephone` FROM `mx_contacts` WHERE ( is_deleted = 0 and contacts_id = 17 ) LIMIT 1  
ERR: Unknown column 'contacts_name' in 'field list'
 [ SQL语句 ] : SELECT `contacts_name`,`telephone` FROM `mx_contacts` WHERE ( is_deleted = 0 and contacts_id = 18 ) LIMIT 1  
ERR: Unknown column 'contacts_name' in 'field list'
 [ SQL语句 ] : SELECT `contacts_name`,`telephone` FROM `mx_contacts` WHERE ( is_deleted = 0 and contacts_id = 0 ) LIMIT 1  

[ 2018-07-25T09:59:41+08:00 ] 183.228.53.85 /index.php?m=event&a=indexdata&start=1529856000&end=1533484800&_=1532483906441
ERR: Table 'pinping.mx_cycel' doesn't exist
 [ SQL语句 ] : SHOW COLUMNS FROM `mx_cycel`
ERR: Table 'pinping.mx_cycel' doesn't exist
 [ SQL语句 ] : SELECT * FROM `mx_cycel` WHERE ( `create_role_id` = '1' ) AND ( `start_time` <= '1533484800' ) AND ( `end_time` >= '1529856000' ) 

[ 2018-07-25T09:59:43+08:00 ] 183.228.53.85 /index.php?m=event&a=view&event_id=54&module=business&module_id=0
ERR: Table 'pinping.mx_cycel' doesn't exist
 [ SQL语句 ] : SHOW COLUMNS FROM `mx_cycel`

[ 2018-07-25T10:00:04+08:00 ] 183.228.53.85 /index.php?m=event&a=indexdata&start=1529856000&end=1533484800&_=1532483906443
ERR: Table 'pinping.mx_cycel' doesn't exist
 [ SQL语句 ] : SHOW COLUMNS FROM `mx_cycel`
ERR: Table 'pinping.mx_cycel' doesn't exist
 [ SQL语句 ] : SELECT * FROM `mx_cycel` WHERE ( `create_role_id` = '1' ) AND ( `start_time` <= '1533484800' ) AND ( `end_time` >= '1529856000' ) 

[ 2018-07-25T10:00:24+08:00 ] 183.228.53.85 /index.php?m=index&a=index
ERR: You have an error in your SQL syntax; check the manual that corresponds to your MySQL server version for the right syntax to use near ') )' at line 1
 [ SQL语句 ] : SELECT `receivables_id`,`price` FROM `mx_receivables` WHERE ( `contract_id` IN () ) 
ERR: You have an error in your SQL syntax; check the manual that corresponds to your MySQL server version for the right syntax to use near ') ) AND ( `status` = 1 ) LIMIT 1' at line 1
 [ SQL语句 ] : SELECT SUM(money) AS tp_sum FROM `mx_receivingorder` WHERE ( `receivables_id` IN () ) AND ( `status` = 1 ) LIMIT 1  
ERR: You have an error in your SQL syntax; check the manual that corresponds to your MySQL server version for the right syntax to use near ') ) AND ( `status` = 1 ) AND (  (`pay_time` BETWEEN 1530374400 AND 1533052800 ) ' at line 1
 [ SQL语句 ] : SELECT SUM(money) AS tp_sum FROM `mx_receivingorder` WHERE ( `receivables_id` IN () ) AND ( `status` = 1 ) AND (  (`pay_time` BETWEEN 1530374400 AND 1533052800 ) ) LIMIT 1  
ERR: You have an error in your SQL syntax; check the manual that corresponds to your MySQL server version for the right syntax to use near ') ) AND ( `status` = 1 ) AND (  (`pay_time` BETWEEN 1532275200 AND 1532880000 ) ' at line 1
 [ SQL语句 ] : SELECT SUM(money) AS tp_sum FROM `mx_receivingorder` WHERE ( `receivables_id` IN () ) AND ( `status` = 1 ) AND (  (`pay_time` BETWEEN 1532275200 AND 1532880000 ) ) LIMIT 1  
ERR: You have an error in your SQL syntax; check the manual that corresponds to your MySQL server version for the right syntax to use near ') ) AND ( `status` = 1 ) AND (  (`pay_time` BETWEEN 1514736000 AND 1546272000 ) ' at line 1
 [ SQL语句 ] : SELECT SUM(money) AS tp_sum FROM `mx_receivingorder` WHERE ( `receivables_id` IN () ) AND ( `status` = 1 ) AND (  (`pay_time` BETWEEN 1514736000 AND 1546272000 ) ) LIMIT 1  

[ 2018-07-25T10:30:46+08:00 ] 101.199.121.223 /index.php?m=user&a=login
ERR: Table 'pinping.mx_carousel_images' doesn't exist
 [ SQL语句 ] : SHOW COLUMNS FROM `mx_carousel_images`
ERR: Table 'pinping.mx_carousel_images' doesn't exist
 [ SQL语句 ] : SELECT * FROM `mx_carousel_images` ORDER BY listorder 

[ 2018-07-25T10:31:23+08:00 ] 42.236.10.106 /index.php?m=user&a=login
ERR: Table 'pinping.mx_carousel_images' doesn't exist
 [ SQL语句 ] : SHOW COLUMNS FROM `mx_carousel_images`
ERR: Table 'pinping.mx_carousel_images' doesn't exist
 [ SQL语句 ] : SELECT * FROM `mx_carousel_images` ORDER BY listorder 

[ 2018-07-25T10:31:32+08:00 ] 180.163.220.100 /index.php?m=user&a=login
ERR: Table 'pinping.mx_carousel_images' doesn't exist
 [ SQL语句 ] : SHOW COLUMNS FROM `mx_carousel_images`
ERR: Table 'pinping.mx_carousel_images' doesn't exist
 [ SQL语句 ] : SELECT * FROM `mx_carousel_images` ORDER BY listorder 

