[ 2018-09-21T10:09:52+08:00 ] 183.228.53.71 /index.php?m=user&a=login
ERR: Table 'pinping.mx_carousel_images' doesn't exist
 [ SQL语句 ] : SHOW COLUMNS FROM `mx_carousel_images`
ERR: Table 'pinping.mx_carousel_images' doesn't exist
 [ SQL语句 ] : SELECT * FROM `mx_carousel_images` ORDER BY listorder 

[ 2018-09-21T10:10:06+08:00 ] 183.228.53.71 /index.php?m=user&a=login
ERR: Table 'pinping.mx_carousel_images' doesn't exist
 [ SQL语句 ] : SHOW COLUMNS FROM `mx_carousel_images`
ERR: Table 'pinping.mx_carousel_images' doesn't exist
 [ SQL语句 ] : SELECT * FROM `mx_carousel_images` ORDER BY listorder 

[ 2018-09-21T10:10:19+08:00 ] 183.228.53.71 /index.php?m=index&a=index
ERR: You have an error in your SQL syntax; check the manual that corresponds to your MySQL server version for the right syntax to use near ') )' at line 1
 [ SQL语句 ] : SELECT `receivables_id`,`price` FROM `mx_receivables` WHERE ( `contract_id` IN () ) 
ERR: You have an error in your SQL syntax; check the manual that corresponds to your MySQL server version for the right syntax to use near ') ) AND ( `status` = 1 ) LIMIT 1' at line 1
 [ SQL语句 ] : SELECT SUM(money) AS tp_sum FROM `mx_receivingorder` WHERE ( `receivables_id` IN () ) AND ( `status` = 1 ) LIMIT 1  
ERR: You have an error in your SQL syntax; check the manual that corresponds to your MySQL server version for the right syntax to use near ') ) AND ( `status` = 1 ) AND (  (`pay_time` BETWEEN 1535731200 AND 1538323200 ) ' at line 1
 [ SQL语句 ] : SELECT SUM(money) AS tp_sum FROM `mx_receivingorder` WHERE ( `receivables_id` IN () ) AND ( `status` = 1 ) AND (  (`pay_time` BETWEEN 1535731200 AND 1538323200 ) ) LIMIT 1  
ERR: You have an error in your SQL syntax; check the manual that corresponds to your MySQL server version for the right syntax to use near ') ) AND ( `status` = 1 ) AND (  (`pay_time` BETWEEN 1537113600 AND 1537718400 ) ' at line 1
 [ SQL语句 ] : SELECT SUM(money) AS tp_sum FROM `mx_receivingorder` WHERE ( `receivables_id` IN () ) AND ( `status` = 1 ) AND (  (`pay_time` BETWEEN 1537113600 AND 1537718400 ) ) LIMIT 1  
ERR: You have an error in your SQL syntax; check the manual that corresponds to your MySQL server version for the right syntax to use near ') ) AND ( `status` = 1 ) AND (  (`pay_time` BETWEEN 1514736000 AND 1546272000 ) ' at line 1
 [ SQL语句 ] : SELECT SUM(money) AS tp_sum FROM `mx_receivingorder` WHERE ( `receivables_id` IN () ) AND ( `status` = 1 ) AND (  (`pay_time` BETWEEN 1514736000 AND 1546272000 ) ) LIMIT 1  

[ 2018-09-21T10:14:11+08:00 ] 183.228.53.71 /index.php?m=user&a=login
ERR: Table 'pinping.mx_carousel_images' doesn't exist
 [ SQL语句 ] : SHOW COLUMNS FROM `mx_carousel_images`
ERR: Table 'pinping.mx_carousel_images' doesn't exist
 [ SQL语句 ] : SELECT * FROM `mx_carousel_images` ORDER BY listorder 

[ 2018-09-21T10:44:28+08:00 ] 101.199.121.77 /index.php?m=user&a=login
ERR: Table 'pinping.mx_carousel_images' doesn't exist
 [ SQL语句 ] : SHOW COLUMNS FROM `mx_carousel_images`
ERR: Table 'pinping.mx_carousel_images' doesn't exist
 [ SQL语句 ] : SELECT * FROM `mx_carousel_images` ORDER BY listorder 

[ 2018-09-21T10:54:17+08:00 ] 183.228.53.71 /index.php?m=integral&a=index&p=2
ERR: Table 'pinping.mx_professionhunters_range' doesn't exist
 [ SQL语句 ] : SHOW COLUMNS FROM `mx_professionhunters_range`
ERR: Table 'pinping.mx_professionhunters_range' doesn't exist
 [ SQL语句 ] : SELECT COUNT(*) AS tp_count FROM mx_user user LEFT JOIN mx_user_category user_category ON user.category_id=user_category.category_id LEFT JOIN mx_job_rank job_rank ON job_rank.id=user.job_rank LEFT JOIN mx_role role ON user.user_id=role.user_id LEFT JOIN mx_position position ON position.position_id=role.position_id LEFT JOIN mx_role_department role_department ON role_department.department_id=position.department_id LEFT JOIN mx_professionhunters_range professionhunters_range ON professionhunters_range.rankid=user.job_rank WHERE ( user.role_id IN (1,'17','12','13','18','32','6','16','21','15','24','30','29','28','14','25','11','26','27','37','38','39','40','34','35','36','33','42','41','7','19','22','31','3','8','10','23','9') ) AND ( user.profession_id = 1 ) LIMIT 1  
ERR: Table 'pinping.mx_professionhunters_range' doesn't exist
 [ SQL语句 ] : SELECT user.user_id AS user_id,user.name AS name,user.position_info AS position_info,user.full_name AS full_name,user.second_name AS second_name,user.hometown AS hometown,user.sex AS sex,user.img AS img,user.email AS email,user.telephone AS telephone,user.address AS address,user.status AS status,user_category.name AS category_name,user_category.category_id AS category_id,job_rank.name AS rank_name,role.role_id AS role_id,role.position_id AS position_id,position.name AS role_name,position.parent_id AS parent_id,position.department_id AS department_id,position.description AS description,role_department.name AS department_name,role_department.department_label AS department_label,professionhunters_range.lowachievment AS lowachievment,professionhunters_range.upachievment AS upachievment FROM mx_user user LEFT JOIN mx_user_category user_category ON user.category_id=user_category.category_id LEFT JOIN mx_job_rank job_rank ON job_rank.id=user.job_rank LEFT JOIN mx_role role ON user.user_id=role.user_id LEFT JOIN mx_position position ON position.position_id=role.position_id LEFT JOIN mx_role_department role_department ON role_department.department_id=position.department_id LEFT JOIN mx_professionhunters_range professionhunters_range ON professionhunters_range.rankid=user.job_rank WHERE ( user.role_id IN (1,'17','12','13','18','32','6','16','21','15','24','30','29','28','14','25','11','26','27','37','38','39','40','34','35','36','33','42','41','7','19','22','31','3','8','10','23','9') ) AND ( user.profession_id = 1 ) LIMIT 0,15  

[ 2018-09-21T10:54:36+08:00 ] 183.228.53.71 /index.php?m=integral&a=index
ERR: Table 'pinping.mx_professionhunters_range' doesn't exist
 [ SQL语句 ] : SHOW COLUMNS FROM `mx_professionhunters_range`
ERR: Table 'pinping.mx_professionhunters_range' doesn't exist
 [ SQL语句 ] : SELECT COUNT(*) AS tp_count FROM mx_user user LEFT JOIN mx_user_category user_category ON user.category_id=user_category.category_id LEFT JOIN mx_job_rank job_rank ON job_rank.id=user.job_rank LEFT JOIN mx_role role ON user.user_id=role.user_id LEFT JOIN mx_position position ON position.position_id=role.position_id LEFT JOIN mx_role_department role_department ON role_department.department_id=position.department_id LEFT JOIN mx_professionhunters_range professionhunters_range ON professionhunters_range.rankid=user.job_rank WHERE ( user.role_id IN (1,'17','12','13','18','32','6','16','21','15','24','30','29','28','14','25','11','26','27','37','38','39','40','34','35','36','33','42','41','7','19','22','31','3','8','10','23','9') ) AND ( user.profession_id = 1 ) LIMIT 1  
ERR: Table 'pinping.mx_professionhunters_range' doesn't exist
 [ SQL语句 ] : SELECT user.user_id AS user_id,user.name AS name,user.position_info AS position_info,user.full_name AS full_name,user.second_name AS second_name,user.hometown AS hometown,user.sex AS sex,user.img AS img,user.email AS email,user.telephone AS telephone,user.address AS address,user.status AS status,user_category.name AS category_name,user_category.category_id AS category_id,job_rank.name AS rank_name,role.role_id AS role_id,role.position_id AS position_id,position.name AS role_name,position.parent_id AS parent_id,position.department_id AS department_id,position.description AS description,role_department.name AS department_name,role_department.department_label AS department_label,professionhunters_range.lowachievment AS lowachievment,professionhunters_range.upachievment AS upachievment FROM mx_user user LEFT JOIN mx_user_category user_category ON user.category_id=user_category.category_id LEFT JOIN mx_job_rank job_rank ON job_rank.id=user.job_rank LEFT JOIN mx_role role ON user.user_id=role.user_id LEFT JOIN mx_position position ON position.position_id=role.position_id LEFT JOIN mx_role_department role_department ON role_department.department_id=position.department_id LEFT JOIN mx_professionhunters_range professionhunters_range ON professionhunters_range.rankid=user.job_rank WHERE ( user.role_id IN (1,'17','12','13','18','32','6','16','21','15','24','30','29','28','14','25','11','26','27','37','38','39','40','34','35','36','33','42','41','7','19','22','31','3','8','10','23','9') ) AND ( user.profession_id = 1 ) LIMIT 0,15  

[ 2018-09-21T10:55:15+08:00 ] 183.228.53.71 /index.php?m=integral&a=index
ERR: Table 'pinping.mx_professionhunters_range' doesn't exist
 [ SQL语句 ] : SHOW COLUMNS FROM `mx_professionhunters_range`
ERR: Table 'pinping.mx_professionhunters_range' doesn't exist
 [ SQL语句 ] : SELECT COUNT(*) AS tp_count FROM mx_user user LEFT JOIN mx_user_category user_category ON user.category_id=user_category.category_id LEFT JOIN mx_job_rank job_rank ON job_rank.id=user.job_rank LEFT JOIN mx_role role ON user.user_id=role.user_id LEFT JOIN mx_position position ON position.position_id=role.position_id LEFT JOIN mx_role_department role_department ON role_department.department_id=position.department_id LEFT JOIN mx_professionhunters_range professionhunters_range ON professionhunters_range.rankid=user.job_rank WHERE ( user.role_id IN (1,'17','12','13','18','32','6','16','21','15','24','30','29','28','14','25','11','26','27','37','38','39','40','34','35','36','33','42','41','7','19','22','31','3','8','10','23','9') ) AND ( user.profession_id = 1 ) LIMIT 1  
ERR: Table 'pinping.mx_professionhunters_range' doesn't exist
 [ SQL语句 ] : SELECT user.user_id AS user_id,user.name AS name,user.position_info AS position_info,user.full_name AS full_name,user.second_name AS second_name,user.hometown AS hometown,user.sex AS sex,user.img AS img,user.email AS email,user.telephone AS telephone,user.address AS address,user.status AS status,user_category.name AS category_name,user_category.category_id AS category_id,job_rank.name AS rank_name,role.role_id AS role_id,role.position_id AS position_id,position.name AS role_name,position.parent_id AS parent_id,position.department_id AS department_id,position.description AS description,role_department.name AS department_name,role_department.department_label AS department_label,professionhunters_range.lowachievment AS lowachievment,professionhunters_range.upachievment AS upachievment FROM mx_user user LEFT JOIN mx_user_category user_category ON user.category_id=user_category.category_id LEFT JOIN mx_job_rank job_rank ON job_rank.id=user.job_rank LEFT JOIN mx_role role ON user.user_id=role.user_id LEFT JOIN mx_position position ON position.position_id=role.position_id LEFT JOIN mx_role_department role_department ON role_department.department_id=position.department_id LEFT JOIN mx_professionhunters_range professionhunters_range ON professionhunters_range.rankid=user.job_rank WHERE ( user.role_id IN (1,'17','12','13','18','32','6','16','21','15','24','30','29','28','14','25','11','26','27','37','38','39','40','34','35','36','33','42','41','7','19','22','31','3','8','10','23','9') ) AND ( user.profession_id = 1 ) LIMIT 0,15  

[ 2018-09-21T10:55:19+08:00 ] 183.228.53.71 /index.php?m=integral&a=index
ERR: Table 'pinping.mx_professionhunters_range' doesn't exist
 [ SQL语句 ] : SHOW COLUMNS FROM `mx_professionhunters_range`
ERR: Table 'pinping.mx_professionhunters_range' doesn't exist
 [ SQL语句 ] : SELECT COUNT(*) AS tp_count FROM mx_user user LEFT JOIN mx_user_category user_category ON user.category_id=user_category.category_id LEFT JOIN mx_job_rank job_rank ON job_rank.id=user.job_rank LEFT JOIN mx_role role ON user.user_id=role.user_id LEFT JOIN mx_position position ON position.position_id=role.position_id LEFT JOIN mx_role_department role_department ON role_department.department_id=position.department_id LEFT JOIN mx_professionhunters_range professionhunters_range ON professionhunters_range.rankid=user.job_rank WHERE ( user.role_id IN (1,'17','12','13','18','32','6','16','21','15','24','30','29','28','14','25','11','26','27','37','38','39','40','34','35','36','33','42','41','7','19','22','31','3','8','10','23','9') ) AND ( user.profession_id = 1 ) LIMIT 1  
ERR: Table 'pinping.mx_professionhunters_range' doesn't exist
 [ SQL语句 ] : SELECT user.user_id AS user_id,user.name AS name,user.position_info AS position_info,user.full_name AS full_name,user.second_name AS second_name,user.hometown AS hometown,user.sex AS sex,user.img AS img,user.email AS email,user.telephone AS telephone,user.address AS address,user.status AS status,user_category.name AS category_name,user_category.category_id AS category_id,job_rank.name AS rank_name,role.role_id AS role_id,role.position_id AS position_id,position.name AS role_name,position.parent_id AS parent_id,position.department_id AS department_id,position.description AS description,role_department.name AS department_name,role_department.department_label AS department_label,professionhunters_range.lowachievment AS lowachievment,professionhunters_range.upachievment AS upachievment FROM mx_user user LEFT JOIN mx_user_category user_category ON user.category_id=user_category.category_id LEFT JOIN mx_job_rank job_rank ON job_rank.id=user.job_rank LEFT JOIN mx_role role ON user.user_id=role.user_id LEFT JOIN mx_position position ON position.position_id=role.position_id LEFT JOIN mx_role_department role_department ON role_department.department_id=position.department_id LEFT JOIN mx_professionhunters_range professionhunters_range ON professionhunters_range.rankid=user.job_rank WHERE ( user.role_id IN (1,'17','12','13','18','32','6','16','21','15','24','30','29','28','14','25','11','26','27','37','38','39','40','34','35','36','33','42','41','7','19','22','31','3','8','10','23','9') ) AND ( user.profession_id = 1 ) LIMIT 0,15  

[ 2018-09-21T10:57:54+08:00 ] 42.236.10.106 /index.php?m=user&a=login
ERR: Table 'pinping.mx_carousel_images' doesn't exist
 [ SQL语句 ] : SHOW COLUMNS FROM `mx_carousel_images`
ERR: Table 'pinping.mx_carousel_images' doesn't exist
 [ SQL语句 ] : SELECT * FROM `mx_carousel_images` ORDER BY listorder 

[ 2018-09-21T10:58:35+08:00 ] 42.236.10.78 /index.php?m=user&a=login
ERR: Table 'pinping.mx_carousel_images' doesn't exist
 [ SQL语句 ] : SHOW COLUMNS FROM `mx_carousel_images`
ERR: Table 'pinping.mx_carousel_images' doesn't exist
 [ SQL语句 ] : SELECT * FROM `mx_carousel_images` ORDER BY listorder 

[ 2018-09-21T11:02:57+08:00 ] 42.236.10.117 /index.php?m=user&a=login
ERR: Table 'pinping.mx_carousel_images' doesn't exist
 [ SQL语句 ] : SHOW COLUMNS FROM `mx_carousel_images`
ERR: Table 'pinping.mx_carousel_images' doesn't exist
 [ SQL语句 ] : SELECT * FROM `mx_carousel_images` ORDER BY listorder 

[ 2018-09-21T11:14:15+08:00 ] 183.228.53.71 /
ERR: You have an error in your SQL syntax; check the manual that corresponds to your MySQL server version for the right syntax to use near ') )' at line 1
 [ SQL语句 ] : SELECT `receivables_id`,`price` FROM `mx_receivables` WHERE ( `contract_id` IN () ) 
ERR: You have an error in your SQL syntax; check the manual that corresponds to your MySQL server version for the right syntax to use near ') ) AND ( `status` = 1 ) LIMIT 1' at line 1
 [ SQL语句 ] : SELECT SUM(money) AS tp_sum FROM `mx_receivingorder` WHERE ( `receivables_id` IN () ) AND ( `status` = 1 ) LIMIT 1  
ERR: You have an error in your SQL syntax; check the manual that corresponds to your MySQL server version for the right syntax to use near ') ) AND ( `status` = 1 ) AND (  (`pay_time` BETWEEN 1535731200 AND 1538323200 ) ' at line 1
 [ SQL语句 ] : SELECT SUM(money) AS tp_sum FROM `mx_receivingorder` WHERE ( `receivables_id` IN () ) AND ( `status` = 1 ) AND (  (`pay_time` BETWEEN 1535731200 AND 1538323200 ) ) LIMIT 1  
ERR: You have an error in your SQL syntax; check the manual that corresponds to your MySQL server version for the right syntax to use near ') ) AND ( `status` = 1 ) AND (  (`pay_time` BETWEEN 1537113600 AND 1537718400 ) ' at line 1
 [ SQL语句 ] : SELECT SUM(money) AS tp_sum FROM `mx_receivingorder` WHERE ( `receivables_id` IN () ) AND ( `status` = 1 ) AND (  (`pay_time` BETWEEN 1537113600 AND 1537718400 ) ) LIMIT 1  
ERR: You have an error in your SQL syntax; check the manual that corresponds to your MySQL server version for the right syntax to use near ') ) AND ( `status` = 1 ) AND (  (`pay_time` BETWEEN 1514736000 AND 1546272000 ) ' at line 1
 [ SQL语句 ] : SELECT SUM(money) AS tp_sum FROM `mx_receivingorder` WHERE ( `receivables_id` IN () ) AND ( `status` = 1 ) AND (  (`pay_time` BETWEEN 1514736000 AND 1546272000 ) ) LIMIT 1  

[ 2018-09-21T11:19:11+08:00 ] 183.228.53.71 /index.php?m=user&a=login
ERR: Table 'pinping.mx_carousel_images' doesn't exist
 [ SQL语句 ] : SHOW COLUMNS FROM `mx_carousel_images`
ERR: Table 'pinping.mx_carousel_images' doesn't exist
 [ SQL语句 ] : SELECT * FROM `mx_carousel_images` ORDER BY listorder 

[ 2018-09-21T13:32:57+08:00 ] 203.119.196.23 /index.php?m=user&a=login
ERR: Table 'pinping.mx_carousel_images' doesn't exist
 [ SQL语句 ] : SHOW COLUMNS FROM `mx_carousel_images`
ERR: Table 'pinping.mx_carousel_images' doesn't exist
 [ SQL语句 ] : SELECT * FROM `mx_carousel_images` ORDER BY listorder 

[ 2018-09-21T13:33:31+08:00 ] 183.228.53.71 /
ERR: You have an error in your SQL syntax; check the manual that corresponds to your MySQL server version for the right syntax to use near ') )' at line 1
 [ SQL语句 ] : SELECT `receivables_id`,`price` FROM `mx_receivables` WHERE ( `contract_id` IN () ) 
ERR: You have an error in your SQL syntax; check the manual that corresponds to your MySQL server version for the right syntax to use near ') ) AND ( `status` = 1 ) LIMIT 1' at line 1
 [ SQL语句 ] : SELECT SUM(money) AS tp_sum FROM `mx_receivingorder` WHERE ( `receivables_id` IN () ) AND ( `status` = 1 ) LIMIT 1  
ERR: You have an error in your SQL syntax; check the manual that corresponds to your MySQL server version for the right syntax to use near ') ) AND ( `status` = 1 ) AND (  (`pay_time` BETWEEN 1535731200 AND 1538323200 ) ' at line 1
 [ SQL语句 ] : SELECT SUM(money) AS tp_sum FROM `mx_receivingorder` WHERE ( `receivables_id` IN () ) AND ( `status` = 1 ) AND (  (`pay_time` BETWEEN 1535731200 AND 1538323200 ) ) LIMIT 1  
ERR: You have an error in your SQL syntax; check the manual that corresponds to your MySQL server version for the right syntax to use near ') ) AND ( `status` = 1 ) AND (  (`pay_time` BETWEEN 1537113600 AND 1537718400 ) ' at line 1
 [ SQL语句 ] : SELECT SUM(money) AS tp_sum FROM `mx_receivingorder` WHERE ( `receivables_id` IN () ) AND ( `status` = 1 ) AND (  (`pay_time` BETWEEN 1537113600 AND 1537718400 ) ) LIMIT 1  
ERR: You have an error in your SQL syntax; check the manual that corresponds to your MySQL server version for the right syntax to use near ') ) AND ( `status` = 1 ) AND (  (`pay_time` BETWEEN 1514736000 AND 1546272000 ) ' at line 1
 [ SQL语句 ] : SELECT SUM(money) AS tp_sum FROM `mx_receivingorder` WHERE ( `receivables_id` IN () ) AND ( `status` = 1 ) AND (  (`pay_time` BETWEEN 1514736000 AND 1546272000 ) ) LIMIT 1  

[ 2018-09-21T13:34:32+08:00 ] 183.228.53.71 /
ERR: You have an error in your SQL syntax; check the manual that corresponds to your MySQL server version for the right syntax to use near ') )' at line 1
 [ SQL语句 ] : SELECT `receivables_id`,`price` FROM `mx_receivables` WHERE ( `contract_id` IN () ) 
ERR: You have an error in your SQL syntax; check the manual that corresponds to your MySQL server version for the right syntax to use near ') ) AND ( `status` = 1 ) LIMIT 1' at line 1
 [ SQL语句 ] : SELECT SUM(money) AS tp_sum FROM `mx_receivingorder` WHERE ( `receivables_id` IN () ) AND ( `status` = 1 ) LIMIT 1  
ERR: You have an error in your SQL syntax; check the manual that corresponds to your MySQL server version for the right syntax to use near ') ) AND ( `status` = 1 ) AND (  (`pay_time` BETWEEN 1535731200 AND 1538323200 ) ' at line 1
 [ SQL语句 ] : SELECT SUM(money) AS tp_sum FROM `mx_receivingorder` WHERE ( `receivables_id` IN () ) AND ( `status` = 1 ) AND (  (`pay_time` BETWEEN 1535731200 AND 1538323200 ) ) LIMIT 1  
ERR: You have an error in your SQL syntax; check the manual that corresponds to your MySQL server version for the right syntax to use near ') ) AND ( `status` = 1 ) AND (  (`pay_time` BETWEEN 1537113600 AND 1537718400 ) ' at line 1
 [ SQL语句 ] : SELECT SUM(money) AS tp_sum FROM `mx_receivingorder` WHERE ( `receivables_id` IN () ) AND ( `status` = 1 ) AND (  (`pay_time` BETWEEN 1537113600 AND 1537718400 ) ) LIMIT 1  
ERR: You have an error in your SQL syntax; check the manual that corresponds to your MySQL server version for the right syntax to use near ') ) AND ( `status` = 1 ) AND (  (`pay_time` BETWEEN 1514736000 AND 1546272000 ) ' at line 1
 [ SQL语句 ] : SELECT SUM(money) AS tp_sum FROM `mx_receivingorder` WHERE ( `receivables_id` IN () ) AND ( `status` = 1 ) AND (  (`pay_time` BETWEEN 1514736000 AND 1546272000 ) ) LIMIT 1  

