[ 2018-07-09T10:46:30+08:00 ] 183.228.50.27 /index.php?m=user&a=login
ERR: Table 'pinping.mx_carousel_images' doesn't exist
 [ SQL语句 ] : SHOW COLUMNS FROM `mx_carousel_images`
ERR: Table 'pinping.mx_carousel_images' doesn't exist
 [ SQL语句 ] : SELECT * FROM `mx_carousel_images` ORDER BY listorder 

[ 2018-07-09T10:47:09+08:00 ] 183.228.50.27 /index.php?m=index&a=index
ERR: You have an error in your SQL syntax; check the manual that corresponds to your MySQL server version for the right syntax to use near ') )' at line 1
 [ SQL语句 ] : SELECT `receivables_id`,`price` FROM `mx_receivables` WHERE ( `contract_id` IN () ) 
ERR: You have an error in your SQL syntax; check the manual that corresponds to your MySQL server version for the right syntax to use near ') ) AND ( `status` = 1 ) LIMIT 1' at line 1
 [ SQL语句 ] : SELECT SUM(money) AS tp_sum FROM `mx_receivingorder` WHERE ( `receivables_id` IN () ) AND ( `status` = 1 ) LIMIT 1  
ERR: You have an error in your SQL syntax; check the manual that corresponds to your MySQL server version for the right syntax to use near ') ) AND ( `status` = 1 ) AND (  (`pay_time` BETWEEN 1530374400 AND 1533052800 ) ' at line 1
 [ SQL语句 ] : SELECT SUM(money) AS tp_sum FROM `mx_receivingorder` WHERE ( `receivables_id` IN () ) AND ( `status` = 1 ) AND (  (`pay_time` BETWEEN 1530374400 AND 1533052800 ) ) LIMIT 1  
ERR: You have an error in your SQL syntax; check the manual that corresponds to your MySQL server version for the right syntax to use near ') ) AND ( `status` = 1 ) AND (  (`pay_time` BETWEEN 1531065600 AND 1531670400 ) ' at line 1
 [ SQL语句 ] : SELECT SUM(money) AS tp_sum FROM `mx_receivingorder` WHERE ( `receivables_id` IN () ) AND ( `status` = 1 ) AND (  (`pay_time` BETWEEN 1531065600 AND 1531670400 ) ) LIMIT 1  
ERR: You have an error in your SQL syntax; check the manual that corresponds to your MySQL server version for the right syntax to use near ') ) AND ( `status` = 1 ) AND (  (`pay_time` BETWEEN 1514736000 AND 1546272000 ) ' at line 1
 [ SQL语句 ] : SELECT SUM(money) AS tp_sum FROM `mx_receivingorder` WHERE ( `receivables_id` IN () ) AND ( `status` = 1 ) AND (  (`pay_time` BETWEEN 1514736000 AND 1546272000 ) ) LIMIT 1  

[ 2018-07-09T10:47:18+08:00 ] 183.228.50.27 /index.php?m=user&a=login
ERR: Table 'pinping.mx_carousel_images' doesn't exist
 [ SQL语句 ] : SHOW COLUMNS FROM `mx_carousel_images`
ERR: Table 'pinping.mx_carousel_images' doesn't exist
 [ SQL语句 ] : SELECT * FROM `mx_carousel_images` ORDER BY listorder 

[ 2018-07-09T10:49:09+08:00 ] 183.228.50.27 /index.php?m=event&a=indexdata&start=1529856000&end=1533484800&_=1531104548713
ERR: Table 'pinping.mx_cycel' doesn't exist
 [ SQL语句 ] : SHOW COLUMNS FROM `mx_cycel`
ERR: Table 'pinping.mx_cycel' doesn't exist
 [ SQL语句 ] : SELECT * FROM `mx_cycel` WHERE ( `create_role_id` = '1' ) AND ( `start_time` <= '1533484800' ) AND ( `end_time` >= '1529856000' ) 

[ 2018-07-09T10:56:52+08:00 ] 183.228.50.27 /index.php?m=index&a=index
ERR: You have an error in your SQL syntax; check the manual that corresponds to your MySQL server version for the right syntax to use near ') )' at line 1
 [ SQL语句 ] : SELECT `receivables_id`,`price` FROM `mx_receivables` WHERE ( `contract_id` IN () ) 
ERR: You have an error in your SQL syntax; check the manual that corresponds to your MySQL server version for the right syntax to use near ') ) AND ( `status` = 1 ) LIMIT 1' at line 1
 [ SQL语句 ] : SELECT SUM(money) AS tp_sum FROM `mx_receivingorder` WHERE ( `receivables_id` IN () ) AND ( `status` = 1 ) LIMIT 1  
ERR: You have an error in your SQL syntax; check the manual that corresponds to your MySQL server version for the right syntax to use near ') ) AND ( `status` = 1 ) AND (  (`pay_time` BETWEEN 1530374400 AND 1533052800 ) ' at line 1
 [ SQL语句 ] : SELECT SUM(money) AS tp_sum FROM `mx_receivingorder` WHERE ( `receivables_id` IN () ) AND ( `status` = 1 ) AND (  (`pay_time` BETWEEN 1530374400 AND 1533052800 ) ) LIMIT 1  
ERR: You have an error in your SQL syntax; check the manual that corresponds to your MySQL server version for the right syntax to use near ') ) AND ( `status` = 1 ) AND (  (`pay_time` BETWEEN 1531065600 AND 1531670400 ) ' at line 1
 [ SQL语句 ] : SELECT SUM(money) AS tp_sum FROM `mx_receivingorder` WHERE ( `receivables_id` IN () ) AND ( `status` = 1 ) AND (  (`pay_time` BETWEEN 1531065600 AND 1531670400 ) ) LIMIT 1  
ERR: You have an error in your SQL syntax; check the manual that corresponds to your MySQL server version for the right syntax to use near ') ) AND ( `status` = 1 ) AND (  (`pay_time` BETWEEN 1514736000 AND 1546272000 ) ' at line 1
 [ SQL语句 ] : SELECT SUM(money) AS tp_sum FROM `mx_receivingorder` WHERE ( `receivables_id` IN () ) AND ( `status` = 1 ) AND (  (`pay_time` BETWEEN 1514736000 AND 1546272000 ) ) LIMIT 1  

[ 2018-07-09T11:02:59+08:00 ] 183.228.50.27 /index.php?m=knowledge&a=index&category_id=2
ERR: Table 'pinping.mx_user_role' doesn't exist
 [ SQL语句 ] : SHOW COLUMNS FROM `mx_user_role`

[ 2018-07-09T11:04:11+08:00 ] 183.228.50.27 /index.php?m=event&a=indexdata&start=1529856000&end=1533484800&_=1531105450764
ERR: Table 'pinping.mx_cycel' doesn't exist
 [ SQL语句 ] : SHOW COLUMNS FROM `mx_cycel`
ERR: Table 'pinping.mx_cycel' doesn't exist
 [ SQL语句 ] : SELECT * FROM `mx_cycel` WHERE ( `create_role_id` = '1' ) AND ( `start_time` <= '1533484800' ) AND ( `end_time` >= '1529856000' ) 

[ 2018-07-09T11:04:28+08:00 ] 183.228.50.27 /index.php?m=task&a=view&task_id=3
ERR: You have an error in your SQL syntax; check the manual that corresponds to your MySQL server version for the right syntax to use near '%s) )' at line 1
 [ SQL语句 ] : SELECT * FROM `mx_file` WHERE ( file_id in (%s) ) 

[ 2018-07-09T11:04:31+08:00 ] 183.228.50.27 /index.php?m=task&a=view&task_id=3
ERR: You have an error in your SQL syntax; check the manual that corresponds to your MySQL server version for the right syntax to use near '%s) )' at line 1
 [ SQL语句 ] : SELECT * FROM `mx_file` WHERE ( file_id in (%s) ) 

[ 2018-07-09T11:42:20+08:00 ] 183.228.50.27 /index.php?m=event&a=indexdata&start=1529856000&end=1533484800&_=1531107739526
ERR: Table 'pinping.mx_cycel' doesn't exist
 [ SQL语句 ] : SHOW COLUMNS FROM `mx_cycel`
ERR: Table 'pinping.mx_cycel' doesn't exist
 [ SQL语句 ] : SELECT * FROM `mx_cycel` WHERE ( `create_role_id` = '1' ) AND ( `start_time` <= '1533484800' ) AND ( `end_time` >= '1529856000' ) 

[ 2018-07-09T12:52:10+08:00 ] 183.228.50.27 /index.php?m=business&a=listdialog
ERR: Unknown column 'contacts_name' in 'field list'
 [ SQL语句 ] : SELECT `contacts_name`,`telephone` FROM `mx_contacts` WHERE ( is_deleted = 0 and contacts_id = 0 ) LIMIT 1  
ERR: Unknown column 'contacts_name' in 'field list'
 [ SQL语句 ] : SELECT `contacts_name`,`telephone` FROM `mx_contacts` WHERE ( is_deleted = 0 and contacts_id = 0 ) LIMIT 1  
ERR: Unknown column 'contacts_name' in 'field list'
 [ SQL语句 ] : SELECT `contacts_name`,`telephone` FROM `mx_contacts` WHERE ( is_deleted = 0 and contacts_id = 0 ) LIMIT 1  
ERR: Unknown column 'contacts_name' in 'field list'
 [ SQL语句 ] : SELECT `contacts_name`,`telephone` FROM `mx_contacts` WHERE ( is_deleted = 0 and contacts_id = 22 ) LIMIT 1  
ERR: Unknown column 'contacts_name' in 'field list'
 [ SQL语句 ] : SELECT `contacts_name`,`telephone` FROM `mx_contacts` WHERE ( is_deleted = 0 and contacts_id = 13 ) LIMIT 1  
ERR: Unknown column 'contacts_name' in 'field list'
 [ SQL语句 ] : SELECT `contacts_name`,`telephone` FROM `mx_contacts` WHERE ( is_deleted = 0 and contacts_id = 13 ) LIMIT 1  
ERR: Unknown column 'contacts_name' in 'field list'
 [ SQL语句 ] : SELECT `contacts_name`,`telephone` FROM `mx_contacts` WHERE ( is_deleted = 0 and contacts_id = 13 ) LIMIT 1  
ERR: Unknown column 'contacts_name' in 'field list'
 [ SQL语句 ] : SELECT `contacts_name`,`telephone` FROM `mx_contacts` WHERE ( is_deleted = 0 and contacts_id = 13 ) LIMIT 1  
ERR: Unknown column 'contacts_name' in 'field list'
 [ SQL语句 ] : SELECT `contacts_name`,`telephone` FROM `mx_contacts` WHERE ( is_deleted = 0 and contacts_id = 13 ) LIMIT 1  
ERR: Unknown column 'contacts_name' in 'field list'
 [ SQL语句 ] : SELECT `contacts_name`,`telephone` FROM `mx_contacts` WHERE ( is_deleted = 0 and contacts_id = 13 ) LIMIT 1  

[ 2018-07-09T12:52:23+08:00 ] 183.228.50.27 /index.php?m=business&a=listdialog
ERR: Unknown column 'contacts_name' in 'field list'
 [ SQL语句 ] : SELECT `contacts_name`,`telephone` FROM `mx_contacts` WHERE ( is_deleted = 0 and contacts_id = 0 ) LIMIT 1  
ERR: Unknown column 'contacts_name' in 'field list'
 [ SQL语句 ] : SELECT `contacts_name`,`telephone` FROM `mx_contacts` WHERE ( is_deleted = 0 and contacts_id = 0 ) LIMIT 1  
ERR: Unknown column 'contacts_name' in 'field list'
 [ SQL语句 ] : SELECT `contacts_name`,`telephone` FROM `mx_contacts` WHERE ( is_deleted = 0 and contacts_id = 0 ) LIMIT 1  
ERR: Unknown column 'contacts_name' in 'field list'
 [ SQL语句 ] : SELECT `contacts_name`,`telephone` FROM `mx_contacts` WHERE ( is_deleted = 0 and contacts_id = 22 ) LIMIT 1  
ERR: Unknown column 'contacts_name' in 'field list'
 [ SQL语句 ] : SELECT `contacts_name`,`telephone` FROM `mx_contacts` WHERE ( is_deleted = 0 and contacts_id = 13 ) LIMIT 1  
ERR: Unknown column 'contacts_name' in 'field list'
 [ SQL语句 ] : SELECT `contacts_name`,`telephone` FROM `mx_contacts` WHERE ( is_deleted = 0 and contacts_id = 13 ) LIMIT 1  
ERR: Unknown column 'contacts_name' in 'field list'
 [ SQL语句 ] : SELECT `contacts_name`,`telephone` FROM `mx_contacts` WHERE ( is_deleted = 0 and contacts_id = 13 ) LIMIT 1  
ERR: Unknown column 'contacts_name' in 'field list'
 [ SQL语句 ] : SELECT `contacts_name`,`telephone` FROM `mx_contacts` WHERE ( is_deleted = 0 and contacts_id = 13 ) LIMIT 1  
ERR: Unknown column 'contacts_name' in 'field list'
 [ SQL语句 ] : SELECT `contacts_name`,`telephone` FROM `mx_contacts` WHERE ( is_deleted = 0 and contacts_id = 13 ) LIMIT 1  
ERR: Unknown column 'contacts_name' in 'field list'
 [ SQL语句 ] : SELECT `contacts_name`,`telephone` FROM `mx_contacts` WHERE ( is_deleted = 0 and contacts_id = 13 ) LIMIT 1  

[ 2018-07-09T13:12:22+08:00 ] 0.0.0.0 /index.php?m=user&a=login
ERR: Table 'pinping.mx_carousel_images' doesn't exist
 [ SQL语句 ] : SHOW COLUMNS FROM `mx_carousel_images`
ERR: Table 'pinping.mx_carousel_images' doesn't exist
 [ SQL语句 ] : SELECT * FROM `mx_carousel_images` ORDER BY listorder 

[ 2018-07-09T13:35:45+08:00 ] ERR: (ThinkException) 参数错误或者未定义:url
[ 2018-07-09T13:36:07+08:00 ] 183.228.50.27 /index.php?m=business&a=listdialog
ERR: Unknown column 'contacts_name' in 'field list'
 [ SQL语句 ] : SELECT `contacts_name`,`telephone` FROM `mx_contacts` WHERE ( is_deleted = 0 and contacts_id = 0 ) LIMIT 1  
ERR: Unknown column 'contacts_name' in 'field list'
 [ SQL语句 ] : SELECT `contacts_name`,`telephone` FROM `mx_contacts` WHERE ( is_deleted = 0 and contacts_id = 0 ) LIMIT 1  
ERR: Unknown column 'contacts_name' in 'field list'
 [ SQL语句 ] : SELECT `contacts_name`,`telephone` FROM `mx_contacts` WHERE ( is_deleted = 0 and contacts_id = 0 ) LIMIT 1  
ERR: Unknown column 'contacts_name' in 'field list'
 [ SQL语句 ] : SELECT `contacts_name`,`telephone` FROM `mx_contacts` WHERE ( is_deleted = 0 and contacts_id = 22 ) LIMIT 1  
ERR: Unknown column 'contacts_name' in 'field list'
 [ SQL语句 ] : SELECT `contacts_name`,`telephone` FROM `mx_contacts` WHERE ( is_deleted = 0 and contacts_id = 13 ) LIMIT 1  
ERR: Unknown column 'contacts_name' in 'field list'
 [ SQL语句 ] : SELECT `contacts_name`,`telephone` FROM `mx_contacts` WHERE ( is_deleted = 0 and contacts_id = 13 ) LIMIT 1  
ERR: Unknown column 'contacts_name' in 'field list'
 [ SQL语句 ] : SELECT `contacts_name`,`telephone` FROM `mx_contacts` WHERE ( is_deleted = 0 and contacts_id = 13 ) LIMIT 1  
ERR: Unknown column 'contacts_name' in 'field list'
 [ SQL语句 ] : SELECT `contacts_name`,`telephone` FROM `mx_contacts` WHERE ( is_deleted = 0 and contacts_id = 13 ) LIMIT 1  
ERR: Unknown column 'contacts_name' in 'field list'
 [ SQL语句 ] : SELECT `contacts_name`,`telephone` FROM `mx_contacts` WHERE ( is_deleted = 0 and contacts_id = 13 ) LIMIT 1  
ERR: Unknown column 'contacts_name' in 'field list'
 [ SQL语句 ] : SELECT `contacts_name`,`telephone` FROM `mx_contacts` WHERE ( is_deleted = 0 and contacts_id = 13 ) LIMIT 1  

[ 2018-07-09T23:09:52+08:00 ] 106.11.227.21 /index.php?m=user&a=login
ERR: Table 'pinping.mx_carousel_images' doesn't exist
 [ SQL语句 ] : SHOW COLUMNS FROM `mx_carousel_images`
ERR: Table 'pinping.mx_carousel_images' doesn't exist
 [ SQL语句 ] : SELECT * FROM `mx_carousel_images` ORDER BY listorder 

