[ 2018-05-12T11:22:34+08:00 ] 183.226.187.242 /index.php?m=user&a=login
ERR: Table 'pinping.mx_carousel_images' doesn't exist
 [ SQL语句 ] : SHOW COLUMNS FROM `mx_carousel_images`
ERR: Table 'pinping.mx_carousel_images' doesn't exist
 [ SQL语句 ] : SELECT * FROM `mx_carousel_images` ORDER BY listorder 

[ 2018-05-12T12:43:09+08:00 ] 47.92.101.189 /index.php?m=user&a=login
ERR: Table 'pinping.mx_carousel_images' doesn't exist
 [ SQL语句 ] : SHOW COLUMNS FROM `mx_carousel_images`
ERR: Table 'pinping.mx_carousel_images' doesn't exist
 [ SQL语句 ] : SELECT * FROM `mx_carousel_images` ORDER BY listorder 

[ 2018-05-12T13:51:02+08:00 ] 106.11.242.172 /index.php?m=user&a=login
ERR: Table 'pinping.mx_carousel_images' doesn't exist
 [ SQL语句 ] : SHOW COLUMNS FROM `mx_carousel_images`
ERR: Table 'pinping.mx_carousel_images' doesn't exist
 [ SQL语句 ] : SELECT * FROM `mx_carousel_images` ORDER BY listorder 

[ 2018-05-12T14:28:22+08:00 ] 183.67.48.104 /index.php?m=user&a=login
ERR: Table 'pinping.mx_carousel_images' doesn't exist
 [ SQL语句 ] : SHOW COLUMNS FROM `mx_carousel_images`
ERR: Table 'pinping.mx_carousel_images' doesn't exist
 [ SQL语句 ] : SELECT * FROM `mx_carousel_images` ORDER BY listorder 

[ 2018-05-12T14:28:32+08:00 ] 183.67.48.104 /index.php?m=index&a=index
ERR: You have an error in your SQL syntax; check the manual that corresponds to your MySQL server version for the right syntax to use near ') )' at line 1
 [ SQL语句 ] : SELECT `receivables_id`,`price` FROM `mx_receivables` WHERE ( `contract_id` IN () ) 
ERR: You have an error in your SQL syntax; check the manual that corresponds to your MySQL server version for the right syntax to use near ') ) AND ( `status` = 1 ) LIMIT 1' at line 1
 [ SQL语句 ] : SELECT SUM(money) AS tp_sum FROM `mx_receivingorder` WHERE ( `receivables_id` IN () ) AND ( `status` = 1 ) LIMIT 1  
ERR: You have an error in your SQL syntax; check the manual that corresponds to your MySQL server version for the right syntax to use near ') ) AND ( `status` = 1 ) AND (  (`pay_time` BETWEEN 1525104000 AND 1527782400 ) ' at line 1
 [ SQL语句 ] : SELECT SUM(money) AS tp_sum FROM `mx_receivingorder` WHERE ( `receivables_id` IN () ) AND ( `status` = 1 ) AND (  (`pay_time` BETWEEN 1525104000 AND 1527782400 ) ) LIMIT 1  
ERR: You have an error in your SQL syntax; check the manual that corresponds to your MySQL server version for the right syntax to use near ') ) AND ( `status` = 1 ) AND (  (`pay_time` BETWEEN 1525622400 AND 1526227200 ) ' at line 1
 [ SQL语句 ] : SELECT SUM(money) AS tp_sum FROM `mx_receivingorder` WHERE ( `receivables_id` IN () ) AND ( `status` = 1 ) AND (  (`pay_time` BETWEEN 1525622400 AND 1526227200 ) ) LIMIT 1  
ERR: You have an error in your SQL syntax; check the manual that corresponds to your MySQL server version for the right syntax to use near ') ) AND ( `status` = 1 ) AND (  (`pay_time` BETWEEN 1514736000 AND 1546272000 ) ' at line 1
 [ SQL语句 ] : SELECT SUM(money) AS tp_sum FROM `mx_receivingorder` WHERE ( `receivables_id` IN () ) AND ( `status` = 1 ) AND (  (`pay_time` BETWEEN 1514736000 AND 1546272000 ) ) LIMIT 1  

[ 2018-05-12T14:29:37+08:00 ] 183.67.48.104 /index.php?m=message&a=tips
ERR: Table 'pinping.mx_cycel' doesn't exist
 [ SQL语句 ] : SHOW COLUMNS FROM `mx_cycel`
ERR: Table 'pinping.mx_cycel' doesn't exist
 [ SQL语句 ] : SELECT * FROM `mx_cycel` WHERE ( `create_role_id` = '1' ) AND ( `start_time` <= 1526140800 ) AND ( `end_time` >= 1526054399 ) 

[ 2018-05-12T14:29:44+08:00 ] 120.92.11.155 /index.php?m=product&a=add
ERR: You have an error in your SQL syntax; check the manual that corresponds to your MySQL server version for the right syntax to use near '%d ) LIMIT 1' at line 1
 [ SQL语句 ] : SELECT `img` FROM `mx_user` WHERE ( user_id = %d ) LIMIT 1  
ERR: You have an error in your SQL syntax; check the manual that corresponds to your MySQL server version for the right syntax to use near '%d ) LIMIT 1' at line 1
 [ SQL语句 ] : SELECT `thumb_path` FROM `mx_user` WHERE ( user_id = %d ) LIMIT 1  

[ 2018-05-12T14:29:44+08:00 ] 120.92.11.231 /index.php?m=user&a=login
ERR: Table 'pinping.mx_carousel_images' doesn't exist
 [ SQL语句 ] : SHOW COLUMNS FROM `mx_carousel_images`
ERR: Table 'pinping.mx_carousel_images' doesn't exist
 [ SQL语句 ] : SELECT * FROM `mx_carousel_images` ORDER BY listorder 

[ 2018-05-12T14:29:44+08:00 ] 120.92.11.155 /index.php?m=user&a=login
ERR: Table 'pinping.mx_carousel_images' doesn't exist
 [ SQL语句 ] : SHOW COLUMNS FROM `mx_carousel_images`
ERR: Table 'pinping.mx_carousel_images' doesn't exist
 [ SQL语句 ] : SELECT * FROM `mx_carousel_images` ORDER BY listorder 

[ 2018-05-12T14:29:44+08:00 ] 120.92.11.170 /index.php?m=user&a=login
ERR: Table 'pinping.mx_carousel_images' doesn't exist
 [ SQL语句 ] : SHOW COLUMNS FROM `mx_carousel_images`
ERR: Table 'pinping.mx_carousel_images' doesn't exist
 [ SQL语句 ] : SELECT * FROM `mx_carousel_images` ORDER BY listorder 

[ 2018-05-12T14:30:18+08:00 ] 183.67.48.104 /index.php?m=message&a=tips
ERR: Table 'pinping.mx_cycel' doesn't exist
 [ SQL语句 ] : SHOW COLUMNS FROM `mx_cycel`
ERR: Table 'pinping.mx_cycel' doesn't exist
 [ SQL语句 ] : SELECT * FROM `mx_cycel` WHERE ( `create_role_id` = '1' ) AND ( `start_time` <= 1526140800 ) AND ( `end_time` >= 1526054399 ) 

[ 2018-05-12T14:30:54+08:00 ] 101.226.93.193 /index.php?m=product&a=add
ERR: You have an error in your SQL syntax; check the manual that corresponds to your MySQL server version for the right syntax to use near '%d ) LIMIT 1' at line 1
 [ SQL语句 ] : SELECT `img` FROM `mx_user` WHERE ( user_id = %d ) LIMIT 1  
ERR: You have an error in your SQL syntax; check the manual that corresponds to your MySQL server version for the right syntax to use near '%d ) LIMIT 1' at line 1
 [ SQL语句 ] : SELECT `thumb_path` FROM `mx_user` WHERE ( user_id = %d ) LIMIT 1  

[ 2018-05-12T14:32:10+08:00 ] 183.67.48.104 /index.php?m=event&a=indexdata&start=1525017600&end=1528646400&_=1526106729025
ERR: Table 'pinping.mx_cycel' doesn't exist
 [ SQL语句 ] : SHOW COLUMNS FROM `mx_cycel`
ERR: Table 'pinping.mx_cycel' doesn't exist
 [ SQL语句 ] : SELECT * FROM `mx_cycel` WHERE ( `create_role_id` = '1' ) AND ( `start_time` <= '1528646400' ) AND ( `end_time` >= '1525017600' ) 

[ 2018-05-12T14:35:34+08:00 ] 183.67.48.104 /index.php?m=message&a=tips
ERR: Table 'pinping.mx_cycel' doesn't exist
 [ SQL语句 ] : SHOW COLUMNS FROM `mx_cycel`
ERR: Table 'pinping.mx_cycel' doesn't exist
 [ SQL语句 ] : SELECT * FROM `mx_cycel` WHERE ( `create_role_id` = '1' ) AND ( `start_time` <= 1526140800 ) AND ( `end_time` >= 1526054399 ) 

[ 2018-05-12T14:38:14+08:00 ] 183.67.48.104 /index.php?m=index&a=index
ERR: You have an error in your SQL syntax; check the manual that corresponds to your MySQL server version for the right syntax to use near ') )' at line 1
 [ SQL语句 ] : SELECT `receivables_id`,`price` FROM `mx_receivables` WHERE ( `contract_id` IN () ) 
ERR: You have an error in your SQL syntax; check the manual that corresponds to your MySQL server version for the right syntax to use near ') ) AND ( `status` = 1 ) LIMIT 1' at line 1
 [ SQL语句 ] : SELECT SUM(money) AS tp_sum FROM `mx_receivingorder` WHERE ( `receivables_id` IN () ) AND ( `status` = 1 ) LIMIT 1  
ERR: You have an error in your SQL syntax; check the manual that corresponds to your MySQL server version for the right syntax to use near ') ) AND ( `status` = 1 ) AND (  (`pay_time` BETWEEN 1525104000 AND 1527782400 ) ' at line 1
 [ SQL语句 ] : SELECT SUM(money) AS tp_sum FROM `mx_receivingorder` WHERE ( `receivables_id` IN () ) AND ( `status` = 1 ) AND (  (`pay_time` BETWEEN 1525104000 AND 1527782400 ) ) LIMIT 1  
ERR: You have an error in your SQL syntax; check the manual that corresponds to your MySQL server version for the right syntax to use near ') ) AND ( `status` = 1 ) AND (  (`pay_time` BETWEEN 1525622400 AND 1526227200 ) ' at line 1
 [ SQL语句 ] : SELECT SUM(money) AS tp_sum FROM `mx_receivingorder` WHERE ( `receivables_id` IN () ) AND ( `status` = 1 ) AND (  (`pay_time` BETWEEN 1525622400 AND 1526227200 ) ) LIMIT 1  
ERR: You have an error in your SQL syntax; check the manual that corresponds to your MySQL server version for the right syntax to use near ') ) AND ( `status` = 1 ) AND (  (`pay_time` BETWEEN 1514736000 AND 1546272000 ) ' at line 1
 [ SQL语句 ] : SELECT SUM(money) AS tp_sum FROM `mx_receivingorder` WHERE ( `receivables_id` IN () ) AND ( `status` = 1 ) AND (  (`pay_time` BETWEEN 1514736000 AND 1546272000 ) ) LIMIT 1  

[ 2018-05-12T14:41:28+08:00 ] 183.67.48.104 /index.php?m=message&a=tips
ERR: Table 'pinping.mx_cycel' doesn't exist
 [ SQL语句 ] : SHOW COLUMNS FROM `mx_cycel`
ERR: Table 'pinping.mx_cycel' doesn't exist
 [ SQL语句 ] : SELECT * FROM `mx_cycel` WHERE ( `create_role_id` = '1' ) AND ( `start_time` <= 1526140800 ) AND ( `end_time` >= 1526054399 ) 

[ 2018-05-12T15:00:03+08:00 ] 183.67.48.104 /index.php?m=message&a=tips
ERR: Table 'pinping.mx_cycel' doesn't exist
 [ SQL语句 ] : SHOW COLUMNS FROM `mx_cycel`
ERR: Table 'pinping.mx_cycel' doesn't exist
 [ SQL语句 ] : SELECT * FROM `mx_cycel` WHERE ( `create_role_id` = '1' ) AND ( `start_time` <= 1526140800 ) AND ( `end_time` >= 1526054399 ) 

[ 2018-05-12T15:11:25+08:00 ] 183.67.48.104 /index.php?m=message&a=tips
ERR: Table 'pinping.mx_cycel' doesn't exist
 [ SQL语句 ] : SHOW COLUMNS FROM `mx_cycel`
ERR: Table 'pinping.mx_cycel' doesn't exist
 [ SQL语句 ] : SELECT * FROM `mx_cycel` WHERE ( `create_role_id` = '1' ) AND ( `start_time` <= 1526140800 ) AND ( `end_time` >= 1526054399 ) 

[ 2018-05-12T15:38:12+08:00 ] 183.67.48.104 /index.php?m=message&a=tips
ERR: Table 'pinping.mx_cycel' doesn't exist
 [ SQL语句 ] : SHOW COLUMNS FROM `mx_cycel`
ERR: Table 'pinping.mx_cycel' doesn't exist
 [ SQL语句 ] : SELECT * FROM `mx_cycel` WHERE ( `create_role_id` = '1' ) AND ( `start_time` <= 1526140800 ) AND ( `end_time` >= 1526054399 ) 

[ 2018-05-12T15:47:30+08:00 ] 183.67.48.104 /index.php?m=message&a=tips
ERR: Table 'pinping.mx_cycel' doesn't exist
 [ SQL语句 ] : SHOW COLUMNS FROM `mx_cycel`
ERR: Table 'pinping.mx_cycel' doesn't exist
 [ SQL语句 ] : SELECT * FROM `mx_cycel` WHERE ( `create_role_id` = '1' ) AND ( `start_time` <= 1526140800 ) AND ( `end_time` >= 1526054399 ) 

[ 2018-05-12T15:51:07+08:00 ] 183.67.48.104 /index.php?m=message&a=tips
ERR: Table 'pinping.mx_cycel' doesn't exist
 [ SQL语句 ] : SHOW COLUMNS FROM `mx_cycel`
ERR: Table 'pinping.mx_cycel' doesn't exist
 [ SQL语句 ] : SELECT * FROM `mx_cycel` WHERE ( `create_role_id` = '1' ) AND ( `start_time` <= 1526140800 ) AND ( `end_time` >= 1526054399 ) 

[ 2018-05-12T15:54:13+08:00 ] 183.67.48.104 /index.php?m=message&a=tips
ERR: Table 'pinping.mx_cycel' doesn't exist
 [ SQL语句 ] : SHOW COLUMNS FROM `mx_cycel`
ERR: Table 'pinping.mx_cycel' doesn't exist
 [ SQL语句 ] : SELECT * FROM `mx_cycel` WHERE ( `create_role_id` = '1' ) AND ( `start_time` <= 1526140800 ) AND ( `end_time` >= 1526054399 ) 

[ 2018-05-12T16:08:06+08:00 ] 183.67.48.104 /index.php?m=message&a=tips
ERR: Table 'pinping.mx_cycel' doesn't exist
 [ SQL语句 ] : SHOW COLUMNS FROM `mx_cycel`
ERR: Table 'pinping.mx_cycel' doesn't exist
 [ SQL语句 ] : SELECT * FROM `mx_cycel` WHERE ( `create_role_id` = '1' ) AND ( `start_time` <= 1526140800 ) AND ( `end_time` >= 1526054399 ) 

[ 2018-05-12T16:11:12+08:00 ] 183.67.48.104 /index.php?m=message&a=tips
ERR: Table 'pinping.mx_cycel' doesn't exist
 [ SQL语句 ] : SHOW COLUMNS FROM `mx_cycel`
ERR: Table 'pinping.mx_cycel' doesn't exist
 [ SQL语句 ] : SELECT * FROM `mx_cycel` WHERE ( `create_role_id` = '1' ) AND ( `start_time` <= 1526140800 ) AND ( `end_time` >= 1526054399 ) 

[ 2018-05-12T16:16:53+08:00 ] 183.67.48.104 /index.php?m=message&a=tips
ERR: Table 'pinping.mx_cycel' doesn't exist
 [ SQL语句 ] : SHOW COLUMNS FROM `mx_cycel`
ERR: Table 'pinping.mx_cycel' doesn't exist
 [ SQL语句 ] : SELECT * FROM `mx_cycel` WHERE ( `create_role_id` = '1' ) AND ( `start_time` <= 1526140800 ) AND ( `end_time` >= 1526054399 ) 

[ 2018-05-12T16:33:55+08:00 ] 183.67.48.104 /index.php?m=message&a=tips
ERR: Table 'pinping.mx_cycel' doesn't exist
 [ SQL语句 ] : SHOW COLUMNS FROM `mx_cycel`
ERR: Table 'pinping.mx_cycel' doesn't exist
 [ SQL语句 ] : SELECT * FROM `mx_cycel` WHERE ( `create_role_id` = '1' ) AND ( `start_time` <= 1526140800 ) AND ( `end_time` >= 1526054399 ) 

[ 2018-05-12T16:37:32+08:00 ] 183.67.48.104 /index.php?m=message&a=tips
ERR: Table 'pinping.mx_cycel' doesn't exist
 [ SQL语句 ] : SHOW COLUMNS FROM `mx_cycel`
ERR: Table 'pinping.mx_cycel' doesn't exist
 [ SQL语句 ] : SELECT * FROM `mx_cycel` WHERE ( `create_role_id` = '1' ) AND ( `start_time` <= 1526140800 ) AND ( `end_time` >= 1526054399 ) 

[ 2018-05-12T16:42:42+08:00 ] 183.67.48.104 /index.php?m=message&a=tips
ERR: Table 'pinping.mx_cycel' doesn't exist
 [ SQL语句 ] : SHOW COLUMNS FROM `mx_cycel`
ERR: Table 'pinping.mx_cycel' doesn't exist
 [ SQL语句 ] : SELECT * FROM `mx_cycel` WHERE ( `create_role_id` = '1' ) AND ( `start_time` <= 1526140800 ) AND ( `end_time` >= 1526054399 ) 

[ 2018-05-12T17:03:21+08:00 ] 183.67.48.104 /index.php?m=message&a=tips
ERR: Table 'pinping.mx_cycel' doesn't exist
 [ SQL语句 ] : SHOW COLUMNS FROM `mx_cycel`
ERR: Table 'pinping.mx_cycel' doesn't exist
 [ SQL语句 ] : SELECT * FROM `mx_cycel` WHERE ( `create_role_id` = '1' ) AND ( `start_time` <= 1526140800 ) AND ( `end_time` >= 1526054399 ) 

[ 2018-05-12T17:09:01+08:00 ] 183.67.48.104 /index.php?m=message&a=tips
ERR: Table 'pinping.mx_cycel' doesn't exist
 [ SQL语句 ] : SHOW COLUMNS FROM `mx_cycel`
ERR: Table 'pinping.mx_cycel' doesn't exist
 [ SQL语句 ] : SELECT * FROM `mx_cycel` WHERE ( `create_role_id` = '1' ) AND ( `start_time` <= 1526140800 ) AND ( `end_time` >= 1526054399 ) 

[ 2018-05-12T17:21:23+08:00 ] 183.67.48.104 /index.php?m=message&a=tips
ERR: Table 'pinping.mx_cycel' doesn't exist
 [ SQL语句 ] : SHOW COLUMNS FROM `mx_cycel`
ERR: Table 'pinping.mx_cycel' doesn't exist
 [ SQL语句 ] : SELECT * FROM `mx_cycel` WHERE ( `create_role_id` = '1' ) AND ( `start_time` <= 1526140800 ) AND ( `end_time` >= 1526054399 ) 

[ 2018-05-12T17:41:30+08:00 ] 183.67.48.104 /index.php?m=message&a=tips
ERR: Table 'pinping.mx_cycel' doesn't exist
 [ SQL语句 ] : SHOW COLUMNS FROM `mx_cycel`
ERR: Table 'pinping.mx_cycel' doesn't exist
 [ SQL语句 ] : SELECT * FROM `mx_cycel` WHERE ( `create_role_id` = '1' ) AND ( `start_time` <= 1526140800 ) AND ( `end_time` >= 1526054399 ) 

[ 2018-05-12T17:48:10+08:00 ] 183.67.48.104 /index.php?m=message&a=tips
ERR: Table 'pinping.mx_cycel' doesn't exist
 [ SQL语句 ] : SHOW COLUMNS FROM `mx_cycel`
ERR: Table 'pinping.mx_cycel' doesn't exist
 [ SQL语句 ] : SELECT * FROM `mx_cycel` WHERE ( `create_role_id` = '1' ) AND ( `start_time` <= 1526140800 ) AND ( `end_time` >= 1526054399 ) 

[ 2018-05-12T18:14:56+08:00 ] 183.67.48.104 /index.php?m=message&a=tips
ERR: Table 'pinping.mx_cycel' doesn't exist
 [ SQL语句 ] : SHOW COLUMNS FROM `mx_cycel`
ERR: Table 'pinping.mx_cycel' doesn't exist
 [ SQL语句 ] : SELECT * FROM `mx_cycel` WHERE ( `create_role_id` = '1' ) AND ( `start_time` <= 1526140800 ) AND ( `end_time` >= 1526054399 ) 

[ 2018-05-12T18:46:46+08:00 ] 183.67.48.104 /index.php?m=message&a=tips
ERR: Table 'pinping.mx_cycel' doesn't exist
 [ SQL语句 ] : SHOW COLUMNS FROM `mx_cycel`
ERR: Table 'pinping.mx_cycel' doesn't exist
 [ SQL语句 ] : SELECT * FROM `mx_cycel` WHERE ( `create_role_id` = '1' ) AND ( `start_time` <= 1526140800 ) AND ( `end_time` >= 1526054399 ) 

[ 2018-05-12T18:58:30+08:00 ] 183.67.48.104 /index.php?m=message&a=tips
ERR: Table 'pinping.mx_cycel' doesn't exist
 [ SQL语句 ] : SHOW COLUMNS FROM `mx_cycel`
ERR: Table 'pinping.mx_cycel' doesn't exist
 [ SQL语句 ] : SELECT * FROM `mx_cycel` WHERE ( `create_role_id` = '1' ) AND ( `start_time` <= 1526140800 ) AND ( `end_time` >= 1526054399 ) 

[ 2018-05-12T19:05:10+08:00 ] 183.67.48.104 /index.php?m=message&a=tips
ERR: Table 'pinping.mx_cycel' doesn't exist
 [ SQL语句 ] : SHOW COLUMNS FROM `mx_cycel`
ERR: Table 'pinping.mx_cycel' doesn't exist
 [ SQL语句 ] : SELECT * FROM `mx_cycel` WHERE ( `create_role_id` = '1' ) AND ( `start_time` <= 1526140800 ) AND ( `end_time` >= 1526054399 ) 

[ 2018-05-12T19:08:43+08:00 ] 183.67.48.104 /index.php?m=message&a=tips
ERR: Table 'pinping.mx_cycel' doesn't exist
 [ SQL语句 ] : SHOW COLUMNS FROM `mx_cycel`
ERR: Table 'pinping.mx_cycel' doesn't exist
 [ SQL语句 ] : SELECT * FROM `mx_cycel` WHERE ( `create_role_id` = '1' ) AND ( `start_time` <= 1526140800 ) AND ( `end_time` >= 1526054399 ) 

[ 2018-05-12T20:31:48+08:00 ] 222.180.250.42 /index.php?m=message&a=tips
ERR: Table 'pinping.mx_cycel' doesn't exist
 [ SQL语句 ] : SHOW COLUMNS FROM `mx_cycel`
ERR: Table 'pinping.mx_cycel' doesn't exist
 [ SQL语句 ] : SELECT * FROM `mx_cycel` WHERE ( `create_role_id` = '1' ) AND ( `start_time` <= 1526140800 ) AND ( `end_time` >= 1526054399 ) 

[ 2018-05-12T20:37:56+08:00 ] 222.180.250.42 /index.php?m=message&a=tips
ERR: Table 'pinping.mx_cycel' doesn't exist
 [ SQL语句 ] : SHOW COLUMNS FROM `mx_cycel`
ERR: Table 'pinping.mx_cycel' doesn't exist
 [ SQL语句 ] : SELECT * FROM `mx_cycel` WHERE ( `create_role_id` = '1' ) AND ( `start_time` <= 1526140800 ) AND ( `end_time` >= 1526054399 ) 

[ 2018-05-12T20:41:00+08:00 ] 222.180.250.42 /index.php?m=message&a=tips
ERR: Table 'pinping.mx_cycel' doesn't exist
 [ SQL语句 ] : SHOW COLUMNS FROM `mx_cycel`
ERR: Table 'pinping.mx_cycel' doesn't exist
 [ SQL语句 ] : SELECT * FROM `mx_cycel` WHERE ( `create_role_id` = '1' ) AND ( `start_time` <= 1526140800 ) AND ( `end_time` >= 1526054399 ) 

[ 2018-05-12T20:53:04+08:00 ] 222.180.250.42 /index.php?m=message&a=tips
ERR: Table 'pinping.mx_cycel' doesn't exist
 [ SQL语句 ] : SHOW COLUMNS FROM `mx_cycel`
ERR: Table 'pinping.mx_cycel' doesn't exist
 [ SQL语句 ] : SELECT * FROM `mx_cycel` WHERE ( `create_role_id` = '1' ) AND ( `start_time` <= 1526140800 ) AND ( `end_time` >= 1526054399 ) 

[ 2018-05-12T20:56:41+08:00 ] 222.180.250.42 /index.php?m=message&a=tips
ERR: Table 'pinping.mx_cycel' doesn't exist
 [ SQL语句 ] : SHOW COLUMNS FROM `mx_cycel`
ERR: Table 'pinping.mx_cycel' doesn't exist
 [ SQL语句 ] : SELECT * FROM `mx_cycel` WHERE ( `create_role_id` = '1' ) AND ( `start_time` <= 1526140800 ) AND ( `end_time` >= 1526054399 ) 

[ 2018-05-12T21:00:17+08:00 ] 222.180.250.42 /index.php?m=message&a=tips
ERR: Table 'pinping.mx_cycel' doesn't exist
 [ SQL语句 ] : SHOW COLUMNS FROM `mx_cycel`
ERR: Table 'pinping.mx_cycel' doesn't exist
 [ SQL语句 ] : SELECT * FROM `mx_cycel` WHERE ( `create_role_id` = '1' ) AND ( `start_time` <= 1526140800 ) AND ( `end_time` >= 1526054399 ) 

[ 2018-05-12T21:13:04+08:00 ] 222.180.250.42 /index.php?m=message&a=tips
ERR: Table 'pinping.mx_cycel' doesn't exist
 [ SQL语句 ] : SHOW COLUMNS FROM `mx_cycel`
ERR: Table 'pinping.mx_cycel' doesn't exist
 [ SQL语句 ] : SELECT * FROM `mx_cycel` WHERE ( `create_role_id` = '1' ) AND ( `start_time` <= 1526140800 ) AND ( `end_time` >= 1526054399 ) 

[ 2018-05-12T21:37:39+08:00 ] 222.180.250.42 /index.php?m=message&a=tips
ERR: Table 'pinping.mx_cycel' doesn't exist
 [ SQL语句 ] : SHOW COLUMNS FROM `mx_cycel`
ERR: Table 'pinping.mx_cycel' doesn't exist
 [ SQL语句 ] : SELECT * FROM `mx_cycel` WHERE ( `create_role_id` = '1' ) AND ( `start_time` <= 1526140800 ) AND ( `end_time` >= 1526054399 ) 

