[ 2018-05-17T08:32:58+08:00 ] 183.226.186.245 /index.php?m=user&a=login
ERR: Table 'pinping.mx_carousel_images' doesn't exist
 [ SQL语句 ] : SHOW COLUMNS FROM `mx_carousel_images`
ERR: Table 'pinping.mx_carousel_images' doesn't exist
 [ SQL语句 ] : SELECT * FROM `mx_carousel_images` ORDER BY listorder 

[ 2018-05-17T08:33:58+08:00 ] 120.204.17.71 /index.php?m=user&a=login
ERR: Table 'pinping.mx_carousel_images' doesn't exist
 [ SQL语句 ] : SHOW COLUMNS FROM `mx_carousel_images`
ERR: Table 'pinping.mx_carousel_images' doesn't exist
 [ SQL语句 ] : SELECT * FROM `mx_carousel_images` ORDER BY listorder 

[ 2018-05-17T08:37:38+08:00 ] 183.226.186.245 /index.php?m=index&a=index
ERR: You have an error in your SQL syntax; check the manual that corresponds to your MySQL server version for the right syntax to use near ') )' at line 1
 [ SQL语句 ] : SELECT `receivables_id`,`price` FROM `mx_receivables` WHERE ( `contract_id` IN () ) 
ERR: You have an error in your SQL syntax; check the manual that corresponds to your MySQL server version for the right syntax to use near ') ) AND ( `status` = 1 ) LIMIT 1' at line 1
 [ SQL语句 ] : SELECT SUM(money) AS tp_sum FROM `mx_receivingorder` WHERE ( `receivables_id` IN () ) AND ( `status` = 1 ) LIMIT 1  
ERR: You have an error in your SQL syntax; check the manual that corresponds to your MySQL server version for the right syntax to use near ') ) AND ( `status` = 1 ) AND (  (`pay_time` BETWEEN 1525104000 AND 1527782400 ) ' at line 1
 [ SQL语句 ] : SELECT SUM(money) AS tp_sum FROM `mx_receivingorder` WHERE ( `receivables_id` IN () ) AND ( `status` = 1 ) AND (  (`pay_time` BETWEEN 1525104000 AND 1527782400 ) ) LIMIT 1  
ERR: You have an error in your SQL syntax; check the manual that corresponds to your MySQL server version for the right syntax to use near ') ) AND ( `status` = 1 ) AND (  (`pay_time` BETWEEN 1526227200 AND 1526832000 ) ' at line 1
 [ SQL语句 ] : SELECT SUM(money) AS tp_sum FROM `mx_receivingorder` WHERE ( `receivables_id` IN () ) AND ( `status` = 1 ) AND (  (`pay_time` BETWEEN 1526227200 AND 1526832000 ) ) LIMIT 1  
ERR: You have an error in your SQL syntax; check the manual that corresponds to your MySQL server version for the right syntax to use near ') ) AND ( `status` = 1 ) AND (  (`pay_time` BETWEEN 1514736000 AND 1546272000 ) ' at line 1
 [ SQL语句 ] : SELECT SUM(money) AS tp_sum FROM `mx_receivingorder` WHERE ( `receivables_id` IN () ) AND ( `status` = 1 ) AND (  (`pay_time` BETWEEN 1514736000 AND 1546272000 ) ) LIMIT 1  

[ 2018-05-17T08:38:37+08:00 ] 120.204.17.72 /index.php?m=user&a=login
ERR: Table 'pinping.mx_carousel_images' doesn't exist
 [ SQL语句 ] : SHOW COLUMNS FROM `mx_carousel_images`
ERR: Table 'pinping.mx_carousel_images' doesn't exist
 [ SQL语句 ] : SELECT * FROM `mx_carousel_images` ORDER BY listorder 

[ 2018-05-17T08:38:39+08:00 ] 120.204.17.70 /index.php?m=user&a=login
ERR: Table 'pinping.mx_carousel_images' doesn't exist
 [ SQL语句 ] : SHOW COLUMNS FROM `mx_carousel_images`
ERR: Table 'pinping.mx_carousel_images' doesn't exist
 [ SQL语句 ] : SELECT * FROM `mx_carousel_images` ORDER BY listorder 

[ 2018-05-17T08:38:41+08:00 ] 120.204.17.71 /index.php?m=integral&a=index
ERR: You have an error in your SQL syntax; check the manual that corresponds to your MySQL server version for the right syntax to use near '%d ) LIMIT 1' at line 1
 [ SQL语句 ] : SELECT `img` FROM `mx_user` WHERE ( user_id = %d ) LIMIT 1  
ERR: You have an error in your SQL syntax; check the manual that corresponds to your MySQL server version for the right syntax to use near '%d ) LIMIT 1' at line 1
 [ SQL语句 ] : SELECT `thumb_path` FROM `mx_user` WHERE ( user_id = %d ) LIMIT 1  

[ 2018-05-17T08:38:42+08:00 ] 183.226.186.245 /index.php?m=message&a=tips
ERR: Table 'pinping.mx_cycel' doesn't exist
 [ SQL语句 ] : SHOW COLUMNS FROM `mx_cycel`
ERR: Table 'pinping.mx_cycel' doesn't exist
 [ SQL语句 ] : SELECT * FROM `mx_cycel` WHERE ( `create_role_id` = '1' ) AND ( `start_time` <= 1526572800 ) AND ( `end_time` >= 1526486399 ) 

[ 2018-05-17T08:41:44+08:00 ] 183.226.186.245 /index.php?m=message&a=tips
ERR: Table 'pinping.mx_cycel' doesn't exist
 [ SQL语句 ] : SHOW COLUMNS FROM `mx_cycel`
ERR: Table 'pinping.mx_cycel' doesn't exist
 [ SQL语句 ] : SELECT * FROM `mx_cycel` WHERE ( `create_role_id` = '1' ) AND ( `start_time` <= 1526572800 ) AND ( `end_time` >= 1526486399 ) 

[ 2018-05-17T08:43:32+08:00 ] 117.185.117.55 /index.php?m=user&a=login
ERR: Table 'pinping.mx_carousel_images' doesn't exist
 [ SQL语句 ] : SHOW COLUMNS FROM `mx_carousel_images`
ERR: Table 'pinping.mx_carousel_images' doesn't exist
 [ SQL语句 ] : SELECT * FROM `mx_carousel_images` ORDER BY listorder 

[ 2018-05-17T08:49:11+08:00 ] 117.144.246.149 /index.php?m=integral&a=index&p=2
ERR: You have an error in your SQL syntax; check the manual that corresponds to your MySQL server version for the right syntax to use near '%d ) LIMIT 1' at line 1
 [ SQL语句 ] : SELECT `img` FROM `mx_user` WHERE ( user_id = %d ) LIMIT 1  
ERR: You have an error in your SQL syntax; check the manual that corresponds to your MySQL server version for the right syntax to use near '%d ) LIMIT 1' at line 1
 [ SQL语句 ] : SELECT `thumb_path` FROM `mx_user` WHERE ( user_id = %d ) LIMIT 1  

[ 2018-05-17T08:55:29+08:00 ] 183.226.186.245 /index.php?m=message&a=tips
ERR: Table 'pinping.mx_cycel' doesn't exist
 [ SQL语句 ] : SHOW COLUMNS FROM `mx_cycel`
ERR: Table 'pinping.mx_cycel' doesn't exist
 [ SQL语句 ] : SELECT * FROM `mx_cycel` WHERE ( `create_role_id` = '1' ) AND ( `start_time` <= 1526572800 ) AND ( `end_time` >= 1526486399 ) 

[ 2018-05-17T08:55:54+08:00 ] 120.204.17.70 /index.php?m=integral&a=index&p=3
ERR: You have an error in your SQL syntax; check the manual that corresponds to your MySQL server version for the right syntax to use near '%d ) LIMIT 1' at line 1
 [ SQL语句 ] : SELECT `img` FROM `mx_user` WHERE ( user_id = %d ) LIMIT 1  
ERR: You have an error in your SQL syntax; check the manual that corresponds to your MySQL server version for the right syntax to use near '%d ) LIMIT 1' at line 1
 [ SQL语句 ] : SELECT `thumb_path` FROM `mx_user` WHERE ( user_id = %d ) LIMIT 1  

[ 2018-05-17T08:58:48+08:00 ] 117.185.117.52 /index.php?m=product&a=index
ERR: You have an error in your SQL syntax; check the manual that corresponds to your MySQL server version for the right syntax to use near '%d ) LIMIT 1' at line 1
 [ SQL语句 ] : SELECT `img` FROM `mx_user` WHERE ( user_id = %d ) LIMIT 1  
ERR: You have an error in your SQL syntax; check the manual that corresponds to your MySQL server version for the right syntax to use near '%d ) LIMIT 1' at line 1
 [ SQL语句 ] : SELECT `thumb_path` FROM `mx_user` WHERE ( user_id = %d ) LIMIT 1  

[ 2018-05-17T09:00:48+08:00 ] 183.226.186.245 /index.php?m=message&a=tips
ERR: Table 'pinping.mx_cycel' doesn't exist
 [ SQL语句 ] : SHOW COLUMNS FROM `mx_cycel`
ERR: Table 'pinping.mx_cycel' doesn't exist
 [ SQL语句 ] : SELECT * FROM `mx_cycel` WHERE ( `create_role_id` = '1' ) AND ( `start_time` <= 1526572800 ) AND ( `end_time` >= 1526486399 ) 

[ 2018-05-17T09:02:19+08:00 ] 183.226.186.245 /index.php?m=message&a=tips
ERR: Table 'pinping.mx_cycel' doesn't exist
 [ SQL语句 ] : SHOW COLUMNS FROM `mx_cycel`
ERR: Table 'pinping.mx_cycel' doesn't exist
 [ SQL语句 ] : SELECT * FROM `mx_cycel` WHERE ( `create_role_id` = '1' ) AND ( `start_time` <= 1526572800 ) AND ( `end_time` >= 1526486399 ) 

[ 2018-05-17T09:05:00+08:00 ] 183.226.186.245 /index.php?m=message&a=tips
ERR: Table 'pinping.mx_cycel' doesn't exist
 [ SQL语句 ] : SHOW COLUMNS FROM `mx_cycel`
ERR: Table 'pinping.mx_cycel' doesn't exist
 [ SQL语句 ] : SELECT * FROM `mx_cycel` WHERE ( `create_role_id` = '1' ) AND ( `start_time` <= 1526572800 ) AND ( `end_time` >= 1526486399 ) 

[ 2018-05-17T09:08:34+08:00 ] 183.226.186.245 /index.php?m=message&a=tips
ERR: Table 'pinping.mx_cycel' doesn't exist
 [ SQL语句 ] : SHOW COLUMNS FROM `mx_cycel`
ERR: Table 'pinping.mx_cycel' doesn't exist
 [ SQL语句 ] : SELECT * FROM `mx_cycel` WHERE ( `create_role_id` = '1' ) AND ( `start_time` <= 1526572800 ) AND ( `end_time` >= 1526486399 ) 

[ 2018-05-17T09:11:56+08:00 ] 183.226.186.245 /index.php?m=message&a=tips
ERR: Table 'pinping.mx_cycel' doesn't exist
 [ SQL语句 ] : SHOW COLUMNS FROM `mx_cycel`
ERR: Table 'pinping.mx_cycel' doesn't exist
 [ SQL语句 ] : SELECT * FROM `mx_cycel` WHERE ( `create_role_id` = '1' ) AND ( `start_time` <= 1526572800 ) AND ( `end_time` >= 1526486399 ) 

[ 2018-05-17T09:13:13+08:00 ] 183.226.186.245 /index.php?m=message&a=tips
ERR: Table 'pinping.mx_cycel' doesn't exist
 [ SQL语句 ] : SHOW COLUMNS FROM `mx_cycel`
ERR: Table 'pinping.mx_cycel' doesn't exist
 [ SQL语句 ] : SELECT * FROM `mx_cycel` WHERE ( `create_role_id` = '1' ) AND ( `start_time` <= 1526572800 ) AND ( `end_time` >= 1526486399 ) 

[ 2018-05-17T09:17:52+08:00 ] 183.226.186.245 /index.php?m=message&a=tips
ERR: Table 'pinping.mx_cycel' doesn't exist
 [ SQL语句 ] : SHOW COLUMNS FROM `mx_cycel`
ERR: Table 'pinping.mx_cycel' doesn't exist
 [ SQL语句 ] : SELECT * FROM `mx_cycel` WHERE ( `create_role_id` = '1' ) AND ( `start_time` <= 1526572800 ) AND ( `end_time` >= 1526486399 ) 

[ 2018-05-17T09:19:47+08:00 ] 183.226.186.245 /index.php?m=message&a=tips
ERR: Table 'pinping.mx_cycel' doesn't exist
 [ SQL语句 ] : SHOW COLUMNS FROM `mx_cycel`
ERR: Table 'pinping.mx_cycel' doesn't exist
 [ SQL语句 ] : SELECT * FROM `mx_cycel` WHERE ( `create_role_id` = '1' ) AND ( `start_time` <= 1526572800 ) AND ( `end_time` >= 1526486399 ) 

[ 2018-05-17T09:21:19+08:00 ] 183.226.186.245 /index.php?m=message&a=tips
ERR: Table 'pinping.mx_cycel' doesn't exist
 [ SQL语句 ] : SHOW COLUMNS FROM `mx_cycel`
ERR: Table 'pinping.mx_cycel' doesn't exist
 [ SQL语句 ] : SELECT * FROM `mx_cycel` WHERE ( `create_role_id` = '1' ) AND ( `start_time` <= 1526572800 ) AND ( `end_time` >= 1526486399 ) 

[ 2018-05-17T09:23:33+08:00 ] 183.226.186.245 /index.php?m=message&a=tips
ERR: Table 'pinping.mx_cycel' doesn't exist
 [ SQL语句 ] : SHOW COLUMNS FROM `mx_cycel`
ERR: Table 'pinping.mx_cycel' doesn't exist
 [ SQL语句 ] : SELECT * FROM `mx_cycel` WHERE ( `create_role_id` = '1' ) AND ( `start_time` <= 1526572800 ) AND ( `end_time` >= 1526486399 ) 

[ 2018-05-17T09:28:43+08:00 ] 183.226.186.245 /index.php?m=message&a=tips
ERR: Table 'pinping.mx_cycel' doesn't exist
 [ SQL语句 ] : SHOW COLUMNS FROM `mx_cycel`
ERR: Table 'pinping.mx_cycel' doesn't exist
 [ SQL语句 ] : SELECT * FROM `mx_cycel` WHERE ( `create_role_id` = '1' ) AND ( `start_time` <= 1526572800 ) AND ( `end_time` >= 1526486399 ) 

[ 2018-05-17T09:32:51+08:00 ] 183.226.186.245 /index.php?m=message&a=tips
ERR: Table 'pinping.mx_cycel' doesn't exist
 [ SQL语句 ] : SHOW COLUMNS FROM `mx_cycel`
ERR: Table 'pinping.mx_cycel' doesn't exist
 [ SQL语句 ] : SELECT * FROM `mx_cycel` WHERE ( `create_role_id` = '1' ) AND ( `start_time` <= 1526572800 ) AND ( `end_time` >= 1526486399 ) 

[ 2018-05-17T09:34:55+08:00 ] 183.226.186.245 /index.php?m=message&a=tips
ERR: Table 'pinping.mx_cycel' doesn't exist
 [ SQL语句 ] : SHOW COLUMNS FROM `mx_cycel`
ERR: Table 'pinping.mx_cycel' doesn't exist
 [ SQL语句 ] : SELECT * FROM `mx_cycel` WHERE ( `create_role_id` = '1' ) AND ( `start_time` <= 1526572800 ) AND ( `end_time` >= 1526486399 ) 

[ 2018-05-17T09:38:56+08:00 ] 183.226.186.245 /index.php?m=message&a=tips
ERR: Table 'pinping.mx_cycel' doesn't exist
 [ SQL语句 ] : SHOW COLUMNS FROM `mx_cycel`
ERR: Table 'pinping.mx_cycel' doesn't exist
 [ SQL语句 ] : SELECT * FROM `mx_cycel` WHERE ( `create_role_id` = '1' ) AND ( `start_time` <= 1526572800 ) AND ( `end_time` >= 1526486399 ) 

[ 2018-05-17T09:39:23+08:00 ] 117.185.117.52 /index.php?m=user&a=login
ERR: Table 'pinping.mx_carousel_images' doesn't exist
 [ SQL语句 ] : SHOW COLUMNS FROM `mx_carousel_images`
ERR: Table 'pinping.mx_carousel_images' doesn't exist
 [ SQL语句 ] : SELECT * FROM `mx_carousel_images` ORDER BY listorder 

[ 2018-05-17T09:43:56+08:00 ] 183.226.186.245 /index.php?m=message&a=tips
ERR: Table 'pinping.mx_cycel' doesn't exist
 [ SQL语句 ] : SHOW COLUMNS FROM `mx_cycel`
ERR: Table 'pinping.mx_cycel' doesn't exist
 [ SQL语句 ] : SELECT * FROM `mx_cycel` WHERE ( `create_role_id` = '1' ) AND ( `start_time` <= 1526572800 ) AND ( `end_time` >= 1526486399 ) 

[ 2018-05-17T09:47:07+08:00 ] 117.185.117.54 /index.php?m=user&a=login
ERR: Table 'pinping.mx_carousel_images' doesn't exist
 [ SQL语句 ] : SHOW COLUMNS FROM `mx_carousel_images`
ERR: Table 'pinping.mx_carousel_images' doesn't exist
 [ SQL语句 ] : SELECT * FROM `mx_carousel_images` ORDER BY listorder 

[ 2018-05-17T09:50:13+08:00 ] 117.185.117.51 /index.php?m=data_analysis&a=achievement
ERR: You have an error in your SQL syntax; check the manual that corresponds to your MySQL server version for the right syntax to use near '%d and url = "%s" ) LIMIT 1' at line 1
 [ SQL语句 ] : SELECT `type` FROM `mx_permission` WHERE ( position_id = %d and url = "%s" ) LIMIT 1  
ERR: You have an error in your SQL syntax; check the manual that corresponds to your MySQL server version for the right syntax to use near ') ) LIMIT 1' at line 1
 [ SQL语句 ] : SELECT SUM(integral) AS tp_sum FROM mx_achievement achievement LEFT JOIN mx_business business ON achievement.project_id=business.business_id WHERE ( (achievement.addtime <= 1526521813) AND (achievement.addtime >= 1525104000)  ) AND ( achievement.user_id IN () ) LIMIT 1  
ERR: You have an error in your SQL syntax; check the manual that corresponds to your MySQL server version for the right syntax to use near ') ) AND ( business.pro_type = '传统项目' ) LIMIT 1' at line 1
 [ SQL语句 ] : SELECT SUM(integral) AS tp_sum FROM mx_achievement achievement LEFT JOIN mx_business business ON achievement.project_id=business.business_id WHERE ( (achievement.addtime <= 1526521813) AND (achievement.addtime >= 1525104000)  ) AND ( achievement.user_id IN () ) AND ( business.pro_type = '传统项目' ) LIMIT 1  
ERR: You have an error in your SQL syntax; check the manual that corresponds to your MySQL server version for the right syntax to use near ') ) AND ( business.pro_type = '面试快' ) LIMIT 1' at line 1
 [ SQL语句 ] : SELECT SUM(integral) AS tp_sum FROM mx_achievement achievement LEFT JOIN mx_business business ON achievement.project_id=business.business_id WHERE ( (achievement.addtime <= 1526521813) AND (achievement.addtime >= 1525104000)  ) AND ( achievement.user_id IN () ) AND ( business.pro_type = '面试快' ) LIMIT 1  
ERR: You have an error in your SQL syntax; check the manual that corresponds to your MySQL server version for the right syntax to use near ') ) AND ( business.pro_type = '入职快' ) LIMIT 1' at line 1
 [ SQL语句 ] : SELECT SUM(integral) AS tp_sum FROM mx_achievement achievement LEFT JOIN mx_business business ON achievement.project_id=business.business_id WHERE ( (achievement.addtime <= 1526521813) AND (achievement.addtime >= 1525104000)  ) AND ( achievement.user_id IN () ) AND ( business.pro_type = '入职快' ) LIMIT 1  
ERR: You have an error in your SQL syntax; check the manual that corresponds to your MySQL server version for the right syntax to use near ') ) AND ( business.pro_type = '其他' ) LIMIT 1' at line 1
 [ SQL语句 ] : SELECT SUM(integral) AS tp_sum FROM mx_achievement achievement LEFT JOIN mx_business business ON achievement.project_id=business.business_id WHERE ( (achievement.addtime <= 1526521813) AND (achievement.addtime >= 1525104000)  ) AND ( achievement.user_id IN () ) AND ( business.pro_type = '其他' ) LIMIT 1  
ERR: You have an error in your SQL syntax; check the manual that corresponds to your MySQL server version for the right syntax to use near '%d and url = "%s" ) LIMIT 1' at line 1
 [ SQL语句 ] : SELECT `type` FROM `mx_permission` WHERE ( position_id = %d and url = "%s" ) LIMIT 1  
ERR: You have an error in your SQL syntax; check the manual that corresponds to your MySQL server version for the right syntax to use near '%d )' at line 1
 [ SQL语句 ] : SELECT * FROM `mx_role_department` WHERE ( department_id =%d ) 
ERR: You have an error in your SQL syntax; check the manual that corresponds to your MySQL server version for the right syntax to use near '%d ) LIMIT 1' at line 1
 [ SQL语句 ] : SELECT `img` FROM `mx_user` WHERE ( user_id = %d ) LIMIT 1  
ERR: You have an error in your SQL syntax; check the manual that corresponds to your MySQL server version for the right syntax to use near '%d ) LIMIT 1' at line 1
 [ SQL语句 ] : SELECT `thumb_path` FROM `mx_user` WHERE ( user_id = %d ) LIMIT 1  

[ 2018-05-17T09:50:38+08:00 ] 117.185.117.55 /index.php?m=user&a=login
ERR: Table 'pinping.mx_carousel_images' doesn't exist
 [ SQL语句 ] : SHOW COLUMNS FROM `mx_carousel_images`
ERR: Table 'pinping.mx_carousel_images' doesn't exist
 [ SQL语句 ] : SELECT * FROM `mx_carousel_images` ORDER BY listorder 

[ 2018-05-17T09:53:51+08:00 ] 120.204.17.70 /index.php?m=integral&a=index&p=2
ERR: You have an error in your SQL syntax; check the manual that corresponds to your MySQL server version for the right syntax to use near '%d ) LIMIT 1' at line 1
 [ SQL语句 ] : SELECT `img` FROM `mx_user` WHERE ( user_id = %d ) LIMIT 1  
ERR: You have an error in your SQL syntax; check the manual that corresponds to your MySQL server version for the right syntax to use near '%d ) LIMIT 1' at line 1
 [ SQL语句 ] : SELECT `thumb_path` FROM `mx_user` WHERE ( user_id = %d ) LIMIT 1  

[ 2018-05-17T10:00:33+08:00 ] 183.226.186.245 /index.php?m=message&a=tips
ERR: Table 'pinping.mx_cycel' doesn't exist
 [ SQL语句 ] : SHOW COLUMNS FROM `mx_cycel`
ERR: Table 'pinping.mx_cycel' doesn't exist
 [ SQL语句 ] : SELECT * FROM `mx_cycel` WHERE ( `create_role_id` = '1' ) AND ( `start_time` <= 1526572800 ) AND ( `end_time` >= 1526486399 ) 

[ 2018-05-17T10:02:06+08:00 ] 183.226.186.245 /index.php?m=message&a=tips
ERR: Table 'pinping.mx_cycel' doesn't exist
 [ SQL语句 ] : SHOW COLUMNS FROM `mx_cycel`
ERR: Table 'pinping.mx_cycel' doesn't exist
 [ SQL语句 ] : SELECT * FROM `mx_cycel` WHERE ( `create_role_id` = '1' ) AND ( `start_time` <= 1526572800 ) AND ( `end_time` >= 1526486399 ) 

[ 2018-05-17T10:09:20+08:00 ] 183.226.186.245 /index.php?m=message&a=tips
ERR: Table 'pinping.mx_cycel' doesn't exist
 [ SQL语句 ] : SHOW COLUMNS FROM `mx_cycel`
ERR: Table 'pinping.mx_cycel' doesn't exist
 [ SQL语句 ] : SELECT * FROM `mx_cycel` WHERE ( `create_role_id` = '1' ) AND ( `start_time` <= 1526572800 ) AND ( `end_time` >= 1526486399 ) 

[ 2018-05-17T10:12:54+08:00 ] 183.226.186.245 /index.php?m=message&a=tips
ERR: Table 'pinping.mx_cycel' doesn't exist
 [ SQL语句 ] : SHOW COLUMNS FROM `mx_cycel`
ERR: Table 'pinping.mx_cycel' doesn't exist
 [ SQL语句 ] : SELECT * FROM `mx_cycel` WHERE ( `create_role_id` = '1' ) AND ( `start_time` <= 1526572800 ) AND ( `end_time` >= 1526486399 ) 

[ 2018-05-17T10:19:45+08:00 ] 183.226.186.245 /index.php?m=message&a=tips
ERR: Table 'pinping.mx_cycel' doesn't exist
 [ SQL语句 ] : SHOW COLUMNS FROM `mx_cycel`
ERR: Table 'pinping.mx_cycel' doesn't exist
 [ SQL语句 ] : SELECT * FROM `mx_cycel` WHERE ( `create_role_id` = '1' ) AND ( `start_time` <= 1526572800 ) AND ( `end_time` >= 1526486399 ) 

[ 2018-05-17T10:23:17+08:00 ] 183.226.186.245 /index.php?m=message&a=tips
ERR: Table 'pinping.mx_cycel' doesn't exist
 [ SQL语句 ] : SHOW COLUMNS FROM `mx_cycel`
ERR: Table 'pinping.mx_cycel' doesn't exist
 [ SQL语句 ] : SELECT * FROM `mx_cycel` WHERE ( `create_role_id` = '1' ) AND ( `start_time` <= 1526572800 ) AND ( `end_time` >= 1526486399 ) 

[ 2018-05-17T10:37:46+08:00 ] 183.226.186.245 /index.php?m=message&a=tips
ERR: Table 'pinping.mx_cycel' doesn't exist
 [ SQL语句 ] : SHOW COLUMNS FROM `mx_cycel`
ERR: Table 'pinping.mx_cycel' doesn't exist
 [ SQL语句 ] : SELECT * FROM `mx_cycel` WHERE ( `create_role_id` = '1' ) AND ( `start_time` <= 1526572800 ) AND ( `end_time` >= 1526486399 ) 

[ 2018-05-17T10:42:25+08:00 ] 183.226.186.245 /index.php?m=message&a=tips
ERR: Table 'pinping.mx_cycel' doesn't exist
 [ SQL语句 ] : SHOW COLUMNS FROM `mx_cycel`
ERR: Table 'pinping.mx_cycel' doesn't exist
 [ SQL语句 ] : SELECT * FROM `mx_cycel` WHERE ( `create_role_id` = '1' ) AND ( `start_time` <= 1526572800 ) AND ( `end_time` >= 1526486399 ) 

[ 2018-05-17T10:54:16+08:00 ] 183.226.186.245 /index.php?m=message&a=tips
ERR: Table 'pinping.mx_cycel' doesn't exist
 [ SQL语句 ] : SHOW COLUMNS FROM `mx_cycel`
ERR: Table 'pinping.mx_cycel' doesn't exist
 [ SQL语句 ] : SELECT * FROM `mx_cycel` WHERE ( `create_role_id` = '1' ) AND ( `start_time` <= 1526572800 ) AND ( `end_time` >= 1526486399 ) 

[ 2018-05-17T10:56:16+08:00 ] 183.226.186.245 /index.php?m=message&a=tips
ERR: Table 'pinping.mx_cycel' doesn't exist
 [ SQL语句 ] : SHOW COLUMNS FROM `mx_cycel`
ERR: Table 'pinping.mx_cycel' doesn't exist
 [ SQL语句 ] : SELECT * FROM `mx_cycel` WHERE ( `create_role_id` = '1' ) AND ( `start_time` <= 1526572800 ) AND ( `end_time` >= 1526486399 ) 

[ 2018-05-17T11:02:53+08:00 ] 183.226.186.245 /index.php?m=message&a=tips
ERR: Table 'pinping.mx_cycel' doesn't exist
 [ SQL语句 ] : SHOW COLUMNS FROM `mx_cycel`
ERR: Table 'pinping.mx_cycel' doesn't exist
 [ SQL语句 ] : SELECT * FROM `mx_cycel` WHERE ( `create_role_id` = '1' ) AND ( `start_time` <= 1526572800 ) AND ( `end_time` >= 1526486399 ) 

[ 2018-05-17T11:03:05+08:00 ] 120.204.17.72 /index.php?m=user&a=login
ERR: Table 'pinping.mx_carousel_images' doesn't exist
 [ SQL语句 ] : SHOW COLUMNS FROM `mx_carousel_images`
ERR: Table 'pinping.mx_carousel_images' doesn't exist
 [ SQL语句 ] : SELECT * FROM `mx_carousel_images` ORDER BY listorder 

[ 2018-05-17T11:12:26+08:00 ] 183.226.186.245 /index.php?m=message&a=tips
ERR: Table 'pinping.mx_cycel' doesn't exist
 [ SQL语句 ] : SHOW COLUMNS FROM `mx_cycel`
ERR: Table 'pinping.mx_cycel' doesn't exist
 [ SQL语句 ] : SELECT * FROM `mx_cycel` WHERE ( `create_role_id` = '1' ) AND ( `start_time` <= 1526572800 ) AND ( `end_time` >= 1526486399 ) 

[ 2018-05-17T11:14:16+08:00 ] 183.226.186.245 /index.php?m=message&a=tips
ERR: Table 'pinping.mx_cycel' doesn't exist
 [ SQL语句 ] : SHOW COLUMNS FROM `mx_cycel`
ERR: Table 'pinping.mx_cycel' doesn't exist
 [ SQL语句 ] : SELECT * FROM `mx_cycel` WHERE ( `create_role_id` = '1' ) AND ( `start_time` <= 1526572800 ) AND ( `end_time` >= 1526486399 ) 

[ 2018-05-17T11:15:06+08:00 ] 183.226.186.245 /index.php?m=message&a=tips
ERR: Table 'pinping.mx_cycel' doesn't exist
 [ SQL语句 ] : SHOW COLUMNS FROM `mx_cycel`
ERR: Table 'pinping.mx_cycel' doesn't exist
 [ SQL语句 ] : SELECT * FROM `mx_cycel` WHERE ( `create_role_id` = '1' ) AND ( `start_time` <= 1526572800 ) AND ( `end_time` >= 1526486399 ) 

[ 2018-05-17T11:20:33+08:00 ] 183.226.186.245 /index.php?m=message&a=tips
ERR: Table 'pinping.mx_cycel' doesn't exist
 [ SQL语句 ] : SHOW COLUMNS FROM `mx_cycel`
ERR: Table 'pinping.mx_cycel' doesn't exist
 [ SQL语句 ] : SELECT * FROM `mx_cycel` WHERE ( `create_role_id` = '1' ) AND ( `start_time` <= 1526572800 ) AND ( `end_time` >= 1526486399 ) 

[ 2018-05-17T11:24:10+08:00 ] 183.226.186.245 /index.php?m=message&a=tips
ERR: Table 'pinping.mx_cycel' doesn't exist
 [ SQL语句 ] : SHOW COLUMNS FROM `mx_cycel`
ERR: Table 'pinping.mx_cycel' doesn't exist
 [ SQL语句 ] : SELECT * FROM `mx_cycel` WHERE ( `create_role_id` = '1' ) AND ( `start_time` <= 1526572800 ) AND ( `end_time` >= 1526486399 ) 

[ 2018-05-17T11:31:55+08:00 ] 183.226.186.245 /index.php?m=message&a=tips
ERR: Table 'pinping.mx_cycel' doesn't exist
 [ SQL语句 ] : SHOW COLUMNS FROM `mx_cycel`
ERR: Table 'pinping.mx_cycel' doesn't exist
 [ SQL语句 ] : SELECT * FROM `mx_cycel` WHERE ( `create_role_id` = '1' ) AND ( `start_time` <= 1526572800 ) AND ( `end_time` >= 1526486399 ) 

[ 2018-05-17T11:39:09+08:00 ] 183.226.186.245 /index.php?m=message&a=tips
ERR: Table 'pinping.mx_cycel' doesn't exist
 [ SQL语句 ] : SHOW COLUMNS FROM `mx_cycel`
ERR: Table 'pinping.mx_cycel' doesn't exist
 [ SQL语句 ] : SELECT * FROM `mx_cycel` WHERE ( `create_role_id` = '1' ) AND ( `start_time` <= 1526572800 ) AND ( `end_time` >= 1526486399 ) 

[ 2018-05-17T11:40:11+08:00 ] 183.226.186.245 /index.php?m=message&a=tips
ERR: Table 'pinping.mx_cycel' doesn't exist
 [ SQL语句 ] : SHOW COLUMNS FROM `mx_cycel`
ERR: Table 'pinping.mx_cycel' doesn't exist
 [ SQL语句 ] : SELECT * FROM `mx_cycel` WHERE ( `create_role_id` = '1' ) AND ( `start_time` <= 1526572800 ) AND ( `end_time` >= 1526486399 ) 

[ 2018-05-17T11:45:45+08:00 ] 183.226.186.245 /index.php?m=message&a=tips
ERR: Table 'pinping.mx_cycel' doesn't exist
 [ SQL语句 ] : SHOW COLUMNS FROM `mx_cycel`
ERR: Table 'pinping.mx_cycel' doesn't exist
 [ SQL语句 ] : SELECT * FROM `mx_cycel` WHERE ( `create_role_id` = '1' ) AND ( `start_time` <= 1526572800 ) AND ( `end_time` >= 1526486399 ) 

[ 2018-05-17T11:47:49+08:00 ] 183.226.186.245 /index.php?m=message&a=tips
ERR: Table 'pinping.mx_cycel' doesn't exist
 [ SQL语句 ] : SHOW COLUMNS FROM `mx_cycel`
ERR: Table 'pinping.mx_cycel' doesn't exist
 [ SQL语句 ] : SELECT * FROM `mx_cycel` WHERE ( `create_role_id` = '1' ) AND ( `start_time` <= 1526572800 ) AND ( `end_time` >= 1526486399 ) 

[ 2018-05-17T11:50:47+08:00 ] 183.226.186.245 /index.php?m=user&a=user_add&id=208&department_id=0
ERR: You have an error in your SQL syntax; check the manual that corresponds to your MySQL server version for the right syntax to use near '%d ) LIMIT 1' at line 1
 [ SQL语句 ] : SELECT `name` FROM `mx_user_category` WHERE ( category_id = %d ) LIMIT 1  

[ 2018-05-17T11:52:13+08:00 ] 120.204.17.71 /index.php?m=user&a=login
ERR: Table 'pinping.mx_carousel_images' doesn't exist
 [ SQL语句 ] : SHOW COLUMNS FROM `mx_carousel_images`
ERR: Table 'pinping.mx_carousel_images' doesn't exist
 [ SQL语句 ] : SELECT * FROM `mx_carousel_images` ORDER BY listorder 

[ 2018-05-17T11:52:40+08:00 ] 183.226.186.245 /index.php?m=message&a=tips
ERR: Table 'pinping.mx_cycel' doesn't exist
 [ SQL语句 ] : SHOW COLUMNS FROM `mx_cycel`
ERR: Table 'pinping.mx_cycel' doesn't exist
 [ SQL语句 ] : SELECT * FROM `mx_cycel` WHERE ( `create_role_id` = '1' ) AND ( `start_time` <= 1526572800 ) AND ( `end_time` >= 1526486399 ) 

[ 2018-05-17T11:55:33+08:00 ] 183.226.186.245 /index.php?m=message&a=tips
ERR: Table 'pinping.mx_cycel' doesn't exist
 [ SQL语句 ] : SHOW COLUMNS FROM `mx_cycel`
ERR: Table 'pinping.mx_cycel' doesn't exist
 [ SQL语句 ] : SELECT * FROM `mx_cycel` WHERE ( `create_role_id` = '1' ) AND ( `start_time` <= 1526572800 ) AND ( `end_time` >= 1526486399 ) 

[ 2018-05-17T12:04:20+08:00 ] 183.226.186.245 /index.php?m=message&a=tips
ERR: Table 'pinping.mx_cycel' doesn't exist
 [ SQL语句 ] : SHOW COLUMNS FROM `mx_cycel`
ERR: Table 'pinping.mx_cycel' doesn't exist
 [ SQL语句 ] : SELECT * FROM `mx_cycel` WHERE ( `create_role_id` = '1' ) AND ( `start_time` <= 1526572800 ) AND ( `end_time` >= 1526486399 ) 

[ 2018-05-17T12:06:24+08:00 ] 183.226.186.245 /index.php?m=message&a=tips
ERR: Table 'pinping.mx_cycel' doesn't exist
 [ SQL语句 ] : SHOW COLUMNS FROM `mx_cycel`
ERR: Table 'pinping.mx_cycel' doesn't exist
 [ SQL语句 ] : SELECT * FROM `mx_cycel` WHERE ( `create_role_id` = '1' ) AND ( `start_time` <= 1526572800 ) AND ( `end_time` >= 1526486399 ) 

[ 2018-05-17T12:30:36+08:00 ] 183.226.186.245 /index.php?m=message&a=tips
ERR: Table 'pinping.mx_cycel' doesn't exist
 [ SQL语句 ] : SHOW COLUMNS FROM `mx_cycel`
ERR: Table 'pinping.mx_cycel' doesn't exist
 [ SQL语句 ] : SELECT * FROM `mx_cycel` WHERE ( `create_role_id` = '1' ) AND ( `start_time` <= 1526572800 ) AND ( `end_time` >= 1526486399 ) 

[ 2018-05-17T12:34:23+08:00 ] 183.226.186.245 /index.php?m=message&a=tips
ERR: Table 'pinping.mx_cycel' doesn't exist
 [ SQL语句 ] : SHOW COLUMNS FROM `mx_cycel`
ERR: Table 'pinping.mx_cycel' doesn't exist
 [ SQL语句 ] : SELECT * FROM `mx_cycel` WHERE ( `create_role_id` = '1' ) AND ( `start_time` <= 1526572800 ) AND ( `end_time` >= 1526486399 ) 

[ 2018-05-17T12:36:16+08:00 ] 183.226.186.245 /index.php?m=message&a=tips
ERR: Table 'pinping.mx_cycel' doesn't exist
 [ SQL语句 ] : SHOW COLUMNS FROM `mx_cycel`
ERR: Table 'pinping.mx_cycel' doesn't exist
 [ SQL语句 ] : SELECT * FROM `mx_cycel` WHERE ( `create_role_id` = '1' ) AND ( `start_time` <= 1526572800 ) AND ( `end_time` >= 1526486399 ) 

[ 2018-05-17T12:40:23+08:00 ] 183.226.186.245 /index.php?m=message&a=tips
ERR: Table 'pinping.mx_cycel' doesn't exist
 [ SQL语句 ] : SHOW COLUMNS FROM `mx_cycel`
ERR: Table 'pinping.mx_cycel' doesn't exist
 [ SQL语句 ] : SELECT * FROM `mx_cycel` WHERE ( `create_role_id` = '1' ) AND ( `start_time` <= 1526572800 ) AND ( `end_time` >= 1526486399 ) 

[ 2018-05-17T12:46:15+08:00 ] 183.226.186.245 /index.php?m=message&a=tips
ERR: Table 'pinping.mx_cycel' doesn't exist
 [ SQL语句 ] : SHOW COLUMNS FROM `mx_cycel`
ERR: Table 'pinping.mx_cycel' doesn't exist
 [ SQL语句 ] : SELECT * FROM `mx_cycel` WHERE ( `create_role_id` = '1' ) AND ( `start_time` <= 1526572800 ) AND ( `end_time` >= 1526486399 ) 

[ 2018-05-17T12:54:19+08:00 ] 183.226.186.245 /index.php?m=message&a=tips
ERR: Table 'pinping.mx_cycel' doesn't exist
 [ SQL语句 ] : SHOW COLUMNS FROM `mx_cycel`
ERR: Table 'pinping.mx_cycel' doesn't exist
 [ SQL语句 ] : SELECT * FROM `mx_cycel` WHERE ( `create_role_id` = '1' ) AND ( `start_time` <= 1526572800 ) AND ( `end_time` >= 1526486399 ) 

[ 2018-05-17T12:56:23+08:00 ] 183.226.186.245 /index.php?m=message&a=tips
ERR: Table 'pinping.mx_cycel' doesn't exist
 [ SQL语句 ] : SHOW COLUMNS FROM `mx_cycel`
ERR: Table 'pinping.mx_cycel' doesn't exist
 [ SQL语句 ] : SELECT * FROM `mx_cycel` WHERE ( `create_role_id` = '1' ) AND ( `start_time` <= 1526572800 ) AND ( `end_time` >= 1526486399 ) 

[ 2018-05-17T13:02:14+08:00 ] 183.226.186.245 /index.php?m=message&a=tips
ERR: Table 'pinping.mx_cycel' doesn't exist
 [ SQL语句 ] : SHOW COLUMNS FROM `mx_cycel`
ERR: Table 'pinping.mx_cycel' doesn't exist
 [ SQL语句 ] : SELECT * FROM `mx_cycel` WHERE ( `create_role_id` = '1' ) AND ( `start_time` <= 1526572800 ) AND ( `end_time` >= 1526486399 ) 

[ 2018-05-17T13:04:06+08:00 ] 183.226.186.245 /index.php?m=message&a=tips
ERR: Table 'pinping.mx_cycel' doesn't exist
 [ SQL语句 ] : SHOW COLUMNS FROM `mx_cycel`
ERR: Table 'pinping.mx_cycel' doesn't exist
 [ SQL语句 ] : SELECT * FROM `mx_cycel` WHERE ( `create_role_id` = '1' ) AND ( `start_time` <= 1526572800 ) AND ( `end_time` >= 1526486399 ) 

[ 2018-05-17T13:06:10+08:00 ] 183.226.186.245 /index.php?m=message&a=tips
ERR: Table 'pinping.mx_cycel' doesn't exist
 [ SQL语句 ] : SHOW COLUMNS FROM `mx_cycel`
ERR: Table 'pinping.mx_cycel' doesn't exist
 [ SQL语句 ] : SELECT * FROM `mx_cycel` WHERE ( `create_role_id` = '1' ) AND ( `start_time` <= 1526572800 ) AND ( `end_time` >= 1526486399 ) 

[ 2018-05-17T13:10:17+08:00 ] 183.226.186.245 /index.php?m=message&a=tips
ERR: Table 'pinping.mx_cycel' doesn't exist
 [ SQL语句 ] : SHOW COLUMNS FROM `mx_cycel`
ERR: Table 'pinping.mx_cycel' doesn't exist
 [ SQL语句 ] : SELECT * FROM `mx_cycel` WHERE ( `create_role_id` = '1' ) AND ( `start_time` <= 1526572800 ) AND ( `end_time` >= 1526486399 ) 

[ 2018-05-17T13:16:06+08:00 ] 183.226.186.245 /index.php?m=message&a=tips
ERR: Table 'pinping.mx_cycel' doesn't exist
 [ SQL语句 ] : SHOW COLUMNS FROM `mx_cycel`
ERR: Table 'pinping.mx_cycel' doesn't exist
 [ SQL语句 ] : SELECT * FROM `mx_cycel` WHERE ( `create_role_id` = '1' ) AND ( `start_time` <= 1526572800 ) AND ( `end_time` >= 1526486399 ) 

[ 2018-05-17T13:18:10+08:00 ] 183.226.186.245 /index.php?m=message&a=tips
ERR: Table 'pinping.mx_cycel' doesn't exist
 [ SQL语句 ] : SHOW COLUMNS FROM `mx_cycel`
ERR: Table 'pinping.mx_cycel' doesn't exist
 [ SQL语句 ] : SELECT * FROM `mx_cycel` WHERE ( `create_role_id` = '1' ) AND ( `start_time` <= 1526572800 ) AND ( `end_time` >= 1526486399 ) 

[ 2018-05-17T13:24:13+08:00 ] 183.226.186.245 /index.php?m=message&a=tips
ERR: Table 'pinping.mx_cycel' doesn't exist
 [ SQL语句 ] : SHOW COLUMNS FROM `mx_cycel`
ERR: Table 'pinping.mx_cycel' doesn't exist
 [ SQL语句 ] : SELECT * FROM `mx_cycel` WHERE ( `create_role_id` = '1' ) AND ( `start_time` <= 1526572800 ) AND ( `end_time` >= 1526486399 ) 

[ 2018-05-17T13:37:53+08:00 ] 183.226.186.245 /index.php?m=message&a=tips
ERR: Table 'pinping.mx_cycel' doesn't exist
 [ SQL语句 ] : SHOW COLUMNS FROM `mx_cycel`
ERR: Table 'pinping.mx_cycel' doesn't exist
 [ SQL语句 ] : SELECT * FROM `mx_cycel` WHERE ( `create_role_id` = '1' ) AND ( `start_time` <= 1526572800 ) AND ( `end_time` >= 1526486399 ) 

[ 2018-05-17T13:45:36+08:00 ] 183.226.186.245 /index.php?m=message&a=tips
ERR: Table 'pinping.mx_cycel' doesn't exist
 [ SQL语句 ] : SHOW COLUMNS FROM `mx_cycel`
ERR: Table 'pinping.mx_cycel' doesn't exist
 [ SQL语句 ] : SELECT * FROM `mx_cycel` WHERE ( `create_role_id` = '1' ) AND ( `start_time` <= 1526572800 ) AND ( `end_time` >= 1526486399 ) 

[ 2018-05-17T13:47:36+08:00 ] 183.226.186.245 /index.php?m=message&a=tips
ERR: Table 'pinping.mx_cycel' doesn't exist
 [ SQL语句 ] : SHOW COLUMNS FROM `mx_cycel`
ERR: Table 'pinping.mx_cycel' doesn't exist
 [ SQL语句 ] : SELECT * FROM `mx_cycel` WHERE ( `create_role_id` = '1' ) AND ( `start_time` <= 1526572800 ) AND ( `end_time` >= 1526486399 ) 

[ 2018-05-17T13:51:43+08:00 ] 183.226.186.245 /index.php?m=message&a=tips
ERR: Table 'pinping.mx_cycel' doesn't exist
 [ SQL语句 ] : SHOW COLUMNS FROM `mx_cycel`
ERR: Table 'pinping.mx_cycel' doesn't exist
 [ SQL语句 ] : SELECT * FROM `mx_cycel` WHERE ( `create_role_id` = '1' ) AND ( `start_time` <= 1526572800 ) AND ( `end_time` >= 1526486399 ) 

[ 2018-05-17T13:52:41+08:00 ] 183.226.186.245 /index.php?m=message&a=tips
ERR: Table 'pinping.mx_cycel' doesn't exist
 [ SQL语句 ] : SHOW COLUMNS FROM `mx_cycel`
ERR: Table 'pinping.mx_cycel' doesn't exist
 [ SQL语句 ] : SELECT * FROM `mx_cycel` WHERE ( `create_role_id` = '1' ) AND ( `start_time` <= 1526572800 ) AND ( `end_time` >= 1526486399 ) 

[ 2018-05-17T13:55:51+08:00 ] 183.226.186.245 /index.php?m=message&a=tips
ERR: Table 'pinping.mx_cycel' doesn't exist
 [ SQL语句 ] : SHOW COLUMNS FROM `mx_cycel`
ERR: Table 'pinping.mx_cycel' doesn't exist
 [ SQL语句 ] : SELECT * FROM `mx_cycel` WHERE ( `create_role_id` = '1' ) AND ( `start_time` <= 1526572800 ) AND ( `end_time` >= 1526486399 ) 

[ 2018-05-17T14:07:09+08:00 ] 183.226.186.245 /index.php?m=message&a=tips
ERR: Table 'pinping.mx_cycel' doesn't exist
 [ SQL语句 ] : SHOW COLUMNS FROM `mx_cycel`
ERR: Table 'pinping.mx_cycel' doesn't exist
 [ SQL语句 ] : SELECT * FROM `mx_cycel` WHERE ( `create_role_id` = '1' ) AND ( `start_time` <= 1526572800 ) AND ( `end_time` >= 1526486399 ) 

[ 2018-05-17T14:10:32+08:00 ] 183.226.186.245 /index.php?m=message&a=tips
ERR: Table 'pinping.mx_cycel' doesn't exist
 [ SQL语句 ] : SHOW COLUMNS FROM `mx_cycel`
ERR: Table 'pinping.mx_cycel' doesn't exist
 [ SQL语句 ] : SELECT * FROM `mx_cycel` WHERE ( `create_role_id` = '1' ) AND ( `start_time` <= 1526572800 ) AND ( `end_time` >= 1526486399 ) 

[ 2018-05-17T14:12:34+08:00 ] 117.185.117.52 /index.php?m=integral&a=index
ERR: You have an error in your SQL syntax; check the manual that corresponds to your MySQL server version for the right syntax to use near '%d ) LIMIT 1' at line 1
 [ SQL语句 ] : SELECT `img` FROM `mx_user` WHERE ( user_id = %d ) LIMIT 1  
ERR: You have an error in your SQL syntax; check the manual that corresponds to your MySQL server version for the right syntax to use near '%d ) LIMIT 1' at line 1
 [ SQL语句 ] : SELECT `thumb_path` FROM `mx_user` WHERE ( user_id = %d ) LIMIT 1  

[ 2018-05-17T14:17:01+08:00 ] 183.226.186.245 /index.php?m=message&a=tips
ERR: Table 'pinping.mx_cycel' doesn't exist
 [ SQL语句 ] : SHOW COLUMNS FROM `mx_cycel`
ERR: Table 'pinping.mx_cycel' doesn't exist
 [ SQL语句 ] : SELECT * FROM `mx_cycel` WHERE ( `create_role_id` = '1' ) AND ( `start_time` <= 1526572800 ) AND ( `end_time` >= 1526486399 ) 

[ 2018-05-17T14:24:48+08:00 ] 183.226.186.245 /index.php?m=message&a=tips
ERR: Table 'pinping.mx_cycel' doesn't exist
 [ SQL语句 ] : SHOW COLUMNS FROM `mx_cycel`
ERR: Table 'pinping.mx_cycel' doesn't exist
 [ SQL语句 ] : SELECT * FROM `mx_cycel` WHERE ( `create_role_id` = '1' ) AND ( `start_time` <= 1526572800 ) AND ( `end_time` >= 1526486399 ) 

[ 2018-05-17T14:36:08+08:00 ] 183.226.186.245 /index.php?m=message&a=tips
ERR: Table 'pinping.mx_cycel' doesn't exist
 [ SQL语句 ] : SHOW COLUMNS FROM `mx_cycel`
ERR: Table 'pinping.mx_cycel' doesn't exist
 [ SQL语句 ] : SELECT * FROM `mx_cycel` WHERE ( `create_role_id` = '1' ) AND ( `start_time` <= 1526572800 ) AND ( `end_time` >= 1526486399 ) 

[ 2018-05-17T14:39:19+08:00 ] 183.226.186.245 /index.php?m=message&a=tips
ERR: Table 'pinping.mx_cycel' doesn't exist
 [ SQL语句 ] : SHOW COLUMNS FROM `mx_cycel`
ERR: Table 'pinping.mx_cycel' doesn't exist
 [ SQL语句 ] : SELECT * FROM `mx_cycel` WHERE ( `create_role_id` = '1' ) AND ( `start_time` <= 1526572800 ) AND ( `end_time` >= 1526486399 ) 

[ 2018-05-17T14:41:18+08:00 ] 183.226.186.245 /index.php?m=message&a=tips
ERR: Table 'pinping.mx_cycel' doesn't exist
 [ SQL语句 ] : SHOW COLUMNS FROM `mx_cycel`
ERR: Table 'pinping.mx_cycel' doesn't exist
 [ SQL语句 ] : SELECT * FROM `mx_cycel` WHERE ( `create_role_id` = '1' ) AND ( `start_time` <= 1526572800 ) AND ( `end_time` >= 1526486399 ) 

[ 2018-05-17T14:43:58+08:00 ] 183.226.186.245 /index.php?m=message&a=tips
ERR: Table 'pinping.mx_cycel' doesn't exist
 [ SQL语句 ] : SHOW COLUMNS FROM `mx_cycel`
ERR: Table 'pinping.mx_cycel' doesn't exist
 [ SQL语句 ] : SELECT * FROM `mx_cycel` WHERE ( `create_role_id` = '1' ) AND ( `start_time` <= 1526572800 ) AND ( `end_time` >= 1526486399 ) 

[ 2018-05-17T14:44:49+08:00 ] 183.226.186.245 /index.php?m=product&a=view&id=1384467
ERR: You have an error in your SQL syntax; check the manual that corresponds to your MySQL server version for the right syntax to use near '%s) )' at line 1
 [ SQL语句 ] : SELECT * FROM `mx_file` WHERE ( file_id in (%s) ) 
ERR: You have an error in your SQL syntax; check the manual that corresponds to your MySQL server version for the right syntax to use near '%s) ) ORDER BY log_id desc' at line 1
 [ SQL语句 ] : SELECT * FROM `mx_log` WHERE ( log_id in (%s) ) ORDER BY log_id desc 
ERR: You have an error in your SQL syntax; check the manual that corresponds to your MySQL server version for the right syntax to use near '%s) ) LIMIT 1' at line 1
 [ SQL语句 ] : SELECT COUNT(*) AS tp_count FROM `mx_log` WHERE ( log_id in (%s) ) LIMIT 1  

[ 2018-05-17T14:47:55+08:00 ] 183.226.186.245 /index.php?m=message&a=tips
ERR: Table 'pinping.mx_cycel' doesn't exist
 [ SQL语句 ] : SHOW COLUMNS FROM `mx_cycel`
ERR: Table 'pinping.mx_cycel' doesn't exist
 [ SQL语句 ] : SELECT * FROM `mx_cycel` WHERE ( `create_role_id` = '1' ) AND ( `start_time` <= 1526572800 ) AND ( `end_time` >= 1526486399 ) 

[ 2018-05-17T14:52:34+08:00 ] 183.226.186.245 /index.php?m=message&a=tips
ERR: Table 'pinping.mx_cycel' doesn't exist
 [ SQL语句 ] : SHOW COLUMNS FROM `mx_cycel`
ERR: Table 'pinping.mx_cycel' doesn't exist
 [ SQL语句 ] : SELECT * FROM `mx_cycel` WHERE ( `create_role_id` = '1' ) AND ( `start_time` <= 1526572800 ) AND ( `end_time` >= 1526486399 ) 

[ 2018-05-17T14:59:17+08:00 ] 183.226.186.245 /index.php?m=message&a=tips
ERR: Table 'pinping.mx_cycel' doesn't exist
 [ SQL语句 ] : SHOW COLUMNS FROM `mx_cycel`
ERR: Table 'pinping.mx_cycel' doesn't exist
 [ SQL语句 ] : SELECT * FROM `mx_cycel` WHERE ( `create_role_id` = '1' ) AND ( `start_time` <= 1526572800 ) AND ( `end_time` >= 1526486399 ) 

[ 2018-05-17T15:05:29+08:00 ] 183.226.186.245 /index.php?m=message&a=tips
ERR: Table 'pinping.mx_cycel' doesn't exist
 [ SQL语句 ] : SHOW COLUMNS FROM `mx_cycel`
ERR: Table 'pinping.mx_cycel' doesn't exist
 [ SQL语句 ] : SELECT * FROM `mx_cycel` WHERE ( `create_role_id` = '1' ) AND ( `start_time` <= 1526572800 ) AND ( `end_time` >= 1526486399 ) 

[ 2018-05-17T15:09:37+08:00 ] 183.226.186.245 /index.php?m=message&a=tips
ERR: Table 'pinping.mx_cycel' doesn't exist
 [ SQL语句 ] : SHOW COLUMNS FROM `mx_cycel`
ERR: Table 'pinping.mx_cycel' doesn't exist
 [ SQL语句 ] : SELECT * FROM `mx_cycel` WHERE ( `create_role_id` = '1' ) AND ( `start_time` <= 1526572800 ) AND ( `end_time` >= 1526486399 ) 

[ 2018-05-17T15:11:41+08:00 ] 183.226.186.245 /index.php?m=message&a=tips
ERR: Table 'pinping.mx_cycel' doesn't exist
 [ SQL语句 ] : SHOW COLUMNS FROM `mx_cycel`
ERR: Table 'pinping.mx_cycel' doesn't exist
 [ SQL语句 ] : SELECT * FROM `mx_cycel` WHERE ( `create_role_id` = '1' ) AND ( `start_time` <= 1526572800 ) AND ( `end_time` >= 1526486399 ) 

[ 2018-05-17T15:13:14+08:00 ] 183.226.186.245 /index.php?m=message&a=tips
ERR: Table 'pinping.mx_cycel' doesn't exist
 [ SQL语句 ] : SHOW COLUMNS FROM `mx_cycel`
ERR: Table 'pinping.mx_cycel' doesn't exist
 [ SQL语句 ] : SELECT * FROM `mx_cycel` WHERE ( `create_role_id` = '1' ) AND ( `start_time` <= 1526572800 ) AND ( `end_time` >= 1526486399 ) 

[ 2018-05-17T15:14:26+08:00 ] 183.226.186.245 /index.php?m=message&a=tips
ERR: Table 'pinping.mx_cycel' doesn't exist
 [ SQL语句 ] : SHOW COLUMNS FROM `mx_cycel`
ERR: Table 'pinping.mx_cycel' doesn't exist
 [ SQL语句 ] : SELECT * FROM `mx_cycel` WHERE ( `create_role_id` = '1' ) AND ( `start_time` <= 1526572800 ) AND ( `end_time` >= 1526486399 ) 

[ 2018-05-17T15:16:30+08:00 ] 183.226.186.245 /index.php?m=message&a=tips
ERR: Table 'pinping.mx_cycel' doesn't exist
 [ SQL语句 ] : SHOW COLUMNS FROM `mx_cycel`
ERR: Table 'pinping.mx_cycel' doesn't exist
 [ SQL语句 ] : SELECT * FROM `mx_cycel` WHERE ( `create_role_id` = '1' ) AND ( `start_time` <= 1526572800 ) AND ( `end_time` >= 1526486399 ) 

[ 2018-05-17T15:21:30+08:00 ] 183.226.186.245 /index.php?m=message&a=tips
ERR: Table 'pinping.mx_cycel' doesn't exist
 [ SQL语句 ] : SHOW COLUMNS FROM `mx_cycel`
ERR: Table 'pinping.mx_cycel' doesn't exist
 [ SQL语句 ] : SELECT * FROM `mx_cycel` WHERE ( `create_role_id` = '1' ) AND ( `start_time` <= 1526572800 ) AND ( `end_time` >= 1526486399 ) 

[ 2018-05-17T15:23:12+08:00 ] 183.226.186.245 /index.php?m=message&a=tips
ERR: Table 'pinping.mx_cycel' doesn't exist
 [ SQL语句 ] : SHOW COLUMNS FROM `mx_cycel`
ERR: Table 'pinping.mx_cycel' doesn't exist
 [ SQL语句 ] : SELECT * FROM `mx_cycel` WHERE ( `create_role_id` = '1' ) AND ( `start_time` <= 1526572800 ) AND ( `end_time` >= 1526486399 ) 

[ 2018-05-17T15:24:45+08:00 ] 183.226.186.245 /index.php?m=message&a=tips
ERR: Table 'pinping.mx_cycel' doesn't exist
 [ SQL语句 ] : SHOW COLUMNS FROM `mx_cycel`
ERR: Table 'pinping.mx_cycel' doesn't exist
 [ SQL语句 ] : SELECT * FROM `mx_cycel` WHERE ( `create_role_id` = '1' ) AND ( `start_time` <= 1526572800 ) AND ( `end_time` >= 1526486399 ) 

[ 2018-05-17T15:27:42+08:00 ] 183.226.186.245 /index.php?m=message&a=tips
ERR: Table 'pinping.mx_cycel' doesn't exist
 [ SQL语句 ] : SHOW COLUMNS FROM `mx_cycel`
ERR: Table 'pinping.mx_cycel' doesn't exist
 [ SQL语句 ] : SELECT * FROM `mx_cycel` WHERE ( `create_role_id` = '1' ) AND ( `start_time` <= 1526572800 ) AND ( `end_time` >= 1526486399 ) 

[ 2018-05-17T15:29:46+08:00 ] 183.226.186.245 /index.php?m=message&a=tips
ERR: Table 'pinping.mx_cycel' doesn't exist
 [ SQL语句 ] : SHOW COLUMNS FROM `mx_cycel`
ERR: Table 'pinping.mx_cycel' doesn't exist
 [ SQL语句 ] : SELECT * FROM `mx_cycel` WHERE ( `create_role_id` = '1' ) AND ( `start_time` <= 1526572800 ) AND ( `end_time` >= 1526486399 ) 

[ 2018-05-17T15:33:54+08:00 ] 183.226.186.245 /index.php?m=message&a=tips
ERR: Table 'pinping.mx_cycel' doesn't exist
 [ SQL语句 ] : SHOW COLUMNS FROM `mx_cycel`
ERR: Table 'pinping.mx_cycel' doesn't exist
 [ SQL语句 ] : SELECT * FROM `mx_cycel` WHERE ( `create_role_id` = '1' ) AND ( `start_time` <= 1526572800 ) AND ( `end_time` >= 1526486399 ) 

[ 2018-05-17T15:39:44+08:00 ] 183.226.186.245 /index.php?m=message&a=tips
ERR: Table 'pinping.mx_cycel' doesn't exist
 [ SQL语句 ] : SHOW COLUMNS FROM `mx_cycel`
ERR: Table 'pinping.mx_cycel' doesn't exist
 [ SQL语句 ] : SELECT * FROM `mx_cycel` WHERE ( `create_role_id` = '1' ) AND ( `start_time` <= 1526572800 ) AND ( `end_time` >= 1526486399 ) 

[ 2018-05-17T15:43:52+08:00 ] 183.226.186.245 /index.php?m=message&a=tips
ERR: Table 'pinping.mx_cycel' doesn't exist
 [ SQL语句 ] : SHOW COLUMNS FROM `mx_cycel`
ERR: Table 'pinping.mx_cycel' doesn't exist
 [ SQL语句 ] : SELECT * FROM `mx_cycel` WHERE ( `create_role_id` = '1' ) AND ( `start_time` <= 1526572800 ) AND ( `end_time` >= 1526486399 ) 

[ 2018-05-17T15:45:56+08:00 ] 183.226.186.245 /index.php?m=message&a=tips
ERR: Table 'pinping.mx_cycel' doesn't exist
 [ SQL语句 ] : SHOW COLUMNS FROM `mx_cycel`
ERR: Table 'pinping.mx_cycel' doesn't exist
 [ SQL语句 ] : SELECT * FROM `mx_cycel` WHERE ( `create_role_id` = '1' ) AND ( `start_time` <= 1526572800 ) AND ( `end_time` >= 1526486399 ) 

[ 2018-05-17T15:47:51+08:00 ] 183.226.186.245 /index.php?m=message&a=tips
ERR: Table 'pinping.mx_cycel' doesn't exist
 [ SQL语句 ] : SHOW COLUMNS FROM `mx_cycel`
ERR: Table 'pinping.mx_cycel' doesn't exist
 [ SQL语句 ] : SELECT * FROM `mx_cycel` WHERE ( `create_role_id` = '1' ) AND ( `start_time` <= 1526572800 ) AND ( `end_time` >= 1526486399 ) 

[ 2018-05-17T15:55:32+08:00 ] 183.226.186.245 /index.php?m=message&a=tips
ERR: Table 'pinping.mx_cycel' doesn't exist
 [ SQL语句 ] : SHOW COLUMNS FROM `mx_cycel`
ERR: Table 'pinping.mx_cycel' doesn't exist
 [ SQL语句 ] : SELECT * FROM `mx_cycel` WHERE ( `create_role_id` = '1' ) AND ( `start_time` <= 1526572800 ) AND ( `end_time` >= 1526486399 ) 

[ 2018-05-17T16:03:21+08:00 ] 183.226.186.245 /index.php?m=message&a=tips
ERR: Table 'pinping.mx_cycel' doesn't exist
 [ SQL语句 ] : SHOW COLUMNS FROM `mx_cycel`
ERR: Table 'pinping.mx_cycel' doesn't exist
 [ SQL语句 ] : SELECT * FROM `mx_cycel` WHERE ( `create_role_id` = '1' ) AND ( `start_time` <= 1526572800 ) AND ( `end_time` >= 1526486399 ) 

[ 2018-05-17T16:05:25+08:00 ] 183.226.186.245 /index.php?m=message&a=tips
ERR: Table 'pinping.mx_cycel' doesn't exist
 [ SQL语句 ] : SHOW COLUMNS FROM `mx_cycel`
ERR: Table 'pinping.mx_cycel' doesn't exist
 [ SQL语句 ] : SELECT * FROM `mx_cycel` WHERE ( `create_role_id` = '1' ) AND ( `start_time` <= 1526572800 ) AND ( `end_time` >= 1526486399 ) 

[ 2018-05-17T16:12:10+08:00 ] 183.226.186.245 /index.php?m=message&a=tips
ERR: Table 'pinping.mx_cycel' doesn't exist
 [ SQL语句 ] : SHOW COLUMNS FROM `mx_cycel`
ERR: Table 'pinping.mx_cycel' doesn't exist
 [ SQL语句 ] : SELECT * FROM `mx_cycel` WHERE ( `create_role_id` = '1' ) AND ( `start_time` <= 1526572800 ) AND ( `end_time` >= 1526486399 ) 

[ 2018-05-17T16:21:26+08:00 ] 183.226.186.245 /index.php?m=message&a=tips
ERR: Table 'pinping.mx_cycel' doesn't exist
 [ SQL语句 ] : SHOW COLUMNS FROM `mx_cycel`
ERR: Table 'pinping.mx_cycel' doesn't exist
 [ SQL语句 ] : SELECT * FROM `mx_cycel` WHERE ( `create_role_id` = '1' ) AND ( `start_time` <= 1526572800 ) AND ( `end_time` >= 1526486399 ) 

[ 2018-05-17T16:25:05+08:00 ] 183.226.186.245 /index.php?m=message&a=tips
ERR: Table 'pinping.mx_cycel' doesn't exist
 [ SQL语句 ] : SHOW COLUMNS FROM `mx_cycel`
ERR: Table 'pinping.mx_cycel' doesn't exist
 [ SQL语句 ] : SELECT * FROM `mx_cycel` WHERE ( `create_role_id` = '1' ) AND ( `start_time` <= 1526572800 ) AND ( `end_time` >= 1526486399 ) 

[ 2018-05-17T16:27:09+08:00 ] 183.226.186.245 /index.php?m=message&a=tips
ERR: Table 'pinping.mx_cycel' doesn't exist
 [ SQL语句 ] : SHOW COLUMNS FROM `mx_cycel`
ERR: Table 'pinping.mx_cycel' doesn't exist
 [ SQL语句 ] : SELECT * FROM `mx_cycel` WHERE ( `create_role_id` = '1' ) AND ( `start_time` <= 1526572800 ) AND ( `end_time` >= 1526486399 ) 

[ 2018-05-17T16:29:11+08:00 ] 183.226.186.245 /index.php?m=message&a=tips
ERR: Table 'pinping.mx_cycel' doesn't exist
 [ SQL语句 ] : SHOW COLUMNS FROM `mx_cycel`
ERR: Table 'pinping.mx_cycel' doesn't exist
 [ SQL语句 ] : SELECT * FROM `mx_cycel` WHERE ( `create_role_id` = '1' ) AND ( `start_time` <= 1526572800 ) AND ( `end_time` >= 1526486399 ) 

[ 2018-05-17T16:31:15+08:00 ] 183.226.186.245 /index.php?m=message&a=tips
ERR: Table 'pinping.mx_cycel' doesn't exist
 [ SQL语句 ] : SHOW COLUMNS FROM `mx_cycel`
ERR: Table 'pinping.mx_cycel' doesn't exist
 [ SQL语句 ] : SELECT * FROM `mx_cycel` WHERE ( `create_role_id` = '1' ) AND ( `start_time` <= 1526572800 ) AND ( `end_time` >= 1526486399 ) 

[ 2018-05-17T16:32:50+08:00 ] 183.226.186.245 /index.php?m=message&a=tips
ERR: Table 'pinping.mx_cycel' doesn't exist
 [ SQL语句 ] : SHOW COLUMNS FROM `mx_cycel`
ERR: Table 'pinping.mx_cycel' doesn't exist
 [ SQL语句 ] : SELECT * FROM `mx_cycel` WHERE ( `create_role_id` = '1' ) AND ( `start_time` <= 1526572800 ) AND ( `end_time` >= 1526486399 ) 

[ 2018-05-17T16:34:54+08:00 ] 183.226.186.245 /index.php?m=message&a=tips
ERR: Table 'pinping.mx_cycel' doesn't exist
 [ SQL语句 ] : SHOW COLUMNS FROM `mx_cycel`
ERR: Table 'pinping.mx_cycel' doesn't exist
 [ SQL语句 ] : SELECT * FROM `mx_cycel` WHERE ( `create_role_id` = '1' ) AND ( `start_time` <= 1526572800 ) AND ( `end_time` >= 1526486399 ) 

[ 2018-05-17T16:36:56+08:00 ] 183.226.186.245 /index.php?m=message&a=tips
ERR: Table 'pinping.mx_cycel' doesn't exist
 [ SQL语句 ] : SHOW COLUMNS FROM `mx_cycel`
ERR: Table 'pinping.mx_cycel' doesn't exist
 [ SQL语句 ] : SELECT * FROM `mx_cycel` WHERE ( `create_role_id` = '1' ) AND ( `start_time` <= 1526572800 ) AND ( `end_time` >= 1526486399 ) 

[ 2018-05-17T16:42:37+08:00 ] 183.226.186.245 /index.php?m=message&a=tips
ERR: Table 'pinping.mx_cycel' doesn't exist
 [ SQL语句 ] : SHOW COLUMNS FROM `mx_cycel`
ERR: Table 'pinping.mx_cycel' doesn't exist
 [ SQL语句 ] : SELECT * FROM `mx_cycel` WHERE ( `create_role_id` = '1' ) AND ( `start_time` <= 1526572800 ) AND ( `end_time` >= 1526486399 ) 

[ 2018-05-17T16:48:51+08:00 ] 183.226.186.245 /index.php?m=message&a=tips
ERR: Table 'pinping.mx_cycel' doesn't exist
 [ SQL语句 ] : SHOW COLUMNS FROM `mx_cycel`
ERR: Table 'pinping.mx_cycel' doesn't exist
 [ SQL语句 ] : SELECT * FROM `mx_cycel` WHERE ( `create_role_id` = '1' ) AND ( `start_time` <= 1526572800 ) AND ( `end_time` >= 1526486399 ) 

[ 2018-05-17T17:05:54+08:00 ] 183.226.186.245 /index.php?m=message&a=tips
ERR: Table 'pinping.mx_cycel' doesn't exist
 [ SQL语句 ] : SHOW COLUMNS FROM `mx_cycel`
ERR: Table 'pinping.mx_cycel' doesn't exist
 [ SQL语句 ] : SELECT * FROM `mx_cycel` WHERE ( `create_role_id` = '1' ) AND ( `start_time` <= 1526572800 ) AND ( `end_time` >= 1526486399 ) 

[ 2018-05-17T17:12:37+08:00 ] 183.226.186.245 /index.php?m=message&a=tips
ERR: Table 'pinping.mx_cycel' doesn't exist
 [ SQL语句 ] : SHOW COLUMNS FROM `mx_cycel`
ERR: Table 'pinping.mx_cycel' doesn't exist
 [ SQL语句 ] : SELECT * FROM `mx_cycel` WHERE ( `create_role_id` = '1' ) AND ( `start_time` <= 1526572800 ) AND ( `end_time` >= 1526486399 ) 

[ 2018-05-17T17:18:16+08:00 ] 183.226.186.245 /index.php?m=message&a=tips
ERR: Table 'pinping.mx_cycel' doesn't exist
 [ SQL语句 ] : SHOW COLUMNS FROM `mx_cycel`
ERR: Table 'pinping.mx_cycel' doesn't exist
 [ SQL语句 ] : SELECT * FROM `mx_cycel` WHERE ( `create_role_id` = '1' ) AND ( `start_time` <= 1526572800 ) AND ( `end_time` >= 1526486399 ) 

[ 2018-05-17T17:19:51+08:00 ] 183.226.186.245 /index.php?m=message&a=tips
ERR: Table 'pinping.mx_cycel' doesn't exist
 [ SQL语句 ] : SHOW COLUMNS FROM `mx_cycel`
ERR: Table 'pinping.mx_cycel' doesn't exist
 [ SQL语句 ] : SELECT * FROM `mx_cycel` WHERE ( `create_role_id` = '1' ) AND ( `start_time` <= 1526572800 ) AND ( `end_time` >= 1526486399 ) 

[ 2018-05-17T17:21:53+08:00 ] 183.226.186.245 /index.php?m=message&a=tips
ERR: Table 'pinping.mx_cycel' doesn't exist
 [ SQL语句 ] : SHOW COLUMNS FROM `mx_cycel`
ERR: Table 'pinping.mx_cycel' doesn't exist
 [ SQL语句 ] : SELECT * FROM `mx_cycel` WHERE ( `create_role_id` = '1' ) AND ( `start_time` <= 1526572800 ) AND ( `end_time` >= 1526486399 ) 

[ 2018-05-17T17:25:32+08:00 ] 183.226.186.245 /index.php?m=message&a=tips
ERR: Table 'pinping.mx_cycel' doesn't exist
 [ SQL语句 ] : SHOW COLUMNS FROM `mx_cycel`
ERR: Table 'pinping.mx_cycel' doesn't exist
 [ SQL语句 ] : SELECT * FROM `mx_cycel` WHERE ( `create_role_id` = '1' ) AND ( `start_time` <= 1526572800 ) AND ( `end_time` >= 1526486399 ) 

[ 2018-05-17T17:27:33+08:00 ] 183.226.186.245 /index.php?m=message&a=tips
ERR: Table 'pinping.mx_cycel' doesn't exist
 [ SQL语句 ] : SHOW COLUMNS FROM `mx_cycel`
ERR: Table 'pinping.mx_cycel' doesn't exist
 [ SQL语句 ] : SELECT * FROM `mx_cycel` WHERE ( `create_role_id` = '1' ) AND ( `start_time` <= 1526572800 ) AND ( `end_time` >= 1526486399 ) 

[ 2018-05-17T17:29:09+08:00 ] 183.226.186.245 /index.php?m=message&a=tips
ERR: Table 'pinping.mx_cycel' doesn't exist
 [ SQL语句 ] : SHOW COLUMNS FROM `mx_cycel`
ERR: Table 'pinping.mx_cycel' doesn't exist
 [ SQL语句 ] : SELECT * FROM `mx_cycel` WHERE ( `create_role_id` = '1' ) AND ( `start_time` <= 1526572800 ) AND ( `end_time` >= 1526486399 ) 

[ 2018-05-17T17:34:16+08:00 ] 183.226.186.245 /index.php?m=message&a=tips
ERR: Table 'pinping.mx_cycel' doesn't exist
 [ SQL语句 ] : SHOW COLUMNS FROM `mx_cycel`
ERR: Table 'pinping.mx_cycel' doesn't exist
 [ SQL语句 ] : SELECT * FROM `mx_cycel` WHERE ( `create_role_id` = '1' ) AND ( `start_time` <= 1526572800 ) AND ( `end_time` >= 1526486399 ) 

[ 2018-05-17T17:48:41+08:00 ] 183.226.186.245 /index.php?m=message&a=tips
ERR: Table 'pinping.mx_cycel' doesn't exist
 [ SQL语句 ] : SHOW COLUMNS FROM `mx_cycel`
ERR: Table 'pinping.mx_cycel' doesn't exist
 [ SQL语句 ] : SELECT * FROM `mx_cycel` WHERE ( `create_role_id` = '1' ) AND ( `start_time` <= 1526572800 ) AND ( `end_time` >= 1526486399 ) 

[ 2018-05-17T18:06:44+08:00 ] 183.226.186.245 /index.php?m=message&a=tips
ERR: Table 'pinping.mx_cycel' doesn't exist
 [ SQL语句 ] : SHOW COLUMNS FROM `mx_cycel`
ERR: Table 'pinping.mx_cycel' doesn't exist
 [ SQL语句 ] : SELECT * FROM `mx_cycel` WHERE ( `create_role_id` = '1' ) AND ( `start_time` <= 1526572800 ) AND ( `end_time` >= 1526486399 ) 

[ 2018-05-17T18:16:32+08:00 ] 183.226.186.245 /index.php?m=message&a=tips
ERR: Table 'pinping.mx_cycel' doesn't exist
 [ SQL语句 ] : SHOW COLUMNS FROM `mx_cycel`
ERR: Table 'pinping.mx_cycel' doesn't exist
 [ SQL语句 ] : SELECT * FROM `mx_cycel` WHERE ( `create_role_id` = '1' ) AND ( `start_time` <= 1526572800 ) AND ( `end_time` >= 1526486399 ) 

[ 2018-05-17T18:20:09+08:00 ] 183.226.186.245 /index.php?m=message&a=tips
ERR: Table 'pinping.mx_cycel' doesn't exist
 [ SQL语句 ] : SHOW COLUMNS FROM `mx_cycel`
ERR: Table 'pinping.mx_cycel' doesn't exist
 [ SQL语句 ] : SELECT * FROM `mx_cycel` WHERE ( `create_role_id` = '1' ) AND ( `start_time` <= 1526572800 ) AND ( `end_time` >= 1526486399 ) 

[ 2018-05-17T18:23:46+08:00 ] 183.226.186.245 /index.php?m=message&a=tips
ERR: Table 'pinping.mx_cycel' doesn't exist
 [ SQL语句 ] : SHOW COLUMNS FROM `mx_cycel`
ERR: Table 'pinping.mx_cycel' doesn't exist
 [ SQL语句 ] : SELECT * FROM `mx_cycel` WHERE ( `create_role_id` = '1' ) AND ( `start_time` <= 1526572800 ) AND ( `end_time` >= 1526486399 ) 

[ 2018-05-17T18:25:19+08:00 ] 183.226.186.245 /index.php?m=message&a=tips
ERR: Table 'pinping.mx_cycel' doesn't exist
 [ SQL语句 ] : SHOW COLUMNS FROM `mx_cycel`
ERR: Table 'pinping.mx_cycel' doesn't exist
 [ SQL语句 ] : SELECT * FROM `mx_cycel` WHERE ( `create_role_id` = '1' ) AND ( `start_time` <= 1526572800 ) AND ( `end_time` >= 1526486399 ) 

