[ 2018-09-27T10:49:15+08:00 ] 183.228.55.229 /index.php?m=user&a=login
ERR: Table 'pinping.mx_carousel_images' doesn't exist
 [ SQL语句 ] : SHOW COLUMNS FROM `mx_carousel_images`
ERR: Table 'pinping.mx_carousel_images' doesn't exist
 [ SQL语句 ] : SELECT * FROM `mx_carousel_images` ORDER BY listorder 

[ 2018-09-27T10:49:25+08:00 ] 183.228.55.229 /index.php?m=index&a=index
ERR: You have an error in your SQL syntax; check the manual that corresponds to your MySQL server version for the right syntax to use near ') )' at line 1
 [ SQL语句 ] : SELECT `receivables_id`,`price` FROM `mx_receivables` WHERE ( `contract_id` IN () ) 
ERR: You have an error in your SQL syntax; check the manual that corresponds to your MySQL server version for the right syntax to use near ') ) AND ( `status` = 1 ) LIMIT 1' at line 1
 [ SQL语句 ] : SELECT SUM(money) AS tp_sum FROM `mx_receivingorder` WHERE ( `receivables_id` IN () ) AND ( `status` = 1 ) LIMIT 1  
ERR: You have an error in your SQL syntax; check the manual that corresponds to your MySQL server version for the right syntax to use near ') ) AND ( `status` = 1 ) AND (  (`pay_time` BETWEEN 1535731200 AND 1538323200 ) ' at line 1
 [ SQL语句 ] : SELECT SUM(money) AS tp_sum FROM `mx_receivingorder` WHERE ( `receivables_id` IN () ) AND ( `status` = 1 ) AND (  (`pay_time` BETWEEN 1535731200 AND 1538323200 ) ) LIMIT 1  
ERR: You have an error in your SQL syntax; check the manual that corresponds to your MySQL server version for the right syntax to use near ') ) AND ( `status` = 1 ) AND (  (`pay_time` BETWEEN 1537718400 AND 1538323200 ) ' at line 1
 [ SQL语句 ] : SELECT SUM(money) AS tp_sum FROM `mx_receivingorder` WHERE ( `receivables_id` IN () ) AND ( `status` = 1 ) AND (  (`pay_time` BETWEEN 1537718400 AND 1538323200 ) ) LIMIT 1  
ERR: You have an error in your SQL syntax; check the manual that corresponds to your MySQL server version for the right syntax to use near ') ) AND ( `status` = 1 ) AND (  (`pay_time` BETWEEN 1514736000 AND 1546272000 ) ' at line 1
 [ SQL语句 ] : SELECT SUM(money) AS tp_sum FROM `mx_receivingorder` WHERE ( `receivables_id` IN () ) AND ( `status` = 1 ) AND (  (`pay_time` BETWEEN 1514736000 AND 1546272000 ) ) LIMIT 1  

[ 2018-09-27T10:50:13+08:00 ] 183.228.55.229 /index.php?m=user&a=login
ERR: Table 'pinping.mx_carousel_images' doesn't exist
 [ SQL语句 ] : SHOW COLUMNS FROM `mx_carousel_images`
ERR: Table 'pinping.mx_carousel_images' doesn't exist
 [ SQL语句 ] : SELECT * FROM `mx_carousel_images` ORDER BY listorder 

[ 2018-09-27T10:50:47+08:00 ] 183.228.55.229 /index.php?m=event&a=indexdata&start=1535299200&end=1538928000&_=1538016641951
ERR: Table 'pinping.mx_cycel' doesn't exist
 [ SQL语句 ] : SHOW COLUMNS FROM `mx_cycel`
ERR: Table 'pinping.mx_cycel' doesn't exist
 [ SQL语句 ] : SELECT * FROM `mx_cycel` WHERE ( `create_role_id` = '1' ) AND ( `start_time` <= '1538928000' ) AND ( `end_time` >= '1535299200' ) 

[ 2018-09-27T10:50:47+08:00 ] ERR: (ThinkException) 无法加载模块:Train
[ 2018-09-27T10:50:54+08:00 ] 183.228.55.229 /index.php?m=index&a=index
ERR: You have an error in your SQL syntax; check the manual that corresponds to your MySQL server version for the right syntax to use near ') )' at line 1
 [ SQL语句 ] : SELECT `receivables_id`,`price` FROM `mx_receivables` WHERE ( `contract_id` IN () ) 
ERR: You have an error in your SQL syntax; check the manual that corresponds to your MySQL server version for the right syntax to use near ') ) AND ( `status` = 1 ) LIMIT 1' at line 1
 [ SQL语句 ] : SELECT SUM(money) AS tp_sum FROM `mx_receivingorder` WHERE ( `receivables_id` IN () ) AND ( `status` = 1 ) LIMIT 1  
ERR: You have an error in your SQL syntax; check the manual that corresponds to your MySQL server version for the right syntax to use near ') ) AND ( `status` = 1 ) AND (  (`pay_time` BETWEEN 1535731200 AND 1538323200 ) ' at line 1
 [ SQL语句 ] : SELECT SUM(money) AS tp_sum FROM `mx_receivingorder` WHERE ( `receivables_id` IN () ) AND ( `status` = 1 ) AND (  (`pay_time` BETWEEN 1535731200 AND 1538323200 ) ) LIMIT 1  
ERR: You have an error in your SQL syntax; check the manual that corresponds to your MySQL server version for the right syntax to use near ') ) AND ( `status` = 1 ) AND (  (`pay_time` BETWEEN 1537718400 AND 1538323200 ) ' at line 1
 [ SQL语句 ] : SELECT SUM(money) AS tp_sum FROM `mx_receivingorder` WHERE ( `receivables_id` IN () ) AND ( `status` = 1 ) AND (  (`pay_time` BETWEEN 1537718400 AND 1538323200 ) ) LIMIT 1  
ERR: You have an error in your SQL syntax; check the manual that corresponds to your MySQL server version for the right syntax to use near ') ) AND ( `status` = 1 ) AND (  (`pay_time` BETWEEN 1514736000 AND 1546272000 ) ' at line 1
 [ SQL语句 ] : SELECT SUM(money) AS tp_sum FROM `mx_receivingorder` WHERE ( `receivables_id` IN () ) AND ( `status` = 1 ) AND (  (`pay_time` BETWEEN 1514736000 AND 1546272000 ) ) LIMIT 1  

[ 2018-09-27T11:44:32+08:00 ] 180.163.220.68 /index.php?m=user&a=login
ERR: Table 'pinping.mx_carousel_images' doesn't exist
 [ SQL语句 ] : SHOW COLUMNS FROM `mx_carousel_images`
ERR: Table 'pinping.mx_carousel_images' doesn't exist
 [ SQL语句 ] : SELECT * FROM `mx_carousel_images` ORDER BY listorder 

[ 2018-09-27T12:00:39+08:00 ] 180.163.220.4 /index.php?m=user&a=login
ERR: Table 'pinping.mx_carousel_images' doesn't exist
 [ SQL语句 ] : SHOW COLUMNS FROM `mx_carousel_images`
ERR: Table 'pinping.mx_carousel_images' doesn't exist
 [ SQL语句 ] : SELECT * FROM `mx_carousel_images` ORDER BY listorder 

[ 2018-09-27T15:02:25+08:00 ] 183.228.55.229 /
ERR: You have an error in your SQL syntax; check the manual that corresponds to your MySQL server version for the right syntax to use near ') )' at line 1
 [ SQL语句 ] : SELECT `receivables_id`,`price` FROM `mx_receivables` WHERE ( `contract_id` IN () ) 
ERR: You have an error in your SQL syntax; check the manual that corresponds to your MySQL server version for the right syntax to use near ') ) AND ( `status` = 1 ) LIMIT 1' at line 1
 [ SQL语句 ] : SELECT SUM(money) AS tp_sum FROM `mx_receivingorder` WHERE ( `receivables_id` IN () ) AND ( `status` = 1 ) LIMIT 1  
ERR: You have an error in your SQL syntax; check the manual that corresponds to your MySQL server version for the right syntax to use near ') ) AND ( `status` = 1 ) AND (  (`pay_time` BETWEEN 1535731200 AND 1538323200 ) ' at line 1
 [ SQL语句 ] : SELECT SUM(money) AS tp_sum FROM `mx_receivingorder` WHERE ( `receivables_id` IN () ) AND ( `status` = 1 ) AND (  (`pay_time` BETWEEN 1535731200 AND 1538323200 ) ) LIMIT 1  
ERR: You have an error in your SQL syntax; check the manual that corresponds to your MySQL server version for the right syntax to use near ') ) AND ( `status` = 1 ) AND (  (`pay_time` BETWEEN 1537718400 AND 1538323200 ) ' at line 1
 [ SQL语句 ] : SELECT SUM(money) AS tp_sum FROM `mx_receivingorder` WHERE ( `receivables_id` IN () ) AND ( `status` = 1 ) AND (  (`pay_time` BETWEEN 1537718400 AND 1538323200 ) ) LIMIT 1  
ERR: You have an error in your SQL syntax; check the manual that corresponds to your MySQL server version for the right syntax to use near ') ) AND ( `status` = 1 ) AND (  (`pay_time` BETWEEN 1514736000 AND 1546272000 ) ' at line 1
 [ SQL语句 ] : SELECT SUM(money) AS tp_sum FROM `mx_receivingorder` WHERE ( `receivables_id` IN () ) AND ( `status` = 1 ) AND (  (`pay_time` BETWEEN 1514736000 AND 1546272000 ) ) LIMIT 1  

[ 2018-09-27T15:05:13+08:00 ] 183.228.55.229 /index.php?m=user&a=login
ERR: Table 'pinping.mx_carousel_images' doesn't exist
 [ SQL语句 ] : SHOW COLUMNS FROM `mx_carousel_images`
ERR: Table 'pinping.mx_carousel_images' doesn't exist
 [ SQL语句 ] : SELECT * FROM `mx_carousel_images` ORDER BY listorder 

[ 2018-09-27T21:07:31+08:00 ] 220.181.108.176 /index.php?m=user&a=login
ERR: Table 'pinping.mx_carousel_images' doesn't exist
 [ SQL语句 ] : SHOW COLUMNS FROM `mx_carousel_images`
ERR: Table 'pinping.mx_carousel_images' doesn't exist
 [ SQL语句 ] : SELECT * FROM `mx_carousel_images` ORDER BY listorder 

