[ 2018-06-28T09:53:41+08:00 ] 183.67.48.236 /index.php?m=user&a=login
ERR: Table 'pinping.mx_carousel_images' doesn't exist
 [ SQL语句 ] : SHOW COLUMNS FROM `mx_carousel_images`
ERR: Table 'pinping.mx_carousel_images' doesn't exist
 [ SQL语句 ] : SELECT * FROM `mx_carousel_images` ORDER BY listorder 

[ 2018-06-28T09:53:52+08:00 ] 183.67.48.236 /index.php?m=index&a=index
ERR: You have an error in your SQL syntax; check the manual that corresponds to your MySQL server version for the right syntax to use near ') )' at line 1
 [ SQL语句 ] : SELECT `receivables_id`,`price` FROM `mx_receivables` WHERE ( `contract_id` IN () ) 
ERR: You have an error in your SQL syntax; check the manual that corresponds to your MySQL server version for the right syntax to use near ') ) AND ( `status` = 1 ) LIMIT 1' at line 1
 [ SQL语句 ] : SELECT SUM(money) AS tp_sum FROM `mx_receivingorder` WHERE ( `receivables_id` IN () ) AND ( `status` = 1 ) LIMIT 1  
ERR: You have an error in your SQL syntax; check the manual that corresponds to your MySQL server version for the right syntax to use near ') ) AND ( `status` = 1 ) AND (  (`pay_time` BETWEEN 1527782400 AND 1530374400 ) ' at line 1
 [ SQL语句 ] : SELECT SUM(money) AS tp_sum FROM `mx_receivingorder` WHERE ( `receivables_id` IN () ) AND ( `status` = 1 ) AND (  (`pay_time` BETWEEN 1527782400 AND 1530374400 ) ) LIMIT 1  
ERR: You have an error in your SQL syntax; check the manual that corresponds to your MySQL server version for the right syntax to use near ') ) AND ( `status` = 1 ) AND (  (`pay_time` BETWEEN 1529856000 AND 1530460800 ) ' at line 1
 [ SQL语句 ] : SELECT SUM(money) AS tp_sum FROM `mx_receivingorder` WHERE ( `receivables_id` IN () ) AND ( `status` = 1 ) AND (  (`pay_time` BETWEEN 1529856000 AND 1530460800 ) ) LIMIT 1  
ERR: You have an error in your SQL syntax; check the manual that corresponds to your MySQL server version for the right syntax to use near ') ) AND ( `status` = 1 ) AND (  (`pay_time` BETWEEN 1514736000 AND 1546272000 ) ' at line 1
 [ SQL语句 ] : SELECT SUM(money) AS tp_sum FROM `mx_receivingorder` WHERE ( `receivables_id` IN () ) AND ( `status` = 1 ) AND (  (`pay_time` BETWEEN 1514736000 AND 1546272000 ) ) LIMIT 1  

[ 2018-06-28T09:54:08+08:00 ] 183.67.48.236 /index.php?m=user&a=user_add
ERR: You have an error in your SQL syntax; check the manual that corresponds to your MySQL server version for the right syntax to use near ') LIMIT 1' at line 1
 [ SQL语句 ] : SELECT `name` FROM `mx_role_department` WHERE ( department_id =  ) LIMIT 1  

[ 2018-06-28T09:54:53+08:00 ] 183.67.48.236 /index.php?m=user&a=user_add
ERR: You have an error in your SQL syntax; check the manual that corresponds to your MySQL server version for the right syntax to use near ') LIMIT 1' at line 1
 [ SQL语句 ] : SELECT `name` FROM `mx_role_department` WHERE ( department_id =  ) LIMIT 1  

[ 2018-06-28T10:52:05+08:00 ] 183.67.48.236 /index.php?m=user&a=user_add
ERR: You have an error in your SQL syntax; check the manual that corresponds to your MySQL server version for the right syntax to use near ') LIMIT 1' at line 1
 [ SQL语句 ] : SELECT `name` FROM `mx_role_department` WHERE ( department_id =  ) LIMIT 1  

[ 2018-06-28T10:53:42+08:00 ] 183.67.48.236 /index.php?m=user&a=user_add
ERR: You have an error in your SQL syntax; check the manual that corresponds to your MySQL server version for the right syntax to use near ') LIMIT 1' at line 1
 [ SQL语句 ] : SELECT `name` FROM `mx_role_department` WHERE ( department_id =  ) LIMIT 1  

[ 2018-06-28T10:58:18+08:00 ] 183.67.48.236 /index.php?m=user&a=user_add
ERR: You have an error in your SQL syntax; check the manual that corresponds to your MySQL server version for the right syntax to use near ') LIMIT 1' at line 1
 [ SQL语句 ] : SELECT `name` FROM `mx_role_department` WHERE ( department_id =  ) LIMIT 1  

[ 2018-06-28T10:59:21+08:00 ] 120.92.11.231 /index.php?m=user&a=login
ERR: Table 'pinping.mx_carousel_images' doesn't exist
 [ SQL语句 ] : SHOW COLUMNS FROM `mx_carousel_images`
ERR: Table 'pinping.mx_carousel_images' doesn't exist
 [ SQL语句 ] : SELECT * FROM `mx_carousel_images` ORDER BY listorder 

[ 2018-06-28T10:59:22+08:00 ] 120.92.11.27 /index.php?m=user&a=login
ERR: Table 'pinping.mx_carousel_images' doesn't exist
 [ SQL语句 ] : SHOW COLUMNS FROM `mx_carousel_images`
ERR: Table 'pinping.mx_carousel_images' doesn't exist
 [ SQL语句 ] : SELECT * FROM `mx_carousel_images` ORDER BY listorder 

[ 2018-06-28T11:48:23+08:00 ] 183.67.48.236 /index.php?m=user&a=user_add
ERR: You have an error in your SQL syntax; check the manual that corresponds to your MySQL server version for the right syntax to use near ') LIMIT 1' at line 1
 [ SQL语句 ] : SELECT `name` FROM `mx_role_department` WHERE ( department_id =  ) LIMIT 1  

[ 2018-06-28T15:32:31+08:00 ] 106.11.242.211 /index.php?m=user&a=login
ERR: Table 'pinping.mx_carousel_images' doesn't exist
 [ SQL语句 ] : SHOW COLUMNS FROM `mx_carousel_images`
ERR: Table 'pinping.mx_carousel_images' doesn't exist
 [ SQL语句 ] : SELECT * FROM `mx_carousel_images` ORDER BY listorder 

